 
                                                                                               
 
 
Fit Statistics

Target=Risk Target Label=' '

   Fit
Statistics    Statistics Label                     Train    Validation

 _DFT_        Total Degrees of Freedom           100.000         .    
 _DFE_        Degrees of Freedom for Error        79.000         .    
 _DFM_        Model Degrees of Freedom            21.000         .    
 _NW_         Number of Estimated Weights         21.000         .    
 _AIC_        Akaike's Information Criterion     109.595         .    
 _SBC_        Schwarz's Bayesian Criterion       164.304         .    
 _ASE_        Average Squared Error                0.110        0.073 
 _MAX_        Maximum Absolute Error               0.942        0.901 
 _DIV_        Divisor for ASE                    200.000      200.000 
 _NOBS_       Sum of Frequencies                 100.000      100.000 
 _RASE_       Root Average Squared Error           0.331        0.270 
 _SSE_        Sum of Squared Errors               21.919       14.595 
 _SUMW_       Sum of Case Weights Times Freq     200.000      200.000 
 _FPE_        Final Prediction Error               0.168         .    
 _MSE_        Mean Squared Error                   0.139        0.073 
 _RFPE_       Root Final Prediction Error          0.410         .    
 _RMSE_       Root Mean Squared Error              0.372        0.270 
 _AVERR_      Average Error Function               0.338        0.244 
 _ERR_        Error Function                      67.595       48.839 
 _MISC_       Misclassification Rate               0.140        0.080 
 _WRONG_      Number of Wrong Classifications     14.000        8.000 
 
                                                                                               
 
 
Classification Table

Data Role=TRAIN Target Variable=Risk Target Label=' '

                       Target        Outcome     Frequency       Total
Target    Outcome    Percentage    Percentage      Count      Percentage

  0          0           82          89.1304         41           41    
  1          0           18          16.6667          9            9    
  0          1           10          10.8696          5            5    
  1          1           90          83.3333         45           45    


Data Role=VALIDATE Target Variable=Risk Target Label=' '

                       Target        Outcome     Frequency       Total
Target    Outcome    Percentage    Percentage      Count      Percentage

  0          0         91.1111       91.1111         41           41    
  1          0          8.8889        7.2727          4            4    
  0          1          7.2727        8.8889          4            4    
  1          1         92.7273       92.7273         51           51    
 
                                                                                               
 
 
Event Classification Table

Data Role=TRAIN Target=Risk Target Label=' '

  False       True        False       True
Negative    Negative    Positive    Positive

    9          41           5          45   


Data Role=VALIDATE Target=Risk Target Label=' '

  False       True        False       True
Negative    Negative    Positive    Positive

    4          41           4          51   
 
                                                                                               
 
 
Assessment Score Rankings

Data Role=TRAIN Target Variable=Risk Target Label=' '

                                                                                    Mean
                            Cumulative       %      Cumulative     Number of     Posterior
Depth     Gain      Lift       Lift      Response   % Response   Observations   Probability

   5    85.1852   1.85185     1.85185       100       100.000          5          0.99922  
  10    85.1852   1.85185     1.85185       100       100.000          5          0.99550  
  15    85.1852   1.85185     1.85185       100       100.000          5          0.99217  
  20    85.1852   1.85185     1.85185       100       100.000          5          0.98791  
  25    85.1852   1.85185     1.85185       100       100.000          5          0.96165  
  30    85.1852   1.85185     1.85185       100       100.000          5          0.91583  
  35    74.6032   1.11111     1.74603        60        94.286          5          0.86637  
  40    75.9259   1.85185     1.75926       100        95.000          5          0.80957  
  45    72.8395   1.48148     1.72840        80        93.333          5          0.74584  
  50    66.6667   1.11111     1.66667        60        90.000          5          0.63700  
  55    54.8822   0.37037     1.54882        20        83.636          5          0.45591  
  60    48.1481   0.74074     1.48148        40        80.000          5          0.40453  
  65    42.4501   0.74074     1.42450        40        76.923          5          0.35494  
  70    34.9206   0.37037     1.34921        20        72.857          5          0.33028  
  75    28.3951   0.37037     1.28395        20        69.333          5          0.23228  
  80    22.6852   0.37037     1.22685        20        66.250          5          0.17054  
  85    17.6471   0.37037     1.17647        20        63.529          5          0.06062  
  90    11.1111   0.00000     1.11111         0        60.000          5          0.04613  
  95     5.2632   0.00000     1.05263         0        56.842          5          0.02155  
 100     0.0000   0.00000     1.00000         0        54.000          5          0.00649  


Data Role=VALIDATE Target Variable=Risk Target Label=' '

                                                                                    Mean
                            Cumulative       %      Cumulative     Number of     Posterior
Depth     Gain      Lift       Lift      Response   % Response   Observations   Probability

   5    81.8182   1.81818     1.81818       100       100.000          5          0.99867  
  10    81.8182   1.81818     1.81818       100       100.000          5          0.99539  
  15    81.8182   1.81818     1.81818       100       100.000          5          0.99344  
  20    81.8182   1.81818     1.81818       100       100.000          5          0.98828  
  25    81.8182   1.81818     1.81818       100       100.000          5          0.97687  
  30    81.8182   1.81818     1.81818       100       100.000          5          0.94438  
  35    81.8182   1.81818     1.81818       100       100.000          5          0.91429  
  40    72.7273   1.09091     1.72727        60        95.000          5          0.88276  
  45    69.6970   1.45455     1.69697        80        93.333          5          0.81926  
  50    70.9091   1.81818     1.70909       100        94.000          5          0.77058  
  55    68.5950   1.45455     1.68595        80        92.727          5          0.63998  
  60    57.5758   0.36364     1.57576        20        86.667          5          0.43131  
  65    45.4545   0.00000     1.45455         0        80.000          5          0.37242  
  70    40.2597   0.72727     1.40260        40        77.143          5          0.35920  
  75    33.3333   0.36364     1.33333        20        73.333          5          0.28658  
  80    25.0000   0.00000     1.25000         0        68.750          5          0.09197  
  85    17.6471   0.00000     1.17647         0        64.706          5          0.05685  
  90    11.1111   0.00000     1.11111         0        61.111          5          0.04429  
  95     5.2632   0.00000     1.05263         0        57.895          5          0.04134  
 100     0.0000   0.00000     1.00000         0        55.000          5          0.01229  
 
                                                                                               
 
 
Assessment Score Distribution

Data Role=TRAIN Target Variable=Risk Target Label=' '

 Posterior     Number                     Mean
Probability      of      Number of     Posterior
   Range       Events    Nonevents    Probability    Percentage

 0.95-1.00       23           0         0.99057          23    
 0.90-0.95        8           0         0.92344           8    
 0.85-0.90        0           2         0.87126           2    
 0.80-0.85        5           0         0.83452           5    
 0.75-0.80        3           0         0.77579           3    
 0.70-0.75        4           1         0.73475           5    
 0.65-0.70        0           2         0.69028           2    
 0.50-0.55        2           0         0.54386           2    
 0.45-0.50        1           3         0.46649           4    
 0.40-0.45        2           3         0.41112           5    
 0.35-0.40        2           3         0.36331           5    
 0.30-0.35        1           5         0.33170           6    
 0.25-0.30        0           1         0.25739           1    
 0.20-0.25        1           5         0.21843           6    
 0.15-0.20        1           0         0.19532           1    
 0.10-0.15        0           2         0.12541           2    
 0.05-0.10        1           5         0.05992           6    
 0.00-0.05        0          14         0.02246          14    


Data Role=VALIDATE Target Variable=Risk Target Label=' '

 Posterior     Number                     Mean
Probability      of      Number of     Posterior
   Range       Events    Nonevents    Probability    Percentage

 0.95-1.00       25           0         0.99053          25    
 0.90-0.95       10           1         0.92678          11    
 0.85-0.90        2           1         0.88795           3    
 0.80-0.85        5           0         0.82947           5    
 0.75-0.80        5           1         0.77510           6    
 0.70-0.75        2           0         0.71669           2    
 0.65-0.70        1           0         0.67878           1    
 0.50-0.55        1           1         0.54386           2    
 0.45-0.50        0           2         0.47313           2    
 0.40-0.45        1           1         0.40775           2    
 0.35-0.40        3           9         0.36756          12    
 0.30-0.35        0           1         0.33878           1    
 0.25-0.30        0           2         0.26648           2    
 0.20-0.25        0           1         0.20328           1    
 0.10-0.15        0           2         0.13021           2    
 0.05-0.10        0           8         0.06046           8    
 0.00-0.05        0          15         0.03264          15    
