 
                                                                                               
 
 
Fit Statistics

Target=Risk Target Label=' '

   Fit
Statistics    Statistics Label                     Train    Validation

 _DFT_        Total Degrees of Freedom           100.000         .    
 _DFE_        Degrees of Freedom for Error        63.000         .    
 _DFM_        Model Degrees of Freedom            37.000         .    
 _NW_         Number of Estimated Weights         37.000         .    
 _AIC_        Akaike's Information Criterion     138.833         .    
 _SBC_        Schwarz's Bayesian Criterion       235.224         .    
 _ASE_        Average Squared Error                0.098        0.088 
 _MAX_        Maximum Absolute Error               0.944        0.893 
 _DIV_        Divisor for ASE                    200.000      200.000 
 _NOBS_       Sum of Frequencies                 100.000      100.000 
 _RASE_       Root Average Squared Error           0.313        0.296 
 _SSE_        Sum of Squared Errors               19.654       17.551 
 _SUMW_       Sum of Case Weights Times Freq     200.000      200.000 
 _FPE_        Final Prediction Error               0.214         .    
 _MSE_        Mean Squared Error                   0.156        0.088 
 _RFPE_       Root Final Prediction Error          0.462         .    
 _RMSE_       Root Mean Squared Error              0.395        0.296 
 _AVERR_      Average Error Function               0.324        0.279 
 _ERR_        Error Function                      64.833       55.739 
 _MISC_       Misclassification Rate               0.110        0.130 
 _WRONG_      Number of Wrong Classifications     11.000       13.000 
 
                                                                                               
 
 
Classification Table

Data Role=TRAIN Target Variable=Risk Target Label=' '

                       Target        Outcome     Frequency       Total
Target    Outcome    Percentage    Percentage      Count      Percentage

  0          0         92.6829       82.6087         38           38    
  1          0          7.3171        5.5556          3            3    
  0          1         13.5593       17.3913          8            8    
  1          1         86.4407       94.4444         51           51    


Data Role=VALIDATE Target Variable=Risk Target Label=' '

                       Target        Outcome     Frequency       Total
Target    Outcome    Percentage    Percentage      Count      Percentage

  0          0         94.4444       75.5556         34           34    
  1          0          5.5556        3.6364          2            2    
  0          1         17.1875       24.4444         11           11    
  1          1         82.8125       96.3636         53           53    
 
                                                                                               
 
 
Event Classification Table

Data Role=TRAIN Target=Risk Target Label=' '

  False       True        False       True
Negative    Negative    Positive    Positive

    3          38           8          51   


Data Role=VALIDATE Target=Risk Target Label=' '

  False       True        False       True
Negative    Negative    Positive    Positive

    2          34          11          53   
 
                                                                                               
 
 
Assessment Score Rankings

Data Role=TRAIN Target Variable=Risk Target Label=' '

                                                                                    Mean
                            Cumulative       %      Cumulative     Number of     Posterior
Depth     Gain      Lift       Lift      Response   % Response   Observations   Probability

   5    85.1852   1.85185     1.85185       100       100.000          5          0.98531  
  10    85.1852   1.85185     1.85185       100       100.000          5          0.97154  
  15    85.1852   1.85185     1.85185       100       100.000          5          0.96488  
  20    85.1852   1.85185     1.85185       100       100.000          5          0.96135  
  25    85.1852   1.85185     1.85185       100       100.000          5          0.95356  
  30    72.8395   1.11111     1.72840        60        93.333          5          0.92834  
  35    74.6032   1.85185     1.74603       100        94.286          5          0.84382  
  40    75.9259   1.85185     1.75926       100        95.000          5          0.74945  
  45    72.8395   1.48148     1.72840        80        93.333          5          0.65122  
  50    70.3704   1.48148     1.70370        80        92.000          5          0.58464  
  55    64.9832   1.11111     1.64983        60        89.091          5          0.54326  
  60    57.4074   0.74074     1.57407        40        85.000          5          0.50944  
  65    48.1481   0.37037     1.48148        20        80.000          5          0.42786  
  70    40.2116   0.37037     1.40212        20        75.714          5          0.35784  
  75    30.8642   0.00000     1.30864         0        70.667          5          0.25737  
  80    25.0000   0.37037     1.25000        20        67.500          5          0.11457  
  85    17.6471   0.00000     1.17647         0        63.529          5          0.04732  
  90    11.1111   0.00000     1.11111         0        60.000          5          0.02539  
  95     5.2632   0.00000     1.05263         0        56.842          5          0.01340  
 100     0.0000   0.00000     1.00000         0        54.000          5          0.00568  


Data Role=VALIDATE Target Variable=Risk Target Label=' '

                                                                                    Mean
                            Cumulative       %      Cumulative     Number of     Posterior
Depth     Gain      Lift       Lift      Response   % Response   Observations   Probability

   5    81.8182   1.81818     1.81818       100       100.000          5          0.98397  
  10    81.8182   1.81818     1.81818       100       100.000          5          0.97172  
  15    81.8182   1.81818     1.81818       100       100.000          5          0.96687  
  20    81.8182   1.81818     1.81818       100       100.000          5          0.96266  
  25    81.8182   1.81818     1.81818       100       100.000          5          0.95766  
  30    81.8182   1.81818     1.81818       100       100.000          5          0.95393  
  35    81.8182   1.81818     1.81818       100       100.000          5          0.92264  
  40    77.2727   1.45455     1.77273        80        97.500          5          0.84722  
  45    73.7374   1.45455     1.73737        80        95.556          5          0.77827  
  50    70.9091   1.45455     1.70909        80        94.000          5          0.67729  
  55    58.6777   0.36364     1.58678        20        87.273          5          0.57315  
  60    54.5455   1.09091     1.54545        60        85.000          5          0.54699  
  65    48.2517   0.72727     1.48252        40        81.538          5          0.49421  
  70    37.6623   0.00000     1.37662         0        75.714          5          0.36518  
  75    30.9091   0.36364     1.30909        20        72.000          5          0.30808  
  80    25.0000   0.36364     1.25000        20        68.750          5          0.16916  
  85    17.6471   0.00000     1.17647         0        64.706          5          0.05335  
  90    11.1111   0.00000     1.11111         0        61.111          5          0.02975  
  95     5.2632   0.00000     1.05263         0        57.895          5          0.01761  
 100     0.0000   0.00000     1.00000         0        55.000          5          0.00488  
 
                                                                                               
 
 
Assessment Score Distribution

Data Role=TRAIN Target Variable=Risk Target Label=' '

 Posterior     Number                     Mean
Probability      of      Number of     Posterior
   Range       Events    Nonevents    Probability    Percentage

 0.95-1.00       24           0         0.96829          24    
 0.90-0.95        3           2         0.93944           5    
 0.85-0.90        2           0         0.88861           2    
 0.80-0.85        5           0         0.82622           5    
 0.70-0.75        4           0         0.73665           4    
 0.65-0.70        2           0         0.68549           2    
 0.60-0.65        4           1         0.61857           5    
 0.55-0.60        4           1         0.56440           5    
 0.50-0.55        3           4         0.52682           7    
 0.45-0.50        1           2         0.46404           3    
 0.40-0.45        0           2         0.41234           2    
 0.35-0.40        1           4         0.37052           5    
 0.30-0.35        0           2         0.32842           2    
 0.25-0.30        0           2         0.26947           2    
 0.20-0.25        0           2         0.20975           2    
 0.15-0.20        0           1         0.19694           1    
 0.10-0.15        0           1         0.11656           1    
 0.05-0.10        1           3         0.08166           4    
 0.00-0.05        0          19         0.02061          19    


Data Role=VALIDATE Target Variable=Risk Target Label=' '

 Posterior     Number                     Mean
Probability      of      Number of     Posterior
   Range       Events    Nonevents    Probability    Percentage

 0.95-1.00       29           0         0.96669          29    
 0.90-0.95        6           0         0.92719           6    
 0.85-0.90        0           1         0.89326           1    
 0.80-0.85        6           0         0.82982           6    
 0.75-0.80        0           1         0.77806           1    
 0.70-0.75        3           1         0.73650           4    
 0.65-0.70        1           0         0.65804           1    
 0.60-0.65        3           0         0.62146           3    
 0.55-0.60        2           4         0.56124           6    
 0.50-0.55        3           4         0.53214           7    
 0.35-0.40        0           6         0.36675           6    
 0.30-0.35        1           2         0.33066           3    
 0.25-0.30        0           2         0.27422           2    
 0.20-0.25        1           2         0.21656           3    
 0.10-0.15        0           1         0.10793           1    
 0.05-0.10        0           3         0.07552           3    
 0.00-0.05        0          18         0.02164          18    
