 
                                                                                               
 
 
Variable Summary

            Measurement    Frequency
Role           Level         Count

INPUT        BINARY             4   
INPUT        INTERVAL          14   
INPUT        NOMINAL            9   
REJECTED     INTERVAL          15   
REJECTED     NOMINAL            9   
TARGET       BINARY             1   
 
                                                                                               
 
 
Model Events

                                  Number
                   Measurement      of
Target    Event       Level       Levels      Order       Label

 Risk       1        BINARY          2      Descending         
 
                                                                                               
 
 
Predicted and decision variables

Type         Variable    Label

TARGET       Risk                         
PREDICTED    P_Risk1     Predicted: Risk=1
RESIDUAL     R_Risk1     Residual: Risk=1 
PREDICTED    P_Risk0     Predicted: Risk=0
RESIDUAL     R_Risk0     Residual: Risk=0 
FROM         F_Risk      From: Risk       
INTO         I_Risk      Into: Risk       
 
                                                                                               
 
 

The DMREG Procedure

                Model Information

Training Data Set              WORK.EM_DMREG.VIEW
DMDB Catalog                   WORK.REG4_DMDB    
Target Variable                Risk              
Target Measurement Level       Ordinal           
Number of Target Categories    2                 
Error                          MBernoulli        
Link Function                  Logit             
Number of Model Parameters     35                
Number of Observations         100               


         Target Profile
 
 Ordered                  Total
   Value     Risk     Frequency

       1     1               54
       2     0               46




Stepwise Selection Procedure


Step 0: Intercept entered.
 
                                                                                               
 
 

The DMREG Procedure

Newton-Raphson Ridge Optimization

Without Parameter Scaling

Parameter Estimates               1

                                      Optimization Start

Active Constraints                           0  Objective Function                68.994375846
Max Abs Gradient Element          3.552714E-15                                                

                                     Optimization Results

Iterations                                   0  Function Calls                               3
Hessian Calls                                1  Active Constraints                           0
Objective Function                68.994375846  Max Abs Gradient Element          3.552714E-15
Ridge                                        0  Actual Over Pred Change                      0

Convergence criterion (ABSGCONV=0.00001) satisfied.                                            


     Likelihood Ratio Test for Global Null Hypothesis: BETA=0
 
     -2 Log Likelihood          Likelihood
  Intercept     Intercept &          Ratio
       Only      Covariates     Chi-Square       DF     Pr > ChiSq

    137.989         137.989         0.0000        0          .    




                         Analysis of Maximum Likelihood Estimates
 
                                               Standard       Wald            Standardized
Parameter                          DF Estimate    Error Chi-Square Pr > ChiSq     Estimate

Intercept                           1   0.1603   0.2006       0.64     0.4242             

 Analysis of Maximum Likelihood Estimates
 
Parameter                          Exp(Est)

Intercept                             1.174




Step 1: Effect IMP_num_of_doors entered.
 
                                                                                               
 
 

The DMREG Procedure

Newton-Raphson Ridge Optimization

Without Parameter Scaling

Parameter Estimates               2

                                      Optimization Start

Active Constraints                           0  Objective Function                68.994375846
Max Abs Gradient Element                  28.8                                                


                                                                                        Ratio
                                                                                      Between
                                                                                       Actual
                                                       Objective   Max Abs                and
                 Function       Active      Objective   Function  Gradient          Predicted
Iter   Restarts     Calls  Constraints       Function     Change   Element   Ridge     Change

   1          0         2            0       50.39288    18.6015    3.1923       0      1.070
   2          0         3            0       49.67668     0.7162    0.4091       0      1.101
   3          0         4            0       49.65521     0.0215    0.0160       0      1.026
   4          0         5            0       49.65518   0.000035  0.000028       0      1.001

                                     Optimization Results

Iterations                                   4  Function Calls                               7
Hessian Calls                                5  Active Constraints                           0
Objective Function                49.655177059  Max Abs Gradient Element          0.0000283124
Ridge                                        0  Actual Over Pred Change           1.0011794923

Convergence criterion (GCONV=1E-6) satisfied.                                                  


     Likelihood Ratio Test for Global Null Hypothesis: BETA=0
 
     -2 Log Likelihood          Likelihood
  Intercept     Intercept &          Ratio
       Only      Covariates     Chi-Square       DF     Pr > ChiSq

    137.989          99.310        38.6784        1         <.0001


                 Type 3 Analysis of Effects
 
                                           Wald
Effect                         DF    Chi-Square    Pr > ChiSq

IMP_num_of_doors                1       25.9535        <.0001


                         Analysis of Maximum Likelihood Estimates
 
                                               Standard       Wald            Standardized
Parameter                          DF Estimate    Error Chi-Square Pr > ChiSq     Estimate

Intercept                           1   0.6750   0.2988       5.10     0.0239             
IMP_num_of_doors          2         1   1.5223   0.2988      25.95     <.0001             

 Analysis of Maximum Likelihood Estimates
 
Parameter                          Exp(Est)

Intercept                             1.964
IMP_num_of_doors          2           4.583


                   Odds Ratio Estimates
                             
                                                     Point
Effect                                            Estimate

IMP_num_of_doors          2 vs 4                    21.000


Step 2: Effect REP_wheel_base entered.
 
                                                                                               
 
 

The DMREG Procedure

Newton-Raphson Ridge Optimization

Without Parameter Scaling

Parameter Estimates               3

                                      Optimization Start

Active Constraints                           0  Objective Function                68.994375846
Max Abs Gradient Element                  28.8                                                


                                                                                        Ratio
                                                                                      Between
                                                                                       Actual
                                                       Objective   Max Abs                and
                 Function       Active      Objective   Function  Gradient          Predicted
Iter   Restarts     Calls  Constraints       Function     Change   Element   Ridge     Change

   1          0         2            0       44.17229    24.8221    4.8188       0      1.114
   2          0         3            0       41.56315     2.6091    1.2659       0      1.176
   3          0         4            0       41.27805     0.2851    0.1749       0      1.088
   4          0         5            0       41.27226    0.00579   0.00417       0      1.015
   5          0         6            0       41.27226   3.103E-6  2.313E-6       0      1.000

                                     Optimization Results

Iterations                                   5  Function Calls                               8
Hessian Calls                                6  Active Constraints                           0
Objective Function                41.272258283  Max Abs Gradient Element          2.3129116E-6
Ridge                                        0  Actual Over Pred Change           1.0003662365

Convergence criterion (GCONV=1E-6) satisfied.                                                  


     Likelihood Ratio Test for Global Null Hypothesis: BETA=0
 
     -2 Log Likelihood          Likelihood
  Intercept     Intercept &          Ratio
       Only      Covariates     Chi-Square       DF     Pr > ChiSq

    137.989          82.545        55.4442        2         <.0001


                 Type 3 Analysis of Effects
 
                                           Wald
Effect                         DF    Chi-Square    Pr > ChiSq

IMP_num_of_doors                1       16.1647        <.0001
REP_wheel_base                  1       11.2239        0.0008


                         Analysis of Maximum Likelihood Estimates
 
                                               Standard       Wald            Standardized
Parameter                          DF Estimate    Error Chi-Square Pr > ChiSq     Estimate

Intercept                           1  26.0777   7.5963      11.79     0.0006             
IMP_num_of_doors          2         1   1.2877   0.3203      16.16     <.0001             
REP_wheel_base                      1  -0.2590   0.0773      11.22     0.0008      -0.7907

 Analysis of Maximum Likelihood Estimates
 
Parameter                          Exp(Est)

Intercept                           999.000
IMP_num_of_doors          2           3.624
REP_wheel_base                        0.772


                   Odds Ratio Estimates
                             
                                                     Point
Effect                                            Estimate

IMP_num_of_doors          2 vs 4                    13.137
REP_wheel_base                                       0.772


Step 3: Effect REP_width entered.
 
                                                                                               
 
 

The DMREG Procedure

Newton-Raphson Ridge Optimization

Without Parameter Scaling

Parameter Estimates               4

                                      Optimization Start

Active Constraints                           0  Objective Function                68.994375846
Max Abs Gradient Element                  28.8                                                


                                                                                        Ratio
                                                                                      Between
                                                                                       Actual
                                                       Objective   Max Abs                and
                 Function       Active      Objective   Function  Gradient          Predicted
Iter   Restarts     Calls  Constraints       Function     Change   Element   Ridge     Change

   1          0         2            0       43.00663    25.9878    5.0425       0      1.131
   2          0         3            0       38.41176     4.5949    1.8961       0      1.252
   3          0         4            0       37.14936     1.2624    0.5919       0      1.174
   4          0         5            0       37.02236     0.1270    0.0713       0      1.075
   5          0         6            0       37.02054    0.00182   0.00115       0      1.010
   6          0         7            0       37.02054   4.577E-7  2.973E-7       0      1.000

                                     Optimization Results

Iterations                                   6  Function Calls                               9
Hessian Calls                                7  Active Constraints                           0
Objective Function                37.020537844  Max Abs Gradient Element          2.9727934E-7
Ridge                                        0  Actual Over Pred Change           1.0001704903

Convergence criterion (GCONV=1E-6) satisfied.                                                  


     Likelihood Ratio Test for Global Null Hypothesis: BETA=0
 
     -2 Log Likelihood          Likelihood
  Intercept     Intercept &          Ratio
       Only      Covariates     Chi-Square       DF     Pr > ChiSq

    137.989          74.041        63.9477        3         <.0001


                 Type 3 Analysis of Effects
 
                                           Wald
Effect                         DF    Chi-Square    Pr > ChiSq

IMP_num_of_doors                1       13.6121        0.0002
REP_wheel_base                  1       11.7363        0.0006
REP_width                       1        6.9622        0.0083


                         Analysis of Maximum Likelihood Estimates
 
                                               Standard       Wald            Standardized
Parameter                          DF Estimate    Error Chi-Square Pr > ChiSq     Estimate

Intercept                           1  -2.4884  12.3641       0.04     0.8405             
IMP_num_of_doors          2         1   1.3098   0.3550      13.61     0.0002             
REP_wheel_base                      1  -0.6641   0.1938      11.74     0.0006      -2.0273
REP_width                           1   1.0434   0.3954       6.96     0.0083       1.0522

 Analysis of Maximum Likelihood Estimates
 
Parameter                          Exp(Est)

Intercept                             0.083
IMP_num_of_doors          2           3.706
REP_wheel_base                        0.515
REP_width                             2.839


                   Odds Ratio Estimates
                             
                                                     Point
Effect                                            Estimate

IMP_num_of_doors          2 vs 4                    13.731
REP_wheel_base                                       0.515
REP_width                                            2.839


NOTE: No (additional) effects met the 0.05 significance level for entry into the model.


                                 Summary of Stepwise Selection
 
                Effect               Number        Score         Wald                Validation
    Step   Entered              DF       In   Chi-Square   Chi-Square   Pr > ChiSq   Error Rate

       1   IMP_num_of_doors      1        1      34.7826                    <.0001      80.0380
       2   REP_wheel_base        1        2      13.5136                    0.0002      66.4138
       3   REP_width             1        3       7.6126                    0.0058      59.4495


The selected model, based on the error rate for the validation data, is the model trained in 
Step 3. It consists of the following effects:

Intercept  IMP_num_of_doors  REP_wheel_base  REP_width  


     Likelihood Ratio Test for Global Null Hypothesis: BETA=0
 
     -2 Log Likelihood          Likelihood
  Intercept     Intercept &          Ratio
       Only      Covariates     Chi-Square       DF     Pr > ChiSq

    137.989          74.041        63.9477        3         <.0001


                 Type 3 Analysis of Effects
 
                                           Wald
Effect                         DF    Chi-Square    Pr > ChiSq

IMP_num_of_doors                1       13.6121        0.0002
REP_wheel_base                  1       11.7363        0.0006
REP_width                       1        6.9622        0.0083


                         Analysis of Maximum Likelihood Estimates
 
                                               Standard       Wald            Standardized
Parameter                          DF Estimate    Error Chi-Square Pr > ChiSq     Estimate

Intercept                           1  -2.4884  12.3641       0.04     0.8405             
IMP_num_of_doors          2         1   1.3098   0.3550      13.61     0.0002             
REP_wheel_base                      1  -0.6641   0.1938      11.74     0.0006      -2.0273
REP_width                           1   1.0434   0.3954       6.96     0.0083       1.0522

 Analysis of Maximum Likelihood Estimates
 
Parameter                          Exp(Est)

Intercept                             0.083
IMP_num_of_doors          2           3.706
REP_wheel_base                        0.515
REP_width                             2.839


                   Odds Ratio Estimates
                             
                                                     Point
Effect                                            Estimate

IMP_num_of_doors          2 vs 4                    13.731
REP_wheel_base                                       0.515
REP_width                                            2.839
