 
                                                                                               
 
 
Fit Statistics

Target=Risk Target Label=' '

   Fit
Statistics    Statistics Label                     Train    Validation

 _DFT_        Total Degrees of Freedom           100.000         .    
 _DFE_        Degrees of Freedom for Error        81.000         .    
 _DFM_        Model Degrees of Freedom            19.000         .    
 _NW_         Number of Estimated Weights         19.000         .    
 _AIC_        Akaike's Information Criterion      91.212         .    
 _SBC_        Schwarz's Bayesian Criterion       140.710         .    
 _ASE_        Average Squared Error                0.078        0.084 
 _MAX_        Maximum Absolute Error               0.981        0.977 
 _DIV_        Divisor for ASE                    200.000      200.000 
 _NOBS_       Sum of Frequencies                 100.000      100.000 
 _RASE_       Root Average Squared Error           0.279        0.290 
 _SSE_        Sum of Squared Errors               15.624       16.799 
 _SUMW_       Sum of Case Weights Times Freq     200.000      200.000 
 _FPE_        Final Prediction Error               0.115         .    
 _MSE_        Mean Squared Error                   0.096        0.084 
 _RFPE_       Root Final Prediction Error          0.339         .    
 _RMSE_       Root Mean Squared Error              0.311        0.290 
 _AVERR_      Average Error Function               0.266        0.275 
 _ERR_        Error Function                      53.212       54.969 
 _MISC_       Misclassification Rate               0.080        0.130 
 _WRONG_      Number of Wrong Classifications      8.000       13.000 
 
                                                                                               
 
 
Classification Table

Data Role=TRAIN Target Variable=Risk Target Label=' '

                       Target        Outcome     Frequency       Total
Target    Outcome    Percentage    Percentage      Count      Percentage

  0          0         95.2381       86.9565         40           40    
  1          0          4.7619        3.7037          2            2    
  0          1         10.3448       13.0435          6            6    
  1          1         89.6552       96.2963         52           52    


Data Role=VALIDATE Target Variable=Risk Target Label=' '

                       Target        Outcome     Frequency       Total
Target    Outcome    Percentage    Percentage      Count      Percentage

  0          0         94.4444       75.5556         34           34    
  1          0          5.5556        3.6364          2            2    
  0          1         17.1875       24.4444         11           11    
  1          1         82.8125       96.3636         53           53    
 
                                                                                               
 
 
Event Classification Table

Data Role=TRAIN Target=Risk Target Label=' '

  False       True        False       True
Negative    Negative    Positive    Positive

    2          40           6          52   


Data Role=VALIDATE Target=Risk Target Label=' '

  False       True        False       True
Negative    Negative    Positive    Positive

    2          34          11          53   
 
                                                                                               
 
 
Assessment Score Rankings

Data Role=TRAIN Target Variable=Risk Target Label=' '

                                                                                    Mean
                            Cumulative       %      Cumulative     Number of     Posterior
Depth     Gain      Lift       Lift      Response   % Response   Observations   Probability

   5    85.1852   1.85185     1.85185       100       100.000          5          0.99804  
  10    85.1852   1.85185     1.85185       100       100.000          5          0.99580  
  15    85.1852   1.85185     1.85185       100       100.000          5          0.99280  
  20    85.1852   1.85185     1.85185       100       100.000          5          0.98699  
  25    85.1852   1.85185     1.85185       100       100.000          5          0.98231  
  30    79.0123   1.48148     1.79012        80        96.667          5          0.94568  
  35    74.6032   1.48148     1.74603        80        94.286          5          0.90882  
  40    75.9259   1.85185     1.75926       100        95.000          5          0.88291  
  45    76.9547   1.85185     1.76955       100        95.556          5          0.78655  
  50    66.6667   0.74074     1.66667        40        90.000          5          0.70287  
  55    68.3502   1.85185     1.68350       100        90.909          5          0.63583  
  60    60.4938   0.74074     1.60494        40        86.667          5          0.51758  
  65    48.1481   0.00000     1.48148         0        80.000          5          0.37435  
  70    40.2116   0.37037     1.40212        20        75.714          5          0.22627  
  75    30.8642   0.00000     1.30864         0        70.667          5          0.07127  
  80    22.6852   0.00000     1.22685         0        66.250          5          0.02726  
  85    17.6471   0.37037     1.17647        20        63.529          5          0.01975  
  90    11.1111   0.00000     1.11111         0        60.000          5          0.01774  
  95     5.2632   0.00000     1.05263         0        56.842          5          0.01704  
 100     0.0000   0.00000     1.00000         0        54.000          5          0.01679  


Data Role=VALIDATE Target Variable=Risk Target Label=' '

                                                                                    Mean
                            Cumulative       %      Cumulative     Number of     Posterior
Depth     Gain      Lift       Lift      Response   % Response   Observations   Probability

   5    81.8182   1.81818     1.81818       100       100.000          5          0.99779  
  10    81.8182   1.81818     1.81818       100       100.000          5          0.99607  
  15    81.8182   1.81818     1.81818       100       100.000          5          0.99357  
  20    81.8182   1.81818     1.81818       100       100.000          5          0.98905  
  25    81.8182   1.81818     1.81818       100       100.000          5          0.98625  
  30    75.7576   1.45455     1.75758        80        96.667          5          0.97344  
  35    76.6234   1.81818     1.76623       100        97.143          5          0.91245  
  40    77.2727   1.81818     1.77273       100        97.500          5          0.90556  
  45    69.6970   1.09091     1.69697        60        93.333          5          0.87342  
  50    70.9091   1.81818     1.70909       100        94.000          5          0.82093  
  55    65.2893   1.09091     1.65289        60        90.909          5          0.69587  
  60    54.5455   0.36364     1.54545        20        85.000          5          0.60040  
  65    48.2517   0.72727     1.48252        40        81.538          5          0.51889  
  70    40.2597   0.36364     1.40260        20        77.143          5          0.32619  
  75    30.9091   0.00000     1.30909         0        72.000          5          0.15411  
  80    25.0000   0.36364     1.25000        20        68.750          5          0.03975  
  85    17.6471   0.00000     1.17647         0        64.706          5          0.02133  
  90    11.1111   0.00000     1.11111         0        61.111          5          0.01842  
  95     5.2632   0.00000     1.05263         0        57.895          5          0.01720  
 100     0.0000   0.00000     1.00000         0        55.000          5          0.01678  
 
                                                                                               
 
 
Assessment Score Distribution

Data Role=TRAIN Target Variable=Risk Target Label=' '

 Posterior     Number                     Mean
Probability      of      Number of     Posterior
   Range       Events    Nonevents    Probability    Percentage

 0.95-1.00       28           0         0.98847          28    
 0.90-0.95        6           2         0.90961           8    
 0.85-0.90        4           0         0.87820           4    
 0.80-0.85        3           0         0.82577           3    
 0.70-0.75        3           2         0.71813           5    
 0.65-0.70        3           1         0.68023           4    
 0.60-0.65        3           0         0.61246           3    
 0.55-0.60        2           0         0.58754           2    
 0.50-0.55        0           1         0.51215           1    
 0.45-0.50        0           1         0.46479           1    
 0.40-0.45        0           2         0.43586           2    
 0.35-0.40        0           3         0.37997           3    
 0.25-0.30        1           3         0.28288           4    
 0.15-0.20        0           1         0.15546           1    
 0.10-0.15        0           2         0.13724           2    
 0.05-0.10        0           2         0.07333           2    
 0.00-0.05        1          26         0.02105          27    


Data Role=VALIDATE Target Variable=Risk Target Label=' '

 Posterior     Number                     Mean
Probability      of      Number of     Posterior
   Range       Events    Nonevents    Probability    Percentage

 0.95-1.00       28           1         0.99122          29    
 0.90-0.95       12           0         0.91077          12    
 0.85-0.90        1           2         0.87609           3    
 0.80-0.85        5           0         0.83211           5    
 0.75-0.80        2           0         0.77352           2    
 0.70-0.75        0           1         0.70950           1    
 0.65-0.70        2           0         0.68483           2    
 0.60-0.65        1           3         0.62159           4    
 0.55-0.60        0           2         0.57396           2    
 0.50-0.55        2           2         0.54000           4    
 0.40-0.45        1           1         0.43420           2    
 0.35-0.40        0           1         0.37185           1    
 0.30-0.35        0           1         0.30294           1    
 0.25-0.30        0           2         0.26111           2    
 0.20-0.25        0           1         0.22333           1    
 0.15-0.20        0           2         0.19281           2    
 0.05-0.10        1           2         0.07771           3    
 0.00-0.05        0          24         0.02066          24    
