MPRINT(EM_DIAGRAM):    data _null_;
MPRINT(EM_DIAGRAM):   call symput('NLDATE', strip(put(date(), NLDATE.)));
MPRINT(EM_DIAGRAM):   call symput('NLTIME', strip(put(datetime(), NLTIME.)));
MPRINT(EM_DIAGRAM):   run;
MPRINT(EM_DIAGRAM):   data _null_;
MPRINT(EM_DIAGRAM):   nldate= sasmsg("sashelp.dmine", "log_date_note", 'N', "April 16, 2021" );
MPRINT(EM_DIAGRAM):   nltime= sasmsg("sashelp.dmine", "log_time_note", 'N', "11:36:10 o'clock" 
);
MPRINT(EM_DIAGRAM):   put "*------------------------------------------------------------*";
MPRINT(EM_DIAGRAM):   put "* Score Log";
MPRINT(EM_DIAGRAM):   put nldate;
MPRINT(EM_DIAGRAM):   put nltime;
MPRINT(EM_DIAGRAM):   put "*------------------------------------------------------------*";
MPRINT(EM_DIAGRAM):   run;
*------------------------------------------------------------*
* Score Log
Date:                April 16, 2021
Time:                11:36:10 o'clock
*------------------------------------------------------------*
MPRINT(EM_DIAGRAM):    filename O10RYFHS "H:\746\Decision Tree 
test\Workspaces\EMWS1\Neural8\EMSCORE.out" encoding="UTF-8" NOBOM;
MPRINT(EM_DIAGRAM):   proc printto print=O10RYFHS new;
MPRINT(EM_DIAGRAM):   run;
207118     data work.outkey;
MPRINT(EM_DIAGRAM):    data work.outkey;
207119     set EMWS1.Neural8_OUTKEY;
MPRINT(EM_DIAGRAM):   set EMWS1.Neural8_OUTKEY;
207120     if upcase(ROLE) = 'HIDDEN';
MPRINT(EM_DIAGRAM):   if upcase(ROLE) = 'HIDDEN';
207121     run;
MPRINT(EM_DIAGRAM):   run;

NOTE: There were 21 observations read from the data set EMWS1.NEURAL8_OUTKEY.
NOTE: The data set WORK.OUTKEY has 2 observations and 8 variables.
NOTE: DATA statement used (Total process time):
      real time           0.02 seconds
      cpu time            0.01 seconds
      

207122     filename emflow "H:\746\Decision Tree test\Workspaces\EMWS1\Neural8\EMFLOWSCORE.sas"
207122   ! ;
MPRINT(EM_DIAGRAM):    filename emflow "H:\746\Decision Tree 
test\Workspaces\EMWS1\Neural8\EMFLOWSCORE.sas";
MPRINT(EM_DIAGRAM):   *------------------------------------------------------------*;
MPRINT(EM_DIAGRAM):   * Neural8: Scoring DATA data;
MPRINT(EM_DIAGRAM):   *------------------------------------------------------------*;
207123     *------------------------------------------------------------*;
207124     * Neural8: Scoring DATA data;
207125     *------------------------------------------------------------*;
207126     data EMWS1.Neural8_TRAIN
207127     / view=EMWS1.Neural8_TRAIN
207128     ;
MPRINT(EM_DIAGRAM):   data EMWS1.Neural8_TRAIN / view=EMWS1.Neural8_TRAIN ;
207129     set EMWS1.Reg3_TRAIN
207130     ;
MPRINT(EM_DIAGRAM):   set EMWS1.Reg3_TRAIN ;
207131     %inc emflow;
NOTE: %INCLUDE (level 1) file EMFLOW is file H:\746\Decision Tree 
      test\Workspaces\EMWS1\Neural8\EMFLOWSCORE.sas.
207132    +***********************************;
MPRINT(EM_DIAGRAM):   ***********************************;
207133    +*** Begin Scoring Code for Neural;
MPRINT(EM_DIAGRAM):   *** Begin Scoring Code for Neural;
207134    +***********************************;
MPRINT(EM_DIAGRAM):   ***********************************;
207135    +DROP _DM_BAD _EPS _NOCL_ _MAX_ _MAXP_ _SUM_ _NTRIALS;
MPRINT(EM_DIAGRAM):   DROP _DM_BAD _EPS _NOCL_ _MAX_ _MAXP_ _SUM_ _NTRIALS;
207136    + _DM_BAD = 0;
MPRINT(EM_DIAGRAM):   _DM_BAD = 0;
207137    + _NOCL_ = .;
MPRINT(EM_DIAGRAM):   _NOCL_ = .;
207138    + _MAX_ = .;
MPRINT(EM_DIAGRAM):   _MAX_ = .;
207139    + _MAXP_ = .;
MPRINT(EM_DIAGRAM):   _MAXP_ = .;
207140    + _SUM_ = .;
MPRINT(EM_DIAGRAM):   _SUM_ = .;
207141    + _NTRIALS = .;
MPRINT(EM_DIAGRAM):   _NTRIALS = .;
207142    + _EPS =                1E-10;
MPRINT(EM_DIAGRAM):   _EPS = 1E-10;
207143    +LENGTH _WARN_ $4
207144    +      F_Risk  $ 12
207145    +;
MPRINT(EM_DIAGRAM):   LENGTH _WARN_ $4 F_Risk $ 12 ;
207146    +      label S_LOG_REP_engine_size = 'Standard: LOG_REP_engine_size' ;
MPRINT(EM_DIAGRAM):   label S_LOG_REP_engine_size = 'Standard: LOG_REP_engine_size' ;
207147    +
207148    +      label S_REP_city_mpg = 'Standard: REP_city_mpg' ;
MPRINT(EM_DIAGRAM):   label S_REP_city_mpg = 'Standard: REP_city_mpg' ;
207149    +
207150    +      label S_REP_highway_mpg = 'Standard: REP_highway_mpg' ;
MPRINT(EM_DIAGRAM):   label S_REP_highway_mpg = 'Standard: REP_highway_mpg' ;
207151    +
207152    +      label S_REP_wheel_base = 'Standard: REP_wheel_base' ;
MPRINT(EM_DIAGRAM):   label S_REP_wheel_base = 'Standard: REP_wheel_base' ;
207153    +
207154    +      label S_REP_width = 'Standard: REP_width' ;
MPRINT(EM_DIAGRAM):   label S_REP_width = 'Standard: REP_width' ;
207155    +
207156    +      label IMP_num_of_doors2 = 'Dummy: IMP_num_of_doors=2' ;
MPRINT(EM_DIAGRAM):   label IMP_num_of_doors2 = 'Dummy: IMP_num_of_doors=2' ;
207157    +
207158    +      label REP_num_of_cylinders__4 = 'Dummy: REP_num_of_cylinders=<=4' ;
MPRINT(EM_DIAGRAM):   label REP_num_of_cylinders__4 = 'Dummy: REP_num_of_cylinders=<=4' ;
207159    +
207160    +      label H11 = 'Hidden: H1=1' ;
MPRINT(EM_DIAGRAM):   label H11 = 'Hidden: H1=1' ;
207161    +
207162    +      label H12 = 'Hidden: H1=2' ;
MPRINT(EM_DIAGRAM):   label H12 = 'Hidden: H1=2' ;
207163    +
207164    +      label I_Risk = 'Into: Risk' ;
MPRINT(EM_DIAGRAM):   label I_Risk = 'Into: Risk' ;
207165    +
207166    +      label F_Risk = 'From: Risk' ;
MPRINT(EM_DIAGRAM):   label F_Risk = 'From: Risk' ;
207167    +
207168    +      label U_Risk = 'Unnormalized Into: Risk' ;
MPRINT(EM_DIAGRAM):   label U_Risk = 'Unnormalized Into: Risk' ;
207169    +
207170    +      label P_Risk1 = 'Predicted: Risk=1' ;
MPRINT(EM_DIAGRAM):   label P_Risk1 = 'Predicted: Risk=1' ;
207171    +
207172    +      label R_Risk1 = 'Residual: Risk=1' ;
MPRINT(EM_DIAGRAM):   label R_Risk1 = 'Residual: Risk=1' ;
207173    +
207174    +      label P_Risk0 = 'Predicted: Risk=0' ;
MPRINT(EM_DIAGRAM):   label P_Risk0 = 'Predicted: Risk=0' ;
207175    +
207176    +      label R_Risk0 = 'Residual: Risk=0' ;
MPRINT(EM_DIAGRAM):   label R_Risk0 = 'Residual: Risk=0' ;
207177    +
207178    +      label  _WARN_ = "Warnings";
MPRINT(EM_DIAGRAM):   label _WARN_ = "Warnings";
207179    +
207180    +*** Generate dummy variables for IMP_num_of_doors ;
MPRINT(EM_DIAGRAM):   *** Generate dummy variables for IMP_num_of_doors ;
207181    +drop IMP_num_of_doors2 ;
MPRINT(EM_DIAGRAM):   drop IMP_num_of_doors2 ;
207182    +if missing( IMP_num_of_doors ) then do;
MPRINT(EM_DIAGRAM):   if missing( IMP_num_of_doors ) then do;
207183    +   IMP_num_of_doors2 = .;
MPRINT(EM_DIAGRAM):   IMP_num_of_doors2 = .;
207184    +   substr(_warn_,1,1) = 'M';
MPRINT(EM_DIAGRAM):   substr(_warn_,1,1) = 'M';
207185    +   _DM_BAD = 1;
MPRINT(EM_DIAGRAM):   _DM_BAD = 1;
207186    +end;
MPRINT(EM_DIAGRAM):   end;
207187    +else do;
MPRINT(EM_DIAGRAM):   else do;
207188    +   length _dm12 $ 12; drop _dm12 ;
MPRINT(EM_DIAGRAM):   length _dm12 $ 12;
MPRINT(EM_DIAGRAM):   drop _dm12 ;
207189    +   _dm12 = put( IMP_num_of_doors , BEST12. );
MPRINT(EM_DIAGRAM):   _dm12 = put( IMP_num_of_doors , BEST12. );
207190    +   %DMNORMIP( _dm12 )
MPRINT(DMNORMIP):   call dmnorm(_dm12,
MPRINT(DMNORLEN):  32
MPRINT(DMNORMIP):  );
207191    +   if _dm12 = '4'  then do;
MPRINT(EM_DIAGRAM):   if _dm12 = '4' then do;
207192    +      IMP_num_of_doors2 = -1;
MPRINT(EM_DIAGRAM):   IMP_num_of_doors2 = -1;
207193    +   end;
MPRINT(EM_DIAGRAM):   end;
207194    +   else if _dm12 = '2'  then do;
MPRINT(EM_DIAGRAM):   else if _dm12 = '2' then do;
207195    +      IMP_num_of_doors2 = 1;
MPRINT(EM_DIAGRAM):   IMP_num_of_doors2 = 1;
207196    +   end;
MPRINT(EM_DIAGRAM):   end;
207197    +   else do;
MPRINT(EM_DIAGRAM):   else do;
207198    +      IMP_num_of_doors2 = .;
MPRINT(EM_DIAGRAM):   IMP_num_of_doors2 = .;
207199    +      substr(_warn_,2,1) = 'U';
MPRINT(EM_DIAGRAM):   substr(_warn_,2,1) = 'U';
207200    +      _DM_BAD = 1;
MPRINT(EM_DIAGRAM):   _DM_BAD = 1;
207201    +   end;
MPRINT(EM_DIAGRAM):   end;
207202    +end;
MPRINT(EM_DIAGRAM):   end;
207203    +
207204    +*** Generate dummy variables for REP_num_of_cylinders ;
MPRINT(EM_DIAGRAM):   *** Generate dummy variables for REP_num_of_cylinders ;
207205    +drop REP_num_of_cylinders__4 ;
MPRINT(EM_DIAGRAM):   drop REP_num_of_cylinders__4 ;
207206    +if missing( REP_num_of_cylinders ) then do;
MPRINT(EM_DIAGRAM):   if missing( REP_num_of_cylinders ) then do;
207207    +   REP_num_of_cylinders__4 = .;
MPRINT(EM_DIAGRAM):   REP_num_of_cylinders__4 = .;
207208    +   substr(_warn_,1,1) = 'M';
MPRINT(EM_DIAGRAM):   substr(_warn_,1,1) = 'M';
207209    +   _DM_BAD = 1;
MPRINT(EM_DIAGRAM):   _DM_BAD = 1;
207210    +end;
MPRINT(EM_DIAGRAM):   end;
207211    +else do;
MPRINT(EM_DIAGRAM):   else do;
207212    +   length _dm6 $ 6; drop _dm6 ;
MPRINT(EM_DIAGRAM):   length _dm6 $ 6;
MPRINT(EM_DIAGRAM):   drop _dm6 ;
207213    +   %DMNORMCP( REP_num_of_cylinders , _dm6 )
MPRINT(DMNORMCP):   _dm6=dmnorm(REP_num_of_cylinders,
MPRINT(DMNORLEN):  32
MPRINT(DMNORMCP):  );
207214    +   if _dm6 = '<=4'  then do;
MPRINT(EM_DIAGRAM):   if _dm6 = '<=4' then do;
207215    +      REP_num_of_cylinders__4 = 1;
MPRINT(EM_DIAGRAM):   REP_num_of_cylinders__4 = 1;
207216    +   end;
MPRINT(EM_DIAGRAM):   end;
207217    +   else if _dm6 = '>4'  then do;
MPRINT(EM_DIAGRAM):   else if _dm6 = '>4' then do;
207218    +      REP_num_of_cylinders__4 = -1;
MPRINT(EM_DIAGRAM):   REP_num_of_cylinders__4 = -1;
207219    +   end;
MPRINT(EM_DIAGRAM):   end;
207220    +   else do;
MPRINT(EM_DIAGRAM):   else do;
207221    +      REP_num_of_cylinders__4 = .;
MPRINT(EM_DIAGRAM):   REP_num_of_cylinders__4 = .;
207222    +      substr(_warn_,2,1) = 'U';
MPRINT(EM_DIAGRAM):   substr(_warn_,2,1) = 'U';
207223    +      _DM_BAD = 1;
MPRINT(EM_DIAGRAM):   _DM_BAD = 1;
207224    +   end;
MPRINT(EM_DIAGRAM):   end;
207225    +end;
MPRINT(EM_DIAGRAM):   end;
207226    +
207227    +*** *************************;
MPRINT(EM_DIAGRAM):   *** *************************;
207228    +*** Checking missing input Interval
207229    +*** *************************;
MPRINT(EM_DIAGRAM):   *** Checking missing input Interval *** *************************;
207230    +
207231    +IF NMISS(
207232    +   LOG_REP_engine_size ,
207233    +   REP_city_mpg ,
207234    +   REP_highway_mpg ,
207235    +   REP_wheel_base ,
207236    +   REP_width   ) THEN DO;
MPRINT(EM_DIAGRAM):   IF NMISS( LOG_REP_engine_size , REP_city_mpg , REP_highway_mpg , 
REP_wheel_base , REP_width ) THEN DO;
207237    +   SUBSTR(_WARN_, 1, 1) = 'M';
MPRINT(EM_DIAGRAM):   SUBSTR(_WARN_, 1, 1) = 'M';
207238    +
207239    +   _DM_BAD = 1;
MPRINT(EM_DIAGRAM):   _DM_BAD = 1;
207240    +END;
MPRINT(EM_DIAGRAM):   END;
207241    +*** *************************;
MPRINT(EM_DIAGRAM):   *** *************************;
207242    +*** Writing the Node intvl ;
MPRINT(EM_DIAGRAM):   *** Writing the Node intvl ;
207243    +*** *************************;
MPRINT(EM_DIAGRAM):   *** *************************;
207244    +IF _DM_BAD EQ 0 THEN DO;
MPRINT(EM_DIAGRAM):   IF _DM_BAD EQ 0 THEN DO;
207245    +   S_LOG_REP_engine_size  =    -19.3053254119757 +     4.02929302984948 *
207246    +        LOG_REP_engine_size ;
MPRINT(EM_DIAGRAM):   S_LOG_REP_engine_size = -19.3053254119757 + 4.02929302984948 * 
LOG_REP_engine_size ;
207247    +   S_REP_city_mpg  =    -4.23279255832632 +     0.16535248553422 *
207248    +        REP_city_mpg ;
MPRINT(EM_DIAGRAM):   S_REP_city_mpg = -4.23279255832632 + 0.16535248553422 * REP_city_mpg ;
207249    +   S_REP_highway_mpg  =    -4.99166764925563 +     0.16020006928199 *
207250    +        REP_highway_mpg ;
MPRINT(EM_DIAGRAM):   S_REP_highway_mpg = -4.99166764925563 + 0.16020006928199 * 
REP_highway_mpg ;
207251    +   S_REP_wheel_base  =    -17.8009087180129 +     0.18059887504832 *
207252    +        REP_wheel_base ;
MPRINT(EM_DIAGRAM):   S_REP_wheel_base = -17.8009087180129 + 0.18059887504832 * REP_wheel_base 
;
207253    +   S_REP_width  =    -35.9167499004784 +     0.54673628301566 * REP_width ;
MPRINT(EM_DIAGRAM):   S_REP_width = -35.9167499004784 + 0.54673628301566 * REP_width ;
207254    +END;
MPRINT(EM_DIAGRAM):   END;
207255    +ELSE DO;
MPRINT(EM_DIAGRAM):   ELSE DO;
207256    +   IF MISSING( LOG_REP_engine_size ) THEN S_LOG_REP_engine_size  = . ;
MPRINT(EM_DIAGRAM):   IF MISSING( LOG_REP_engine_size ) THEN S_LOG_REP_engine_size = . ;
207257    +   ELSE S_LOG_REP_engine_size
207258    +          =    -19.3053254119757 +     4.02929302984948 * LOG_REP_engine_size
207259    +         ;
MPRINT(EM_DIAGRAM):   ELSE S_LOG_REP_engine_size = -19.3053254119757 + 4.02929302984948 * 
LOG_REP_engine_size ;
207260    +   IF MISSING( REP_city_mpg ) THEN S_REP_city_mpg  = . ;
MPRINT(EM_DIAGRAM):   IF MISSING( REP_city_mpg ) THEN S_REP_city_mpg = . ;
207261    +   ELSE S_REP_city_mpg  =    -4.23279255832632 +     0.16535248553422 *
207262    +        REP_city_mpg ;
MPRINT(EM_DIAGRAM):   ELSE S_REP_city_mpg = -4.23279255832632 + 0.16535248553422 * 
REP_city_mpg ;
207263    +   IF MISSING( REP_highway_mpg ) THEN S_REP_highway_mpg  = . ;
MPRINT(EM_DIAGRAM):   IF MISSING( REP_highway_mpg ) THEN S_REP_highway_mpg = . ;
207264    +   ELSE S_REP_highway_mpg  =    -4.99166764925563 +     0.16020006928199 *
207265    +        REP_highway_mpg ;
MPRINT(EM_DIAGRAM):   ELSE S_REP_highway_mpg = -4.99166764925563 + 0.16020006928199 * 
REP_highway_mpg ;
207266    +   IF MISSING( REP_wheel_base ) THEN S_REP_wheel_base  = . ;
MPRINT(EM_DIAGRAM):   IF MISSING( REP_wheel_base ) THEN S_REP_wheel_base = . ;
207267    +   ELSE S_REP_wheel_base  =    -17.8009087180129 +     0.18059887504832 *
207268    +        REP_wheel_base ;
MPRINT(EM_DIAGRAM):   ELSE S_REP_wheel_base = -17.8009087180129 + 0.18059887504832 * 
REP_wheel_base ;
207269    +   IF MISSING( REP_width ) THEN S_REP_width  = . ;
MPRINT(EM_DIAGRAM):   IF MISSING( REP_width ) THEN S_REP_width = . ;
207270    +   ELSE S_REP_width  =    -35.9167499004784 +     0.54673628301566 * REP_width
207271    +         ;
MPRINT(EM_DIAGRAM):   ELSE S_REP_width = -35.9167499004784 + 0.54673628301566 * REP_width ;
207272    +END;
MPRINT(EM_DIAGRAM):   END;
207273    +*** *************************;
MPRINT(EM_DIAGRAM):   *** *************************;
207274    +*** Writing the Node nom ;
MPRINT(EM_DIAGRAM):   *** Writing the Node nom ;
207275    +*** *************************;
MPRINT(EM_DIAGRAM):   *** *************************;
207276    +*** *************************;
MPRINT(EM_DIAGRAM):   *** *************************;
207277    +*** Writing the Node H1 ;
MPRINT(EM_DIAGRAM):   *** Writing the Node H1 ;
207278    +*** *************************;
MPRINT(EM_DIAGRAM):   *** *************************;
207279    +IF _DM_BAD EQ 0 THEN DO;
MPRINT(EM_DIAGRAM):   IF _DM_BAD EQ 0 THEN DO;
207280    +   H11  =       1.062046604436 * S_LOG_REP_engine_size
207281    +          +     2.59137522627442 * S_REP_city_mpg  +    -2.13496243938616 *
207282    +        S_REP_highway_mpg  +     2.09364727782713 * S_REP_wheel_base
207283    +          +    -1.50156387251778 * S_REP_width ;
MPRINT(EM_DIAGRAM):   H11 = 1.062046604436 * S_LOG_REP_engine_size + 2.59137522627442 * 
S_REP_city_mpg + -2.13496243938616 * S_REP_highway_mpg + 2.09364727782713 * S_REP_wheel_base + 
-1.50156387251778 * S_REP_width ;
207284    +   H12  =      1.0434596717954 * S_LOG_REP_engine_size
207285    +          +     0.14511602572821 * S_REP_city_mpg  +     0.07824026802964 *
207286    +        S_REP_highway_mpg  +     1.91867015762651 * S_REP_wheel_base
207287    +          +     0.75380200381722 * S_REP_width ;
MPRINT(EM_DIAGRAM):   H12 = 1.0434596717954 * S_LOG_REP_engine_size + 0.14511602572821 * 
S_REP_city_mpg + 0.07824026802964 * S_REP_highway_mpg + 1.91867015762651 * S_REP_wheel_base + 
0.75380200381722 * S_REP_width ;
207288    +   H11  = H11  +    -1.13771413677649 * IMP_num_of_doors2
207289    +          +      0.2294715263647 * REP_num_of_cylinders__4 ;
MPRINT(EM_DIAGRAM):   H11 = H11 + -1.13771413677649 * IMP_num_of_doors2 + 0.2294715263647 * 
REP_num_of_cylinders__4 ;
207290    +   H12  = H12  +    -0.00831079260204 * IMP_num_of_doors2
207291    +          +     1.92040978167884 * REP_num_of_cylinders__4 ;
MPRINT(EM_DIAGRAM):   H12 = H12 + -0.00831079260204 * IMP_num_of_doors2 + 1.92040978167884 * 
REP_num_of_cylinders__4 ;
207292    +   H11  =     -0.7196070755615 + H11 ;
MPRINT(EM_DIAGRAM):   H11 = -0.7196070755615 + H11 ;
207293    +   H12  =     0.96845445684747 + H12 ;
MPRINT(EM_DIAGRAM):   H12 = 0.96845445684747 + H12 ;
207294    +   H11  = TANH(H11 );
MPRINT(EM_DIAGRAM):   H11 = TANH(H11 );
207295    +   H12  = TANH(H12 );
MPRINT(EM_DIAGRAM):   H12 = TANH(H12 );
207296    +END;
MPRINT(EM_DIAGRAM):   END;
207297    +ELSE DO;
MPRINT(EM_DIAGRAM):   ELSE DO;
207298    +   H11  = .;
MPRINT(EM_DIAGRAM):   H11 = .;
207299    +   H12  = .;
MPRINT(EM_DIAGRAM):   H12 = .;
207300    +END;
MPRINT(EM_DIAGRAM):   END;
207301    +*** *************************;
MPRINT(EM_DIAGRAM):   *** *************************;
207302    +*** Writing the Node Risk ;
MPRINT(EM_DIAGRAM):   *** Writing the Node Risk ;
207303    +*** *************************;
MPRINT(EM_DIAGRAM):   *** *************************;
207304    +
207305    +*** Generate dummy variables for Risk ;
MPRINT(EM_DIAGRAM):   *** Generate dummy variables for Risk ;
207306    +drop Risk1 Risk0 ;
MPRINT(EM_DIAGRAM):   drop Risk1 Risk0 ;
207307    +label F_Risk = 'From: Risk' ;
MPRINT(EM_DIAGRAM):   label F_Risk = 'From: Risk' ;
207308    +length F_Risk $ 12;
MPRINT(EM_DIAGRAM):   length F_Risk $ 12;
207309    +F_Risk = put( Risk , BEST12. );
MPRINT(EM_DIAGRAM):   F_Risk = put( Risk , BEST12. );
207310    +%DMNORMIP( F_Risk )
MPRINT(DMNORMIP):   call dmnorm(F_Risk,
MPRINT(DMNORLEN):  32
MPRINT(DMNORMIP):  );
207311    +if missing( Risk ) then do;
MPRINT(EM_DIAGRAM):   if missing( Risk ) then do;
207312    +   Risk1 = .;
MPRINT(EM_DIAGRAM):   Risk1 = .;
207313    +   Risk0 = .;
MPRINT(EM_DIAGRAM):   Risk0 = .;
207314    +end;
MPRINT(EM_DIAGRAM):   end;
207315    +else do;
MPRINT(EM_DIAGRAM):   else do;
207316    +   if F_Risk = '1'  then do;
MPRINT(EM_DIAGRAM):   if F_Risk = '1' then do;
207317    +      Risk1 = 1;
MPRINT(EM_DIAGRAM):   Risk1 = 1;
207318    +      Risk0 = 0;
MPRINT(EM_DIAGRAM):   Risk0 = 0;
207319    +   end;
MPRINT(EM_DIAGRAM):   end;
207320    +   else if F_Risk = '0'  then do;
MPRINT(EM_DIAGRAM):   else if F_Risk = '0' then do;
207321    +      Risk1 = 0;
MPRINT(EM_DIAGRAM):   Risk1 = 0;
207322    +      Risk0 = 1;
MPRINT(EM_DIAGRAM):   Risk0 = 1;
207323    +   end;
MPRINT(EM_DIAGRAM):   end;
207324    +   else do;
MPRINT(EM_DIAGRAM):   else do;
207325    +      Risk1 = .;
MPRINT(EM_DIAGRAM):   Risk1 = .;
207326    +      Risk0 = .;
MPRINT(EM_DIAGRAM):   Risk0 = .;
207327    +   end;
MPRINT(EM_DIAGRAM):   end;
207328    +end;
MPRINT(EM_DIAGRAM):   end;
207329    +IF _DM_BAD EQ 0 THEN DO;
MPRINT(EM_DIAGRAM):   IF _DM_BAD EQ 0 THEN DO;
207330    +   P_Risk1  =    -3.17887496069116 * H11  +      -2.071440310202 * H12 ;
MPRINT(EM_DIAGRAM):   P_Risk1 = -3.17887496069116 * H11 + -2.071440310202 * H12 ;
207331    +   P_Risk1  =     1.17768330633845 + P_Risk1 ;
MPRINT(EM_DIAGRAM):   P_Risk1 = 1.17768330633845 + P_Risk1 ;
207332    +   P_Risk0  = 0;
MPRINT(EM_DIAGRAM):   P_Risk0 = 0;
207333    +   _MAX_ = MAX (P_Risk1 , P_Risk0 );
MPRINT(EM_DIAGRAM):   _MAX_ = MAX (P_Risk1 , P_Risk0 );
207334    +   _SUM_ = 0.;
MPRINT(EM_DIAGRAM):   _SUM_ = 0.;
207335    +   P_Risk1  = EXP(P_Risk1  - _MAX_);
MPRINT(EM_DIAGRAM):   P_Risk1 = EXP(P_Risk1 - _MAX_);
207336    +   _SUM_ = _SUM_ + P_Risk1 ;
MPRINT(EM_DIAGRAM):   _SUM_ = _SUM_ + P_Risk1 ;
207337    +   P_Risk0  = EXP(P_Risk0  - _MAX_);
MPRINT(EM_DIAGRAM):   P_Risk0 = EXP(P_Risk0 - _MAX_);
207338    +   _SUM_ = _SUM_ + P_Risk0 ;
MPRINT(EM_DIAGRAM):   _SUM_ = _SUM_ + P_Risk0 ;
207339    +   P_Risk1  = P_Risk1  / _SUM_;
MPRINT(EM_DIAGRAM):   P_Risk1 = P_Risk1 / _SUM_;
207340    +   P_Risk0  = P_Risk0  / _SUM_;
MPRINT(EM_DIAGRAM):   P_Risk0 = P_Risk0 / _SUM_;
207341    +END;
MPRINT(EM_DIAGRAM):   END;
207342    +ELSE DO;
MPRINT(EM_DIAGRAM):   ELSE DO;
207343    +   P_Risk1  = .;
MPRINT(EM_DIAGRAM):   P_Risk1 = .;
207344    +   P_Risk0  = .;
MPRINT(EM_DIAGRAM):   P_Risk0 = .;
207345    +END;
MPRINT(EM_DIAGRAM):   END;
207346    +IF _DM_BAD EQ 1 THEN DO;
MPRINT(EM_DIAGRAM):   IF _DM_BAD EQ 1 THEN DO;
207347    +   P_Risk1  =                 0.54;
MPRINT(EM_DIAGRAM):   P_Risk1 = 0.54;
207348    +   P_Risk0  =                 0.46;
MPRINT(EM_DIAGRAM):   P_Risk0 = 0.46;
207349    +END;
MPRINT(EM_DIAGRAM):   END;
207350    +*** *****************************;
MPRINT(EM_DIAGRAM):   *** *****************************;
207351    +*** Writing the Residuals  of the Node Risk ;
MPRINT(EM_DIAGRAM):   *** Writing the Residuals of the Node Risk ;
207352    +*** ******************************;
MPRINT(EM_DIAGRAM):   *** ******************************;
207353    +IF MISSING( Risk1 ) THEN R_Risk1  = . ;
MPRINT(EM_DIAGRAM):   IF MISSING( Risk1 ) THEN R_Risk1 = . ;
207354    +ELSE R_Risk1  = Risk1  - P_Risk1 ;
MPRINT(EM_DIAGRAM):   ELSE R_Risk1 = Risk1 - P_Risk1 ;
207355    +IF MISSING( Risk0 ) THEN R_Risk0  = . ;
MPRINT(EM_DIAGRAM):   IF MISSING( Risk0 ) THEN R_Risk0 = . ;
207356    +ELSE R_Risk0  = Risk0  - P_Risk0 ;
MPRINT(EM_DIAGRAM):   ELSE R_Risk0 = Risk0 - P_Risk0 ;
207357    +*** *************************;
MPRINT(EM_DIAGRAM):   *** *************************;
207358    +*** Writing the I_Risk  AND U_Risk ;
MPRINT(EM_DIAGRAM):   *** Writing the I_Risk AND U_Risk ;
207359    +*** *************************;
MPRINT(EM_DIAGRAM):   *** *************************;
207360    +_MAXP_ = P_Risk1 ;
MPRINT(EM_DIAGRAM):   _MAXP_ = P_Risk1 ;
207361    +I_Risk  = "1           " ;
MPRINT(EM_DIAGRAM):   I_Risk = "1           " ;
207362    +U_Risk  =                    1;
MPRINT(EM_DIAGRAM):   U_Risk = 1;
207363    +IF( _MAXP_ LT P_Risk0  ) THEN DO;
MPRINT(EM_DIAGRAM):   IF( _MAXP_ LT P_Risk0 ) THEN DO;
207364    +   _MAXP_ = P_Risk0 ;
MPRINT(EM_DIAGRAM):   _MAXP_ = P_Risk0 ;
207365    +   I_Risk  = "0           " ;
MPRINT(EM_DIAGRAM):   I_Risk = "0           " ;
207366    +   U_Risk  =                    0;
MPRINT(EM_DIAGRAM):   U_Risk = 0;
207367    +END;
MPRINT(EM_DIAGRAM):   END;
207368    +********************************;
MPRINT(EM_DIAGRAM):   ********************************;
207369    +*** End Scoring Code for Neural;
MPRINT(EM_DIAGRAM):   *** End Scoring Code for Neural;
207370    +********************************;
MPRINT(EM_DIAGRAM):   ********************************;
207371    +drop
207372    +H11
207373    +H12
207374    +;
MPRINT(EM_DIAGRAM):   drop H11 H12 ;
207375    +drop S_:;
MPRINT(EM_DIAGRAM):   drop S_:;
NOTE: %INCLUDE (level 1) ending.
MPRINT(EM_DIAGRAM):   run;
207376     run;

NOTE: DATA STEP view saved on file EMWS1.NEURAL8_TRAIN.
NOTE: A stored DATA STEP view cannot run under a different operating system.
NOTE: View EMWS1.REG3_TRAIN.VIEW used (Total process time):
      real time           0.24 seconds
      cpu time            0.21 seconds
      
NOTE: DATA statement used (Total process time):
      real time           0.25 seconds
      cpu time            0.21 seconds
      

MPRINT(EM_DIAGRAM):   quit;
207377     quit;
207378     filename emflow;
MPRINT(EM_DIAGRAM):   filename emflow;
NOTE: Fileref EMFLOW has been deassigned.
207379     filename emflow "H:\746\Decision Tree test\Workspaces\EMWS1\Neural8\EMFLOWSCORE.sas"
207379   ! ;
MPRINT(EM_DIAGRAM):    filename emflow "H:\746\Decision Tree 
test\Workspaces\EMWS1\Neural8\EMFLOWSCORE.sas";
MPRINT(EM_DIAGRAM):   *------------------------------------------------------------*;
MPRINT(EM_DIAGRAM):   * Neural8: Scoring VALIDATE data;
MPRINT(EM_DIAGRAM):   *------------------------------------------------------------*;
207380     *------------------------------------------------------------*;
207381     * Neural8: Scoring VALIDATE data;
207382     *------------------------------------------------------------*;
207383     data EMWS1.Neural8_VALIDATE
207384     / view=EMWS1.Neural8_VALIDATE
207385     ;
MPRINT(EM_DIAGRAM):   data EMWS1.Neural8_VALIDATE / view=EMWS1.Neural8_VALIDATE ;
207386     set EMWS1.Reg3_VALIDATE
207387     ;
MPRINT(EM_DIAGRAM):   set EMWS1.Reg3_VALIDATE ;
207388     %inc emflow;
NOTE: %INCLUDE (level 1) file EMFLOW is file H:\746\Decision Tree 
      test\Workspaces\EMWS1\Neural8\EMFLOWSCORE.sas.
207389    +***********************************;
MPRINT(EM_DIAGRAM):   ***********************************;
207390    +*** Begin Scoring Code for Neural;
MPRINT(EM_DIAGRAM):   *** Begin Scoring Code for Neural;
207391    +***********************************;
MPRINT(EM_DIAGRAM):   ***********************************;
207392    +DROP _DM_BAD _EPS _NOCL_ _MAX_ _MAXP_ _SUM_ _NTRIALS;
MPRINT(EM_DIAGRAM):   DROP _DM_BAD _EPS _NOCL_ _MAX_ _MAXP_ _SUM_ _NTRIALS;
207393    + _DM_BAD = 0;
MPRINT(EM_DIAGRAM):   _DM_BAD = 0;
207394    + _NOCL_ = .;
MPRINT(EM_DIAGRAM):   _NOCL_ = .;
207395    + _MAX_ = .;
MPRINT(EM_DIAGRAM):   _MAX_ = .;
207396    + _MAXP_ = .;
MPRINT(EM_DIAGRAM):   _MAXP_ = .;
207397    + _SUM_ = .;
MPRINT(EM_DIAGRAM):   _SUM_ = .;
207398    + _NTRIALS = .;
MPRINT(EM_DIAGRAM):   _NTRIALS = .;
207399    + _EPS =                1E-10;
MPRINT(EM_DIAGRAM):   _EPS = 1E-10;
207400    +LENGTH _WARN_ $4
207401    +      F_Risk  $ 12
207402    +;
MPRINT(EM_DIAGRAM):   LENGTH _WARN_ $4 F_Risk $ 12 ;
207403    +      label S_LOG_REP_engine_size = 'Standard: LOG_REP_engine_size' ;
MPRINT(EM_DIAGRAM):   label S_LOG_REP_engine_size = 'Standard: LOG_REP_engine_size' ;
207404    +
207405    +      label S_REP_city_mpg = 'Standard: REP_city_mpg' ;
MPRINT(EM_DIAGRAM):   label S_REP_city_mpg = 'Standard: REP_city_mpg' ;
207406    +
207407    +      label S_REP_highway_mpg = 'Standard: REP_highway_mpg' ;
MPRINT(EM_DIAGRAM):   label S_REP_highway_mpg = 'Standard: REP_highway_mpg' ;
207408    +
207409    +      label S_REP_wheel_base = 'Standard: REP_wheel_base' ;
MPRINT(EM_DIAGRAM):   label S_REP_wheel_base = 'Standard: REP_wheel_base' ;
207410    +
207411    +      label S_REP_width = 'Standard: REP_width' ;
MPRINT(EM_DIAGRAM):   label S_REP_width = 'Standard: REP_width' ;
207412    +
207413    +      label IMP_num_of_doors2 = 'Dummy: IMP_num_of_doors=2' ;
MPRINT(EM_DIAGRAM):   label IMP_num_of_doors2 = 'Dummy: IMP_num_of_doors=2' ;
207414    +
207415    +      label REP_num_of_cylinders__4 = 'Dummy: REP_num_of_cylinders=<=4' ;
MPRINT(EM_DIAGRAM):   label REP_num_of_cylinders__4 = 'Dummy: REP_num_of_cylinders=<=4' ;
207416    +
207417    +      label H11 = 'Hidden: H1=1' ;
MPRINT(EM_DIAGRAM):   label H11 = 'Hidden: H1=1' ;
207418    +
207419    +      label H12 = 'Hidden: H1=2' ;
MPRINT(EM_DIAGRAM):   label H12 = 'Hidden: H1=2' ;
207420    +
207421    +      label I_Risk = 'Into: Risk' ;
MPRINT(EM_DIAGRAM):   label I_Risk = 'Into: Risk' ;
207422    +
207423    +      label F_Risk = 'From: Risk' ;
MPRINT(EM_DIAGRAM):   label F_Risk = 'From: Risk' ;
207424    +
207425    +      label U_Risk = 'Unnormalized Into: Risk' ;
MPRINT(EM_DIAGRAM):   label U_Risk = 'Unnormalized Into: Risk' ;
207426    +
207427    +      label P_Risk1 = 'Predicted: Risk=1' ;
MPRINT(EM_DIAGRAM):   label P_Risk1 = 'Predicted: Risk=1' ;
207428    +
207429    +      label R_Risk1 = 'Residual: Risk=1' ;
MPRINT(EM_DIAGRAM):   label R_Risk1 = 'Residual: Risk=1' ;
207430    +
207431    +      label P_Risk0 = 'Predicted: Risk=0' ;
MPRINT(EM_DIAGRAM):   label P_Risk0 = 'Predicted: Risk=0' ;
207432    +
207433    +      label R_Risk0 = 'Residual: Risk=0' ;
MPRINT(EM_DIAGRAM):   label R_Risk0 = 'Residual: Risk=0' ;
207434    +
207435    +      label  _WARN_ = "Warnings";
MPRINT(EM_DIAGRAM):   label _WARN_ = "Warnings";
207436    +
207437    +*** Generate dummy variables for IMP_num_of_doors ;
MPRINT(EM_DIAGRAM):   *** Generate dummy variables for IMP_num_of_doors ;
207438    +drop IMP_num_of_doors2 ;
MPRINT(EM_DIAGRAM):   drop IMP_num_of_doors2 ;
207439    +if missing( IMP_num_of_doors ) then do;
MPRINT(EM_DIAGRAM):   if missing( IMP_num_of_doors ) then do;
207440    +   IMP_num_of_doors2 = .;
MPRINT(EM_DIAGRAM):   IMP_num_of_doors2 = .;
207441    +   substr(_warn_,1,1) = 'M';
MPRINT(EM_DIAGRAM):   substr(_warn_,1,1) = 'M';
207442    +   _DM_BAD = 1;
MPRINT(EM_DIAGRAM):   _DM_BAD = 1;
207443    +end;
MPRINT(EM_DIAGRAM):   end;
207444    +else do;
MPRINT(EM_DIAGRAM):   else do;
207445    +   length _dm12 $ 12; drop _dm12 ;
MPRINT(EM_DIAGRAM):   length _dm12 $ 12;
MPRINT(EM_DIAGRAM):   drop _dm12 ;
207446    +   _dm12 = put( IMP_num_of_doors , BEST12. );
MPRINT(EM_DIAGRAM):   _dm12 = put( IMP_num_of_doors , BEST12. );
207447    +   %DMNORMIP( _dm12 )
MPRINT(DMNORMIP):   call dmnorm(_dm12,
MPRINT(DMNORLEN):  32
MPRINT(DMNORMIP):  );
207448    +   if _dm12 = '4'  then do;
MPRINT(EM_DIAGRAM):   if _dm12 = '4' then do;
207449    +      IMP_num_of_doors2 = -1;
MPRINT(EM_DIAGRAM):   IMP_num_of_doors2 = -1;
207450    +   end;
MPRINT(EM_DIAGRAM):   end;
207451    +   else if _dm12 = '2'  then do;
MPRINT(EM_DIAGRAM):   else if _dm12 = '2' then do;
207452    +      IMP_num_of_doors2 = 1;
MPRINT(EM_DIAGRAM):   IMP_num_of_doors2 = 1;
207453    +   end;
MPRINT(EM_DIAGRAM):   end;
207454    +   else do;
MPRINT(EM_DIAGRAM):   else do;
207455    +      IMP_num_of_doors2 = .;
MPRINT(EM_DIAGRAM):   IMP_num_of_doors2 = .;
207456    +      substr(_warn_,2,1) = 'U';
MPRINT(EM_DIAGRAM):   substr(_warn_,2,1) = 'U';
207457    +      _DM_BAD = 1;
MPRINT(EM_DIAGRAM):   _DM_BAD = 1;
207458    +   end;
MPRINT(EM_DIAGRAM):   end;
207459    +end;
MPRINT(EM_DIAGRAM):   end;
207460    +
207461    +*** Generate dummy variables for REP_num_of_cylinders ;
MPRINT(EM_DIAGRAM):   *** Generate dummy variables for REP_num_of_cylinders ;
207462    +drop REP_num_of_cylinders__4 ;
MPRINT(EM_DIAGRAM):   drop REP_num_of_cylinders__4 ;
207463    +if missing( REP_num_of_cylinders ) then do;
MPRINT(EM_DIAGRAM):   if missing( REP_num_of_cylinders ) then do;
207464    +   REP_num_of_cylinders__4 = .;
MPRINT(EM_DIAGRAM):   REP_num_of_cylinders__4 = .;
207465    +   substr(_warn_,1,1) = 'M';
MPRINT(EM_DIAGRAM):   substr(_warn_,1,1) = 'M';
207466    +   _DM_BAD = 1;
MPRINT(EM_DIAGRAM):   _DM_BAD = 1;
207467    +end;
MPRINT(EM_DIAGRAM):   end;
207468    +else do;
MPRINT(EM_DIAGRAM):   else do;
207469    +   length _dm6 $ 6; drop _dm6 ;
MPRINT(EM_DIAGRAM):   length _dm6 $ 6;
MPRINT(EM_DIAGRAM):   drop _dm6 ;
207470    +   %DMNORMCP( REP_num_of_cylinders , _dm6 )
MPRINT(DMNORMCP):   _dm6=dmnorm(REP_num_of_cylinders,
MPRINT(DMNORLEN):  32
MPRINT(DMNORMCP):  );
207471    +   if _dm6 = '<=4'  then do;
MPRINT(EM_DIAGRAM):   if _dm6 = '<=4' then do;
207472    +      REP_num_of_cylinders__4 = 1;
MPRINT(EM_DIAGRAM):   REP_num_of_cylinders__4 = 1;
207473    +   end;
MPRINT(EM_DIAGRAM):   end;
207474    +   else if _dm6 = '>4'  then do;
MPRINT(EM_DIAGRAM):   else if _dm6 = '>4' then do;
207475    +      REP_num_of_cylinders__4 = -1;
MPRINT(EM_DIAGRAM):   REP_num_of_cylinders__4 = -1;
207476    +   end;
MPRINT(EM_DIAGRAM):   end;
207477    +   else do;
MPRINT(EM_DIAGRAM):   else do;
207478    +      REP_num_of_cylinders__4 = .;
MPRINT(EM_DIAGRAM):   REP_num_of_cylinders__4 = .;
207479    +      substr(_warn_,2,1) = 'U';
MPRINT(EM_DIAGRAM):   substr(_warn_,2,1) = 'U';
207480    +      _DM_BAD = 1;
MPRINT(EM_DIAGRAM):   _DM_BAD = 1;
207481    +   end;
MPRINT(EM_DIAGRAM):   end;
207482    +end;
MPRINT(EM_DIAGRAM):   end;
207483    +
207484    +*** *************************;
MPRINT(EM_DIAGRAM):   *** *************************;
207485    +*** Checking missing input Interval
207486    +*** *************************;
MPRINT(EM_DIAGRAM):   *** Checking missing input Interval *** *************************;
207487    +
207488    +IF NMISS(
207489    +   LOG_REP_engine_size ,
207490    +   REP_city_mpg ,
207491    +   REP_highway_mpg ,
207492    +   REP_wheel_base ,
207493    +   REP_width   ) THEN DO;
MPRINT(EM_DIAGRAM):   IF NMISS( LOG_REP_engine_size , REP_city_mpg , REP_highway_mpg , 
REP_wheel_base , REP_width ) THEN DO;
207494    +   SUBSTR(_WARN_, 1, 1) = 'M';
MPRINT(EM_DIAGRAM):   SUBSTR(_WARN_, 1, 1) = 'M';
207495    +
207496    +   _DM_BAD = 1;
MPRINT(EM_DIAGRAM):   _DM_BAD = 1;
207497    +END;
MPRINT(EM_DIAGRAM):   END;
207498    +*** *************************;
MPRINT(EM_DIAGRAM):   *** *************************;
207499    +*** Writing the Node intvl ;
MPRINT(EM_DIAGRAM):   *** Writing the Node intvl ;
207500    +*** *************************;
MPRINT(EM_DIAGRAM):   *** *************************;
207501    +IF _DM_BAD EQ 0 THEN DO;
MPRINT(EM_DIAGRAM):   IF _DM_BAD EQ 0 THEN DO;
207502    +   S_LOG_REP_engine_size  =    -19.3053254119757 +     4.02929302984948 *
207503    +        LOG_REP_engine_size ;
MPRINT(EM_DIAGRAM):   S_LOG_REP_engine_size = -19.3053254119757 + 4.02929302984948 * 
LOG_REP_engine_size ;
207504    +   S_REP_city_mpg  =    -4.23279255832632 +     0.16535248553422 *
207505    +        REP_city_mpg ;
MPRINT(EM_DIAGRAM):   S_REP_city_mpg = -4.23279255832632 + 0.16535248553422 * REP_city_mpg ;
207506    +   S_REP_highway_mpg  =    -4.99166764925563 +     0.16020006928199 *
207507    +        REP_highway_mpg ;
MPRINT(EM_DIAGRAM):   S_REP_highway_mpg = -4.99166764925563 + 0.16020006928199 * 
REP_highway_mpg ;
207508    +   S_REP_wheel_base  =    -17.8009087180129 +     0.18059887504832 *
207509    +        REP_wheel_base ;
MPRINT(EM_DIAGRAM):   S_REP_wheel_base = -17.8009087180129 + 0.18059887504832 * REP_wheel_base 
;
207510    +   S_REP_width  =    -35.9167499004784 +     0.54673628301566 * REP_width ;
MPRINT(EM_DIAGRAM):   S_REP_width = -35.9167499004784 + 0.54673628301566 * REP_width ;
207511    +END;
MPRINT(EM_DIAGRAM):   END;
207512    +ELSE DO;
MPRINT(EM_DIAGRAM):   ELSE DO;
207513    +   IF MISSING( LOG_REP_engine_size ) THEN S_LOG_REP_engine_size  = . ;
MPRINT(EM_DIAGRAM):   IF MISSING( LOG_REP_engine_size ) THEN S_LOG_REP_engine_size = . ;
207514    +   ELSE S_LOG_REP_engine_size
207515    +          =    -19.3053254119757 +     4.02929302984948 * LOG_REP_engine_size
207516    +         ;
MPRINT(EM_DIAGRAM):   ELSE S_LOG_REP_engine_size = -19.3053254119757 + 4.02929302984948 * 
LOG_REP_engine_size ;
207517    +   IF MISSING( REP_city_mpg ) THEN S_REP_city_mpg  = . ;
MPRINT(EM_DIAGRAM):   IF MISSING( REP_city_mpg ) THEN S_REP_city_mpg = . ;
207518    +   ELSE S_REP_city_mpg  =    -4.23279255832632 +     0.16535248553422 *
207519    +        REP_city_mpg ;
MPRINT(EM_DIAGRAM):   ELSE S_REP_city_mpg = -4.23279255832632 + 0.16535248553422 * 
REP_city_mpg ;
207520    +   IF MISSING( REP_highway_mpg ) THEN S_REP_highway_mpg  = . ;
MPRINT(EM_DIAGRAM):   IF MISSING( REP_highway_mpg ) THEN S_REP_highway_mpg = . ;
207521    +   ELSE S_REP_highway_mpg  =    -4.99166764925563 +     0.16020006928199 *
207522    +        REP_highway_mpg ;
MPRINT(EM_DIAGRAM):   ELSE S_REP_highway_mpg = -4.99166764925563 + 0.16020006928199 * 
REP_highway_mpg ;
207523    +   IF MISSING( REP_wheel_base ) THEN S_REP_wheel_base  = . ;
MPRINT(EM_DIAGRAM):   IF MISSING( REP_wheel_base ) THEN S_REP_wheel_base = . ;
207524    +   ELSE S_REP_wheel_base  =    -17.8009087180129 +     0.18059887504832 *
207525    +        REP_wheel_base ;
MPRINT(EM_DIAGRAM):   ELSE S_REP_wheel_base = -17.8009087180129 + 0.18059887504832 * 
REP_wheel_base ;
207526    +   IF MISSING( REP_width ) THEN S_REP_width  = . ;
MPRINT(EM_DIAGRAM):   IF MISSING( REP_width ) THEN S_REP_width = . ;
207527    +   ELSE S_REP_width  =    -35.9167499004784 +     0.54673628301566 * REP_width
207528    +         ;
MPRINT(EM_DIAGRAM):   ELSE S_REP_width = -35.9167499004784 + 0.54673628301566 * REP_width ;
207529    +END;
MPRINT(EM_DIAGRAM):   END;
207530    +*** *************************;
MPRINT(EM_DIAGRAM):   *** *************************;
207531    +*** Writing the Node nom ;
MPRINT(EM_DIAGRAM):   *** Writing the Node nom ;
207532    +*** *************************;
MPRINT(EM_DIAGRAM):   *** *************************;
207533    +*** *************************;
MPRINT(EM_DIAGRAM):   *** *************************;
207534    +*** Writing the Node H1 ;
MPRINT(EM_DIAGRAM):   *** Writing the Node H1 ;
207535    +*** *************************;
MPRINT(EM_DIAGRAM):   *** *************************;
207536    +IF _DM_BAD EQ 0 THEN DO;
MPRINT(EM_DIAGRAM):   IF _DM_BAD EQ 0 THEN DO;
207537    +   H11  =       1.062046604436 * S_LOG_REP_engine_size
207538    +          +     2.59137522627442 * S_REP_city_mpg  +    -2.13496243938616 *
207539    +        S_REP_highway_mpg  +     2.09364727782713 * S_REP_wheel_base
207540    +          +    -1.50156387251778 * S_REP_width ;
MPRINT(EM_DIAGRAM):   H11 = 1.062046604436 * S_LOG_REP_engine_size + 2.59137522627442 * 
S_REP_city_mpg + -2.13496243938616 * S_REP_highway_mpg + 2.09364727782713 * S_REP_wheel_base + 
-1.50156387251778 * S_REP_width ;
207541    +   H12  =      1.0434596717954 * S_LOG_REP_engine_size
207542    +          +     0.14511602572821 * S_REP_city_mpg  +     0.07824026802964 *
207543    +        S_REP_highway_mpg  +     1.91867015762651 * S_REP_wheel_base
207544    +          +     0.75380200381722 * S_REP_width ;
MPRINT(EM_DIAGRAM):   H12 = 1.0434596717954 * S_LOG_REP_engine_size + 0.14511602572821 * 
S_REP_city_mpg + 0.07824026802964 * S_REP_highway_mpg + 1.91867015762651 * S_REP_wheel_base + 
0.75380200381722 * S_REP_width ;
207545    +   H11  = H11  +    -1.13771413677649 * IMP_num_of_doors2
207546    +          +      0.2294715263647 * REP_num_of_cylinders__4 ;
MPRINT(EM_DIAGRAM):   H11 = H11 + -1.13771413677649 * IMP_num_of_doors2 + 0.2294715263647 * 
REP_num_of_cylinders__4 ;
207547    +   H12  = H12  +    -0.00831079260204 * IMP_num_of_doors2
207548    +          +     1.92040978167884 * REP_num_of_cylinders__4 ;
MPRINT(EM_DIAGRAM):   H12 = H12 + -0.00831079260204 * IMP_num_of_doors2 + 1.92040978167884 * 
REP_num_of_cylinders__4 ;
207549    +   H11  =     -0.7196070755615 + H11 ;
MPRINT(EM_DIAGRAM):   H11 = -0.7196070755615 + H11 ;
207550    +   H12  =     0.96845445684747 + H12 ;
MPRINT(EM_DIAGRAM):   H12 = 0.96845445684747 + H12 ;
207551    +   H11  = TANH(H11 );
MPRINT(EM_DIAGRAM):   H11 = TANH(H11 );
207552    +   H12  = TANH(H12 );
MPRINT(EM_DIAGRAM):   H12 = TANH(H12 );
207553    +END;
MPRINT(EM_DIAGRAM):   END;
207554    +ELSE DO;
MPRINT(EM_DIAGRAM):   ELSE DO;
207555    +   H11  = .;
MPRINT(EM_DIAGRAM):   H11 = .;
207556    +   H12  = .;
MPRINT(EM_DIAGRAM):   H12 = .;
207557    +END;
MPRINT(EM_DIAGRAM):   END;
207558    +*** *************************;
MPRINT(EM_DIAGRAM):   *** *************************;
207559    +*** Writing the Node Risk ;
MPRINT(EM_DIAGRAM):   *** Writing the Node Risk ;
207560    +*** *************************;
MPRINT(EM_DIAGRAM):   *** *************************;
207561    +
207562    +*** Generate dummy variables for Risk ;
MPRINT(EM_DIAGRAM):   *** Generate dummy variables for Risk ;
207563    +drop Risk1 Risk0 ;
MPRINT(EM_DIAGRAM):   drop Risk1 Risk0 ;
207564    +label F_Risk = 'From: Risk' ;
MPRINT(EM_DIAGRAM):   label F_Risk = 'From: Risk' ;
207565    +length F_Risk $ 12;
MPRINT(EM_DIAGRAM):   length F_Risk $ 12;
207566    +F_Risk = put( Risk , BEST12. );
MPRINT(EM_DIAGRAM):   F_Risk = put( Risk , BEST12. );
207567    +%DMNORMIP( F_Risk )
MPRINT(DMNORMIP):   call dmnorm(F_Risk,
MPRINT(DMNORLEN):  32
MPRINT(DMNORMIP):  );
207568    +if missing( Risk ) then do;
MPRINT(EM_DIAGRAM):   if missing( Risk ) then do;
207569    +   Risk1 = .;
MPRINT(EM_DIAGRAM):   Risk1 = .;
207570    +   Risk0 = .;
MPRINT(EM_DIAGRAM):   Risk0 = .;
207571    +end;
MPRINT(EM_DIAGRAM):   end;
207572    +else do;
MPRINT(EM_DIAGRAM):   else do;
207573    +   if F_Risk = '1'  then do;
MPRINT(EM_DIAGRAM):   if F_Risk = '1' then do;
207574    +      Risk1 = 1;
MPRINT(EM_DIAGRAM):   Risk1 = 1;
207575    +      Risk0 = 0;
MPRINT(EM_DIAGRAM):   Risk0 = 0;
207576    +   end;
MPRINT(EM_DIAGRAM):   end;
207577    +   else if F_Risk = '0'  then do;
MPRINT(EM_DIAGRAM):   else if F_Risk = '0' then do;
207578    +      Risk1 = 0;
MPRINT(EM_DIAGRAM):   Risk1 = 0;
207579    +      Risk0 = 1;
MPRINT(EM_DIAGRAM):   Risk0 = 1;
207580    +   end;
MPRINT(EM_DIAGRAM):   end;
207581    +   else do;
MPRINT(EM_DIAGRAM):   else do;
207582    +      Risk1 = .;
MPRINT(EM_DIAGRAM):   Risk1 = .;
207583    +      Risk0 = .;
MPRINT(EM_DIAGRAM):   Risk0 = .;
207584    +   end;
MPRINT(EM_DIAGRAM):   end;
207585    +end;
MPRINT(EM_DIAGRAM):   end;
207586    +IF _DM_BAD EQ 0 THEN DO;
MPRINT(EM_DIAGRAM):   IF _DM_BAD EQ 0 THEN DO;
207587    +   P_Risk1  =    -3.17887496069116 * H11  +      -2.071440310202 * H12 ;
MPRINT(EM_DIAGRAM):   P_Risk1 = -3.17887496069116 * H11 + -2.071440310202 * H12 ;
207588    +   P_Risk1  =     1.17768330633845 + P_Risk1 ;
MPRINT(EM_DIAGRAM):   P_Risk1 = 1.17768330633845 + P_Risk1 ;
207589    +   P_Risk0  = 0;
MPRINT(EM_DIAGRAM):   P_Risk0 = 0;
207590    +   _MAX_ = MAX (P_Risk1 , P_Risk0 );
MPRINT(EM_DIAGRAM):   _MAX_ = MAX (P_Risk1 , P_Risk0 );
207591    +   _SUM_ = 0.;
MPRINT(EM_DIAGRAM):   _SUM_ = 0.;
207592    +   P_Risk1  = EXP(P_Risk1  - _MAX_);
MPRINT(EM_DIAGRAM):   P_Risk1 = EXP(P_Risk1 - _MAX_);
207593    +   _SUM_ = _SUM_ + P_Risk1 ;
MPRINT(EM_DIAGRAM):   _SUM_ = _SUM_ + P_Risk1 ;
207594    +   P_Risk0  = EXP(P_Risk0  - _MAX_);
MPRINT(EM_DIAGRAM):   P_Risk0 = EXP(P_Risk0 - _MAX_);
207595    +   _SUM_ = _SUM_ + P_Risk0 ;
MPRINT(EM_DIAGRAM):   _SUM_ = _SUM_ + P_Risk0 ;
207596    +   P_Risk1  = P_Risk1  / _SUM_;
MPRINT(EM_DIAGRAM):   P_Risk1 = P_Risk1 / _SUM_;
207597    +   P_Risk0  = P_Risk0  / _SUM_;
MPRINT(EM_DIAGRAM):   P_Risk0 = P_Risk0 / _SUM_;
207598    +END;
MPRINT(EM_DIAGRAM):   END;
207599    +ELSE DO;
MPRINT(EM_DIAGRAM):   ELSE DO;
207600    +   P_Risk1  = .;
MPRINT(EM_DIAGRAM):   P_Risk1 = .;
207601    +   P_Risk0  = .;
MPRINT(EM_DIAGRAM):   P_Risk0 = .;
207602    +END;
MPRINT(EM_DIAGRAM):   END;
207603    +IF _DM_BAD EQ 1 THEN DO;
MPRINT(EM_DIAGRAM):   IF _DM_BAD EQ 1 THEN DO;
207604    +   P_Risk1  =                 0.54;
MPRINT(EM_DIAGRAM):   P_Risk1 = 0.54;
207605    +   P_Risk0  =                 0.46;
MPRINT(EM_DIAGRAM):   P_Risk0 = 0.46;
207606    +END;
MPRINT(EM_DIAGRAM):   END;
207607    +*** *****************************;
MPRINT(EM_DIAGRAM):   *** *****************************;
207608    +*** Writing the Residuals  of the Node Risk ;
MPRINT(EM_DIAGRAM):   *** Writing the Residuals of the Node Risk ;
207609    +*** ******************************;
MPRINT(EM_DIAGRAM):   *** ******************************;
207610    +IF MISSING( Risk1 ) THEN R_Risk1  = . ;
MPRINT(EM_DIAGRAM):   IF MISSING( Risk1 ) THEN R_Risk1 = . ;
207611    +ELSE R_Risk1  = Risk1  - P_Risk1 ;
MPRINT(EM_DIAGRAM):   ELSE R_Risk1 = Risk1 - P_Risk1 ;
207612    +IF MISSING( Risk0 ) THEN R_Risk0  = . ;
MPRINT(EM_DIAGRAM):   IF MISSING( Risk0 ) THEN R_Risk0 = . ;
207613    +ELSE R_Risk0  = Risk0  - P_Risk0 ;
MPRINT(EM_DIAGRAM):   ELSE R_Risk0 = Risk0 - P_Risk0 ;
207614    +*** *************************;
MPRINT(EM_DIAGRAM):   *** *************************;
207615    +*** Writing the I_Risk  AND U_Risk ;
MPRINT(EM_DIAGRAM):   *** Writing the I_Risk AND U_Risk ;
207616    +*** *************************;
MPRINT(EM_DIAGRAM):   *** *************************;
207617    +_MAXP_ = P_Risk1 ;
MPRINT(EM_DIAGRAM):   _MAXP_ = P_Risk1 ;
207618    +I_Risk  = "1           " ;
MPRINT(EM_DIAGRAM):   I_Risk = "1           " ;
207619    +U_Risk  =                    1;
MPRINT(EM_DIAGRAM):   U_Risk = 1;
207620    +IF( _MAXP_ LT P_Risk0  ) THEN DO;
MPRINT(EM_DIAGRAM):   IF( _MAXP_ LT P_Risk0 ) THEN DO;
207621    +   _MAXP_ = P_Risk0 ;
MPRINT(EM_DIAGRAM):   _MAXP_ = P_Risk0 ;
207622    +   I_Risk  = "0           " ;
MPRINT(EM_DIAGRAM):   I_Risk = "0           " ;
207623    +   U_Risk  =                    0;
MPRINT(EM_DIAGRAM):   U_Risk = 0;
207624    +END;
MPRINT(EM_DIAGRAM):   END;
207625    +********************************;
MPRINT(EM_DIAGRAM):   ********************************;
207626    +*** End Scoring Code for Neural;
MPRINT(EM_DIAGRAM):   *** End Scoring Code for Neural;
207627    +********************************;
MPRINT(EM_DIAGRAM):   ********************************;
207628    +drop
207629    +H11
207630    +H12
207631    +;
MPRINT(EM_DIAGRAM):   drop H11 H12 ;
207632    +drop S_:;
MPRINT(EM_DIAGRAM):   drop S_:;
NOTE: %INCLUDE (level 1) ending.
MPRINT(EM_DIAGRAM):   run;
207633     run;

NOTE: DATA STEP view saved on file EMWS1.NEURAL8_VALIDATE.
NOTE: A stored DATA STEP view cannot run under a different operating system.
NOTE: View EMWS1.REG3_VALIDATE.VIEW used (Total process time):
      real time           0.24 seconds
      cpu time            0.21 seconds
      
NOTE: DATA statement used (Total process time):
      real time           0.25 seconds
      cpu time            0.21 seconds
      

MPRINT(EM_DIAGRAM):   quit;
207634     quit;
207635     filename emflow;
MPRINT(EM_DIAGRAM):   filename emflow;
NOTE: Fileref EMFLOW has been deassigned.
207636     *------------------------------------------------------------*;
MPRINT(EM_DIAGRAM):    *------------------------------------------------------------*;
207637     * Neural8: Computing metadata for TRAIN data;
MPRINT(EM_DIAGRAM):   * Neural8: Computing metadata for TRAIN data;
207638     *------------------------------------------------------------*;
MPRINT(EM_DIAGRAM):   *------------------------------------------------------------*;

NOTE: View EMWS1.NEURAL8_TRAIN.VIEW used (Total process time):
      real time           0.23 seconds
      cpu time            0.23 seconds
      
MPRINT(EM_DIAGRAM):    *------------------------------------------------------------*;
MPRINT(EM_DIAGRAM):   * &nodeid: Computing Metadata for TRAIN data;
MPRINT(EM_DIAGRAM):   *------------------------------------------------------------*;
MPRINT(EM_DIAGRAM):   filename _delta "H:\746\Decision Tree 
test\Workspaces\EMWS1\Neural8\CDELTA_TRAIN.sas";
MPRINT(EMADVISECOLUMNS):   proc display c=sashelp.emmeta.advisecolumns.scl;
MPRINT(EMADVISECOLUMNS):   run;
MPRINT(EMADVISECOLUMNS):    options validvarname=any;
MPRINT(EMADVISECOLUMNS):   proc contents data=EMWS1.Neural8_TRAIN out=_tempAdvisor noprint;
MPRINT(EMADVISECOLUMNS):   run;
MPRINT(EMADVISECOLUMNS):   options validvarname=V7;
MPRINT(EMADVISECOLUMNS):    data _null_;
MPRINT(EMADVISECOLUMNS):   dsid = open('EMWS1.Neural8_TRAIN');
MPRINT(EMADVISECOLUMNS):   call symput('_dsidTable', strip(put(dsid, best.)));
MPRINT(EMADVISECOLUMNS):   if dsid then do;
MPRINT(EMADVISECOLUMNS):   call symput('_engineTable', attrc(dsid, 'ENGINE'));
MPRINT(EMADVISECOLUMNS):   dsid = close(dsid);
MPRINT(EMADVISECOLUMNS):   end;
MPRINT(EMADVISECOLUMNS):   run;
MPRINT(EMADVISECOLUMNS):    proc contents data=EMWS1.Neural8_TRAIN out=WORK.M2D3_JKW noprint;
MPRINT(EMADVISECOLUMNS):   run;
MPRINT(EMADVISECOLUMNS):    data WORK.M2D3_JKW;
MPRINT(EMADVISECOLUMNS):   length NAME $ 64 TYPE $ 1 LABEL $ 200 FORMAT $ 36 INFORMAT $36 
INDEX $ 1 INDEXTYPE $ 9;
MPRINT(EMADVISECOLUMNS):   label NAME =;
MPRINT(EMADVISECOLUMNS):   set WORK.M2D3_JKW(keep=name type length label format formatl 
formatd informat informl informd idxusage rename=(type=itype));
MPRINT(EMADVISECOLUMNS):   if itype = 1 then type = 'N';
MPRINT(EMADVISECOLUMNS):   else type = 'C';
MPRINT(EMADVISECOLUMNS):   if formatl > 0 then do;
MPRINT(EMADVISECOLUMNS):   if format ne ' ' then format = strip(format)!!strip(put(formatl, 
best12.))!!'.'!!strip(put(formatd, best12.));
MPRINT(EMADVISECOLUMNS):   else format = strip(put(formatl, best12.))!!'.'!!strip(put(formatd, 
best12.));
MPRINT(EMADVISECOLUMNS):   end;
MPRINT(EMADVISECOLUMNS):   else if format ne '' then format = strip(format)!!'.';
MPRINT(EMADVISECOLUMNS):   if informl > 0 then do;
MPRINT(EMADVISECOLUMNS):   if informat ne ' ' then informat = 
strip(informat)!!strip(put(informl, best12.))!!'.'!!strip(put(informd, best12.));
MPRINT(EMADVISECOLUMNS):   else informat = strip(put(informl, 
best12.))!!'.'!!strip(put(informd, best12.));
MPRINT(EMADVISECOLUMNS):   end;
MPRINT(EMADVISECOLUMNS):   else if informat ne '' then informat = strip(informat)!!'.';
MPRINT(EMADVISECOLUMNS):   if idxusage = 'NONE' then index ="N";
MPRINT(EMADVISECOLUMNS):   else index = "Y";
MPRINT(EMADVISECOLUMNS):   indextype = idxusage;
MPRINT(EMADVISECOLUMNS):   drop idxusage itype formatl formatd informl informd;
MPRINT(EMADVISECOLUMNS):   run;
MPRINT(EMADVISECOLUMNS):    data WORK.M2D3_JKW;
MPRINT(EMADVISECOLUMNS):   length UNAME $64;
MPRINT(EMADVISECOLUMNS):   set WORK.M2D3_JKW;
MPRINT(EMADVISECOLUMNS):   UNAME = upcase(NAME);
MPRINT(EMADVISECOLUMNS):   run;
MPRINT(EMADVISECOLUMNS):    proc sort data=WORK.M1UOPC0W NOTHREADS;
MPRINT(EMADVISECOLUMNS):   by UNAME;
MPRINT(EMADVISECOLUMNS):   run;
MPRINT(EMADVISECOLUMNS):    data WORK.M1UOPC0W;
MPRINT(EMADVISECOLUMNS):   drop UNAME;
MPRINT(EMADVISECOLUMNS):   set WORK.M1UOPC0W;
MPRINT(EMADVISECOLUMNS):   run;
MPRINT(EMADVISECOLUMNS):    data WORK.M0DJQ3KJ(keep=NAME ATTR);
MPRINT(EMADVISECOLUMNS):   length ATTR $ 20;
MPRINT(EMADVISECOLUMNS):   set WORK.M1UOPC0W;
MPRINT(EMADVISECOLUMNS):   if level ne "INTERVAL" then do;
MPRINT(EMADVISECOLUMNS):   if order = ' ' then do;
MPRINT(EMADVISECOLUMNS):   attr = 'ORDER';
MPRINT(EMADVISECOLUMNS):   output;
MPRINT(EMADVISECOLUMNS):   end;
MPRINT(EMADVISECOLUMNS):   end;
MPRINT(EMADVISECOLUMNS):   if format ne ' ' and formattype = ' ' then do;
MPRINT(EMADVISECOLUMNS):   attr = 'FORMATTYPE';
MPRINT(EMADVISECOLUMNS):   output;
MPRINT(EMADVISECOLUMNS):   end;
MPRINT(EMADVISECOLUMNS):   if role = ' ' then do;
MPRINT(EMADVISECOLUMNS):   attr = 'ROLE';
MPRINT(EMADVISECOLUMNS):   output;
MPRINT(EMADVISECOLUMNS):   end;
MPRINT(EMADVISECOLUMNS):   if level = ' ' then do;
MPRINT(EMADVISECOLUMNS):   attr = 'LEVEL';
MPRINT(EMADVISECOLUMNS):   output;
MPRINT(EMADVISECOLUMNS):   end;
MPRINT(EMADVISECOLUMNS):   if type = ' ' then do;
MPRINT(EMADVISECOLUMNS):   attr = 'TYPE';
MPRINT(EMADVISECOLUMNS):   output;
MPRINT(EMADVISECOLUMNS):   end;
MPRINT(EMADVISECOLUMNS):   if index = ' ' then do;
MPRINT(EMADVISECOLUMNS):   attr = 'INDEX';
MPRINT(EMADVISECOLUMNS):   output;
MPRINT(EMADVISECOLUMNS):   end;
MPRINT(EMADVISECOLUMNS):   if report = ' ' then do;
MPRINT(EMADVISECOLUMNS):   attr = 'REPORT';
MPRINT(EMADVISECOLUMNS):   output;
MPRINT(EMADVISECOLUMNS):   end;
MPRINT(EMADVISECOLUMNS):   run;
MPRINT(EMADVISECOLUMNS):   proc sort NOTHREADS;
MPRINT(EMADVISECOLUMNS):   by attr;
MPRINT(EMADVISECOLUMNS):   run;
MPRINT(EMADVISECOLUMNS):    data WORK.M1UOPC0W;
MPRINT(EMADVISECOLUMNS):   length NAME $64 ROLE $ 32 LEVEL $ 10 ORDER $ 8 CREATOR $32 
FORMATTYPE $ 10 FAMILY $ 10 LOWERLIMIT 8 UPPERLIMIT 8 REPORT $1 DISTRIBUTION $ 20 COMMENT $64;
MPRINT(EMADVISECOLUMNS):   length levelAssigned 8 roleAssigned 8 PRICE 8;
MPRINT(EMADVISECOLUMNS):   set WORK.M1UOPC0W;
MPRINT(EMADVISECOLUMNS):   if formattype = ' ' then do;
MPRINT(EMADVISECOLUMNS):   if format ne ' ' then do;
MPRINT(EMADVISECOLUMNS):   if type = 'N' then do;
MPRINT(EMADVISECOLUMNS):   pos = indexc(format,'.1234567890');
MPRINT(EMADVISECOLUMNS):   if pos > 1 then tempfmt = substr(format,1, pos-1);
MPRINT(EMADVISECOLUMNS):   else tempfmt = ' ';
MPRINT(EMADVISECOLUMNS):   flen = length(tempfmt);
MPRINT(EMADVISECOLUMNS):   select;
MPRINT(EMADVISECOLUMNS):   when(tempfmt in ("DATE" "DAY" "DDMMYY" "DOWNAME" "JULDAY" "JULIAN" 
"MMDDYY" "MMDDYYD" "MMDDYYC" "MMDDYYN" "MMDDYYP" "MMDDYYS" "MONNAME" "MONTH" "MONYY" "NENGO" 
"QTR" "QTRR" "WEEKDATE" "WEEKDATX" "WEEKDAY" "WORDDATE" "WORDDATX" "YEAR" "YYMMDD" "YYMON" 
"YYMMDDC" "YYMMDDD" "YYMMDDN" "YYMMDDP" "YYMMDDS" "EURDFDE" "NJDATE" "NLDATE" "EURDFDD" 
"EURDFDWN" "EURDFMN" "EURDFMY" "EURDFWK" "EURDFWKX" "EURDFWDX" "EURDFDN" "EURDFDE" )) 
formattype = 'DATE';
MPRINT(EMADVISECOLUMNS):   when(tempfmt in ("DATETIME" "EURDFDT" "TOD" )) formattype = 
"DATETIME";
MPRINT(EMADVISECOLUMNS):   when(tempfmt in ("HHMM" "HOUR" "MMSS" "TIME" "TIMEAMPM" )) 
formattype = "TIME";
MPRINT(EMADVISECOLUMNS):   when(tempfmt in ("COMMA" "COMMAX" "DOLLAR" "DOLLARX" "E" "FRACT" 
"NEGPAREN" "PERCENT")) formattype="QUANTITY";
MPRINT(EMADVISECOLUMNS):   when(tempfmt in ("BINARY" "HEX" "IB" "OCTAL" "PD" "PIB" "PK" "RB" 
"SSN" "Z" "ZD")) formattype = "CODING";
MPRINT(EMADVISECOLUMNS):   otherwise do;
MPRINT(EMADVISECOLUMNS):   formattype = "USER";
MPRINT(EMADVISECOLUMNS):   if substr(tempfmt, 1, 6)='NLDATE' then formattype = "DATE";
MPRINT(EMADVISECOLUMNS):   else if substr(tempfmt, 1, 6)='NLDATM' then formattype = "DATETIME";
MPRINT(EMADVISECOLUMNS):   else if substr(tempfmt, 1, 4)='NLTIM' then formattype = "TIME";
MPRINT(EMADVISECOLUMNS):   else if flen >= 4 then do;
MPRINT(EMADVISECOLUMNS):   str = substr(tempfmt,1,4);
MPRINT(EMADVISECOLUMNS):   if str in ("MMYY" "YYMM" "YYQR") then formattype ="DATE";
MPRINT(EMADVISECOLUMNS):   else if str = "S370" then formattype = "CODING";
MPRINT(EMADVISECOLUMNS):   else if str = "BEST" then formattype = "NUM";
MPRINT(EMADVISECOLUMNS):   drop str;
MPRINT(EMADVISECOLUMNS):   end;
MPRINT(EMADVISECOLUMNS):   else if flen >=3 and substr(tempfmt,1,3) = "YYQ" then formatType = 
"DATE";
MPRINT(EMADVISECOLUMNS):   end;
MPRINT(EMADVISECOLUMNS):   end;
MPRINT(EMADVISECOLUMNS):   drop flen tempfmt pos;
MPRINT(EMADVISECOLUMNS):   end;
MPRINT(EMADVISECOLUMNS):   else do;
MPRINT(EMADVISECOLUMNS):   formatType = "CATEGORY";
MPRINT(EMADVISECOLUMNS):   end;
MPRINT(EMADVISECOLUMNS):   end;
MPRINT(EMADVISECOLUMNS):   if formatType = "NUM" then do;
MPRINT(EMADVISECOLUMNS):   if index = "Y" then formatType = "DISCRETE";
MPRINT(EMADVISECOLUMNS):   else formatType = "QUANTITY";
MPRINT(EMADVISECOLUMNS):   end;
MPRINT(EMADVISECOLUMNS):   end;
MPRINT(EMADVISECOLUMNS):   if level = ' ' then do;
MPRINT(EMADVISECOLUMNS):   if formatType in ("CATEGORY", "CODING", "ID") or type = "C" then 
level = "NOMINAL";
MPRINT(EMADVISECOLUMNS):   else level = "INTERVAL";
MPRINT(EMADVISECOLUMNS):   levelAssigned = 1;
MPRINT(EMADVISECOLUMNS):   end;
MPRINT(EMADVISECOLUMNS):   else level = upcase(level);
MPRINT(EMADVISECOLUMNS):   if role = ' ' then do;
MPRINT(EMADVISECOLUMNS):   length name_prefix $8 _uname $64;
MPRINT(EMADVISECOLUMNS):   drop name_prefix _uname _freqflag;
MPRINT(EMADVISECOLUMNS):   retain _freqflag;
MPRINT(EMADVISECOLUMNS):   if LENGTH> 80 then ROLE = 'TEXT';
MPRINT(EMADVISECOLUMNS):   _uname = upcase(NAME);
MPRINT(EMADVISECOLUMNS):   select(_uname);
MPRINT(EMADVISECOLUMNS):   when('_PARTIND_') do;
MPRINT(EMADVISECOLUMNS):   ROLE = 'ID';
MPRINT(EMADVISECOLUMNS):   LEVEL = 'NOMINAL';
MPRINT(EMADVISECOLUMNS):   end;
MPRINT(EMADVISECOLUMNS):   when('_WARN_') ROLE = 'ASSESS';
MPRINT(EMADVISECOLUMNS):   when('EM_SEGMENT') do;
MPRINT(EMADVISECOLUMNS):   ROLE = 'SEGMENT';
MPRINT(EMADVISECOLUMNS):   LEVEL = 'NOMINAL';
MPRINT(EMADVISECOLUMNS):   end;
MPRINT(EMADVISECOLUMNS):   when('_NODE_') do;
MPRINT(EMADVISECOLUMNS):   ROLE = 'SEGMENT';
MPRINT(EMADVISECOLUMNS):   LEVEL = 'NOMINAL';
MPRINT(EMADVISECOLUMNS):   end;
MPRINT(EMADVISECOLUMNS):   when('EM_CLASSTARGET') ROLE = 'ASSESS';
MPRINT(EMADVISECOLUMNS):   when('EM_VALUETARGET') ROLE = 'ASSESS';
MPRINT(EMADVISECOLUMNS):   when('EM_PREDICTION') ROLE = 'PREDICT';
MPRINT(EMADVISECOLUMNS):   when('EM_PROBABILITY') ROLE = 'PREDICT';
MPRINT(EMADVISECOLUMNS):   when('EM_EVENTPROBABILITY') ROLE = 'PREDICT';
MPRINT(EMADVISECOLUMNS):   when('EM_CLASSIFICATION') ROLE = 'CLASSIFICATION';
MPRINT(EMADVISECOLUMNS):   when('EM_DECISION') ROLE = 'DECISION';
MPRINT(EMADVISECOLUMNS):   when('EM_PROFIT') ROLE = 'ASSESS';
MPRINT(EMADVISECOLUMNS):   when('EM_LOSS') ROLE = 'ASSESS';
MPRINT(EMADVISECOLUMNS):   when('EM_ROI') ROLE = 'ASSESS';
MPRINT(EMADVISECOLUMNS):   when('URI') ROLE = 'URL';
MPRINT(EMADVISECOLUMNS):   when('FILTERED') ROLE = 'TEXTLOC';
MPRINT(EMADVISECOLUMNS):   otherwise do;
MPRINT(EMADVISECOLUMNS):   if upcase(NAME) =: 'ZIP' then do;
MPRINT(EMADVISECOLUMNS):   ROLE = 'REJECTED';
MPRINT(EMADVISECOLUMNS):   LEVEL = 'NOMINAL';
MPRINT(EMADVISECOLUMNS):   COMMENT = 'Rejected by: Exceed the maximum class level of %s';
MPRINT(EMADVISECOLUMNS):   end;
MPRINT(EMADVISECOLUMNS):   else if upcase(NAME) in('FREQ', 'FREQUENCY') then do;
MPRINT(EMADVISECOLUMNS):   ROLE = 'FREQ';
MPRINT(EMADVISECOLUMNS):   if TYPE = 'C' then ROLE = 'INPUT';
MPRINT(EMADVISECOLUMNS):   else if _freqflag =1 then ROLE='REJECTED';
MPRINT(EMADVISECOLUMNS):   end;
MPRINT(EMADVISECOLUMNS):   else do;
MPRINT(EMADVISECOLUMNS):   name_prefix = scan(_uname, 1, '_');
MPRINT(EMADVISECOLUMNS):   if scan(_uname, 2, '_') = '' then name_prefix='';
MPRINT(EMADVISECOLUMNS):   if name_prefix in('F', 'I', 'U') then do;
MPRINT(EMADVISECOLUMNS):   ROLE = 'CLASSIFICATION';
MPRINT(EMADVISECOLUMNS):   LEVEL = 'NOMINAL';
MPRINT(EMADVISECOLUMNS):   end;
MPRINT(EMADVISECOLUMNS):   else if name_prefix in('P', 'V') then ROLE = 'PREDICT';
MPRINT(EMADVISECOLUMNS):   else if name_prefix in('R', 'RS', 'RT', 'RD', 'RDS', 'RDT', 'RA', 
'RAS', 'RAT') then ROLE = 'RESIDUAL';
MPRINT(EMADVISECOLUMNS):   else if name_prefix ='D' then do;
MPRINT(EMADVISECOLUMNS):   ROLE = 'DECISION';
MPRINT(EMADVISECOLUMNS):   LEVEL = 'NOMINAL';
MPRINT(EMADVISECOLUMNS):   end;
MPRINT(EMADVISECOLUMNS):   else if name_prefix ='B' then do;
MPRINT(EMADVISECOLUMNS):   ROLE = 'SEGMENT';
MPRINT(EMADVISECOLUMNS):   LEVEL = 'NOMINAL';
MPRINT(EMADVISECOLUMNS):   end;
MPRINT(EMADVISECOLUMNS):   else if name_prefix in('EP', 'BP', 'CP', 'EL', 'CL', 'BL', 'W', 
'ROI', 'IC') then ROLE = 'ASSESS';
MPRINT(EMADVISECOLUMNS):   else do;
MPRINT(EMADVISECOLUMNS):   array _ROLE_ (19) $32 _TEMPORARY_ 
('ASSESS','CLASSIFICATION','CENSOR', 'COST', 'CROSSID', 'DECISION', 'ID','INPUT', 'LABEL', 
'MISSING','PREDICT','REFERRER','REJECTED', 'RESIDUAL','SEGMENT', 'SEQUENCE','TARGET', 'TEXT', 
'TIMEID');
MPRINT(EMADVISECOLUMNS):   drop _found_ i;
MPRINT(EMADVISECOLUMNS):   _found_=0;
MPRINT(EMADVISECOLUMNS):   do i=1 to 19 until(_found_=1);
MPRINT(EMADVISECOLUMNS):   if index(_uname, trim(_ROLE_{i}))=1 then do;
MPRINT(EMADVISECOLUMNS):   ROLE=_ROLE_{i};
MPRINT(EMADVISECOLUMNS):   if ROLE = 'ID' then LEVEL = 'NOMINAL';
MPRINT(EMADVISECOLUMNS):   else if ROLE = 'SEGMENT' then LEVEL = 'NOMINAL';
MPRINT(EMADVISECOLUMNS):   else if ROLE = 'TIMEID' and TYPE='N' then LEVEL = 'INTERVAL';
MPRINT(EMADVISECOLUMNS):   _found_=1;
MPRINT(EMADVISECOLUMNS):   end;
MPRINT(EMADVISECOLUMNS):   end;
MPRINT(EMADVISECOLUMNS):   if length(_uname)>2 then do;
MPRINT(EMADVISECOLUMNS):   if substr(reverse(trim(_uname)), 1, 3) = 'DI_' then do;
MPRINT(EMADVISECOLUMNS):   ROLE = 'ID';
MPRINT(EMADVISECOLUMNS):   LEVEL = 'NOMINAL';
MPRINT(EMADVISECOLUMNS):   end;
MPRINT(EMADVISECOLUMNS):   end;
MPRINT(EMADVISECOLUMNS):   end;
MPRINT(EMADVISECOLUMNS):   end;
MPRINT(EMADVISECOLUMNS):   end;
MPRINT(EMADVISECOLUMNS):   end;
MPRINT(EMADVISECOLUMNS):   if ROLE='FREQ' then _freqflag=1;
MPRINT(EMADVISECOLUMNS):   else if ROLE = 'CLASSIFICATION' then LEVEL = 'NOMINAL';
MPRINT(EMADVISECOLUMNS):   if symexist('RATEMKG_ROLE') then do;
MPRINT(EMADVISECOLUMNS):   if upcase(symget('RATEMKG_ROLE')) in('Y', 'YES') then do;
MPRINT(EMADVISECOLUMNS):   if _uname =: 'POLICY' then ROLE = 'POLICYID';
MPRINT(EMADVISECOLUMNS):   else if _uname in ('PARTITION', '_PARTIND_') then ROLE = 
'PARTITION';
MPRINT(EMADVISECOLUMNS):   else if type = 'N' then do;
MPRINT(EMADVISECOLUMNS):   if _uname = 'EXPOSURE' then ROLE = 'EXPOSURE';
MPRINT(EMADVISECOLUMNS):   else if _uname = 'YEAR' then ROLE = 'YEAR';
MPRINT(EMADVISECOLUMNS):   else if _uname = 'WEIGHT' then ROLE = 'WEIGHT';
MPRINT(EMADVISECOLUMNS):   else if _uname = 'OFFSET' then ROLE = 'OFFSET';
MPRINT(EMADVISECOLUMNS):   end;
MPRINT(EMADVISECOLUMNS):   end;
MPRINT(EMADVISECOLUMNS):   end;
MPRINT(EMADVISECOLUMNS):   end;
MPRINT(EMADVISECOLUMNS):   if role = ' ' then do;
MPRINT(EMADVISECOLUMNS):   if formattype in('DATE', 'DATETIME', 'TIME') then role = 'TIMEID';
MPRINT(EMADVISECOLUMNS):   else role = 'INPUT';
MPRINT(EMADVISECOLUMNS):   roleAssigned = 1;
MPRINT(EMADVISECOLUMNS):   end;
MPRINT(EMADVISECOLUMNS):   else role = upcase(role);
MPRINT(EMADVISECOLUMNS):   if REPORT = '' then REPORT = 'N';
MPRINT(EMADVISECOLUMNS):   run;
MPRINT(EMADVISECOLUMNS):    data WORK.M1UOPC0W;
MPRINT(EMADVISECOLUMNS):   set WORK.M1UOPC0W;
MPRINT(EMADVISECOLUMNS):   label NAME = "Variable Name" TYPE = "Type" ROLE = "Role" LEVEL= 
"Measurement Level" ORDER= "Order" CREATOR= "Creator" FORMATTYPE= "Format Type" FAMILY= 
"Family" DISTRIBUTION= "Distribution" PRICE= "Price" LOWERLIMIT= "Lower limit" UPPERLIMIT= 
"Upper Limit" REPORT= "Report" COMMENT= "Comment" INDEX= "Index" INDEXTYPE= "IndexType" LABEL= 
"Label" LENGTH= "Length";
MPRINT(EMADVISECOLUMNS):   drop levelAssigned roleAssigned;
MPRINT(EMADVISECOLUMNS):   run;
MPRINT(EMADVISECOLUMNS):   
MPRINT(EM_DIAGRAM):  ;
MPRINT(EM_DIAGRAM):   proc sort data=WORK.COLUMNMETA;
MPRINT(EM_DIAGRAM):   by NAME;
MPRINT(EM_DIAGRAM):   run;
MPRINT(EM_DIAGRAM):   *------------------------------------------------------------*;
MPRINT(EM_DIAGRAM):   * &nodeid: Merge incoming metadata;
MPRINT(EM_DIAGRAM):   *------------------------------------------------------------*;
MPRINT(EM_DIAGRAM):   proc contents data=EMWS1.Reg3_TRAIN noprint out=_temp2(keep=NAME);
MPRINT(EM_DIAGRAM):   run;
MPRINT(EM_DIAGRAM):   proc sort data=_temp2;
MPRINT(EM_DIAGRAM):   by NAME;
MPRINT(EM_DIAGRAM):   run;
MPRINT(EM_DIAGRAM):   proc sort data=EMWS1.Reg3_CMeta_TRAIN out=_temp;
MPRINT(EM_DIAGRAM):   by NAME;
MPRINT(EM_DIAGRAM):   run;
MPRINT(EM_DIAGRAM):   data EMWS1.Neural8_CMeta_TRAIN;
MPRINT(EM_DIAGRAM):   merge WORK.COLUMNMETA(in=_a) _temp2(in=_b) _temp(drop=FORMAT INFORMAT 
LENGTH INDEX INDEXTYPE in=_c) end=_eof_;
MPRINT(EM_DIAGRAM):   by NAME;
MPRINT(EM_DIAGRAM):   if (^_a and _b) or (^_c and _a and _b) then delete;
MPRINT(EM_DIAGRAM):   if ^_b then CREATOR = "Neural8";
MPRINT(EM_DIAGRAM):   length model $200;
MPRINT(EM_DIAGRAM):   label MODEL = "Model Node";
MPRINT(EM_DIAGRAM):   select(upcase(name));
MPRINT(EM_DIAGRAM):   when("P_RISK1") creator = "Neural8";
MPRINT(EM_DIAGRAM):   when("R_RISK1") creator = "Neural8";
MPRINT(EM_DIAGRAM):   when("P_RISK0") creator = "Neural8";
MPRINT(EM_DIAGRAM):   when("R_RISK0") creator = "Neural8";
MPRINT(EM_DIAGRAM):   when("F_RISK") creator = "Neural8";
MPRINT(EM_DIAGRAM):   when("I_RISK") creator = "Neural8";
MPRINT(EM_DIAGRAM):   when("U_RISK") creator = "Neural8";
MPRINT(EM_DIAGRAM):   when("_WARN_") creator = "Neural8";
MPRINT(EM_DIAGRAM):   when("RISK") model = "Neural8";
MPRINT(EM_DIAGRAM):   when('');
MPRINT(EM_DIAGRAM):   otherwise;
MPRINT(EM_DIAGRAM):   end;
MPRINT(EM_DIAGRAM):   *------------------------------------------------------------*;
MPRINT(EM_DIAGRAM):   * Neural8: Apply Delta Code;
MPRINT(EM_DIAGRAM):   *------------------------------------------------------------*;
MPRINT(EM_DIAGRAM):   run;
MPRINT(EM_DIAGRAM):   filename _delta;
207977     data WORK.MODELTEMP_INFO;
MPRINT(EM_DIAGRAM):    data WORK.MODELTEMP_INFO;
207978     set EMWS1.Neural8_EMINFO;
MPRINT(EM_DIAGRAM):   set EMWS1.Neural8_EMINFO;
207979     where DATA='Neural8' and KEY ^in('DECDATA', 'DECMETA', 'IMPORTANCE', 'MODEL');
MPRINT(EM_DIAGRAM):   where DATA='Neural8' and KEY ^in('DECDATA', 'DECMETA', 'IMPORTANCE', 
'MODEL');
207980     run;
MPRINT(EM_DIAGRAM):   run;

NOTE: There were 0 observations read from the data set EMWS1.NEURAL8_EMINFO.
      WHERE (DATA='Neural8') and KEY not in ('DECDATA', 'DECMETA', 'IMPORTANCE', 'MODEL');
NOTE: The data set WORK.MODELTEMP_INFO has 0 observations and 3 variables.
NOTE: DATA statement used (Total process time):
      real time           0.01 seconds
      cpu time            0.01 seconds
      

207981     data EMWS1.Neural8_EMINFO;
MPRINT(EM_DIAGRAM):    data EMWS1.Neural8_EMINFO;
207982     length TARGET KEY $32 DATA $43;
MPRINT(EM_DIAGRAM):   length TARGET KEY $32 DATA $43;
207983     input TARGET KEY DATA $;
MPRINT(EM_DIAGRAM):   input TARGET KEY DATA $;
207984     cards;
MPRINT(EM_DIAGRAM):   cards;

NOTE: The data set EMWS1.NEURAL8_EMINFO has 3 observations and 3 variables.
NOTE: DATA statement used (Total process time):
      real time           0.04 seconds
      cpu time            0.01 seconds
      

MPRINT(EM_DIAGRAM):   run;
207988     run;
207989     data EMWS1.Neural8_EMINFO;
MPRINT(EM_DIAGRAM):   data EMWS1.Neural8_EMINFO;
207990     set EMWS1.Neural8_EMINFO WORK.MODELTEMP_INFO;
MPRINT(EM_DIAGRAM):   set EMWS1.Neural8_EMINFO WORK.MODELTEMP_INFO;
207991     run;
MPRINT(EM_DIAGRAM):   run;

NOTE: There were 3 observations read from the data set EMWS1.NEURAL8_EMINFO.
NOTE: There were 0 observations read from the data set WORK.MODELTEMP_INFO.
NOTE: The data set EMWS1.NEURAL8_EMINFO has 3 observations and 3 variables.
NOTE: DATA statement used (Total process time):
      real time           0.07 seconds
      cpu time            0.00 seconds
      

207992     proc sort data = EMWS1.Neural8_EMINFO NOTHREADS;
MPRINT(EM_DIAGRAM):    proc sort data = EMWS1.Neural8_EMINFO NOTHREADS;
207993     by TARGET KEY;
MPRINT(EM_DIAGRAM):   by TARGET KEY;
207994     run;
MPRINT(EM_DIAGRAM):   run;

NOTE: There were 3 observations read from the data set EMWS1.NEURAL8_EMINFO.
NOTE: The data set EMWS1.NEURAL8_EMINFO has 3 observations and 3 variables.
NOTE: PROCEDURE SORT used (Total process time):
      real time           0.08 seconds
      cpu time            0.01 seconds
      

207995     proc sort data = EMWS1.Reg3_EMINFO OUT=WORK.SORTEDEMINFO NOTHREADS;
MPRINT(EM_DIAGRAM):    proc sort data = EMWS1.Reg3_EMINFO OUT=WORK.SORTEDEMINFO NOTHREADS;
207996     by TARGET KEY;
MPRINT(EM_DIAGRAM):   by TARGET KEY;
207997     run;
MPRINT(EM_DIAGRAM):   run;

NOTE: There were 4 observations read from the data set EMWS1.REG3_EMINFO.
NOTE: The data set WORK.SORTEDEMINFO has 4 observations and 3 variables.
NOTE: PROCEDURE SORT used (Total process time):
      real time           0.02 seconds
      cpu time            0.01 seconds
      

207998     proc sort data = EMWS1.Neural8_EMINFO OUT=WORK.TEMP_INFO NOTHREADS;
MPRINT(EM_DIAGRAM):   proc sort data = EMWS1.Neural8_EMINFO OUT=WORK.TEMP_INFO NOTHREADS;
207999     by TARGET KEY;
MPRINT(EM_DIAGRAM):   by TARGET KEY;
208000     run;
MPRINT(EM_DIAGRAM):   run;

NOTE: Input data set is already sorted; it has been copied to the output data set.
NOTE: There were 3 observations read from the data set EMWS1.NEURAL8_EMINFO.
NOTE: The data set WORK.TEMP_INFO has 3 observations and 3 variables.
NOTE: PROCEDURE SORT used (Total process time):
      real time           0.01 seconds
      cpu time            0.00 seconds
      

208001     data EMWS1.Neural8_EMINFO;
MPRINT(EM_DIAGRAM):   data EMWS1.Neural8_EMINFO;
208002     merge WORK.SORTEDEMINFO WORK.TEMP_INFO;
MPRINT(EM_DIAGRAM):   merge WORK.SORTEDEMINFO WORK.TEMP_INFO;
208003     by TARGET KEY;
MPRINT(EM_DIAGRAM):   by TARGET KEY;
208004     run;
MPRINT(EM_DIAGRAM):   run;

NOTE: There were 4 observations read from the data set WORK.SORTEDEMINFO.
NOTE: There were 3 observations read from the data set WORK.TEMP_INFO.
NOTE: The data set EMWS1.NEURAL8_EMINFO has 4 observations and 3 variables.
NOTE: DATA statement used (Total process time):
      real time           0.06 seconds
      cpu time            0.01 seconds
      

208005     proc datasets lib=work nolist;
MPRINT(EM_DIAGRAM):   proc datasets lib=work nolist;
208006     delete TEMP_INFO SORTEDEMINFO;
MPRINT(EM_DIAGRAM):   delete TEMP_INFO SORTEDEMINFO;
208007     run;
MPRINT(EM_DIAGRAM):   run;

NOTE: Deleting WORK.TEMP_INFO (memtype=DATA).
NOTE: Deleting WORK.SORTEDEMINFO (memtype=DATA).
208008     quit;
MPRINT(EM_DIAGRAM):   quit;

NOTE: PROCEDURE DATASETS used (Total process time):
      real time           0.01 seconds
      cpu time            0.01 seconds
      

NOTE: View EMWS1.NEURAL8_TRAIN.VIEW used (Total process time):
      real time           0.22 seconds
      cpu time            0.23 seconds
      
NOTE: View EMWS1.NEURAL8_VALIDATE.VIEW used (Total process time):
      real time           0.22 seconds
      cpu time            0.23 seconds
      
MPRINT(EM_DIAGRAM):    proc printto;
MPRINT(EM_DIAGRAM):   run;
