 
                                                                                               
 
 
Variable Summary

            Measurement    Frequency
Role           Level         Count

INPUT        INTERVAL           5   
INPUT        NOMINAL            2   
REJECTED     BINARY             4   
REJECTED     INTERVAL          24   
REJECTED     NOMINAL           16   
TARGET       BINARY             1   
 
                                                                                               
 
 
Model Events

                                  Number
                   Measurement      of
Target    Event       Level       Levels      Order       Label

 Risk       1        BINARY          2      Descending         
 
                                                                                               
 
 
Predicted and decision variables

Type         Variable    Label

TARGET       Risk                         
PREDICTED    P_Risk1     Predicted: Risk=1
RESIDUAL     R_Risk1     Residual: Risk=1 
PREDICTED    P_Risk0     Predicted: Risk=0
RESIDUAL     R_Risk0     Residual: Risk=0 
FROM         F_Risk      From: Risk       
INTO         I_Risk      Into: Risk       
 
                                                                                               
 
 

The NEURAL Procedure

                       Optimization Start
                      Parameter Estimates
                                                       Gradient
                                                      Objective
  N Parameter                          Estimate        Function

  1 LOG_REP_engine_size_H11           -0.016245               0
  2 REP_city_mpg_H11                  -0.037792               0
  3 REP_highway_mpg_H11               -0.092032               0
  4 REP_wheel_base_H11                -0.084007               0
  5 REP_width_H11                      0.027793               0
  6 LOG_REP_engine_size_H12            0.188742               0
  7 REP_city_mpg_H12                  -0.574955               0
  8 REP_highway_mpg_H12                0.299273               0
  9 REP_wheel_base_H12                 0.216273               0
 10 REP_width_H12                      0.066412               0
 11 IMP_num_of_doors2_H11             -0.545632               0
 12 REP_num_of_cylinders__4_H11        0.169658               0
 13 IMP_num_of_doors2_H12             -0.243480               0
 14 REP_num_of_cylinders__4_H12        0.642215               0
 15 BIAS_H11                           0.031416               0
 16 BIAS_H12                           0.963977               0
 17 H11_Risk1                                 0        0.126359
 18 H12_Risk1                                 0        0.036371
 19 BIAS_Risk1                         0.160343    5.329071E-17

Value of Objective Function = 0.6899437585

 
                                                                                               
 
 

The NEURAL Procedure

Levenberg-Marquardt Optimization


Minimum Iterations                                0
Maximum Iterations                               50
Maximum Function Calls                   2147483647
Maximum CPU Time                                300
ABSGCONV Gradient Criterion                 0.00001
GCONV Gradient Criterion                       1E-8
GCONV2 Gradient Criterion                         0
ABSFCONV Function Criterion                       0
FCONV Function Criterion                     0.0001
FCONV2 Function Criterion                         0
FSIZE Parameter                                   0
ABSXCONV Parameter Change Criterion               0
XCONV Parameter Change Criterion                  0
XSIZE Parameter                                   0
ABSCONV Function Criterion             0.0013927149
Trust Region Initial Radius Factor                1
Singularity Tolerance (SINGULAR)               1E-8

Levenberg-Marquardt Optimization

Scaling Update of More (1978)

Parameter Estimates              19

                                      Optimization Start

Active Constraints                           0  Objective Function                0.6899437585
Max Abs Gradient Element          0.1263585957  Radius                                       1


                                                                                         Ratio
                                                                                       Between
                                                                                        Actual
                                                       Objective   Max Abs                 and
                 Function       Active      Objective   Function  Gradient           Predicted
Iter   Restarts     Calls  Constraints       Function     Change   Element   Lambda     Change

   1*         0         2            0        0.52778     0.1622    0.3142  0.00291      0.778
   2          0         3            0        0.38512     0.1427    0.0748  0.00378      0.794
   3          0         5            0        0.32080     0.0643    0.1525   0.0253      0.704
   4          0         6            0        0.29106     0.0297    0.0681  0.00496      0.707
   5          0         7            0        0.28044     0.0106    0.0420  0.00553      0.540
   6          0         8            0        0.26606     0.0144    0.0339  0.00639      0.713
   7          0         9            0        0.25261     0.0134    0.0220  0.00624      0.615
   8          0        10            0        0.23201     0.0206    0.0430  0.00123      0.638
   9          0        12            0        0.22524    0.00677    0.0178  0.00648      0.448
  10          0        13            0        0.22438   0.000860    0.0482  0.00398     0.0719
  11          0        14            0        0.21947    0.00490    0.0149   0.0121      0.403
  12          0        16            0        0.21899   0.000483    0.0292   0.0310      0.100
  13          0        17            0        0.21689    0.00210   0.00721   0.0179      0.480
  14          0        18            0        0.21650   0.000389    0.0166   0.0178      0.185
  15          0        19            0        0.21552   0.000979   0.00764   0.0162      0.399
  16          0        20            0        0.21532   0.000203    0.0170   0.0155      0.113
  17          0        21            0        0.21443   0.000894   0.00792   0.0157      0.363
  18          0        22            0        0.21431   0.000115    0.0177   0.0147     0.0641
  19          0        23            0        0.21347   0.000845   0.00670   0.0427      0.411
  20          0        24            0        0.21323   0.000240   0.00963   0.0277      0.284
  21          0        25            0        0.21285   0.000373   0.00574   0.0285      0.406
  22          0        26            0        0.21261   0.000241   0.00807   0.0256      0.352
  23          0        27            0        0.21229   0.000325   0.00526   0.0262      0.432
  24          0        28            0        0.21205   0.000242   0.00727   0.0243      0.392
  25          0        29            0        0.21174   0.000301   0.00497   0.0249      0.445
  26          0        30            0        0.21151   0.000238   0.00679   0.0233      0.412
  27          0        31            0        0.21122   0.000285   0.00478   0.0239      0.448
  28          0        32            0        0.21099   0.000232   0.00650   0.0225      0.418
  29          0        33            0        0.21072   0.000271   0.00466   0.0232      0.443
  30          0        34            0        0.21049   0.000226   0.00632   0.0218      0.415
  31          0        35            0        0.21023   0.000260   0.00458   0.0226      0.434
  32          0        36            0        0.21001   0.000219   0.00619   0.0213      0.409
  33          0        37            0        0.20976   0.000250   0.00452   0.0221      0.422
  34          0        38            0        0.20955   0.000214   0.00608   0.0209      0.401
  35          0        39            0        0.20931   0.000241   0.00447   0.0217      0.411
  36          0        40            0        0.20910   0.000209   0.00598   0.0205      0.394
  37          0        41            0        0.20887   0.000233   0.00442   0.0213      0.400
  38          0        42            0        0.20866   0.000207   0.00586   0.0202      0.390
  39          0        43            0        0.20843   0.000226   0.00435   0.0210      0.392
  40          0        44            0        0.20823   0.000206   0.00569   0.0200      0.391
  41          0        45            0        0.20800   0.000221   0.00425   0.0207      0.389
  42          0        46            0        0.20780   0.000209   0.00548   0.0198      0.399
  43          0        47            0        0.20758   0.000218   0.00412   0.0205      0.391
  44          0        48            0        0.20736   0.000214   0.00521   0.0197      0.414
  45          0        49            0        0.20715   0.000217   0.00395   0.0203      0.400
  46          0        50            0        0.20693   0.000221   0.00490   0.0197      0.435
  47          0        51            0        0.20671   0.000217   0.00376   0.0201      0.415
  48          0        52            0        0.20648   0.000227   0.00457   0.0196      0.459
  49          0        53            0        0.20627   0.000215   0.00362   0.0198      0.431
  50          0        54            0        0.20604   0.000229   0.00427   0.0194      0.478

                                     Optimization Results

Iterations                                  50  Function Calls                              56
Jacobian Calls                              52  Active Constraints                           0
Objective Function                0.2060376833  Max Abs Gradient Element          0.0042705115
Lambda                            0.0194064337  Actual Over Pred Change           0.4776924866
Radius                            0.1205975629                                                

LEVMAR needs more than 50 iterations or 2147483647 function calls.                             

WARNING: LEVMAR Optimization cannot be completed.

 
                                                                                               
 
 

The NEURAL Procedure

                      Optimization Results
                      Parameter Estimates
                                                       Gradient
                                                      Objective
  N Parameter                          Estimate        Function

  1 LOG_REP_engine_size_H11            3.529648       -0.001043
  2 REP_city_mpg_H11                   6.652943       -0.000545
  3 REP_highway_mpg_H11               -5.393959        0.000822
  4 REP_wheel_base_H11                 4.073373       -0.000434
  5 REP_width_H11                     -3.213536        0.000197
  6 LOG_REP_engine_size_H12            0.298997        0.003479
  7 REP_city_mpg_H12                   1.247299       -0.004271
  8 REP_highway_mpg_H12               -0.498246       -0.004080
  9 REP_wheel_base_H12                 8.927081        0.000453
 10 REP_width_H12                      0.457534        0.002954
 11 IMP_num_of_doors2_H11             -3.437301       -0.000274
 12 REP_num_of_cylinders__4_H11        0.032455        0.000545
 13 IMP_num_of_doors2_H12             -0.463036        0.001934
 14 REP_num_of_cylinders__4_H12        3.957796       -0.003171
 15 BIAS_H11                          -1.752463    -0.000060885
 16 BIAS_H12                           2.313846       -0.002198
 17 H11_Risk1                         -2.801324     0.000021942
 18 H12_Risk1                         -5.154056        0.000599
 19 BIAS_Risk1                         3.960465     0.000098698

Value of Objective Function = 0.2060376833

