MPRINT(EM_DIAGRAM):    data _null_;
MPRINT(EM_DIAGRAM):   call symput('NLDATE', strip(put(date(), NLDATE.)));
MPRINT(EM_DIAGRAM):   call symput('NLTIME', strip(put(datetime(), NLTIME.)));
MPRINT(EM_DIAGRAM):   run;
MPRINT(EM_DIAGRAM):   data _null_;
MPRINT(EM_DIAGRAM):   nldate= sasmsg("sashelp.dmine", "log_date_note", 'N', "April 16, 2021" );
MPRINT(EM_DIAGRAM):   nltime= sasmsg("sashelp.dmine", "log_time_note", 'N', "11:32:52 o'clock" 
);
MPRINT(EM_DIAGRAM):   put "*------------------------------------------------------------*";
MPRINT(EM_DIAGRAM):   put "* Score Log";
MPRINT(EM_DIAGRAM):   put nldate;
MPRINT(EM_DIAGRAM):   put nltime;
MPRINT(EM_DIAGRAM):   put "*------------------------------------------------------------*";
MPRINT(EM_DIAGRAM):   run;
*------------------------------------------------------------*
* Score Log
Date:                April 16, 2021
Time:                11:32:52 o'clock
*------------------------------------------------------------*
MPRINT(EM_DIAGRAM):    filename O2S2RL5B "H:\746\Decision Tree 
test\Workspaces\EMWS1\Neural6\EMSCORE.out" encoding="UTF-8" NOBOM;
MPRINT(EM_DIAGRAM):   proc printto print=O2S2RL5B new;
MPRINT(EM_DIAGRAM):   run;
144944     data work.outkey;
MPRINT(EM_DIAGRAM):    data work.outkey;
144945     set EMWS1.Neural6_OUTKEY;
MPRINT(EM_DIAGRAM):   set EMWS1.Neural6_OUTKEY;
144946     if upcase(ROLE) = 'HIDDEN';
MPRINT(EM_DIAGRAM):   if upcase(ROLE) = 'HIDDEN';
144947     run;
MPRINT(EM_DIAGRAM):   run;

NOTE: There were 18 observations read from the data set EMWS1.NEURAL6_OUTKEY.
NOTE: The data set WORK.OUTKEY has 3 observations and 8 variables.
NOTE: DATA statement used (Total process time):
      real time           0.02 seconds
      cpu time            0.01 seconds
      

144948     filename emflow "H:\746\Decision Tree test\Workspaces\EMWS1\Neural6\EMFLOWSCORE.sas"
144948   ! ;
MPRINT(EM_DIAGRAM):    filename emflow "H:\746\Decision Tree 
test\Workspaces\EMWS1\Neural6\EMFLOWSCORE.sas";
MPRINT(EM_DIAGRAM):   *------------------------------------------------------------*;
MPRINT(EM_DIAGRAM):   * Neural6: Scoring DATA data;
MPRINT(EM_DIAGRAM):   *------------------------------------------------------------*;
144949     *------------------------------------------------------------*;
144950     * Neural6: Scoring DATA data;
144951     *------------------------------------------------------------*;
144952     data EMWS1.Neural6_TRAIN
144953     / view=EMWS1.Neural6_TRAIN
144954     ;
MPRINT(EM_DIAGRAM):   data EMWS1.Neural6_TRAIN / view=EMWS1.Neural6_TRAIN ;
144955     set EMWS1.Reg2_TRAIN
144956     ;
MPRINT(EM_DIAGRAM):   set EMWS1.Reg2_TRAIN ;
144957     %inc emflow;
NOTE: %INCLUDE (level 1) file EMFLOW is file H:\746\Decision Tree 
      test\Workspaces\EMWS1\Neural6\EMFLOWSCORE.sas.
144958    +***********************************;
MPRINT(EM_DIAGRAM):   ***********************************;
144959    +*** Begin Scoring Code for Neural;
MPRINT(EM_DIAGRAM):   *** Begin Scoring Code for Neural;
144960    +***********************************;
MPRINT(EM_DIAGRAM):   ***********************************;
144961    +DROP _DM_BAD _EPS _NOCL_ _MAX_ _MAXP_ _SUM_ _NTRIALS;
MPRINT(EM_DIAGRAM):   DROP _DM_BAD _EPS _NOCL_ _MAX_ _MAXP_ _SUM_ _NTRIALS;
144962    + _DM_BAD = 0;
MPRINT(EM_DIAGRAM):   _DM_BAD = 0;
144963    + _NOCL_ = .;
MPRINT(EM_DIAGRAM):   _NOCL_ = .;
144964    + _MAX_ = .;
MPRINT(EM_DIAGRAM):   _MAX_ = .;
144965    + _MAXP_ = .;
MPRINT(EM_DIAGRAM):   _MAXP_ = .;
144966    + _SUM_ = .;
MPRINT(EM_DIAGRAM):   _SUM_ = .;
144967    + _NTRIALS = .;
MPRINT(EM_DIAGRAM):   _NTRIALS = .;
144968    + _EPS =                1E-10;
MPRINT(EM_DIAGRAM):   _EPS = 1E-10;
144969    +LENGTH _WARN_ $4
144970    +      F_Risk  $ 12
144971    +;
MPRINT(EM_DIAGRAM):   LENGTH _WARN_ $4 F_Risk $ 12 ;
144972    +      label S_REP_wheel_base = 'Standard: REP_wheel_base' ;
MPRINT(EM_DIAGRAM):   label S_REP_wheel_base = 'Standard: REP_wheel_base' ;
144973    +
144974    +      label S_REP_width = 'Standard: REP_width' ;
MPRINT(EM_DIAGRAM):   label S_REP_width = 'Standard: REP_width' ;
144975    +
144976    +      label IMP_num_of_doors2 = 'Dummy: IMP_num_of_doors=2' ;
MPRINT(EM_DIAGRAM):   label IMP_num_of_doors2 = 'Dummy: IMP_num_of_doors=2' ;
144977    +
144978    +      label H11 = 'Hidden: H1=1' ;
MPRINT(EM_DIAGRAM):   label H11 = 'Hidden: H1=1' ;
144979    +
144980    +      label H12 = 'Hidden: H1=2' ;
MPRINT(EM_DIAGRAM):   label H12 = 'Hidden: H1=2' ;
144981    +
144982    +      label H13 = 'Hidden: H1=3' ;
MPRINT(EM_DIAGRAM):   label H13 = 'Hidden: H1=3' ;
144983    +
144984    +      label I_Risk = 'Into: Risk' ;
MPRINT(EM_DIAGRAM):   label I_Risk = 'Into: Risk' ;
144985    +
144986    +      label F_Risk = 'From: Risk' ;
MPRINT(EM_DIAGRAM):   label F_Risk = 'From: Risk' ;
144987    +
144988    +      label U_Risk = 'Unnormalized Into: Risk' ;
MPRINT(EM_DIAGRAM):   label U_Risk = 'Unnormalized Into: Risk' ;
144989    +
144990    +      label P_Risk1 = 'Predicted: Risk=1' ;
MPRINT(EM_DIAGRAM):   label P_Risk1 = 'Predicted: Risk=1' ;
144991    +
144992    +      label R_Risk1 = 'Residual: Risk=1' ;
MPRINT(EM_DIAGRAM):   label R_Risk1 = 'Residual: Risk=1' ;
144993    +
144994    +      label P_Risk0 = 'Predicted: Risk=0' ;
MPRINT(EM_DIAGRAM):   label P_Risk0 = 'Predicted: Risk=0' ;
144995    +
144996    +      label R_Risk0 = 'Residual: Risk=0' ;
MPRINT(EM_DIAGRAM):   label R_Risk0 = 'Residual: Risk=0' ;
144997    +
144998    +      label  _WARN_ = "Warnings";
MPRINT(EM_DIAGRAM):   label _WARN_ = "Warnings";
144999    +
145000    +*** Generate dummy variables for IMP_num_of_doors ;
MPRINT(EM_DIAGRAM):   *** Generate dummy variables for IMP_num_of_doors ;
145001    +drop IMP_num_of_doors2 ;
MPRINT(EM_DIAGRAM):   drop IMP_num_of_doors2 ;
145002    +if missing( IMP_num_of_doors ) then do;
MPRINT(EM_DIAGRAM):   if missing( IMP_num_of_doors ) then do;
145003    +   IMP_num_of_doors2 = .;
MPRINT(EM_DIAGRAM):   IMP_num_of_doors2 = .;
145004    +   substr(_warn_,1,1) = 'M';
MPRINT(EM_DIAGRAM):   substr(_warn_,1,1) = 'M';
145005    +   _DM_BAD = 1;
MPRINT(EM_DIAGRAM):   _DM_BAD = 1;
145006    +end;
MPRINT(EM_DIAGRAM):   end;
145007    +else do;
MPRINT(EM_DIAGRAM):   else do;
145008    +   length _dm12 $ 12; drop _dm12 ;
MPRINT(EM_DIAGRAM):   length _dm12 $ 12;
MPRINT(EM_DIAGRAM):   drop _dm12 ;
145009    +   _dm12 = put( IMP_num_of_doors , BEST12. );
MPRINT(EM_DIAGRAM):   _dm12 = put( IMP_num_of_doors , BEST12. );
145010    +   %DMNORMIP( _dm12 )
MPRINT(DMNORMIP):   call dmnorm(_dm12,
MPRINT(DMNORLEN):  32
MPRINT(DMNORMIP):  );
145011    +   if _dm12 = '4'  then do;
MPRINT(EM_DIAGRAM):   if _dm12 = '4' then do;
145012    +      IMP_num_of_doors2 = -1;
MPRINT(EM_DIAGRAM):   IMP_num_of_doors2 = -1;
145013    +   end;
MPRINT(EM_DIAGRAM):   end;
145014    +   else if _dm12 = '2'  then do;
MPRINT(EM_DIAGRAM):   else if _dm12 = '2' then do;
145015    +      IMP_num_of_doors2 = 1;
MPRINT(EM_DIAGRAM):   IMP_num_of_doors2 = 1;
145016    +   end;
MPRINT(EM_DIAGRAM):   end;
145017    +   else do;
MPRINT(EM_DIAGRAM):   else do;
145018    +      IMP_num_of_doors2 = .;
MPRINT(EM_DIAGRAM):   IMP_num_of_doors2 = .;
145019    +      substr(_warn_,2,1) = 'U';
MPRINT(EM_DIAGRAM):   substr(_warn_,2,1) = 'U';
145020    +      _DM_BAD = 1;
MPRINT(EM_DIAGRAM):   _DM_BAD = 1;
145021    +   end;
MPRINT(EM_DIAGRAM):   end;
145022    +end;
MPRINT(EM_DIAGRAM):   end;
145023    +
145024    +*** *************************;
MPRINT(EM_DIAGRAM):   *** *************************;
145025    +*** Checking missing input Interval
145026    +*** *************************;
MPRINT(EM_DIAGRAM):   *** Checking missing input Interval *** *************************;
145027    +
145028    +IF NMISS(
145029    +   REP_wheel_base ,
145030    +   REP_width   ) THEN DO;
MPRINT(EM_DIAGRAM):   IF NMISS( REP_wheel_base , REP_width ) THEN DO;
145031    +   SUBSTR(_WARN_, 1, 1) = 'M';
MPRINT(EM_DIAGRAM):   SUBSTR(_WARN_, 1, 1) = 'M';
145032    +
145033    +   _DM_BAD = 1;
MPRINT(EM_DIAGRAM):   _DM_BAD = 1;
145034    +END;
MPRINT(EM_DIAGRAM):   END;
145035    +*** *************************;
MPRINT(EM_DIAGRAM):   *** *************************;
145036    +*** Writing the Node intvl ;
MPRINT(EM_DIAGRAM):   *** Writing the Node intvl ;
145037    +*** *************************;
MPRINT(EM_DIAGRAM):   *** *************************;
145038    +IF _DM_BAD EQ 0 THEN DO;
MPRINT(EM_DIAGRAM):   IF _DM_BAD EQ 0 THEN DO;
145039    +   S_REP_wheel_base  =    -17.8009087180129 +     0.18059887504832 *
145040    +        REP_wheel_base ;
MPRINT(EM_DIAGRAM):   S_REP_wheel_base = -17.8009087180129 + 0.18059887504832 * REP_wheel_base 
;
145041    +   S_REP_width  =    -35.9167499004784 +     0.54673628301566 * REP_width ;
MPRINT(EM_DIAGRAM):   S_REP_width = -35.9167499004784 + 0.54673628301566 * REP_width ;
145042    +END;
MPRINT(EM_DIAGRAM):   END;
145043    +ELSE DO;
MPRINT(EM_DIAGRAM):   ELSE DO;
145044    +   IF MISSING( REP_wheel_base ) THEN S_REP_wheel_base  = . ;
MPRINT(EM_DIAGRAM):   IF MISSING( REP_wheel_base ) THEN S_REP_wheel_base = . ;
145045    +   ELSE S_REP_wheel_base  =    -17.8009087180129 +     0.18059887504832 *
145046    +        REP_wheel_base ;
MPRINT(EM_DIAGRAM):   ELSE S_REP_wheel_base = -17.8009087180129 + 0.18059887504832 * 
REP_wheel_base ;
145047    +   IF MISSING( REP_width ) THEN S_REP_width  = . ;
MPRINT(EM_DIAGRAM):   IF MISSING( REP_width ) THEN S_REP_width = . ;
145048    +   ELSE S_REP_width  =    -35.9167499004784 +     0.54673628301566 * REP_width
145049    +         ;
MPRINT(EM_DIAGRAM):   ELSE S_REP_width = -35.9167499004784 + 0.54673628301566 * REP_width ;
145050    +END;
MPRINT(EM_DIAGRAM):   END;
145051    +*** *************************;
MPRINT(EM_DIAGRAM):   *** *************************;
145052    +*** Writing the Node nom ;
MPRINT(EM_DIAGRAM):   *** Writing the Node nom ;
145053    +*** *************************;
MPRINT(EM_DIAGRAM):   *** *************************;
145054    +*** *************************;
MPRINT(EM_DIAGRAM):   *** *************************;
145055    +*** Writing the Node H1 ;
MPRINT(EM_DIAGRAM):   *** Writing the Node H1 ;
145056    +*** *************************;
MPRINT(EM_DIAGRAM):   *** *************************;
145057    +IF _DM_BAD EQ 0 THEN DO;
MPRINT(EM_DIAGRAM):   IF _DM_BAD EQ 0 THEN DO;
145058    +   H11  =     1.17971602991529 * S_REP_wheel_base  +    -0.85559527755077 *
145059    +        S_REP_width ;
MPRINT(EM_DIAGRAM):   H11 = 1.17971602991529 * S_REP_wheel_base + -0.85559527755077 * 
S_REP_width ;
145060    +   H12  =    -0.09772291964712 * S_REP_wheel_base  +    -0.07614209635768 *
145061    +        S_REP_width ;
MPRINT(EM_DIAGRAM):   H12 = -0.09772291964712 * S_REP_wheel_base + -0.07614209635768 * 
S_REP_width ;
145062    +   H13  =     2.82903009287067 * S_REP_wheel_base  +     0.46121997965333 *
145063    +        S_REP_width ;
MPRINT(EM_DIAGRAM):   H13 = 2.82903009287067 * S_REP_wheel_base + 0.46121997965333 * 
S_REP_width ;
145064    +   H11  = H11  +      -0.657978104242 * IMP_num_of_doors2 ;
MPRINT(EM_DIAGRAM):   H11 = H11 + -0.657978104242 * IMP_num_of_doors2 ;
145065    +   H12  = H12  +     0.43899673417964 * IMP_num_of_doors2 ;
MPRINT(EM_DIAGRAM):   H12 = H12 + 0.43899673417964 * IMP_num_of_doors2 ;
145066    +   H13  = H13  +    -0.15379809694931 * IMP_num_of_doors2 ;
MPRINT(EM_DIAGRAM):   H13 = H13 + -0.15379809694931 * IMP_num_of_doors2 ;
145067    +   H11  =    -0.75862147096058 + H11 ;
MPRINT(EM_DIAGRAM):   H11 = -0.75862147096058 + H11 ;
145068    +   H12  =    -1.45817796345304 + H12 ;
MPRINT(EM_DIAGRAM):   H12 = -1.45817796345304 + H12 ;
145069    +   H13  =     2.76129267174358 + H13 ;
MPRINT(EM_DIAGRAM):   H13 = 2.76129267174358 + H13 ;
145070    +   H11  = TANH(H11 );
MPRINT(EM_DIAGRAM):   H11 = TANH(H11 );
145071    +   H12  = TANH(H12 );
MPRINT(EM_DIAGRAM):   H12 = TANH(H12 );
145072    +   H13  = TANH(H13 );
MPRINT(EM_DIAGRAM):   H13 = TANH(H13 );
145073    +END;
MPRINT(EM_DIAGRAM):   END;
145074    +ELSE DO;
MPRINT(EM_DIAGRAM):   ELSE DO;
145075    +   H11  = .;
MPRINT(EM_DIAGRAM):   H11 = .;
145076    +   H12  = .;
MPRINT(EM_DIAGRAM):   H12 = .;
145077    +   H13  = .;
MPRINT(EM_DIAGRAM):   H13 = .;
145078    +END;
MPRINT(EM_DIAGRAM):   END;
145079    +*** *************************;
MPRINT(EM_DIAGRAM):   *** *************************;
145080    +*** Writing the Node Risk ;
MPRINT(EM_DIAGRAM):   *** Writing the Node Risk ;
145081    +*** *************************;
MPRINT(EM_DIAGRAM):   *** *************************;
145082    +
145083    +*** Generate dummy variables for Risk ;
MPRINT(EM_DIAGRAM):   *** Generate dummy variables for Risk ;
145084    +drop Risk1 Risk0 ;
MPRINT(EM_DIAGRAM):   drop Risk1 Risk0 ;
145085    +label F_Risk = 'From: Risk' ;
MPRINT(EM_DIAGRAM):   label F_Risk = 'From: Risk' ;
145086    +length F_Risk $ 12;
MPRINT(EM_DIAGRAM):   length F_Risk $ 12;
145087    +F_Risk = put( Risk , BEST12. );
MPRINT(EM_DIAGRAM):   F_Risk = put( Risk , BEST12. );
145088    +%DMNORMIP( F_Risk )
MPRINT(DMNORMIP):   call dmnorm(F_Risk,
MPRINT(DMNORLEN):  32
MPRINT(DMNORMIP):  );
145089    +if missing( Risk ) then do;
MPRINT(EM_DIAGRAM):   if missing( Risk ) then do;
145090    +   Risk1 = .;
MPRINT(EM_DIAGRAM):   Risk1 = .;
145091    +   Risk0 = .;
MPRINT(EM_DIAGRAM):   Risk0 = .;
145092    +end;
MPRINT(EM_DIAGRAM):   end;
145093    +else do;
MPRINT(EM_DIAGRAM):   else do;
145094    +   if F_Risk = '1'  then do;
MPRINT(EM_DIAGRAM):   if F_Risk = '1' then do;
145095    +      Risk1 = 1;
MPRINT(EM_DIAGRAM):   Risk1 = 1;
145096    +      Risk0 = 0;
MPRINT(EM_DIAGRAM):   Risk0 = 0;
145097    +   end;
MPRINT(EM_DIAGRAM):   end;
145098    +   else if F_Risk = '0'  then do;
MPRINT(EM_DIAGRAM):   else if F_Risk = '0' then do;
145099    +      Risk1 = 0;
MPRINT(EM_DIAGRAM):   Risk1 = 0;
145100    +      Risk0 = 1;
MPRINT(EM_DIAGRAM):   Risk0 = 1;
145101    +   end;
MPRINT(EM_DIAGRAM):   end;
145102    +   else do;
MPRINT(EM_DIAGRAM):   else do;
145103    +      Risk1 = .;
MPRINT(EM_DIAGRAM):   Risk1 = .;
145104    +      Risk0 = .;
MPRINT(EM_DIAGRAM):   Risk0 = .;
145105    +   end;
MPRINT(EM_DIAGRAM):   end;
145106    +end;
MPRINT(EM_DIAGRAM):   end;
145107    +IF _DM_BAD EQ 0 THEN DO;
MPRINT(EM_DIAGRAM):   IF _DM_BAD EQ 0 THEN DO;
145108    +   P_Risk1  =    -3.44898702114775 * H11  +    -0.12865972708795 * H12
145109    +          +    -2.79874286198315 * H13 ;
MPRINT(EM_DIAGRAM):   P_Risk1 = -3.44898702114775 * H11 + -0.12865972708795 * H12 + 
-2.79874286198315 * H13 ;
145110    +   P_Risk1  =     1.11128852213644 + P_Risk1 ;
MPRINT(EM_DIAGRAM):   P_Risk1 = 1.11128852213644 + P_Risk1 ;
145111    +   P_Risk0  = 0;
MPRINT(EM_DIAGRAM):   P_Risk0 = 0;
145112    +   _MAX_ = MAX (P_Risk1 , P_Risk0 );
MPRINT(EM_DIAGRAM):   _MAX_ = MAX (P_Risk1 , P_Risk0 );
145113    +   _SUM_ = 0.;
MPRINT(EM_DIAGRAM):   _SUM_ = 0.;
145114    +   P_Risk1  = EXP(P_Risk1  - _MAX_);
MPRINT(EM_DIAGRAM):   P_Risk1 = EXP(P_Risk1 - _MAX_);
145115    +   _SUM_ = _SUM_ + P_Risk1 ;
MPRINT(EM_DIAGRAM):   _SUM_ = _SUM_ + P_Risk1 ;
145116    +   P_Risk0  = EXP(P_Risk0  - _MAX_);
MPRINT(EM_DIAGRAM):   P_Risk0 = EXP(P_Risk0 - _MAX_);
145117    +   _SUM_ = _SUM_ + P_Risk0 ;
MPRINT(EM_DIAGRAM):   _SUM_ = _SUM_ + P_Risk0 ;
145118    +   P_Risk1  = P_Risk1  / _SUM_;
MPRINT(EM_DIAGRAM):   P_Risk1 = P_Risk1 / _SUM_;
145119    +   P_Risk0  = P_Risk0  / _SUM_;
MPRINT(EM_DIAGRAM):   P_Risk0 = P_Risk0 / _SUM_;
145120    +END;
MPRINT(EM_DIAGRAM):   END;
145121    +ELSE DO;
MPRINT(EM_DIAGRAM):   ELSE DO;
145122    +   P_Risk1  = .;
MPRINT(EM_DIAGRAM):   P_Risk1 = .;
145123    +   P_Risk0  = .;
MPRINT(EM_DIAGRAM):   P_Risk0 = .;
145124    +END;
MPRINT(EM_DIAGRAM):   END;
145125    +IF _DM_BAD EQ 1 THEN DO;
MPRINT(EM_DIAGRAM):   IF _DM_BAD EQ 1 THEN DO;
145126    +   P_Risk1  =                 0.54;
MPRINT(EM_DIAGRAM):   P_Risk1 = 0.54;
145127    +   P_Risk0  =                 0.46;
MPRINT(EM_DIAGRAM):   P_Risk0 = 0.46;
145128    +END;
MPRINT(EM_DIAGRAM):   END;
145129    +*** *****************************;
MPRINT(EM_DIAGRAM):   *** *****************************;
145130    +*** Writing the Residuals  of the Node Risk ;
MPRINT(EM_DIAGRAM):   *** Writing the Residuals of the Node Risk ;
145131    +*** ******************************;
MPRINT(EM_DIAGRAM):   *** ******************************;
145132    +IF MISSING( Risk1 ) THEN R_Risk1  = . ;
MPRINT(EM_DIAGRAM):   IF MISSING( Risk1 ) THEN R_Risk1 = . ;
145133    +ELSE R_Risk1  = Risk1  - P_Risk1 ;
MPRINT(EM_DIAGRAM):   ELSE R_Risk1 = Risk1 - P_Risk1 ;
145134    +IF MISSING( Risk0 ) THEN R_Risk0  = . ;
MPRINT(EM_DIAGRAM):   IF MISSING( Risk0 ) THEN R_Risk0 = . ;
145135    +ELSE R_Risk0  = Risk0  - P_Risk0 ;
MPRINT(EM_DIAGRAM):   ELSE R_Risk0 = Risk0 - P_Risk0 ;
145136    +*** *************************;
MPRINT(EM_DIAGRAM):   *** *************************;
145137    +*** Writing the I_Risk  AND U_Risk ;
MPRINT(EM_DIAGRAM):   *** Writing the I_Risk AND U_Risk ;
145138    +*** *************************;
MPRINT(EM_DIAGRAM):   *** *************************;
145139    +_MAXP_ = P_Risk1 ;
MPRINT(EM_DIAGRAM):   _MAXP_ = P_Risk1 ;
145140    +I_Risk  = "1           " ;
MPRINT(EM_DIAGRAM):   I_Risk = "1           " ;
145141    +U_Risk  =                    1;
MPRINT(EM_DIAGRAM):   U_Risk = 1;
145142    +IF( _MAXP_ LT P_Risk0  ) THEN DO;
MPRINT(EM_DIAGRAM):   IF( _MAXP_ LT P_Risk0 ) THEN DO;
145143    +   _MAXP_ = P_Risk0 ;
MPRINT(EM_DIAGRAM):   _MAXP_ = P_Risk0 ;
145144    +   I_Risk  = "0           " ;
MPRINT(EM_DIAGRAM):   I_Risk = "0           " ;
145145    +   U_Risk  =                    0;
MPRINT(EM_DIAGRAM):   U_Risk = 0;
145146    +END;
MPRINT(EM_DIAGRAM):   END;
145147    +********************************;
MPRINT(EM_DIAGRAM):   ********************************;
145148    +*** End Scoring Code for Neural;
MPRINT(EM_DIAGRAM):   *** End Scoring Code for Neural;
145149    +********************************;
MPRINT(EM_DIAGRAM):   ********************************;
145150    +drop
145151    +H11
145152    +H12
145153    +H13
145154    +;
MPRINT(EM_DIAGRAM):   drop H11 H12 H13 ;
145155    +drop S_:;
MPRINT(EM_DIAGRAM):   drop S_:;
NOTE: %INCLUDE (level 1) ending.
MPRINT(EM_DIAGRAM):   run;
145156     run;

NOTE: DATA STEP view saved on file EMWS1.NEURAL6_TRAIN.
NOTE: A stored DATA STEP view cannot run under a different operating system.
NOTE: View EMWS1.REG2_TRAIN.VIEW used (Total process time):
      real time           0.26 seconds
      cpu time            0.23 seconds
      
NOTE: DATA statement used (Total process time):
      real time           0.27 seconds
      cpu time            0.23 seconds
      

MPRINT(EM_DIAGRAM):   quit;
145157     quit;
145158     filename emflow;
MPRINT(EM_DIAGRAM):   filename emflow;
NOTE: Fileref EMFLOW has been deassigned.
145159     filename emflow "H:\746\Decision Tree test\Workspaces\EMWS1\Neural6\EMFLOWSCORE.sas"
145159   ! ;
MPRINT(EM_DIAGRAM):    filename emflow "H:\746\Decision Tree 
test\Workspaces\EMWS1\Neural6\EMFLOWSCORE.sas";
MPRINT(EM_DIAGRAM):   *------------------------------------------------------------*;
MPRINT(EM_DIAGRAM):   * Neural6: Scoring VALIDATE data;
MPRINT(EM_DIAGRAM):   *------------------------------------------------------------*;
145160     *------------------------------------------------------------*;
145161     * Neural6: Scoring VALIDATE data;
145162     *------------------------------------------------------------*;
145163     data EMWS1.Neural6_VALIDATE
145164     / view=EMWS1.Neural6_VALIDATE
145165     ;
MPRINT(EM_DIAGRAM):   data EMWS1.Neural6_VALIDATE / view=EMWS1.Neural6_VALIDATE ;
145166     set EMWS1.Reg2_VALIDATE
145167     ;
MPRINT(EM_DIAGRAM):   set EMWS1.Reg2_VALIDATE ;
145168     %inc emflow;
NOTE: %INCLUDE (level 1) file EMFLOW is file H:\746\Decision Tree 
      test\Workspaces\EMWS1\Neural6\EMFLOWSCORE.sas.
145169    +***********************************;
MPRINT(EM_DIAGRAM):   ***********************************;
145170    +*** Begin Scoring Code for Neural;
MPRINT(EM_DIAGRAM):   *** Begin Scoring Code for Neural;
145171    +***********************************;
MPRINT(EM_DIAGRAM):   ***********************************;
145172    +DROP _DM_BAD _EPS _NOCL_ _MAX_ _MAXP_ _SUM_ _NTRIALS;
MPRINT(EM_DIAGRAM):   DROP _DM_BAD _EPS _NOCL_ _MAX_ _MAXP_ _SUM_ _NTRIALS;
145173    + _DM_BAD = 0;
MPRINT(EM_DIAGRAM):   _DM_BAD = 0;
145174    + _NOCL_ = .;
MPRINT(EM_DIAGRAM):   _NOCL_ = .;
145175    + _MAX_ = .;
MPRINT(EM_DIAGRAM):   _MAX_ = .;
145176    + _MAXP_ = .;
MPRINT(EM_DIAGRAM):   _MAXP_ = .;
145177    + _SUM_ = .;
MPRINT(EM_DIAGRAM):   _SUM_ = .;
145178    + _NTRIALS = .;
MPRINT(EM_DIAGRAM):   _NTRIALS = .;
145179    + _EPS =                1E-10;
MPRINT(EM_DIAGRAM):   _EPS = 1E-10;
145180    +LENGTH _WARN_ $4
145181    +      F_Risk  $ 12
145182    +;
MPRINT(EM_DIAGRAM):   LENGTH _WARN_ $4 F_Risk $ 12 ;
145183    +      label S_REP_wheel_base = 'Standard: REP_wheel_base' ;
MPRINT(EM_DIAGRAM):   label S_REP_wheel_base = 'Standard: REP_wheel_base' ;
145184    +
145185    +      label S_REP_width = 'Standard: REP_width' ;
MPRINT(EM_DIAGRAM):   label S_REP_width = 'Standard: REP_width' ;
145186    +
145187    +      label IMP_num_of_doors2 = 'Dummy: IMP_num_of_doors=2' ;
MPRINT(EM_DIAGRAM):   label IMP_num_of_doors2 = 'Dummy: IMP_num_of_doors=2' ;
145188    +
145189    +      label H11 = 'Hidden: H1=1' ;
MPRINT(EM_DIAGRAM):   label H11 = 'Hidden: H1=1' ;
145190    +
145191    +      label H12 = 'Hidden: H1=2' ;
MPRINT(EM_DIAGRAM):   label H12 = 'Hidden: H1=2' ;
145192    +
145193    +      label H13 = 'Hidden: H1=3' ;
MPRINT(EM_DIAGRAM):   label H13 = 'Hidden: H1=3' ;
145194    +
145195    +      label I_Risk = 'Into: Risk' ;
MPRINT(EM_DIAGRAM):   label I_Risk = 'Into: Risk' ;
145196    +
145197    +      label F_Risk = 'From: Risk' ;
MPRINT(EM_DIAGRAM):   label F_Risk = 'From: Risk' ;
145198    +
145199    +      label U_Risk = 'Unnormalized Into: Risk' ;
MPRINT(EM_DIAGRAM):   label U_Risk = 'Unnormalized Into: Risk' ;
145200    +
145201    +      label P_Risk1 = 'Predicted: Risk=1' ;
MPRINT(EM_DIAGRAM):   label P_Risk1 = 'Predicted: Risk=1' ;
145202    +
145203    +      label R_Risk1 = 'Residual: Risk=1' ;
MPRINT(EM_DIAGRAM):   label R_Risk1 = 'Residual: Risk=1' ;
145204    +
145205    +      label P_Risk0 = 'Predicted: Risk=0' ;
MPRINT(EM_DIAGRAM):   label P_Risk0 = 'Predicted: Risk=0' ;
145206    +
145207    +      label R_Risk0 = 'Residual: Risk=0' ;
MPRINT(EM_DIAGRAM):   label R_Risk0 = 'Residual: Risk=0' ;
145208    +
145209    +      label  _WARN_ = "Warnings";
MPRINT(EM_DIAGRAM):   label _WARN_ = "Warnings";
145210    +
145211    +*** Generate dummy variables for IMP_num_of_doors ;
MPRINT(EM_DIAGRAM):   *** Generate dummy variables for IMP_num_of_doors ;
145212    +drop IMP_num_of_doors2 ;
MPRINT(EM_DIAGRAM):   drop IMP_num_of_doors2 ;
145213    +if missing( IMP_num_of_doors ) then do;
MPRINT(EM_DIAGRAM):   if missing( IMP_num_of_doors ) then do;
145214    +   IMP_num_of_doors2 = .;
MPRINT(EM_DIAGRAM):   IMP_num_of_doors2 = .;
145215    +   substr(_warn_,1,1) = 'M';
MPRINT(EM_DIAGRAM):   substr(_warn_,1,1) = 'M';
145216    +   _DM_BAD = 1;
MPRINT(EM_DIAGRAM):   _DM_BAD = 1;
145217    +end;
MPRINT(EM_DIAGRAM):   end;
145218    +else do;
MPRINT(EM_DIAGRAM):   else do;
145219    +   length _dm12 $ 12; drop _dm12 ;
MPRINT(EM_DIAGRAM):   length _dm12 $ 12;
MPRINT(EM_DIAGRAM):   drop _dm12 ;
145220    +   _dm12 = put( IMP_num_of_doors , BEST12. );
MPRINT(EM_DIAGRAM):   _dm12 = put( IMP_num_of_doors , BEST12. );
145221    +   %DMNORMIP( _dm12 )
MPRINT(DMNORMIP):   call dmnorm(_dm12,
MPRINT(DMNORLEN):  32
MPRINT(DMNORMIP):  );
145222    +   if _dm12 = '4'  then do;
MPRINT(EM_DIAGRAM):   if _dm12 = '4' then do;
145223    +      IMP_num_of_doors2 = -1;
MPRINT(EM_DIAGRAM):   IMP_num_of_doors2 = -1;
145224    +   end;
MPRINT(EM_DIAGRAM):   end;
145225    +   else if _dm12 = '2'  then do;
MPRINT(EM_DIAGRAM):   else if _dm12 = '2' then do;
145226    +      IMP_num_of_doors2 = 1;
MPRINT(EM_DIAGRAM):   IMP_num_of_doors2 = 1;
145227    +   end;
MPRINT(EM_DIAGRAM):   end;
145228    +   else do;
MPRINT(EM_DIAGRAM):   else do;
145229    +      IMP_num_of_doors2 = .;
MPRINT(EM_DIAGRAM):   IMP_num_of_doors2 = .;
145230    +      substr(_warn_,2,1) = 'U';
MPRINT(EM_DIAGRAM):   substr(_warn_,2,1) = 'U';
145231    +      _DM_BAD = 1;
MPRINT(EM_DIAGRAM):   _DM_BAD = 1;
145232    +   end;
MPRINT(EM_DIAGRAM):   end;
145233    +end;
MPRINT(EM_DIAGRAM):   end;
145234    +
145235    +*** *************************;
MPRINT(EM_DIAGRAM):   *** *************************;
145236    +*** Checking missing input Interval
145237    +*** *************************;
MPRINT(EM_DIAGRAM):   *** Checking missing input Interval *** *************************;
145238    +
145239    +IF NMISS(
145240    +   REP_wheel_base ,
145241    +   REP_width   ) THEN DO;
MPRINT(EM_DIAGRAM):   IF NMISS( REP_wheel_base , REP_width ) THEN DO;
145242    +   SUBSTR(_WARN_, 1, 1) = 'M';
MPRINT(EM_DIAGRAM):   SUBSTR(_WARN_, 1, 1) = 'M';
145243    +
145244    +   _DM_BAD = 1;
MPRINT(EM_DIAGRAM):   _DM_BAD = 1;
145245    +END;
MPRINT(EM_DIAGRAM):   END;
145246    +*** *************************;
MPRINT(EM_DIAGRAM):   *** *************************;
145247    +*** Writing the Node intvl ;
MPRINT(EM_DIAGRAM):   *** Writing the Node intvl ;
145248    +*** *************************;
MPRINT(EM_DIAGRAM):   *** *************************;
145249    +IF _DM_BAD EQ 0 THEN DO;
MPRINT(EM_DIAGRAM):   IF _DM_BAD EQ 0 THEN DO;
145250    +   S_REP_wheel_base  =    -17.8009087180129 +     0.18059887504832 *
145251    +        REP_wheel_base ;
MPRINT(EM_DIAGRAM):   S_REP_wheel_base = -17.8009087180129 + 0.18059887504832 * REP_wheel_base 
;
145252    +   S_REP_width  =    -35.9167499004784 +     0.54673628301566 * REP_width ;
MPRINT(EM_DIAGRAM):   S_REP_width = -35.9167499004784 + 0.54673628301566 * REP_width ;
145253    +END;
MPRINT(EM_DIAGRAM):   END;
145254    +ELSE DO;
MPRINT(EM_DIAGRAM):   ELSE DO;
145255    +   IF MISSING( REP_wheel_base ) THEN S_REP_wheel_base  = . ;
MPRINT(EM_DIAGRAM):   IF MISSING( REP_wheel_base ) THEN S_REP_wheel_base = . ;
145256    +   ELSE S_REP_wheel_base  =    -17.8009087180129 +     0.18059887504832 *
145257    +        REP_wheel_base ;
MPRINT(EM_DIAGRAM):   ELSE S_REP_wheel_base = -17.8009087180129 + 0.18059887504832 * 
REP_wheel_base ;
145258    +   IF MISSING( REP_width ) THEN S_REP_width  = . ;
MPRINT(EM_DIAGRAM):   IF MISSING( REP_width ) THEN S_REP_width = . ;
145259    +   ELSE S_REP_width  =    -35.9167499004784 +     0.54673628301566 * REP_width
145260    +         ;
MPRINT(EM_DIAGRAM):   ELSE S_REP_width = -35.9167499004784 + 0.54673628301566 * REP_width ;
145261    +END;
MPRINT(EM_DIAGRAM):   END;
145262    +*** *************************;
MPRINT(EM_DIAGRAM):   *** *************************;
145263    +*** Writing the Node nom ;
MPRINT(EM_DIAGRAM):   *** Writing the Node nom ;
145264    +*** *************************;
MPRINT(EM_DIAGRAM):   *** *************************;
145265    +*** *************************;
MPRINT(EM_DIAGRAM):   *** *************************;
145266    +*** Writing the Node H1 ;
MPRINT(EM_DIAGRAM):   *** Writing the Node H1 ;
145267    +*** *************************;
MPRINT(EM_DIAGRAM):   *** *************************;
145268    +IF _DM_BAD EQ 0 THEN DO;
MPRINT(EM_DIAGRAM):   IF _DM_BAD EQ 0 THEN DO;
145269    +   H11  =     1.17971602991529 * S_REP_wheel_base  +    -0.85559527755077 *
145270    +        S_REP_width ;
MPRINT(EM_DIAGRAM):   H11 = 1.17971602991529 * S_REP_wheel_base + -0.85559527755077 * 
S_REP_width ;
145271    +   H12  =    -0.09772291964712 * S_REP_wheel_base  +    -0.07614209635768 *
145272    +        S_REP_width ;
MPRINT(EM_DIAGRAM):   H12 = -0.09772291964712 * S_REP_wheel_base + -0.07614209635768 * 
S_REP_width ;
145273    +   H13  =     2.82903009287067 * S_REP_wheel_base  +     0.46121997965333 *
145274    +        S_REP_width ;
MPRINT(EM_DIAGRAM):   H13 = 2.82903009287067 * S_REP_wheel_base + 0.46121997965333 * 
S_REP_width ;
145275    +   H11  = H11  +      -0.657978104242 * IMP_num_of_doors2 ;
MPRINT(EM_DIAGRAM):   H11 = H11 + -0.657978104242 * IMP_num_of_doors2 ;
145276    +   H12  = H12  +     0.43899673417964 * IMP_num_of_doors2 ;
MPRINT(EM_DIAGRAM):   H12 = H12 + 0.43899673417964 * IMP_num_of_doors2 ;
145277    +   H13  = H13  +    -0.15379809694931 * IMP_num_of_doors2 ;
MPRINT(EM_DIAGRAM):   H13 = H13 + -0.15379809694931 * IMP_num_of_doors2 ;
145278    +   H11  =    -0.75862147096058 + H11 ;
MPRINT(EM_DIAGRAM):   H11 = -0.75862147096058 + H11 ;
145279    +   H12  =    -1.45817796345304 + H12 ;
MPRINT(EM_DIAGRAM):   H12 = -1.45817796345304 + H12 ;
145280    +   H13  =     2.76129267174358 + H13 ;
MPRINT(EM_DIAGRAM):   H13 = 2.76129267174358 + H13 ;
145281    +   H11  = TANH(H11 );
MPRINT(EM_DIAGRAM):   H11 = TANH(H11 );
145282    +   H12  = TANH(H12 );
MPRINT(EM_DIAGRAM):   H12 = TANH(H12 );
145283    +   H13  = TANH(H13 );
MPRINT(EM_DIAGRAM):   H13 = TANH(H13 );
145284    +END;
MPRINT(EM_DIAGRAM):   END;
145285    +ELSE DO;
MPRINT(EM_DIAGRAM):   ELSE DO;
145286    +   H11  = .;
MPRINT(EM_DIAGRAM):   H11 = .;
145287    +   H12  = .;
MPRINT(EM_DIAGRAM):   H12 = .;
145288    +   H13  = .;
MPRINT(EM_DIAGRAM):   H13 = .;
145289    +END;
MPRINT(EM_DIAGRAM):   END;
145290    +*** *************************;
MPRINT(EM_DIAGRAM):   *** *************************;
145291    +*** Writing the Node Risk ;
MPRINT(EM_DIAGRAM):   *** Writing the Node Risk ;
145292    +*** *************************;
MPRINT(EM_DIAGRAM):   *** *************************;
145293    +
145294    +*** Generate dummy variables for Risk ;
MPRINT(EM_DIAGRAM):   *** Generate dummy variables for Risk ;
145295    +drop Risk1 Risk0 ;
MPRINT(EM_DIAGRAM):   drop Risk1 Risk0 ;
145296    +label F_Risk = 'From: Risk' ;
MPRINT(EM_DIAGRAM):   label F_Risk = 'From: Risk' ;
145297    +length F_Risk $ 12;
MPRINT(EM_DIAGRAM):   length F_Risk $ 12;
145298    +F_Risk = put( Risk , BEST12. );
MPRINT(EM_DIAGRAM):   F_Risk = put( Risk , BEST12. );
145299    +%DMNORMIP( F_Risk )
MPRINT(DMNORMIP):   call dmnorm(F_Risk,
MPRINT(DMNORLEN):  32
MPRINT(DMNORMIP):  );
145300    +if missing( Risk ) then do;
MPRINT(EM_DIAGRAM):   if missing( Risk ) then do;
145301    +   Risk1 = .;
MPRINT(EM_DIAGRAM):   Risk1 = .;
145302    +   Risk0 = .;
MPRINT(EM_DIAGRAM):   Risk0 = .;
145303    +end;
MPRINT(EM_DIAGRAM):   end;
145304    +else do;
MPRINT(EM_DIAGRAM):   else do;
145305    +   if F_Risk = '1'  then do;
MPRINT(EM_DIAGRAM):   if F_Risk = '1' then do;
145306    +      Risk1 = 1;
MPRINT(EM_DIAGRAM):   Risk1 = 1;
145307    +      Risk0 = 0;
MPRINT(EM_DIAGRAM):   Risk0 = 0;
145308    +   end;
MPRINT(EM_DIAGRAM):   end;
145309    +   else if F_Risk = '0'  then do;
MPRINT(EM_DIAGRAM):   else if F_Risk = '0' then do;
145310    +      Risk1 = 0;
MPRINT(EM_DIAGRAM):   Risk1 = 0;
145311    +      Risk0 = 1;
MPRINT(EM_DIAGRAM):   Risk0 = 1;
145312    +   end;
MPRINT(EM_DIAGRAM):   end;
145313    +   else do;
MPRINT(EM_DIAGRAM):   else do;
145314    +      Risk1 = .;
MPRINT(EM_DIAGRAM):   Risk1 = .;
145315    +      Risk0 = .;
MPRINT(EM_DIAGRAM):   Risk0 = .;
145316    +   end;
MPRINT(EM_DIAGRAM):   end;
145317    +end;
MPRINT(EM_DIAGRAM):   end;
145318    +IF _DM_BAD EQ 0 THEN DO;
MPRINT(EM_DIAGRAM):   IF _DM_BAD EQ 0 THEN DO;
145319    +   P_Risk1  =    -3.44898702114775 * H11  +    -0.12865972708795 * H12
145320    +          +    -2.79874286198315 * H13 ;
MPRINT(EM_DIAGRAM):   P_Risk1 = -3.44898702114775 * H11 + -0.12865972708795 * H12 + 
-2.79874286198315 * H13 ;
145321    +   P_Risk1  =     1.11128852213644 + P_Risk1 ;
MPRINT(EM_DIAGRAM):   P_Risk1 = 1.11128852213644 + P_Risk1 ;
145322    +   P_Risk0  = 0;
MPRINT(EM_DIAGRAM):   P_Risk0 = 0;
145323    +   _MAX_ = MAX (P_Risk1 , P_Risk0 );
MPRINT(EM_DIAGRAM):   _MAX_ = MAX (P_Risk1 , P_Risk0 );
145324    +   _SUM_ = 0.;
MPRINT(EM_DIAGRAM):   _SUM_ = 0.;
145325    +   P_Risk1  = EXP(P_Risk1  - _MAX_);
MPRINT(EM_DIAGRAM):   P_Risk1 = EXP(P_Risk1 - _MAX_);
145326    +   _SUM_ = _SUM_ + P_Risk1 ;
MPRINT(EM_DIAGRAM):   _SUM_ = _SUM_ + P_Risk1 ;
145327    +   P_Risk0  = EXP(P_Risk0  - _MAX_);
MPRINT(EM_DIAGRAM):   P_Risk0 = EXP(P_Risk0 - _MAX_);
145328    +   _SUM_ = _SUM_ + P_Risk0 ;
MPRINT(EM_DIAGRAM):   _SUM_ = _SUM_ + P_Risk0 ;
145329    +   P_Risk1  = P_Risk1  / _SUM_;
MPRINT(EM_DIAGRAM):   P_Risk1 = P_Risk1 / _SUM_;
145330    +   P_Risk0  = P_Risk0  / _SUM_;
MPRINT(EM_DIAGRAM):   P_Risk0 = P_Risk0 / _SUM_;
145331    +END;
MPRINT(EM_DIAGRAM):   END;
145332    +ELSE DO;
MPRINT(EM_DIAGRAM):   ELSE DO;
145333    +   P_Risk1  = .;
MPRINT(EM_DIAGRAM):   P_Risk1 = .;
145334    +   P_Risk0  = .;
MPRINT(EM_DIAGRAM):   P_Risk0 = .;
145335    +END;
MPRINT(EM_DIAGRAM):   END;
145336    +IF _DM_BAD EQ 1 THEN DO;
MPRINT(EM_DIAGRAM):   IF _DM_BAD EQ 1 THEN DO;
145337    +   P_Risk1  =                 0.54;
MPRINT(EM_DIAGRAM):   P_Risk1 = 0.54;
145338    +   P_Risk0  =                 0.46;
MPRINT(EM_DIAGRAM):   P_Risk0 = 0.46;
145339    +END;
MPRINT(EM_DIAGRAM):   END;
145340    +*** *****************************;
MPRINT(EM_DIAGRAM):   *** *****************************;
145341    +*** Writing the Residuals  of the Node Risk ;
MPRINT(EM_DIAGRAM):   *** Writing the Residuals of the Node Risk ;
145342    +*** ******************************;
MPRINT(EM_DIAGRAM):   *** ******************************;
145343    +IF MISSING( Risk1 ) THEN R_Risk1  = . ;
MPRINT(EM_DIAGRAM):   IF MISSING( Risk1 ) THEN R_Risk1 = . ;
145344    +ELSE R_Risk1  = Risk1  - P_Risk1 ;
MPRINT(EM_DIAGRAM):   ELSE R_Risk1 = Risk1 - P_Risk1 ;
145345    +IF MISSING( Risk0 ) THEN R_Risk0  = . ;
MPRINT(EM_DIAGRAM):   IF MISSING( Risk0 ) THEN R_Risk0 = . ;
145346    +ELSE R_Risk0  = Risk0  - P_Risk0 ;
MPRINT(EM_DIAGRAM):   ELSE R_Risk0 = Risk0 - P_Risk0 ;
145347    +*** *************************;
MPRINT(EM_DIAGRAM):   *** *************************;
145348    +*** Writing the I_Risk  AND U_Risk ;
MPRINT(EM_DIAGRAM):   *** Writing the I_Risk AND U_Risk ;
145349    +*** *************************;
MPRINT(EM_DIAGRAM):   *** *************************;
145350    +_MAXP_ = P_Risk1 ;
MPRINT(EM_DIAGRAM):   _MAXP_ = P_Risk1 ;
145351    +I_Risk  = "1           " ;
MPRINT(EM_DIAGRAM):   I_Risk = "1           " ;
145352    +U_Risk  =                    1;
MPRINT(EM_DIAGRAM):   U_Risk = 1;
145353    +IF( _MAXP_ LT P_Risk0  ) THEN DO;
MPRINT(EM_DIAGRAM):   IF( _MAXP_ LT P_Risk0 ) THEN DO;
145354    +   _MAXP_ = P_Risk0 ;
MPRINT(EM_DIAGRAM):   _MAXP_ = P_Risk0 ;
145355    +   I_Risk  = "0           " ;
MPRINT(EM_DIAGRAM):   I_Risk = "0           " ;
145356    +   U_Risk  =                    0;
MPRINT(EM_DIAGRAM):   U_Risk = 0;
145357    +END;
MPRINT(EM_DIAGRAM):   END;
145358    +********************************;
MPRINT(EM_DIAGRAM):   ********************************;
145359    +*** End Scoring Code for Neural;
MPRINT(EM_DIAGRAM):   *** End Scoring Code for Neural;
145360    +********************************;
MPRINT(EM_DIAGRAM):   ********************************;
145361    +drop
145362    +H11
145363    +H12
145364    +H13
145365    +;
MPRINT(EM_DIAGRAM):   drop H11 H12 H13 ;
145366    +drop S_:;
MPRINT(EM_DIAGRAM):   drop S_:;
NOTE: %INCLUDE (level 1) ending.
MPRINT(EM_DIAGRAM):   run;
145367     run;

NOTE: DATA STEP view saved on file EMWS1.NEURAL6_VALIDATE.
NOTE: A stored DATA STEP view cannot run under a different operating system.
NOTE: View EMWS1.REG2_VALIDATE.VIEW used (Total process time):
      real time           0.25 seconds
      cpu time            0.23 seconds
      
NOTE: DATA statement used (Total process time):
      real time           0.26 seconds
      cpu time            0.28 seconds
      

MPRINT(EM_DIAGRAM):   quit;
145368     quit;
145369     filename emflow;
MPRINT(EM_DIAGRAM):   filename emflow;
NOTE: Fileref EMFLOW has been deassigned.
145370     *------------------------------------------------------------*;
MPRINT(EM_DIAGRAM):    *------------------------------------------------------------*;
145371     * Neural6: Computing metadata for TRAIN data;
MPRINT(EM_DIAGRAM):   * Neural6: Computing metadata for TRAIN data;
145372     *------------------------------------------------------------*;
MPRINT(EM_DIAGRAM):   *------------------------------------------------------------*;

NOTE: View EMWS1.NEURAL6_TRAIN.VIEW used (Total process time):
      real time           0.25 seconds
      cpu time            0.26 seconds
      
MPRINT(EM_DIAGRAM):    *------------------------------------------------------------*;
MPRINT(EM_DIAGRAM):   * &nodeid: Computing Metadata for TRAIN data;
MPRINT(EM_DIAGRAM):   *------------------------------------------------------------*;
MPRINT(EM_DIAGRAM):   filename _delta "H:\746\Decision Tree 
test\Workspaces\EMWS1\Neural6\CDELTA_TRAIN.sas";
MPRINT(EMADVISECOLUMNS):   proc display c=sashelp.emmeta.advisecolumns.scl;
MPRINT(EMADVISECOLUMNS):   run;
MPRINT(EMADVISECOLUMNS):    options validvarname=any;
MPRINT(EMADVISECOLUMNS):   proc contents data=EMWS1.Neural6_TRAIN out=_tempAdvisor noprint;
MPRINT(EMADVISECOLUMNS):   run;
MPRINT(EMADVISECOLUMNS):   options validvarname=V7;
MPRINT(EMADVISECOLUMNS):    data _null_;
MPRINT(EMADVISECOLUMNS):   dsid = open('EMWS1.Neural6_TRAIN');
MPRINT(EMADVISECOLUMNS):   call symput('_dsidTable', strip(put(dsid, best.)));
MPRINT(EMADVISECOLUMNS):   if dsid then do;
MPRINT(EMADVISECOLUMNS):   call symput('_engineTable', attrc(dsid, 'ENGINE'));
MPRINT(EMADVISECOLUMNS):   dsid = close(dsid);
MPRINT(EMADVISECOLUMNS):   end;
MPRINT(EMADVISECOLUMNS):   run;
MPRINT(EMADVISECOLUMNS):    proc contents data=EMWS1.Neural6_TRAIN out=WORK.M1AOPZBS noprint;
MPRINT(EMADVISECOLUMNS):   run;
MPRINT(EMADVISECOLUMNS):    data WORK.M1AOPZBS;
MPRINT(EMADVISECOLUMNS):   length NAME $ 64 TYPE $ 1 LABEL $ 200 FORMAT $ 36 INFORMAT $36 
INDEX $ 1 INDEXTYPE $ 9;
MPRINT(EMADVISECOLUMNS):   label NAME =;
MPRINT(EMADVISECOLUMNS):   set WORK.M1AOPZBS(keep=name type length label format formatl 
formatd informat informl informd idxusage rename=(type=itype));
MPRINT(EMADVISECOLUMNS):   if itype = 1 then type = 'N';
MPRINT(EMADVISECOLUMNS):   else type = 'C';
MPRINT(EMADVISECOLUMNS):   if formatl > 0 then do;
MPRINT(EMADVISECOLUMNS):   if format ne ' ' then format = strip(format)!!strip(put(formatl, 
best12.))!!'.'!!strip(put(formatd, best12.));
MPRINT(EMADVISECOLUMNS):   else format = strip(put(formatl, best12.))!!'.'!!strip(put(formatd, 
best12.));
MPRINT(EMADVISECOLUMNS):   end;
MPRINT(EMADVISECOLUMNS):   else if format ne '' then format = strip(format)!!'.';
MPRINT(EMADVISECOLUMNS):   if informl > 0 then do;
MPRINT(EMADVISECOLUMNS):   if informat ne ' ' then informat = 
strip(informat)!!strip(put(informl, best12.))!!'.'!!strip(put(informd, best12.));
MPRINT(EMADVISECOLUMNS):   else informat = strip(put(informl, 
best12.))!!'.'!!strip(put(informd, best12.));
MPRINT(EMADVISECOLUMNS):   end;
MPRINT(EMADVISECOLUMNS):   else if informat ne '' then informat = strip(informat)!!'.';
MPRINT(EMADVISECOLUMNS):   if idxusage = 'NONE' then index ="N";
MPRINT(EMADVISECOLUMNS):   else index = "Y";
MPRINT(EMADVISECOLUMNS):   indextype = idxusage;
MPRINT(EMADVISECOLUMNS):   drop idxusage itype formatl formatd informl informd;
MPRINT(EMADVISECOLUMNS):   run;
MPRINT(EMADVISECOLUMNS):    data WORK.M1AOPZBS;
MPRINT(EMADVISECOLUMNS):   length UNAME $64;
MPRINT(EMADVISECOLUMNS):   set WORK.M1AOPZBS;
MPRINT(EMADVISECOLUMNS):   UNAME = upcase(NAME);
MPRINT(EMADVISECOLUMNS):   run;
MPRINT(EMADVISECOLUMNS):    proc sort data=WORK.M2TJP313 NOTHREADS;
MPRINT(EMADVISECOLUMNS):   by UNAME;
MPRINT(EMADVISECOLUMNS):   run;
MPRINT(EMADVISECOLUMNS):    data WORK.M2TJP313;
MPRINT(EMADVISECOLUMNS):   drop UNAME;
MPRINT(EMADVISECOLUMNS):   set WORK.M2TJP313;
MPRINT(EMADVISECOLUMNS):   run;
MPRINT(EMADVISECOLUMNS):    data WORK.M096G_KH(keep=NAME ATTR);
MPRINT(EMADVISECOLUMNS):   length ATTR $ 20;
MPRINT(EMADVISECOLUMNS):   set WORK.M2TJP313;
MPRINT(EMADVISECOLUMNS):   if level ne "INTERVAL" then do;
MPRINT(EMADVISECOLUMNS):   if order = ' ' then do;
MPRINT(EMADVISECOLUMNS):   attr = 'ORDER';
MPRINT(EMADVISECOLUMNS):   output;
MPRINT(EMADVISECOLUMNS):   end;
MPRINT(EMADVISECOLUMNS):   end;
MPRINT(EMADVISECOLUMNS):   if format ne ' ' and formattype = ' ' then do;
MPRINT(EMADVISECOLUMNS):   attr = 'FORMATTYPE';
MPRINT(EMADVISECOLUMNS):   output;
MPRINT(EMADVISECOLUMNS):   end;
MPRINT(EMADVISECOLUMNS):   if role = ' ' then do;
MPRINT(EMADVISECOLUMNS):   attr = 'ROLE';
MPRINT(EMADVISECOLUMNS):   output;
MPRINT(EMADVISECOLUMNS):   end;
MPRINT(EMADVISECOLUMNS):   if level = ' ' then do;
MPRINT(EMADVISECOLUMNS):   attr = 'LEVEL';
MPRINT(EMADVISECOLUMNS):   output;
MPRINT(EMADVISECOLUMNS):   end;
MPRINT(EMADVISECOLUMNS):   if type = ' ' then do;
MPRINT(EMADVISECOLUMNS):   attr = 'TYPE';
MPRINT(EMADVISECOLUMNS):   output;
MPRINT(EMADVISECOLUMNS):   end;
MPRINT(EMADVISECOLUMNS):   if index = ' ' then do;
MPRINT(EMADVISECOLUMNS):   attr = 'INDEX';
MPRINT(EMADVISECOLUMNS):   output;
MPRINT(EMADVISECOLUMNS):   end;
MPRINT(EMADVISECOLUMNS):   if report = ' ' then do;
MPRINT(EMADVISECOLUMNS):   attr = 'REPORT';
MPRINT(EMADVISECOLUMNS):   output;
MPRINT(EMADVISECOLUMNS):   end;
MPRINT(EMADVISECOLUMNS):   run;
MPRINT(EMADVISECOLUMNS):   proc sort NOTHREADS;
MPRINT(EMADVISECOLUMNS):   by attr;
MPRINT(EMADVISECOLUMNS):   run;
MPRINT(EMADVISECOLUMNS):    data WORK.M2TJP313;
MPRINT(EMADVISECOLUMNS):   length NAME $64 ROLE $ 32 LEVEL $ 10 ORDER $ 8 CREATOR $32 
FORMATTYPE $ 10 FAMILY $ 10 LOWERLIMIT 8 UPPERLIMIT 8 REPORT $1 DISTRIBUTION $ 20 COMMENT $64;
MPRINT(EMADVISECOLUMNS):   length levelAssigned 8 roleAssigned 8 PRICE 8;
MPRINT(EMADVISECOLUMNS):   set WORK.M2TJP313;
MPRINT(EMADVISECOLUMNS):   if formattype = ' ' then do;
MPRINT(EMADVISECOLUMNS):   if format ne ' ' then do;
MPRINT(EMADVISECOLUMNS):   if type = 'N' then do;
MPRINT(EMADVISECOLUMNS):   pos = indexc(format,'.1234567890');
MPRINT(EMADVISECOLUMNS):   if pos > 1 then tempfmt = substr(format,1, pos-1);
MPRINT(EMADVISECOLUMNS):   else tempfmt = ' ';
MPRINT(EMADVISECOLUMNS):   flen = length(tempfmt);
MPRINT(EMADVISECOLUMNS):   select;
MPRINT(EMADVISECOLUMNS):   when(tempfmt in ("DATE" "DAY" "DDMMYY" "DOWNAME" "JULDAY" "JULIAN" 
"MMDDYY" "MMDDYYD" "MMDDYYC" "MMDDYYN" "MMDDYYP" "MMDDYYS" "MONNAME" "MONTH" "MONYY" "NENGO" 
"QTR" "QTRR" "WEEKDATE" "WEEKDATX" "WEEKDAY" "WORDDATE" "WORDDATX" "YEAR" "YYMMDD" "YYMON" 
"YYMMDDC" "YYMMDDD" "YYMMDDN" "YYMMDDP" "YYMMDDS" "EURDFDE" "NJDATE" "NLDATE" "EURDFDD" 
"EURDFDWN" "EURDFMN" "EURDFMY" "EURDFWK" "EURDFWKX" "EURDFWDX" "EURDFDN" "EURDFDE" )) 
formattype = 'DATE';
MPRINT(EMADVISECOLUMNS):   when(tempfmt in ("DATETIME" "EURDFDT" "TOD" )) formattype = 
"DATETIME";
MPRINT(EMADVISECOLUMNS):   when(tempfmt in ("HHMM" "HOUR" "MMSS" "TIME" "TIMEAMPM" )) 
formattype = "TIME";
MPRINT(EMADVISECOLUMNS):   when(tempfmt in ("COMMA" "COMMAX" "DOLLAR" "DOLLARX" "E" "FRACT" 
"NEGPAREN" "PERCENT")) formattype="QUANTITY";
MPRINT(EMADVISECOLUMNS):   when(tempfmt in ("BINARY" "HEX" "IB" "OCTAL" "PD" "PIB" "PK" "RB" 
"SSN" "Z" "ZD")) formattype = "CODING";
MPRINT(EMADVISECOLUMNS):   otherwise do;
MPRINT(EMADVISECOLUMNS):   formattype = "USER";
MPRINT(EMADVISECOLUMNS):   if substr(tempfmt, 1, 6)='NLDATE' then formattype = "DATE";
MPRINT(EMADVISECOLUMNS):   else if substr(tempfmt, 1, 6)='NLDATM' then formattype = "DATETIME";
MPRINT(EMADVISECOLUMNS):   else if substr(tempfmt, 1, 4)='NLTIM' then formattype = "TIME";
MPRINT(EMADVISECOLUMNS):   else if flen >= 4 then do;
MPRINT(EMADVISECOLUMNS):   str = substr(tempfmt,1,4);
MPRINT(EMADVISECOLUMNS):   if str in ("MMYY" "YYMM" "YYQR") then formattype ="DATE";
MPRINT(EMADVISECOLUMNS):   else if str = "S370" then formattype = "CODING";
MPRINT(EMADVISECOLUMNS):   else if str = "BEST" then formattype = "NUM";
MPRINT(EMADVISECOLUMNS):   drop str;
MPRINT(EMADVISECOLUMNS):   end;
MPRINT(EMADVISECOLUMNS):   else if flen >=3 and substr(tempfmt,1,3) = "YYQ" then formatType = 
"DATE";
MPRINT(EMADVISECOLUMNS):   end;
MPRINT(EMADVISECOLUMNS):   end;
MPRINT(EMADVISECOLUMNS):   drop flen tempfmt pos;
MPRINT(EMADVISECOLUMNS):   end;
MPRINT(EMADVISECOLUMNS):   else do;
MPRINT(EMADVISECOLUMNS):   formatType = "CATEGORY";
MPRINT(EMADVISECOLUMNS):   end;
MPRINT(EMADVISECOLUMNS):   end;
MPRINT(EMADVISECOLUMNS):   if formatType = "NUM" then do;
MPRINT(EMADVISECOLUMNS):   if index = "Y" then formatType = "DISCRETE";
MPRINT(EMADVISECOLUMNS):   else formatType = "QUANTITY";
MPRINT(EMADVISECOLUMNS):   end;
MPRINT(EMADVISECOLUMNS):   end;
MPRINT(EMADVISECOLUMNS):   if level = ' ' then do;
MPRINT(EMADVISECOLUMNS):   if formatType in ("CATEGORY", "CODING", "ID") or type = "C" then 
level = "NOMINAL";
MPRINT(EMADVISECOLUMNS):   else level = "INTERVAL";
MPRINT(EMADVISECOLUMNS):   levelAssigned = 1;
MPRINT(EMADVISECOLUMNS):   end;
MPRINT(EMADVISECOLUMNS):   else level = upcase(level);
MPRINT(EMADVISECOLUMNS):   if role = ' ' then do;
MPRINT(EMADVISECOLUMNS):   length name_prefix $8 _uname $64;
MPRINT(EMADVISECOLUMNS):   drop name_prefix _uname _freqflag;
MPRINT(EMADVISECOLUMNS):   retain _freqflag;
MPRINT(EMADVISECOLUMNS):   if LENGTH> 80 then ROLE = 'TEXT';
MPRINT(EMADVISECOLUMNS):   _uname = upcase(NAME);
MPRINT(EMADVISECOLUMNS):   select(_uname);
MPRINT(EMADVISECOLUMNS):   when('_PARTIND_') do;
MPRINT(EMADVISECOLUMNS):   ROLE = 'ID';
MPRINT(EMADVISECOLUMNS):   LEVEL = 'NOMINAL';
MPRINT(EMADVISECOLUMNS):   end;
MPRINT(EMADVISECOLUMNS):   when('_WARN_') ROLE = 'ASSESS';
MPRINT(EMADVISECOLUMNS):   when('EM_SEGMENT') do;
MPRINT(EMADVISECOLUMNS):   ROLE = 'SEGMENT';
MPRINT(EMADVISECOLUMNS):   LEVEL = 'NOMINAL';
MPRINT(EMADVISECOLUMNS):   end;
MPRINT(EMADVISECOLUMNS):   when('_NODE_') do;
MPRINT(EMADVISECOLUMNS):   ROLE = 'SEGMENT';
MPRINT(EMADVISECOLUMNS):   LEVEL = 'NOMINAL';
MPRINT(EMADVISECOLUMNS):   end;
MPRINT(EMADVISECOLUMNS):   when('EM_CLASSTARGET') ROLE = 'ASSESS';
MPRINT(EMADVISECOLUMNS):   when('EM_VALUETARGET') ROLE = 'ASSESS';
MPRINT(EMADVISECOLUMNS):   when('EM_PREDICTION') ROLE = 'PREDICT';
MPRINT(EMADVISECOLUMNS):   when('EM_PROBABILITY') ROLE = 'PREDICT';
MPRINT(EMADVISECOLUMNS):   when('EM_EVENTPROBABILITY') ROLE = 'PREDICT';
MPRINT(EMADVISECOLUMNS):   when('EM_CLASSIFICATION') ROLE = 'CLASSIFICATION';
MPRINT(EMADVISECOLUMNS):   when('EM_DECISION') ROLE = 'DECISION';
MPRINT(EMADVISECOLUMNS):   when('EM_PROFIT') ROLE = 'ASSESS';
MPRINT(EMADVISECOLUMNS):   when('EM_LOSS') ROLE = 'ASSESS';
MPRINT(EMADVISECOLUMNS):   when('EM_ROI') ROLE = 'ASSESS';
MPRINT(EMADVISECOLUMNS):   when('URI') ROLE = 'URL';
MPRINT(EMADVISECOLUMNS):   when('FILTERED') ROLE = 'TEXTLOC';
MPRINT(EMADVISECOLUMNS):   otherwise do;
MPRINT(EMADVISECOLUMNS):   if upcase(NAME) =: 'ZIP' then do;
MPRINT(EMADVISECOLUMNS):   ROLE = 'REJECTED';
MPRINT(EMADVISECOLUMNS):   LEVEL = 'NOMINAL';
MPRINT(EMADVISECOLUMNS):   COMMENT = 'Rejected by: Exceed the maximum class level of %s';
MPRINT(EMADVISECOLUMNS):   end;
MPRINT(EMADVISECOLUMNS):   else if upcase(NAME) in('FREQ', 'FREQUENCY') then do;
MPRINT(EMADVISECOLUMNS):   ROLE = 'FREQ';
MPRINT(EMADVISECOLUMNS):   if TYPE = 'C' then ROLE = 'INPUT';
MPRINT(EMADVISECOLUMNS):   else if _freqflag =1 then ROLE='REJECTED';
MPRINT(EMADVISECOLUMNS):   end;
MPRINT(EMADVISECOLUMNS):   else do;
MPRINT(EMADVISECOLUMNS):   name_prefix = scan(_uname, 1, '_');
MPRINT(EMADVISECOLUMNS):   if scan(_uname, 2, '_') = '' then name_prefix='';
MPRINT(EMADVISECOLUMNS):   if name_prefix in('F', 'I', 'U') then do;
MPRINT(EMADVISECOLUMNS):   ROLE = 'CLASSIFICATION';
MPRINT(EMADVISECOLUMNS):   LEVEL = 'NOMINAL';
MPRINT(EMADVISECOLUMNS):   end;
MPRINT(EMADVISECOLUMNS):   else if name_prefix in('P', 'V') then ROLE = 'PREDICT';
MPRINT(EMADVISECOLUMNS):   else if name_prefix in('R', 'RS', 'RT', 'RD', 'RDS', 'RDT', 'RA', 
'RAS', 'RAT') then ROLE = 'RESIDUAL';
MPRINT(EMADVISECOLUMNS):   else if name_prefix ='D' then do;
MPRINT(EMADVISECOLUMNS):   ROLE = 'DECISION';
MPRINT(EMADVISECOLUMNS):   LEVEL = 'NOMINAL';
MPRINT(EMADVISECOLUMNS):   end;
MPRINT(EMADVISECOLUMNS):   else if name_prefix ='B' then do;
MPRINT(EMADVISECOLUMNS):   ROLE = 'SEGMENT';
MPRINT(EMADVISECOLUMNS):   LEVEL = 'NOMINAL';
MPRINT(EMADVISECOLUMNS):   end;
MPRINT(EMADVISECOLUMNS):   else if name_prefix in('EP', 'BP', 'CP', 'EL', 'CL', 'BL', 'W', 
'ROI', 'IC') then ROLE = 'ASSESS';
MPRINT(EMADVISECOLUMNS):   else do;
MPRINT(EMADVISECOLUMNS):   array _ROLE_ (19) $32 _TEMPORARY_ 
('ASSESS','CLASSIFICATION','CENSOR', 'COST', 'CROSSID', 'DECISION', 'ID','INPUT', 'LABEL', 
'MISSING','PREDICT','REFERRER','REJECTED', 'RESIDUAL','SEGMENT', 'SEQUENCE','TARGET', 'TEXT', 
'TIMEID');
MPRINT(EMADVISECOLUMNS):   drop _found_ i;
MPRINT(EMADVISECOLUMNS):   _found_=0;
MPRINT(EMADVISECOLUMNS):   do i=1 to 19 until(_found_=1);
MPRINT(EMADVISECOLUMNS):   if index(_uname, trim(_ROLE_{i}))=1 then do;
MPRINT(EMADVISECOLUMNS):   ROLE=_ROLE_{i};
MPRINT(EMADVISECOLUMNS):   if ROLE = 'ID' then LEVEL = 'NOMINAL';
MPRINT(EMADVISECOLUMNS):   else if ROLE = 'SEGMENT' then LEVEL = 'NOMINAL';
MPRINT(EMADVISECOLUMNS):   else if ROLE = 'TIMEID' and TYPE='N' then LEVEL = 'INTERVAL';
MPRINT(EMADVISECOLUMNS):   _found_=1;
MPRINT(EMADVISECOLUMNS):   end;
MPRINT(EMADVISECOLUMNS):   end;
MPRINT(EMADVISECOLUMNS):   if length(_uname)>2 then do;
MPRINT(EMADVISECOLUMNS):   if substr(reverse(trim(_uname)), 1, 3) = 'DI_' then do;
MPRINT(EMADVISECOLUMNS):   ROLE = 'ID';
MPRINT(EMADVISECOLUMNS):   LEVEL = 'NOMINAL';
MPRINT(EMADVISECOLUMNS):   end;
MPRINT(EMADVISECOLUMNS):   end;
MPRINT(EMADVISECOLUMNS):   end;
MPRINT(EMADVISECOLUMNS):   end;
MPRINT(EMADVISECOLUMNS):   end;
MPRINT(EMADVISECOLUMNS):   end;
MPRINT(EMADVISECOLUMNS):   if ROLE='FREQ' then _freqflag=1;
MPRINT(EMADVISECOLUMNS):   else if ROLE = 'CLASSIFICATION' then LEVEL = 'NOMINAL';
MPRINT(EMADVISECOLUMNS):   if symexist('RATEMKG_ROLE') then do;
MPRINT(EMADVISECOLUMNS):   if upcase(symget('RATEMKG_ROLE')) in('Y', 'YES') then do;
MPRINT(EMADVISECOLUMNS):   if _uname =: 'POLICY' then ROLE = 'POLICYID';
MPRINT(EMADVISECOLUMNS):   else if _uname in ('PARTITION', '_PARTIND_') then ROLE = 
'PARTITION';
MPRINT(EMADVISECOLUMNS):   else if type = 'N' then do;
MPRINT(EMADVISECOLUMNS):   if _uname = 'EXPOSURE' then ROLE = 'EXPOSURE';
MPRINT(EMADVISECOLUMNS):   else if _uname = 'YEAR' then ROLE = 'YEAR';
MPRINT(EMADVISECOLUMNS):   else if _uname = 'WEIGHT' then ROLE = 'WEIGHT';
MPRINT(EMADVISECOLUMNS):   else if _uname = 'OFFSET' then ROLE = 'OFFSET';
MPRINT(EMADVISECOLUMNS):   end;
MPRINT(EMADVISECOLUMNS):   end;
MPRINT(EMADVISECOLUMNS):   end;
MPRINT(EMADVISECOLUMNS):   end;
MPRINT(EMADVISECOLUMNS):   if role = ' ' then do;
MPRINT(EMADVISECOLUMNS):   if formattype in('DATE', 'DATETIME', 'TIME') then role = 'TIMEID';
MPRINT(EMADVISECOLUMNS):   else role = 'INPUT';
MPRINT(EMADVISECOLUMNS):   roleAssigned = 1;
MPRINT(EMADVISECOLUMNS):   end;
MPRINT(EMADVISECOLUMNS):   else role = upcase(role);
MPRINT(EMADVISECOLUMNS):   if REPORT = '' then REPORT = 'N';
MPRINT(EMADVISECOLUMNS):   run;
MPRINT(EMADVISECOLUMNS):    data WORK.M2TJP313;
MPRINT(EMADVISECOLUMNS):   set WORK.M2TJP313;
MPRINT(EMADVISECOLUMNS):   label NAME = "Variable Name" TYPE = "Type" ROLE = "Role" LEVEL= 
"Measurement Level" ORDER= "Order" CREATOR= "Creator" FORMATTYPE= "Format Type" FAMILY= 
"Family" DISTRIBUTION= "Distribution" PRICE= "Price" LOWERLIMIT= "Lower limit" UPPERLIMIT= 
"Upper Limit" REPORT= "Report" COMMENT= "Comment" INDEX= "Index" INDEXTYPE= "IndexType" LABEL= 
"Label" LENGTH= "Length";
MPRINT(EMADVISECOLUMNS):   drop levelAssigned roleAssigned;
MPRINT(EMADVISECOLUMNS):   run;
MPRINT(EMADVISECOLUMNS):   
MPRINT(EM_DIAGRAM):  ;
MPRINT(EM_DIAGRAM):   proc sort data=WORK.COLUMNMETA;
MPRINT(EM_DIAGRAM):   by NAME;
MPRINT(EM_DIAGRAM):   run;
MPRINT(EM_DIAGRAM):   *------------------------------------------------------------*;
MPRINT(EM_DIAGRAM):   * &nodeid: Merge incoming metadata;
MPRINT(EM_DIAGRAM):   *------------------------------------------------------------*;
MPRINT(EM_DIAGRAM):   proc contents data=EMWS1.Reg2_TRAIN noprint out=_temp2(keep=NAME);
MPRINT(EM_DIAGRAM):   run;
MPRINT(EM_DIAGRAM):   proc sort data=_temp2;
MPRINT(EM_DIAGRAM):   by NAME;
MPRINT(EM_DIAGRAM):   run;
MPRINT(EM_DIAGRAM):   proc sort data=EMWS1.Reg2_CMeta_TRAIN out=_temp;
MPRINT(EM_DIAGRAM):   by NAME;
MPRINT(EM_DIAGRAM):   run;
MPRINT(EM_DIAGRAM):   data EMWS1.Neural6_CMeta_TRAIN;
MPRINT(EM_DIAGRAM):   merge WORK.COLUMNMETA(in=_a) _temp2(in=_b) _temp(drop=FORMAT INFORMAT 
LENGTH INDEX INDEXTYPE in=_c) end=_eof_;
MPRINT(EM_DIAGRAM):   by NAME;
MPRINT(EM_DIAGRAM):   if (^_a and _b) or (^_c and _a and _b) then delete;
MPRINT(EM_DIAGRAM):   if ^_b then CREATOR = "Neural6";
MPRINT(EM_DIAGRAM):   length model $200;
MPRINT(EM_DIAGRAM):   label MODEL = "Model Node";
MPRINT(EM_DIAGRAM):   select(upcase(name));
MPRINT(EM_DIAGRAM):   when("P_RISK1") creator = "Neural6";
MPRINT(EM_DIAGRAM):   when("R_RISK1") creator = "Neural6";
MPRINT(EM_DIAGRAM):   when("P_RISK0") creator = "Neural6";
MPRINT(EM_DIAGRAM):   when("R_RISK0") creator = "Neural6";
MPRINT(EM_DIAGRAM):   when("F_RISK") creator = "Neural6";
MPRINT(EM_DIAGRAM):   when("I_RISK") creator = "Neural6";
MPRINT(EM_DIAGRAM):   when("U_RISK") creator = "Neural6";
MPRINT(EM_DIAGRAM):   when("_WARN_") creator = "Neural6";
MPRINT(EM_DIAGRAM):   when("RISK") model = "Neural6";
MPRINT(EM_DIAGRAM):   when('');
MPRINT(EM_DIAGRAM):   otherwise;
MPRINT(EM_DIAGRAM):   end;
MPRINT(EM_DIAGRAM):   *------------------------------------------------------------*;
MPRINT(EM_DIAGRAM):   * Neural6: Apply Delta Code;
MPRINT(EM_DIAGRAM):   *------------------------------------------------------------*;
MPRINT(EM_DIAGRAM):   run;
MPRINT(EM_DIAGRAM):   filename _delta;
145711     data WORK.MODELTEMP_INFO;
MPRINT(EM_DIAGRAM):    data WORK.MODELTEMP_INFO;
145712     set EMWS1.Neural6_EMINFO;
MPRINT(EM_DIAGRAM):   set EMWS1.Neural6_EMINFO;
145713     where DATA='Neural6' and KEY ^in('DECDATA', 'DECMETA', 'IMPORTANCE', 'MODEL');
MPRINT(EM_DIAGRAM):   where DATA='Neural6' and KEY ^in('DECDATA', 'DECMETA', 'IMPORTANCE', 
'MODEL');
145714     run;
MPRINT(EM_DIAGRAM):   run;

NOTE: There were 0 observations read from the data set EMWS1.NEURAL6_EMINFO.
      WHERE (DATA='Neural6') and KEY not in ('DECDATA', 'DECMETA', 'IMPORTANCE', 'MODEL');
NOTE: The data set WORK.MODELTEMP_INFO has 0 observations and 3 variables.
NOTE: DATA statement used (Total process time):
      real time           0.01 seconds
      cpu time            0.00 seconds
      

145715     data EMWS1.Neural6_EMINFO;
MPRINT(EM_DIAGRAM):    data EMWS1.Neural6_EMINFO;
145716     length TARGET KEY $32 DATA $43;
MPRINT(EM_DIAGRAM):   length TARGET KEY $32 DATA $43;
145717     input TARGET KEY DATA $;
MPRINT(EM_DIAGRAM):   input TARGET KEY DATA $;
145718     cards;
MPRINT(EM_DIAGRAM):   cards;

NOTE: The data set EMWS1.NEURAL6_EMINFO has 3 observations and 3 variables.
NOTE: DATA statement used (Total process time):
      real time           0.05 seconds
      cpu time            0.01 seconds
      

MPRINT(EM_DIAGRAM):   run;
145722     run;
145723     data EMWS1.Neural6_EMINFO;
MPRINT(EM_DIAGRAM):   data EMWS1.Neural6_EMINFO;
145724     set EMWS1.Neural6_EMINFO WORK.MODELTEMP_INFO;
MPRINT(EM_DIAGRAM):   set EMWS1.Neural6_EMINFO WORK.MODELTEMP_INFO;
145725     run;
MPRINT(EM_DIAGRAM):   run;

NOTE: There were 3 observations read from the data set EMWS1.NEURAL6_EMINFO.
NOTE: There were 0 observations read from the data set WORK.MODELTEMP_INFO.
NOTE: The data set EMWS1.NEURAL6_EMINFO has 3 observations and 3 variables.
NOTE: DATA statement used (Total process time):
      real time           0.08 seconds
      cpu time            0.00 seconds
      

145726     proc sort data = EMWS1.Neural6_EMINFO NOTHREADS;
MPRINT(EM_DIAGRAM):    proc sort data = EMWS1.Neural6_EMINFO NOTHREADS;
145727     by TARGET KEY;
MPRINT(EM_DIAGRAM):   by TARGET KEY;
145728     run;
MPRINT(EM_DIAGRAM):   run;

NOTE: There were 3 observations read from the data set EMWS1.NEURAL6_EMINFO.
NOTE: The data set EMWS1.NEURAL6_EMINFO has 3 observations and 3 variables.
NOTE: PROCEDURE SORT used (Total process time):
      real time           0.08 seconds
      cpu time            0.00 seconds
      

145729     proc sort data = EMWS1.Reg2_EMINFO OUT=WORK.SORTEDEMINFO NOTHREADS;
MPRINT(EM_DIAGRAM):    proc sort data = EMWS1.Reg2_EMINFO OUT=WORK.SORTEDEMINFO NOTHREADS;
145730     by TARGET KEY;
MPRINT(EM_DIAGRAM):   by TARGET KEY;
145731     run;
MPRINT(EM_DIAGRAM):   run;

NOTE: There were 4 observations read from the data set EMWS1.REG2_EMINFO.
NOTE: The data set WORK.SORTEDEMINFO has 4 observations and 3 variables.
NOTE: PROCEDURE SORT used (Total process time):
      real time           0.02 seconds
      cpu time            0.01 seconds
      

145732     proc sort data = EMWS1.Neural6_EMINFO OUT=WORK.TEMP_INFO NOTHREADS;
MPRINT(EM_DIAGRAM):   proc sort data = EMWS1.Neural6_EMINFO OUT=WORK.TEMP_INFO NOTHREADS;
145733     by TARGET KEY;
MPRINT(EM_DIAGRAM):   by TARGET KEY;
145734     run;
MPRINT(EM_DIAGRAM):   run;

NOTE: Input data set is already sorted; it has been copied to the output data set.
NOTE: There were 3 observations read from the data set EMWS1.NEURAL6_EMINFO.
NOTE: The data set WORK.TEMP_INFO has 3 observations and 3 variables.
NOTE: PROCEDURE SORT used (Total process time):
      real time           0.01 seconds
      cpu time            0.00 seconds
      

145735     data EMWS1.Neural6_EMINFO;
MPRINT(EM_DIAGRAM):   data EMWS1.Neural6_EMINFO;
145736     merge WORK.SORTEDEMINFO WORK.TEMP_INFO;
MPRINT(EM_DIAGRAM):   merge WORK.SORTEDEMINFO WORK.TEMP_INFO;
145737     by TARGET KEY;
MPRINT(EM_DIAGRAM):   by TARGET KEY;
145738     run;
MPRINT(EM_DIAGRAM):   run;

NOTE: There were 4 observations read from the data set WORK.SORTEDEMINFO.
NOTE: There were 3 observations read from the data set WORK.TEMP_INFO.
NOTE: The data set EMWS1.NEURAL6_EMINFO has 4 observations and 3 variables.
NOTE: DATA statement used (Total process time):
      real time           0.37 seconds
      cpu time            0.00 seconds
      

145739     proc datasets lib=work nolist;
MPRINT(EM_DIAGRAM):   proc datasets lib=work nolist;
145740     delete TEMP_INFO SORTEDEMINFO;
MPRINT(EM_DIAGRAM):   delete TEMP_INFO SORTEDEMINFO;
145741     run;
MPRINT(EM_DIAGRAM):   run;

NOTE: Deleting WORK.TEMP_INFO (memtype=DATA).
NOTE: Deleting WORK.SORTEDEMINFO (memtype=DATA).
145742     quit;
MPRINT(EM_DIAGRAM):   quit;

NOTE: PROCEDURE DATASETS used (Total process time):
      real time           0.02 seconds
      cpu time            0.01 seconds
      

NOTE: View EMWS1.NEURAL6_TRAIN.VIEW used (Total process time):
      real time           0.25 seconds
      cpu time            0.23 seconds
      
NOTE: View EMWS1.NEURAL6_VALIDATE.VIEW used (Total process time):
      real time           0.25 seconds
      cpu time            0.25 seconds
      
MPRINT(EM_DIAGRAM):    proc printto;
MPRINT(EM_DIAGRAM):   run;
