 
                                                                                                                                                                                                                                                                
 
 
Variable Summary

            Measurement    Frequency
Role           Level         Count

INPUT        BINARY             4   
INPUT        INTERVAL          14   
INPUT        NOMINAL            9   
REJECTED     INTERVAL          15   
REJECTED     NOMINAL            9   
TARGET       BINARY             1   
 
                                                                                                                                                                                                                                                                
 
 
Model Events

                                  Number
                   Measurement      of
Target    Event       Level       Levels      Order       Label

 Risk       1        BINARY          2      Descending         
 
                                                                                                                                                                                                                                                                
 
 
Predicted and decision variables

Type         Variable    Label

TARGET       Risk                         
PREDICTED    P_Risk1     Predicted: Risk=1
RESIDUAL     R_Risk1     Residual: Risk=1 
PREDICTED    P_Risk0     Predicted: Risk=0
RESIDUAL     R_Risk0     Residual: Risk=0 
FROM         F_Risk      From: Risk       
INTO         I_Risk      Into: Risk       
 
                                                                                                                                                                                                                                                                
 
 

The DMREG Procedure

                Model Information

Training Data Set              WORK.EM_DMREG.VIEW
DMDB Catalog                   WORK.REG_DMDB     
Target Variable                Risk              
Target Measurement Level       Ordinal           
Number of Target Categories    2                 
Error                          MBernoulli        
Link Function                  Logit             
Number of Model Parameters     35                
Number of Observations         100               


         Target Profile
 
 Ordered                  Total
   Value     Risk     Frequency

       1     1               54
       2     0               46
 
                                                                                                                                                                                                                                                                
 
 

The DMREG Procedure

Newton-Raphson Ridge Optimization

Without Parameter Scaling

Parameter Estimates              33

                                             Optimization Start

Active Constraints                                  0  Objective Function                       68.994375846
Max Abs Gradient Element                         28.8                                                       


                                                                                                        Ratio
                                                                                                      Between
                                                                                                       Actual
                                                                 Objective     Max Abs                    and
                     Function         Active        Objective     Function    Gradient              Predicted
Iter     Restarts       Calls    Constraints         Function       Change     Element     Ridge       Change

   1            0           2              0         32.80837      36.1860      6.6278         0        1.143
   2            0           3              0         25.51374       7.2946      2.3793         0        1.292
   3            0           4              0         21.31942       4.1943      1.1278         0        1.327
   4            0           5              0         18.17226       3.1472      0.7458         0        1.361
   5            0           6              0         15.52471       2.6476      0.4427         0        1.295
   6            0           7              0         13.79559       1.7291      0.2701         0        1.311
   7            0           8              0         12.86129       0.9343      0.1533         0        1.255
   8            0           9              0         12.57554       0.2857      0.0650         0        1.173
   9            0          10              0         12.54436       0.0312     0.00926         0        1.090
  10            0          11              0         12.54298      0.00138    0.000593         0        1.170
  11            0          12              0         12.54264     0.000345    0.000200         0        1.264
  12            0          13              0         12.54251     0.000127    0.000074         0        1.264
  13            0          14              0         12.54246     0.000047    0.000027         0        1.264
  14            0          15              0         12.54245     0.000017    9.952E-6         0        1.264

                                            Optimization Results

Iterations                                         14  Function Calls                                     17
Hessian Calls                                      15  Active Constraints                                  0
Objective Function                       12.542445687  Max Abs Gradient Element                 9.9524338E-6
Ridge                                               0  Actual Over Pred Change                  1.2642401661

Convergence criterion (ABSGCONV=0.00001) satisfied.                                               


     Likelihood Ratio Test for Global Null Hypothesis: BETA=0
 
     -2 Log Likelihood          Likelihood
  Intercept     Intercept &          Ratio
       Only      Covariates     Chi-Square       DF     Pr > ChiSq

    137.989          25.085       112.9039       32         <.0001


                 Type 3 Analysis of Effects
 
                                           Wald
Effect                         DF    Chi-Square    Pr > ChiSq

IMP_num_of_doors                1       14.1048        0.0002
LOG_REP_IMP_price               1        1.7536        0.1854
LOG_REP_compression_ratio       1        0.1654        0.6842
LOG_REP_engine_size             1        9.9392        0.0016
M_bore                          1        0.0000        1.0000
M_num_of_doors                  1        0.1758        0.6750
M_price                         1        0.0000        1.0000
M_stroke                        0        0.0000         .    
REP_IMP_bore                    1        0.3521        0.5529
REP_IMP_stroke                  1        0.3367        0.5617
REP_aspiration                  1       17.4164        <.0001
REP_body_style                  3       11.8628        0.0079
REP_city_mpg                    1       16.7430        <.0001
REP_curb_weight                 1        0.3446        0.5572
REP_drive_wheels                2       31.7177        <.0001
REP_engine_location             1        0.0000        1.0000
REP_fuel_system                 1        0.0009        0.9761
REP_fuel_type                   1        1.0480        0.3060
REP_height                      1        0.0961        0.7566
REP_highway_mpg                 1        4.5843        0.0323
REP_horsepower                  1        3.1062        0.0780
REP_length                      1        5.4389        0.0197
REP_num_of_cylinders            1        5.0136        0.0251
REP_peak_rpm                    1       15.9397        <.0001
REP_wheel_base                  1      147.7782        <.0001
REP_width                       1        0.0000        1.0000
engine_type                     3        4.6505        0.1992


                                        Analysis of Maximum Likelihood Estimates
 
                                                        Standard          Wald                  Standardized
Parameter                             DF    Estimate       Error    Chi-Square    Pr > ChiSq        Estimate    Exp(Est)

Intercept                              1       424.7       544.6          0.61        0.4355                     999.000
IMP_num_of_doors          2            1      5.5721      1.4837         14.10        0.0002                     262.988
LOG_REP_IMP_price                      1     11.9518      9.0254          1.75        0.1854          3.0386     999.000
LOG_REP_compression_ratio              1     -9.9472     24.4589          0.17        0.6842         -1.4995       0.000
LOG_REP_engine_size                    1      -178.2     56.5243          9.94        0.0016        -24.3833       0.000
M_bore                    0            1     -5.3436           .           .           .                   .       0.005
M_num_of_doors            0            1     -1.1840      2.8238          0.18        0.6750                       0.306
M_price                   0            1     11.9327           .           .           .                   .     999.000
M_stroke                  0            0           0           .           .           .                   .        .   
REP_IMP_bore                           1     10.2632     17.2956          0.35        0.5529          1.3987     999.000
REP_IMP_stroke                         1      8.4479     14.5586          0.34        0.5617          1.3389     999.000
REP_aspiration            S            1     17.2426      4.1317         17.42        <.0001                     999.000
REP_body_style            C            1      0.5535       322.2          0.00        0.9986                       1.739
REP_body_style            H            1     -6.3511       107.4          0.00        0.9529                       0.002
REP_body_style            S            1      3.1829       107.4          0.00        0.9764                      24.117
REP_city_mpg                           1     -3.7959      0.9277         16.74        <.0001        -12.6565       0.022
REP_curb_weight                        1    -0.00456     0.00776          0.34        0.5572         -1.1803       0.995
REP_drive_wheels          4            1    -14.0618      2.6284         28.62        <.0001                       0.000
REP_drive_wheels          F            1    -10.7068      3.3783         10.04        0.0015                       0.000
REP_engine_location       F            1     28.9797           .           .           .                   .     999.000
REP_fuel_system           non-spdi     1    -14.0061       467.6          0.00        0.9761                       0.000
REP_fuel_type             D            1     10.5128     10.2693          1.05        0.3060                     999.000
REP_height                             1     -0.2238      0.7219          0.10        0.7566         -0.3040       0.799
REP_highway_mpg                        1      2.1676      1.0124          4.58        0.0323          7.4598       8.737
REP_horsepower                         1      0.3238      0.1837          3.11        0.0780          6.5278       1.382
REP_length                             1     -0.7681      0.3294          5.44        0.0197         -4.8228       0.464
REP_num_of_cylinders      <=4          1    -10.9659      4.8974          5.01        0.0251                       0.000
REP_peak_rpm                           1     -0.0214     0.00537         15.94        <.0001         -5.6760       0.979
REP_wheel_base                         1     -8.9080      0.7328        147.78        <.0001        -27.1941       0.000
REP_width                              1     20.9494           .           .           .                   .     999.000
engine_type               dohc         1     40.2925      1340.8          0.00        0.9760                     999.000
engine_type               l            1     24.8359       659.3          0.00        0.9700                     999.000
engine_type               ohc          1     31.5645           .           .           .                   .     999.000
engine_type               ohcf         1     14.2416      6.6061          4.65        0.0311                     999.000
engine_type               ohcv         0           0           .           .           .                   .        .   


                   Odds Ratio Estimates
                             
                                                     Point
Effect                                            Estimate

IMP_num_of_doors          2 vs 4                   999.000
LOG_REP_IMP_price                                  999.000
LOG_REP_compression_ratio                           <0.001
LOG_REP_engine_size                                 <0.001
M_bore                    0 vs 1                    <0.001
M_num_of_doors            0 vs 1                     0.094
M_price                   0 vs 1                   999.000
M_stroke                  0 vs 1                      .   
REP_IMP_bore                                       999.000
REP_IMP_stroke                                     999.000
REP_aspiration            S vs T                   999.000
REP_body_style            C vs W                     0.127
REP_body_style            H vs W                    <0.001
REP_body_style            S vs W                     1.765
REP_city_mpg                                         0.022
REP_curb_weight                                      0.995
REP_drive_wheels          4 vs R                    <0.001
REP_drive_wheels          F vs R                    <0.001
REP_engine_location       F vs R                   999.000
REP_fuel_system           non-spdi vs spdi          <0.001
REP_fuel_type             D vs G                   999.000
REP_height                                           0.799
REP_highway_mpg                                      8.737
REP_horsepower                                       1.382
REP_length                                           0.464
REP_num_of_cylinders      <=4 vs >4                 <0.001
REP_peak_rpm                                         0.979
REP_wheel_base                                      <0.001
REP_width                                          999.000
engine_type               dohc vs rotor            999.000
engine_type               l vs rotor               999.000
engine_type               ohc vs rotor             999.000
engine_type               ohcf vs rotor            999.000
engine_type               ohcv vs rotor               .   
