MPRINT(EM_DIAGRAM):    data _null_;
MPRINT(EM_DIAGRAM):   call symput('NLDATE', strip(put(date(), NLDATE.)));
MPRINT(EM_DIAGRAM):   call symput('NLTIME', strip(put(datetime(), NLTIME.)));
MPRINT(EM_DIAGRAM):   run;
MPRINT(EM_DIAGRAM):   data _null_;
MPRINT(EM_DIAGRAM):   nldate= sasmsg("sashelp.dmine", "log_date_note", 'N', "April 16, 2021" );
MPRINT(EM_DIAGRAM):   nltime= sasmsg("sashelp.dmine", "log_time_note", 'N', "11:26:36 o'clock" );
MPRINT(EM_DIAGRAM):   put "*------------------------------------------------------------*";
MPRINT(EM_DIAGRAM):   put "* Training Log";
MPRINT(EM_DIAGRAM):   put nldate;
MPRINT(EM_DIAGRAM):   put nltime;
MPRINT(EM_DIAGRAM):   put "*------------------------------------------------------------*";
MPRINT(EM_DIAGRAM):   run;
*------------------------------------------------------------*
* Training Log
The SAS System

Date:                April 16, 2021
Time:                11:26:36 o'clock
*------------------------------------------------------------*
MPRINT(EM_DIAGRAM):    filename O1OSBM3U "H:\746\Decision Tree test\Workspaces\EMWS1\Reg\EMTRAIN.out" encoding="UTF-8" NOBOM;
MPRINT(EM_DIAGRAM):   proc printto print=O1OSBM3U new;
MPRINT(EM_DIAGRAM):   run;
MPRINT(EM_DIAGRAM):    filename _LOG "H:\746\Decision Tree test\Workspaces\EMWS1\Reg\EMLOG.log" encoding="UTF-8" NOBOM;
MPRINT(EM_DIAGRAM):    data _null_;
MPRINT(EM_DIAGRAM):   call symput('NLDATE', strip(put(date(), NLDATE.)));
MPRINT(EM_DIAGRAM):   call symput('NLTIME', strip(put(datetime(), NLTIME.)));
MPRINT(EM_DIAGRAM):   run;
MPRINT(EM_DIAGRAM):   data _null_;
MPRINT(EM_DIAGRAM):   nldate= sasmsg("sashelp.dmine", "log_date_note", 'N', "April 16, 2021" );
MPRINT(EM_DIAGRAM):   nltime= sasmsg("sashelp.dmine", "log_time_note", 'N', "11:26:37 o'clock" );
MPRINT(EM_DIAGRAM):   file _LOG;
MPRINT(EM_DIAGRAM):   put "*------------------------------------------------------------*";
MPRINT(EM_DIAGRAM):   put "User:                301152869";
MPRINT(EM_DIAGRAM):   put nldate;
MPRINT(EM_DIAGRAM):   put nltime;
MPRINT(EM_DIAGRAM):   put "Site:                70104631";
MPRINT(EM_DIAGRAM):   put "Platform:            W32_8PRO";
MPRINT(EM_DIAGRAM):   put "Maintenance Release: 9.04.01M2P072314";
MPRINT(EM_DIAGRAM):   put "EM Version:          13.2";
MPRINT(EM_DIAGRAM):   put "* ";
MPRINT(EM_DIAGRAM):   run;
MPRINT(EM_DIAGRAM):    filename _LOGIN "H:\746\Decision Tree test\Workspaces\EMWS1\Reg\EMTRAIN.log" encoding="UTF-8" NOBOM;
MPRINT(EM_COPYFILE):   data _null_;
MPRINT(EM_COPYFILE):   length line $20000;
MPRINT(EM_COPYFILE):   file _LOG MOD lrecl=20000;
MPRINT(EM_COPYFILE):   fid=fopen("_LOGIN",'i',20000,'v');
MPRINT(EM_COPYFILE):   if fid > 0 then do;
MPRINT(EM_COPYFILE):   do while(^fread(fid));
MPRINT(EM_COPYFILE):   rlen = frlen(fid);
MPRINT(EM_COPYFILE):   rc= fget(fid,line,20000);
MPRINT(EM_COPYFILE):   start = length(line)-length(left(line))+1;
MPRINT(EM_COPYFILE):   line=strip(line);
MPRINT(EM_COPYFILE):   put @start line;
MPRINT(EM_COPYFILE):   end;
MPRINT(EM_COPYFILE):   if fid > 0 then rc=fclose(fid);
MPRINT(EM_COPYFILE):   end;
MPRINT(EM_COPYFILE):   run;
MPRINT(EM_DIAGRAM):  ;
MPRINT(EM_DIAGRAM):   filename _LOGIN;
MPRINT(EM_DIAGRAM):    data _null_;
MPRINT(EM_DIAGRAM):   file _LOG mod;
MPRINT(EM_DIAGRAM):   put _page_;
MPRINT(EM_DIAGRAM):   run;
MPRINT(EM_DIAGRAM):   filename _LOGIN "H:\746\Decision Tree test\Workspaces\EMWS1\Reg\EMSCORE.log" encoding="UTF-8" NOBOM;
MPRINT(EM_DIAGRAM):  ;
MPRINT(EM_DIAGRAM):   data _null_;
MPRINT(EM_DIAGRAM):   file _LOG mod;
MPRINT(EM_DIAGRAM):   put _page_;
MPRINT(EM_DIAGRAM):   run;
MPRINT(EM_DIAGRAM):    filename _LOGIN "H:\746\Decision Tree test\Workspaces\EMWS1\Reg\EMREPORT.log" encoding="UTF-8" NOBOM;
MPRINT(EM_DIAGRAM):  ;
MPRINT(EM_DIAGRAM):   filename _LOGIN;
MPRINT(EM_DIAGRAM):    filename _LOG;
MPRINT(EM_DIAGRAM):    filename _OUT "H:\746\Decision Tree test\Workspaces\EMWS1\Reg\EMOUTPUT.out" encoding="UTF-8" NOBOM;
MPRINT(EM_DIAGRAM):    data _null_;
MPRINT(EM_DIAGRAM):   call symput('NLDATE', strip(put(date(), NLDATE.)));
MPRINT(EM_DIAGRAM):   call symput('NLTIME', strip(put(datetime(), NLTIME.)));
MPRINT(EM_DIAGRAM):   run;
MPRINT(EM_DIAGRAM):   data _null_;
MPRINT(EM_DIAGRAM):   nldate= sasmsg("sashelp.dmine", "log_date_note", 'N', "April 16, 2021" );
MPRINT(EM_DIAGRAM):   nltime= sasmsg("sashelp.dmine", "log_time_note", 'N', "11:26:37 o'clock" );
MPRINT(EM_DIAGRAM):   file _OUT;
MPRINT(EM_DIAGRAM):   put "*------------------------------------------------------------*";
MPRINT(EM_DIAGRAM):   put "User:                301152869";
MPRINT(EM_DIAGRAM):   put nldate;
MPRINT(EM_DIAGRAM):   put nltime;
MPRINT(EM_DIAGRAM):   put "*------------------------------------------------------------*";
MPRINT(EM_DIAGRAM):   put "* Training Output";
MPRINT(EM_DIAGRAM):   put "*------------------------------------------------------------*";
MPRINT(EM_DIAGRAM):   run;
MPRINT(EM_DIAGRAM):    filename _OUTIN "H:\746\Decision Tree test\Workspaces\EMWS1\Reg\EMTRAIN.out" encoding="UTF-8" NOBOM;
MPRINT(EM_DIAGRAM):   ;
MPRINT(EM_COPYFILE):   data _null_;
MPRINT(EM_COPYFILE):   length line $20000;
MPRINT(EM_COPYFILE):   file _OUT MOD lrecl=20000;
MPRINT(EM_COPYFILE):   fid=fopen("_OUTIN",'i',20000,'v');
MPRINT(EM_COPYFILE):   if fid > 0 then do;
MPRINT(EM_COPYFILE):   do while(^fread(fid));
MPRINT(EM_COPYFILE):   rlen = frlen(fid);
MPRINT(EM_COPYFILE):   rc= fget(fid,line,20000);
MPRINT(EM_COPYFILE):   start = length(line)-length(left(line))+1;
MPRINT(EM_COPYFILE):   line=strip(line);
MPRINT(EM_COPYFILE):   put @start line;
MPRINT(EM_COPYFILE):   end;
MPRINT(EM_COPYFILE):   if fid > 0 then rc=fclose(fid);
MPRINT(EM_COPYFILE):   end;
MPRINT(EM_COPYFILE):   run;
MPRINT(EM_DIAGRAM):  ;
MPRINT(EM_DIAGRAM):   filename _OUTIN;
MPRINT(EM_DIAGRAM):    data _null_;
MPRINT(EM_DIAGRAM):   file _OUT mod;
MPRINT(EM_DIAGRAM):   put _page_;
MPRINT(EM_DIAGRAM):   put // "*------------------------------------------------------------*";
MPRINT(EM_DIAGRAM):   put "* Score Output";
MPRINT(EM_DIAGRAM):   put "*------------------------------------------------------------*";
MPRINT(EM_DIAGRAM):   run;
MPRINT(EM_DIAGRAM):    filename _OUTIN "H:\746\Decision Tree test\Workspaces\EMWS1\Reg\EMSCORE.out" encoding="UTF-8" NOBOM;
MPRINT(EM_DIAGRAM):  ;
MPRINT(EM_DIAGRAM):   filename _OUTIN;
MPRINT(EM_DIAGRAM):    data _null_;
MPRINT(EM_DIAGRAM):   file _OUT mod;
MPRINT(EM_DIAGRAM):   put _page_;
MPRINT(EM_DIAGRAM):   put // "*------------------------------------------------------------*";
MPRINT(EM_DIAGRAM):   put "* Report Output";
MPRINT(EM_DIAGRAM):   put "*------------------------------------------------------------*";
MPRINT(EM_DIAGRAM):   run;
MPRINT(EM_DIAGRAM):    filename _OUTIN "H:\746\Decision Tree test\Workspaces\EMWS1\Reg\EMREPORT.out" encoding="UTF-8" NOBOM;
MPRINT(EM_DIAGRAM):  ;
MPRINT(EM_DIAGRAM):   filename _OUTIN;
MPRINT(EM_DIAGRAM):    filename _OUT;
MPRINT(EM_DIAGRAM):    filename _emtool_ 'H:\746\Decision Tree test\Workspaces\EMWS1\Reg\EMRUNSTATUS.xml' encoding="UTF-8" NOBOM;
31633      proc freq data=EMWS1.Reg_VariableSet noprint;
MPRINT(EM_DIAGRAM):    proc freq data=EMWS1.Reg_VariableSet noprint;
31634      table ROLE*LEVEL/out=WORK.RegMETA;
MPRINT(EM_DIAGRAM):   table ROLE*LEVEL/out=WORK.RegMETA;
31635      run;
MPRINT(EM_DIAGRAM):   run;

NOTE: There were 52 observations read from the data set EMWS1.REG_VARIABLESET.
NOTE: The data set WORK.REGMETA has 6 observations and 4 variables.
NOTE: PROCEDURE FREQ used (Total process time):
      real time           0.09 seconds
      cpu time            0.03 seconds
      

31636      proc print data=WORK.RegMETA label noobs;
MPRINT(EM_DIAGRAM):   proc print data=WORK.RegMETA label noobs;
31637      var ROLE LEVEL COUNT;
MPRINT(EM_DIAGRAM):   var ROLE LEVEL COUNT;
31638      label ROLE = "%sysfunc(sasmsg(sashelp.dmine, meta_role_vlabel, NOQUOTE))" LEVEL = "%sysfunc(sasmsg(sashelp.dmine, meta_level_vlabel, NOQUOTE))" COUNT = "%sysfunc(sasmsg(sashelp.dmine, rpt_count_vlabel, NOQUOTE))";
MPRINT(EM_DIAGRAM):   label ROLE = "Role" LEVEL = "Measurement Level" COUNT = "Frequency Count";
31639      title9 ' ';
MPRINT(EM_DIAGRAM):   title9 ' ';
31640      title10 "%sysfunc(sasmsg(sashelp.dmine, rpt_varSummary_title  , NOQUOTE))";
MPRINT(EM_DIAGRAM):   title10 "Variable Summary";
MPRINT(EM_DIAGRAM):   run;
31641      run;

NOTE: There were 6 observations read from the data set WORK.REGMETA.
NOTE: The PROCEDURE PRINT printed page 3.
NOTE: PROCEDURE PRINT used (Total process time):
      real time           0.00 seconds
      cpu time            0.01 seconds
      

31642      title10;
MPRINT(EM_DIAGRAM):   title10;
31643      %let EMNORLEN = %DMNORLEN;
MPRINT(EM_DIAGRAM):   
EMWS1.Repl2_TRAIN EMWS1.Repl2_TRAIN 
EMWS1.Repl2_TRAIN EMWS1.Repl2_TRAIN EMWS1 Repl2_TRAIN 
EMWS1.Repl2_TRAIN EMWS1.Repl2_TRAIN 
EMWS1.Repl2_TRAIN EMWS1.Repl2_TRAIN EMWS1 Repl2_TRAIN 
MPRINT(EM_DIAGRAM):    proc dmdb data=EMWS1.Repl2_TRAIN classout=WORK._DMDBCLASSTARGET(keep=NAME NRAW CRAW LEVEL FREQUENCY NMISSPERCENT);
MPRINT(EM_DIAGRAM):   class Risk(DESC) ;
MPRINT(EM_DIAGRAM):   run;
Executing  SASHELP.EMCORE.EMINFOITERATOR.SCL _INIT >> 
Executing  SASHELP.EMCORE.EMINFOITERATOR.SCL setMetaData >> 
Executing  SASHELP.EMCORE.EMINFOITERATOR.SCL next >> 
Executing  SASHELP.EMCORE.EMINFOITERATOR.SCL setMetaData >> 
Executing  SASHELP.EMCORE.EMINFOITERATOR.SCL next >> 
Executing  SASHELP.EMCORE.EMINFOITERATOR.SCL _term >> 
MPRINT(EM_DIAGRAM):    data _null_;
MPRINT(EM_DIAGRAM):   set WORK._DMDBCLASSTARGET;
MPRINT(EM_DIAGRAM):   where ^(NRAW eq . and CRAW eq '') and NAME="Risk";
MPRINT(EM_DIAGRAM):   if _N_=1 then call symput('_newevent', strip(LEVEL));
MPRINT(EM_DIAGRAM):   run;
MPRINT(EM_DIAGRAM):   proc sort data=WORK._DMDBCLASSTARGET out=_TEMPCLASS(keep=LEVEL FREQUENCY NMISSPERCENT rename=(LEVEL=Risk));
MPRINT(EM_DIAGRAM):   by LEVEL;
MPRINT(EM_DIAGRAM):   where ^(NRAW eq . and CRAW eq '') and NAME="Risk";
MPRINT(EM_DIAGRAM):   run;
MPRINT(EM_DIAGRAM):   data _TEMPCLASS;
MPRINT(EM_DIAGRAM):   set _TEMPCLASS;
MPRINT(EM_DIAGRAM):   NMISSPERCENT= NMISSPERCENT/100;
MPRINT(EM_DIAGRAM):   run;
MPRINT(EM_DIAGRAM):    data _sortedDecData;
MPRINT(EM_DIAGRAM):   set EMWS1.Reg_Risk_DD;
MPRINT(EM_DIAGRAM):   _levelorder_=_N_;
MPRINT(EM_DIAGRAM):   run;
MPRINT(EM_DIAGRAM):   proc sort data=_sortedDecdata;
MPRINT(EM_DIAGRAM):   by Risk;
MPRINT(EM_DIAGRAM):   run;
MPRINT(EM_DIAGRAM):   data _null_;
MPRINT(EM_DIAGRAM):   merge _TEMPCLASS(in=_a) _sortedDecdata(in=_b);
MPRINT(EM_DIAGRAM):   by Risk;
MPRINT(EM_DIAGRAM):   if (_a and ^_b) or (^_a and _b) then call symput('_emresetDec', '1');
MPRINT(EM_DIAGRAM):   run;
MPRINT(EM_DIAGRAM):    data EMWS1.Reg_Risk_DD;
MPRINT(EM_DIAGRAM):   set EMWS1.Reg_Risk_DD;
MPRINT(EM_DIAGRAM):   _levelorder_=_N_;
MPRINT(EM_DIAGRAM):   run;
MPRINT(EM_DIAGRAM):   proc sort data=EMWS1.Reg_Risk_DD;
MPRINT(EM_DIAGRAM):   by Risk;
MPRINT(EM_DIAGRAM):   run;
MPRINT(EM_DIAGRAM):   data EMWS1.Reg_Risk_DD;
MPRINT(EM_DIAGRAM):   merge EMWS1.Reg_Risk_DD _TEMPCLASS(rename=(NMISSPERCENT=TRAINPRIOR FREQUENCY=COUNT));
MPRINT(EM_DIAGRAM):   by Risk;
MPRINT(EM_DIAGRAM):   run;
MPRINT(EM_DIAGRAM):   proc sort data=EMWS1.Reg_Risk_DD out=EMWS1.Reg_Risk_DD(drop=_levelorder_);
MPRINT(EM_DIAGRAM):   by _levelorder_;
MPRINT(EM_DIAGRAM):   run;
31690      data WORK.Reg_EVENT(KEEP=VARIABLE LABEL LEVEL EVENT NUMLEVELS ORDER);
MPRINT(EM_DIAGRAM):    data WORK.Reg_EVENT(KEEP=VARIABLE LABEL LEVEL EVENT NUMLEVELS ORDER);
31691      length ORDER $20;
MPRINT(EM_DIAGRAM):   length ORDER $20;
31692      label VARIABLE = "%sysfunc(sasmsg(sashelp.dmine, rpt_target_vlabel,  NOQUOTE))" EVENT = "%sysfunc(sasmsg(sashelp.dmine, assmt_event_vlabel, NOQUOTE))" NUMLEVELS = "%sysfunc(sasmsg(sashelp.dmine, rpt_numcat_vlabel, NOQUOTE))" LEVEL =
31693         "%sysfunc(sasmsg(sashelp.dmine, meta_level_vlabel, NOQUOTE))" ORDER = "%sysfunc(sasmsg(sashelp.dmine, meta_order_vlabel, NOQUOTE))" LABEL = "%sysfunc(sasmsg(sashelp.dmine, meta_label_vlabel, NOQUOTE))";
MPRINT(EM_DIAGRAM):   label VARIABLE = "Target" EVENT = "Event" NUMLEVELS = "Number of Levels" LEVEL = "Measurement Level" ORDER = "Order" LABEL = "Label";
31694      set EMWS1.REG_RISK_DM( where=(_TYPE_="TARGET"));
MPRINT(EM_DIAGRAM):   set EMWS1.REG_RISK_DM( where=(_TYPE_="TARGET"));
31695      NumLevels=2;
MPRINT(EM_DIAGRAM):   NumLevels=2;
31696      select(upcase(ORDER));
MPRINT(EM_DIAGRAM):   select(upcase(ORDER));
31697      when('DESC') ORDER = 'Descending';
MPRINT(EM_DIAGRAM):   when('DESC') ORDER = 'Descending';
31698      when('ASC') ORDER = 'Ascending';
MPRINT(EM_DIAGRAM):   when('ASC') ORDER = 'Ascending';
31699      when('FMTDESC') ORDER = 'Formatted Descending';
MPRINT(EM_DIAGRAM):   when('FMTDESC') ORDER = 'Formatted Descending';
31700      when('FMTASC') ORDER = 'Formatted Ascending';
MPRINT(EM_DIAGRAM):   when('FMTASC') ORDER = 'Formatted Ascending';
31701      otherwise ORDER = 'Descending';
MPRINT(EM_DIAGRAM):   otherwise ORDER = 'Descending';
31702      end;
MPRINT(EM_DIAGRAM):   end;
31703      output;
MPRINT(EM_DIAGRAM):   output;
31704      run;
MPRINT(EM_DIAGRAM):   run;

NOTE: There were 1 observations read from the data set EMWS1.REG_RISK_DM.
      WHERE _TYPE_='TARGET';
NOTE: The data set WORK.REG_EVENT has 1 observations and 6 variables.
NOTE: DATA statement used (Total process time):
      real time           0.03 seconds
      cpu time            0.00 seconds
      

31705      title9 ' ';
MPRINT(EM_DIAGRAM):   title9 ' ';
31706      proc print data=WORK.Reg_EVENT noobs label;
MPRINT(EM_DIAGRAM):   proc print data=WORK.Reg_EVENT noobs label;
31707      var VARIABLE EVENT LEVEL NUMLEVELS ORDER LABEL;
MPRINT(EM_DIAGRAM):   var VARIABLE EVENT LEVEL NUMLEVELS ORDER LABEL;
31708      title9 ' ';
MPRINT(EM_DIAGRAM):   title9 ' ';
31709      title10 "%sysfunc(sasmsg(sashelp.dmine, rpt_modelEvent_title  , NOQUOTE))";
MPRINT(EM_DIAGRAM):   title10 "Model Events";
MPRINT(EM_DIAGRAM):   run;
31710      run;

NOTE: There were 1 observations read from the data set WORK.REG_EVENT.
NOTE: The PROCEDURE PRINT printed page 4.
NOTE: PROCEDURE PRINT used (Total process time):
      real time           0.00 seconds
      cpu time            0.00 seconds
      

31711      title10;
MPRINT(EM_DIAGRAM):   title10;
"No decisions defined for target "Risk"." 
31712      proc print data = EMWS1.Reg_Risk_DM noobs label;
MPRINT(EM_DIAGRAM):    proc print data = EMWS1.Reg_Risk_DM noobs label;
31713      var _type_ variable label;
MPRINT(EM_DIAGRAM):   var _type_ variable label;
31714      where _type_ ^in('MATRIX', 'DECISION', 'TRAINPRIOR', 'DATAPRIOR', 'DECPRIOR');
MPRINT(EM_DIAGRAM):   where _type_ ^in('MATRIX', 'DECISION', 'TRAINPRIOR', 'DATAPRIOR', 'DECPRIOR');
31715      label _TYPE_ = "%sysfunc(sasmsg(sashelp.dmine, rpt_type_vlabel,     NOQUOTE))" VARIABLE = "%sysfunc(sasmsg(sashelp.dmine, rpt_variable_vlabel, NOQUOTE))" LABEL = "%sysfunc(sasmsg(sashelp.dmine, meta_label_vlabel, NOQUOTE))";
MPRINT(EM_DIAGRAM):   label _TYPE_ = "Type" VARIABLE = "Variable" LABEL = "Label";
31716      title9 ' ';
MPRINT(EM_DIAGRAM):   title9 ' ';
31717      title10 "%sysfunc(sasmsg(sashelp.dmine, rpt_predDecVars_title  , NOQUOTE))";
MPRINT(EM_DIAGRAM):   title10 "Predicted and decision variables";
MPRINT(EM_DIAGRAM):   run;
31718      run;

NOTE: There were 7 observations read from the data set EMWS1.REG_RISK_DM.
      WHERE _type_ not in ('DATAPRIOR', 'DECISION', 'DECPRIOR', 'MATRIX', 'TRAINPRIOR');
NOTE: The PROCEDURE PRINT printed page 5.
NOTE: PROCEDURE PRINT used (Total process time):
      real time           0.01 seconds
      cpu time            0.01 seconds
      

31719      title10;
MPRINT(EM_DIAGRAM):   title10;
MPRINT(EM_DIAGRAM):    *------------------------------------------------------------*;
MPRINT(EM_DIAGRAM):   * Reg: Preparing metadata for Training *------------------------------------------------------------*;
MPRINT(EM_DIAGRAM):   data WORK.M1D75FO_;
MPRINT(EM_DIAGRAM):   set WORK.M1D75FO_;
MPRINT(EM_DIAGRAM):   where use = 'Y' or (role = 'INPUT' and use = 'D') ;
MPRINT(EM_DIAGRAM):   if (role = 'REJECTED') then role = 'INPUT';
MPRINT(EM_DIAGRAM):   if use = 'D' then use = 'Y';
MPRINT(EM_DIAGRAM):   run;
31729      data WORK.M1D75FO_;
MPRINT(EM_DIAGRAM):    data WORK.M1D75FO_;
31730      set WORK.M1D75FO_ end=eof;
MPRINT(EM_DIAGRAM):   set WORK.M1D75FO_ end=eof;
31731      output;
MPRINT(EM_DIAGRAM):   output;
31732      if eof then do;
MPRINT(EM_DIAGRAM):   if eof then do;
31733      NAME="";
MPRINT(EM_DIAGRAM):   NAME="";
31734      ROLE="COST";
MPRINT(EM_DIAGRAM):   ROLE="COST";
31735      LEVEL="INTERVAL";
MPRINT(EM_DIAGRAM):   LEVEL="INTERVAL";
31736      TYPE="N";
MPRINT(EM_DIAGRAM):   TYPE="N";
31737      output;
MPRINT(EM_DIAGRAM):   output;
31738      end;
MPRINT(EM_DIAGRAM):   end;
31739      run;
MPRINT(EM_DIAGRAM):   run;

NOTE: There were 28 observations read from the data set WORK.M1D75FO_.
NOTE: The data set WORK.M1D75FO_ has 29 observations and 29 variables.
NOTE: DATA statement used (Total process time):
      real time           0.01 seconds
      cpu time            0.00 seconds
      

NOTE: There were 2 observations read from the data set EMWS1.REG_RISK_DD.
NOTE: The data set WORK.RISK has 2 observations and 7 variables.
NOTE: There were 2 observations read from the data set EMWS1.REG_RISK_DD.
NOTE: The data set WORK.RISK has 2 observations and 7 variables.
31740      *------------------------------------------------------------*;
MPRINT(EM_DIAGRAM):    *------------------------------------------------------------*;
31741      * Reg: Create decision matrix;
MPRINT(EM_DIAGRAM):   * Reg: Create decision matrix;
31742      *------------------------------------------------------------*;
MPRINT(EM_DIAGRAM):   *------------------------------------------------------------*;
31743      data WORK.Risk;
MPRINT(EM_DIAGRAM):   data WORK.Risk;
31744        length   Risk                             $  32
31745                 COUNT                                8
31746                 DATAPRIOR                            8
31747                 TRAINPRIOR                           8
31748                 DECPRIOR                             8
31749                 DECISION1                            8
31750                 DECISION2                            8
31751                 ;
MPRINT(EM_DIAGRAM):   length Risk $ 32 COUNT 8 DATAPRIOR 8 TRAINPRIOR 8 DECPRIOR 8 DECISION1 8 DECISION2 8 ;
31752      
31753        label    COUNT="Level Counts"
31754                 DATAPRIOR="Data Proportions"
31755                 TRAINPRIOR="Training Proportions"
31756                 DECPRIOR="Decision Priors"
31757                 DECISION1="1"
31758                 DECISION2="0"
31759                 ;
MPRINT(EM_DIAGRAM):   label COUNT= "Level Counts" DATAPRIOR= "Data Proportions" TRAINPRIOR= "Training Proportions" DECPRIOR= "Decision Priors" DECISION1= "1" DECISION2= "0" ;
31760        format   COUNT 10.
31761                 ;
MPRINT(EM_DIAGRAM):   format COUNT 10. ;
31762      Risk="1"; COUNT=54; DATAPRIOR=0.55445544554455; TRAINPRIOR=0.54; DECPRIOR=.; DECISION1=1; DECISION2=0;
MPRINT(EM_DIAGRAM):   Risk="1";
MPRINT(EM_DIAGRAM):   COUNT=54;
MPRINT(EM_DIAGRAM):   DATAPRIOR=0.55445544554455;
MPRINT(EM_DIAGRAM):   TRAINPRIOR=0.54;
MPRINT(EM_DIAGRAM):   DECPRIOR=.;
MPRINT(EM_DIAGRAM):   DECISION1=1;
MPRINT(EM_DIAGRAM):   DECISION2=0;
31763      output;
MPRINT(EM_DIAGRAM):   output;
31764      Risk="0"; COUNT=46; DATAPRIOR=0.44554455445544; TRAINPRIOR=0.46; DECPRIOR=.; DECISION1=0; DECISION2=1;
MPRINT(EM_DIAGRAM):   Risk="0";
MPRINT(EM_DIAGRAM):   COUNT=46;
MPRINT(EM_DIAGRAM):   DATAPRIOR=0.44554455445544;
MPRINT(EM_DIAGRAM):   TRAINPRIOR=0.46;
MPRINT(EM_DIAGRAM):   DECPRIOR=.;
MPRINT(EM_DIAGRAM):   DECISION1=0;
MPRINT(EM_DIAGRAM):   DECISION2=1;
31765      output;
MPRINT(EM_DIAGRAM):   output;
31766      ;
MPRINT(EM_DIAGRAM):   ;
31767      run;
MPRINT(EM_DIAGRAM):   run;

NOTE: The data set WORK.RISK has 2 observations and 7 variables.
NOTE: DATA statement used (Total process time):
      real time           0.00 seconds
      cpu time            0.01 seconds
      

31768      proc datasets lib=work nolist;
MPRINT(EM_DIAGRAM):   proc datasets lib=work nolist;
31769      modify Risk(type=PROFIT label=Risk);
MPRINT(EM_DIAGRAM):   modify Risk(type=PROFIT label= Risk);
MPRINT(EM_DIAGRAM):   label DECISION1= '1';
MPRINT(EM_DIAGRAM):   label DECISION2= '0';
MPRINT(EM_DIAGRAM):   run;
31770      label DECISION1= '1';
31771      label DECISION2= '0';
31772      run;

NOTE: MODIFY was successful for WORK.RISK.DATA.
31773      quit;
MPRINT(EM_DIAGRAM):   quit;

NOTE: PROCEDURE DATASETS used (Total process time):
      real time           0.02 seconds
      cpu time            0.01 seconds
      

31774      data EM_DMREG / view=EM_DMREG;
MPRINT(EM_DIAGRAM):   data EM_DMREG / view=EM_DMREG;
31775      set EMWS1.Repl2_TRAIN(keep=
31776      IMP_num_of_doors LOG_REP_IMP_price LOG_REP_compression_ratio
31777      LOG_REP_engine_size M_bore M_num_of_doors M_price M_stroke REP_IMP_bore
31778      REP_IMP_stroke REP_aspiration REP_body_style REP_city_mpg REP_curb_weight
31779      REP_drive_wheels REP_engine_location REP_fuel_system REP_fuel_type REP_height
31780      REP_highway_mpg REP_horsepower REP_length REP_num_of_cylinders REP_peak_rpm
31781      REP_wheel_base REP_width Risk engine_type );
MPRINT(EM_DIAGRAM):   set EMWS1.Repl2_TRAIN(keep= IMP_num_of_doors LOG_REP_IMP_price LOG_REP_compression_ratio LOG_REP_engine_size M_bore M_num_of_doors M_price M_stroke REP_IMP_bore REP_IMP_stroke REP_aspiration REP_body_style REP_city_mpg 
REP_curb_weight REP_drive_wheels REP_engine_location REP_fuel_system REP_fuel_type REP_height REP_highway_mpg REP_horsepower REP_length REP_num_of_cylinders REP_peak_rpm REP_wheel_base REP_width Risk engine_type );
31782      run;
MPRINT(EM_DIAGRAM):   run;

NOTE: DATA STEP view saved on file WORK.EM_DMREG.
NOTE: A stored DATA STEP view cannot run under a different operating system.
NOTE: View EMWS1.REPL2_TRAIN.VIEW used (Total process time):
      real time           0.19 seconds
      cpu time            0.18 seconds
      
NOTE: DATA statement used (Total process time):
      real time           0.22 seconds
      cpu time            0.20 seconds
      

MPRINT(EM_DIAGRAM):   *------------------------------------------------------------* ;
MPRINT(EM_DIAGRAM):   * Reg: DMDBClass Macro ;
MPRINT(EM_DIAGRAM):   *------------------------------------------------------------* ;
31783      *------------------------------------------------------------* ;
31784      * Reg: DMDBClass Macro ;
31785      *------------------------------------------------------------* ;
31786      %macro DMDBClass;
31787          IMP_num_of_doors(ASC) M_bore(ASC) M_num_of_doors(ASC) M_price(ASC)
31788         M_stroke(ASC) REP_aspiration(ASC) REP_body_style(ASC) REP_drive_wheels(ASC)
31789         REP_engine_location(ASC) REP_fuel_system(ASC) REP_fuel_type(ASC)
31790         REP_num_of_cylinders(ASC) Risk(DESC) engine_type(ASC)
31791      %mend DMDBClass;
31792      *------------------------------------------------------------* ;
MPRINT(EM_DIAGRAM):   *------------------------------------------------------------* ;
31793      * Reg: DMDBVar Macro ;
MPRINT(EM_DIAGRAM):   * Reg: DMDBVar Macro ;
31794      *------------------------------------------------------------* ;
MPRINT(EM_DIAGRAM):   *------------------------------------------------------------* ;
31795      %macro DMDBVar;
31796          LOG_REP_IMP_price LOG_REP_compression_ratio LOG_REP_engine_size REP_IMP_bore
31797         REP_IMP_stroke REP_city_mpg REP_curb_weight REP_height REP_highway_mpg
31798         REP_horsepower REP_length REP_peak_rpm REP_wheel_base REP_width
31799      %mend DMDBVar;
31800      *------------------------------------------------------------*;
MPRINT(EM_DIAGRAM):   *------------------------------------------------------------*;
31801      * Reg: Create DMDB;
MPRINT(EM_DIAGRAM):   * Reg: Create DMDB;
31802      *------------------------------------------------------------*;
MPRINT(EM_DIAGRAM):   *------------------------------------------------------------*;
31803      proc dmdb batch data=WORK.EM_DMREG
31804      dmdbcat=WORK.Reg_DMDB
31805      maxlevel = 513
31806      ;
MPRINT(EM_DIAGRAM):   proc dmdb batch data=WORK.EM_DMREG dmdbcat=WORK.Reg_DMDB maxlevel = 513 ;
MPRINT(EM_DIAGRAM):   class
31807      class %DMDBClass;
MPRINT(DMDBCLASS):   IMP_num_of_doors(ASC) M_bore(ASC) M_num_of_doors(ASC) M_price(ASC) M_stroke(ASC) REP_aspiration(ASC) REP_body_style(ASC) REP_drive_wheels(ASC) REP_engine_location(ASC) REP_fuel_system(ASC) REP_fuel_type(ASC) REP_num_of_cylinders(ASC) 
Risk(DESC) engine_type(ASC)
MPRINT(EM_DIAGRAM):  ;
MPRINT(EM_DIAGRAM):   var
31808      var %DMDBVar;
MPRINT(DMDBVAR):   LOG_REP_IMP_price LOG_REP_compression_ratio LOG_REP_engine_size REP_IMP_bore REP_IMP_stroke REP_city_mpg REP_curb_weight REP_height REP_highway_mpg REP_horsepower REP_length REP_peak_rpm REP_wheel_base REP_width
MPRINT(EM_DIAGRAM):  ;
31809      target
31810      Risk
31811      ;
MPRINT(EM_DIAGRAM):   target Risk ;
31812      run;
MPRINT(EM_DIAGRAM):   run;

NOTE: Records processed = 100   Memory used = 511K.
NOTE: There were 100 observations read from the data set EMWS1.PART_TRAIN.
NOTE: There were 100 observations read from the data set EMWS1.IMPT_TRAIN.
NOTE: There were 100 observations read from the data set EMWS1.REPL_TRAIN.
NOTE: There were 100 observations read from the data set EMWS1.TRANS_TRAIN.
NOTE: View WORK.EM_DMREG.VIEW used (Total process time):
      real time           0.28 seconds
      cpu time            0.25 seconds
      
NOTE: There were 100 observations read from the data set EMWS1.REPL2_TRAIN.
NOTE: There were 100 observations read from the data set WORK.EM_DMREG.
NOTE: PROCEDURE DMDB used (Total process time):
      real time           0.30 seconds
      cpu time            0.26 seconds
      

MPRINT(EM_DIAGRAM):   quit;
MPRINT(EM_DIAGRAM):   *--- end code ---*;
31813      quit;
31814      *--- end code ---*;

31815      *------------------------------------------------------------*;
MPRINT(EM_DIAGRAM):    *------------------------------------------------------------*;
31816      * Reg: Run DMREG procedure;
MPRINT(EM_DIAGRAM):   * Reg: Run DMREG procedure;
31817      *------------------------------------------------------------*;
MPRINT(EM_DIAGRAM):   *------------------------------------------------------------*;
31818      proc dmreg data=EM_DMREG dmdbcat=WORK.Reg_DMDB
31819      validata = EMWS1.Repl2_VALIDATE
31820      outest = EMWS1.Reg_EMESTIMATE
31821      outterms = EMWS1.Reg_OUTTERMS
31822      outmap= EMWS1.Reg_MAPDS namelen=200
31823      ;
MPRINT(EM_DIAGRAM):   proc dmreg data=EM_DMREG dmdbcat=WORK.Reg_DMDB validata = EMWS1.Repl2_VALIDATE outest = EMWS1.Reg_EMESTIMATE outterms = EMWS1.Reg_OUTTERMS outmap= EMWS1.Reg_MAPDS namelen=200 ;
31824      class
31825      Risk
31826      IMP_num_of_doors
31827      M_bore
31828      M_num_of_doors
31829      M_price
31830      M_stroke
31831      REP_aspiration
31832      REP_body_style
31833      REP_drive_wheels
31834      REP_engine_location
31835      REP_fuel_system
31836      REP_fuel_type
31837      REP_num_of_cylinders
31838      engine_type
31839      ;
MPRINT(EM_DIAGRAM):   class Risk IMP_num_of_doors M_bore M_num_of_doors M_price M_stroke REP_aspiration REP_body_style REP_drive_wheels REP_engine_location REP_fuel_system REP_fuel_type REP_num_of_cylinders engine_type ;
31840      model Risk =
31841      IMP_num_of_doors
31842      LOG_REP_IMP_price
31843      LOG_REP_compression_ratio
31844      LOG_REP_engine_size
31845      M_bore
31846      M_num_of_doors
31847      M_price
31848      M_stroke
31849      REP_IMP_bore
31850      REP_IMP_stroke
31851      REP_aspiration
31852      REP_body_style
31853      REP_city_mpg
31854      REP_curb_weight
31855      REP_drive_wheels
31856      REP_engine_location
31857      REP_fuel_system
31858      REP_fuel_type
31859      REP_height
31860      REP_highway_mpg
31861      REP_horsepower
31862      REP_length
31863      REP_num_of_cylinders
31864      REP_peak_rpm
31865      REP_wheel_base
31866      REP_width
31867      engine_type
31868      /error=binomial link=LOGIT
31869      coding=DEVIATION
31870      nodesignprint
31871      ;
MPRINT(EM_DIAGRAM):   model Risk = IMP_num_of_doors LOG_REP_IMP_price LOG_REP_compression_ratio LOG_REP_engine_size M_bore M_num_of_doors M_price M_stroke REP_IMP_bore REP_IMP_stroke REP_aspiration REP_body_style REP_city_mpg REP_curb_weight 
REP_drive_wheels REP_engine_location REP_fuel_system REP_fuel_type REP_height REP_highway_mpg REP_horsepower REP_length REP_num_of_cylinders REP_peak_rpm REP_wheel_base REP_width engine_type /error=binomial link=LOGIT coding=DEVIATION nodesignprint ;
31872      ;
MPRINT(EM_DIAGRAM):   ;
31873      code file="H:\746\Decision Tree test\Workspaces\EMWS1\Reg\EMPUBLISHSCORE.sas"
31874      group=Reg
31875      ;
MPRINT(EM_DIAGRAM):   code file="H:\746\Decision Tree test\Workspaces\EMWS1\Reg\EMPUBLISHSCORE.sas" group=Reg ;
31876      code file="H:\746\Decision Tree test\Workspaces\EMWS1\Reg\EMFLOWSCORE.sas"
31877      group=Reg
31878      residual
31879      ;
MPRINT(EM_DIAGRAM):   code file="H:\746\Decision Tree test\Workspaces\EMWS1\Reg\EMFLOWSCORE.sas" group=Reg residual ;
31880      run;
MPRINT(EM_DIAGRAM):   run;


NOTE: PROC DMREG is modeling the probability that Risk='1'.
NOTE: Convergence criterion (ABSGCONV=0.00001) satisfied.
NOTE: External file H:\746\Decision Tree test\Workspaces\EMWS1\Reg\EMPUBLISHSCORE.sas opened.
NOTE: External file H:\746\Decision Tree test\Workspaces\EMWS1\Reg\EMFLOWSCORE.sas opened.
NOTE: There were 100 observations read from the data set EMWS1.PART_VALIDATE.
NOTE: There were 100 observations read from the data set EMWS1.IMPT_VALIDATE.
NOTE: There were 100 observations read from the data set EMWS1.REPL_VALIDATE.
NOTE: View EMWS1.REPL2_VALIDATE.VIEW used (Total process time):
      real time           0.84 seconds
      cpu time            0.40 seconds
      
NOTE: There were 100 observations read from the data set EMWS1.TRANS_VALIDATE.
NOTE: There were 100 observations read from the data set EMWS1.PART_TRAIN.
NOTE: There were 100 observations read from the data set EMWS1.IMPT_TRAIN.
NOTE: There were 100 observations read from the data set EMWS1.REPL_TRAIN.
NOTE: There were 100 observations read from the data set EMWS1.TRANS_TRAIN.
NOTE: View WORK.EM_DMREG.VIEW used (Total process time):
      real time           1.10 seconds
      cpu time            0.64 seconds
      
NOTE: There were 100 observations read from the data set EMWS1.REPL2_TRAIN.
NOTE: There were 100 observations read from the data set WORK.EM_DMREG.
NOTE: There were 100 observations read from the data set EMWS1.REPL2_VALIDATE.
NOTE: The data set EMWS1.REG_EMESTIMATE has 3 observations and 69 variables.
NOTE: The data set EMWS1.REG_OUTTERMS has 35 observations and 6 variables.
NOTE: The data set EMWS1.REG_MAPDS has 2 observations and 36 variables.
NOTE: The PROCEDURE DMREG printed pages 6-7.
NOTE: PROCEDURE DMREG used (Total process time):
      real time           1.28 seconds
      cpu time            0.68 seconds
      

MPRINT(EM_DIAGRAM):   quit;
31881      quit;

31882      proc datasets lib=WORK nolist;
MPRINT(EM_DIAGRAM):    proc datasets lib=WORK nolist;
31883      delete Reg_DMDB;
MPRINT(EM_DIAGRAM):   delete Reg_DMDB;
31884      run;
MPRINT(EM_DIAGRAM):   run;

NOTE: The file WORK.REG_DMDB (memtype=DATA) was not found, but appears on a DELETE statement.
31885      quit;
MPRINT(EM_DIAGRAM):   quit;

NOTE: PROCEDURE DATASETS used (Total process time):
      real time           0.00 seconds
      cpu time            0.00 seconds
      

31886      proc datasets lib=WORK nolist;
MPRINT(EM_DIAGRAM):    proc datasets lib=WORK nolist;
31887      delete Reg_DMDB / memtype=catalog;
MPRINT(EM_DIAGRAM):   delete Reg_DMDB / memtype=catalog;
31888      run;
MPRINT(EM_DIAGRAM):   run;

NOTE: Deleting WORK.REG_DMDB (memtype=CATALOG).
31889      quit;
MPRINT(EM_DIAGRAM):   quit;

NOTE: PROCEDURE DATASETS used (Total process time):
      real time           0.00 seconds
      cpu time            0.00 seconds
      

31890      data WORK.ESTIMATE;
MPRINT(EM_DIAGRAM):    data WORK.ESTIMATE;
31891      length _NAME_ $32;
MPRINT(EM_DIAGRAM):   length _NAME_ $32;
31892      set EMWS1.Reg_EMESTIMATE;
MPRINT(EM_DIAGRAM):   set EMWS1.Reg_EMESTIMATE;
31893      drop _AIC_--_VMISC_;
MPRINT(EM_DIAGRAM):   drop _AIC_--_VMISC_;
31894      where _TYPE_ in('PARMS', 'T', 'P');
MPRINT(EM_DIAGRAM):   where _TYPE_ in('PARMS', 'T', 'P');
31895      select(_TYPE_);
MPRINT(EM_DIAGRAM):   select(_TYPE_);
31896      when('PARMS') _NAME_='Coefficient';
MPRINT(EM_DIAGRAM):   when('PARMS') _NAME_='Coefficient';
31897      when('T') _NAME_='tValue';
MPRINT(EM_DIAGRAM):   when('T') _NAME_='tValue';
31898      when('P') _NAME_='PValue';
MPRINT(EM_DIAGRAM):   when('P') _NAME_='PValue';
31899      otherwise;
MPRINT(EM_DIAGRAM):   otherwise;
31900      end;
MPRINT(EM_DIAGRAM):   end;
31901      run;
MPRINT(EM_DIAGRAM):   run;

NOTE: There were 3 observations read from the data set EMWS1.REG_EMESTIMATE.
      WHERE _TYPE_ in ('P', 'PARMS', 'T');
NOTE: The data set WORK.ESTIMATE has 3 observations and 37 variables.
NOTE: DATA statement used (Total process time):
      real time           3.77 seconds
      cpu time            0.01 seconds
      

31902      proc transpose data=WORK.ESTIMATE out=WORK.ESTIMATE(rename=(_NAME_=Effect));
MPRINT(EM_DIAGRAM):   proc transpose data=WORK.ESTIMATE out=WORK.ESTIMATE(rename=(_NAME_=Effect));
31903      run;
MPRINT(EM_DIAGRAM):   run;

NOTE: There were 3 observations read from the data set WORK.ESTIMATE.
NOTE: The data set WORK.ESTIMATE has 35 observations and 5 variables.
NOTE: PROCEDURE TRANSPOSE used (Total process time):
      real time           0.14 seconds
      cpu time            0.00 seconds
      

31904      proc transpose data=EMWS1.Reg_MAPDS out=WORK.MAP(rename=(_NAME_=Effect INPUT=Variable
31905      ));
MPRINT(EM_DIAGRAM):   proc transpose data=EMWS1.Reg_MAPDS out=WORK.MAP(rename=(_NAME_=Effect INPUT=Variable ));
31906      var 'IMP_num_of_doors2'n--'engine_typeOHCV'n;
MPRINT(EM_DIAGRAM):   var 'IMP_num_of_doors2'n--'engine_typeOHCV'n;
31907      run;
MPRINT(EM_DIAGRAM):   run;

NOTE: There were 2 observations read from the data set EMWS1.REG_MAPDS.
NOTE: The data set WORK.MAP has 34 observations and 4 variables.
NOTE: PROCEDURE TRANSPOSE used (Total process time):
      real time           0.03 seconds
      cpu time            0.01 seconds
      

31908      proc sort data=WORK.MAP;
MPRINT(EM_DIAGRAM):   proc sort data=WORK.MAP;
31909      by Effect;
MPRINT(EM_DIAGRAM):   by Effect;
31910      run;
MPRINT(EM_DIAGRAM):   run;

NOTE: There were 34 observations read from the data set WORK.MAP.
NOTE: The data set WORK.MAP has 34 observations and 4 variables.
NOTE: PROCEDURE SORT used (Total process time):
      real time           0.01 seconds
      cpu time            0.00 seconds
      

31911      proc sort data=WORK.ESTIMATE;
MPRINT(EM_DIAGRAM):   proc sort data=WORK.ESTIMATE;
31912      by Effect;
MPRINT(EM_DIAGRAM):   by Effect;
31913      run;
MPRINT(EM_DIAGRAM):   run;

NOTE: There were 35 observations read from the data set WORK.ESTIMATE.
NOTE: The data set WORK.ESTIMATE has 35 observations and 5 variables.
NOTE: PROCEDURE SORT used (Total process time):
      real time           0.01 seconds
      cpu time            0.00 seconds
      

31914      data EMWS1.Reg_EFFECTS(rename=(_LABEL_=EffectLabel));
MPRINT(EM_DIAGRAM):   data EMWS1.Reg_EFFECTS(rename=(_LABEL_=EffectLabel));
31915      length Variable ClassLevel $32;
MPRINT(EM_DIAGRAM):   length Variable ClassLevel $32;
31916      merge WORK.ESTIMATE WORK.MAP;
MPRINT(EM_DIAGRAM):   merge WORK.ESTIMATE WORK.MAP;
31917      by Effect;
MPRINT(EM_DIAGRAM):   by Effect;
31918      label Effect = "%sysfunc(sasmsg(sashelp.dmine, rpt_effect_vlabel, NOQUOTE))" Variable = "%sysfunc(sasmsg(sashelp.dmine, rpt_variable_vlabel, NOQUOTE))" Sign = "%sysfunc(sasmsg(sashelp.dmine, rpt_sign_vlabel, NOQUOTE))" ClassLevel =
31919         "%sysfunc(sasmsg(sashelp.dmine, rpt_level_vlabel, NOQUOTE))" Abscoefficient = "%sysfunc(sasmsg(sashelp.dmine, rpt_abscoefficient_vlabel, NOQUOTE))" Coefficient = "%sysfunc(sasmsg(sashelp.dmine, rpt_coefficient_vlabel, NOQUOTE))" _LABEL_ =
31920         "%sysfunc(sasmsg(sashelp.dmine, rpt_effectLabel_vlabel, NOQUOTE))" CODE = "%sysfunc(sasmsg(sashelp.dmine, rpt_scorecodevar_vlabel, NOQUOTE))";
MPRINT(EM_DIAGRAM):   label Effect = "Effect" Variable = "Variable" Sign = "Sign" ClassLevel = "Level" Abscoefficient = "Absolute Coefficient" Coefficient = "Coefficient" _LABEL_ = "Effect Label" CODE = "Score Code Variable";
31921      label tvalue = "%sysfunc(sasmsg(sashelp.dmine, rpt_tvalue_vlabel,         NOQUOTE))" abstvalue = "%sysfunc(sasmsg(sashelp.dmine, rpt_absoluteTvalue_vlabel, NOQUOTE))" PValue = "%sysfunc(sasmsg(sashelp.dmine, rpt_pvalue_vlabel,         NOQUOTE))"
31921    ! ;
MPRINT(EM_DIAGRAM):   label tvalue = "T-value" abstvalue = "Absolute T-value" PValue = "P Value";
31922      abstvalue = abs(tValue);
MPRINT(EM_DIAGRAM):   abstvalue = abs(tValue);
31923      if index(Effect, 'Intercept') then do;
MPRINT(EM_DIAGRAM):   if index(Effect, 'Intercept') then do;
31924      variable = 'Intercept';
MPRINT(EM_DIAGRAM):   variable = 'Intercept';
31925      classLevel = scan(_LABEL_, 2, '=');
MPRINT(EM_DIAGRAM):   classLevel = scan(_LABEL_, 2, '=');
31926      end;
MPRINT(EM_DIAGRAM):   end;
31927      if ^indexc(variable, '*') then do;
MPRINT(EM_DIAGRAM):   if ^indexc(variable, '*') then do;
31928      if length(effect)>length(variable) then classlevel = substr(Effect, length(variable)+1);
MPRINT(EM_DIAGRAM):   if length(effect)>length(variable) then classlevel = substr(Effect, length(variable)+1);
31929      end;
MPRINT(EM_DIAGRAM):   end;
31930      if Effect eq '' then Effect = Variable;
MPRINT(EM_DIAGRAM):   if Effect eq '' then Effect = Variable;
31931      if coefficient < 0 then sign = '-';
MPRINT(EM_DIAGRAM):   if coefficient < 0 then sign = '-';
31932      else sign = '+';
MPRINT(EM_DIAGRAM):   else sign = '+';
31933      abscoefficient = abs(coefficient);
MPRINT(EM_DIAGRAM):   abscoefficient = abs(coefficient);
31934      if _LABEL_ = '' then _LABEL_ = Effect;
MPRINT(EM_DIAGRAM):   if _LABEL_ = '' then _LABEL_ = Effect;
31935      if coefficient ne . then output;
MPRINT(EM_DIAGRAM):   if coefficient ne . then output;
31936      run;
MPRINT(EM_DIAGRAM):   run;

NOTE: Missing values were generated as a result of performing an operation on missing values.
      Each place is given by: (Number of times) at (Line):(Column).
      7 at 31922:13   
NOTE: There were 35 observations read from the data set WORK.ESTIMATE.
NOTE: There were 34 observations read from the data set WORK.MAP.
NOTE: The data set EMWS1.REG_EFFECTS has 35 observations and 11 variables.
NOTE: DATA statement used (Total process time):
      real time           0.06 seconds
      cpu time            0.03 seconds
      

31937      proc sort data =EMWS1.Reg_EFFECTS;
MPRINT(EM_DIAGRAM):    proc sort data =EMWS1.Reg_EFFECTS;
31938      by
31939      descending abstvalue;
MPRINT(EM_DIAGRAM):   by descending abstvalue;
31940      run;
MPRINT(EM_DIAGRAM):   run;

NOTE: There were 35 observations read from the data set EMWS1.REG_EFFECTS.
NOTE: The data set EMWS1.REG_EFFECTS has 35 observations and 11 variables.
NOTE: PROCEDURE SORT used (Total process time):
      real time           0.11 seconds
      cpu time            0.01 seconds
      

31941      data EMWS1.Reg_EFFECTS;
MPRINT(EM_DIAGRAM):   data EMWS1.Reg_EFFECTS;
31942      set EMWS1.Reg_EFFECTS;
MPRINT(EM_DIAGRAM):   set EMWS1.Reg_EFFECTS;
31943      format TEffectNum 3.;
MPRINT(EM_DIAGRAM):   format TEffectNum 3.;
31944      label TEffectNum = "%sysfunc(sasmsg(sashelp.dmine, rpt_teffectnum_vlabel, NOQUOTE))";
MPRINT(EM_DIAGRAM):   label TEffectNum = "TScore Number";
31945      retain TEffectNum;
MPRINT(EM_DIAGRAM):   retain TEffectNum;
31946      TEffectNum = _N_;
MPRINT(EM_DIAGRAM):   TEffectNum = _N_;
31947      run;
MPRINT(EM_DIAGRAM):   run;

NOTE: There were 35 observations read from the data set EMWS1.REG_EFFECTS.
NOTE: The data set EMWS1.REG_EFFECTS has 35 observations and 12 variables.
NOTE: DATA statement used (Total process time):
      real time           0.10 seconds
      cpu time            0.03 seconds
      

31948      proc sort data =EMWS1.Reg_EFFECTS;
MPRINT(EM_DIAGRAM):    proc sort data =EMWS1.Reg_EFFECTS;
31949      by
31950      descending absCoefficient;
MPRINT(EM_DIAGRAM):   by descending absCoefficient;
31951      run;
MPRINT(EM_DIAGRAM):   run;

NOTE: There were 35 observations read from the data set EMWS1.REG_EFFECTS.
NOTE: The data set EMWS1.REG_EFFECTS has 35 observations and 12 variables.
NOTE: PROCEDURE SORT used (Total process time):
      real time           0.07 seconds
      cpu time            0.01 seconds
      

31952      data EMWS1.Reg_EFFECTS;
MPRINT(EM_DIAGRAM):   data EMWS1.Reg_EFFECTS;
31953      set EMWS1.Reg_EFFECTS;
MPRINT(EM_DIAGRAM):   set EMWS1.Reg_EFFECTS;
31954      format EffectNum 3.;
MPRINT(EM_DIAGRAM):   format EffectNum 3.;
31955      label EffectNum = "%sysfunc(sasmsg(sashelp.dmine, rpt_effectnum_vlabel, NOQUOTE))";
MPRINT(EM_DIAGRAM):   label EffectNum = "Effect Number";
31956      retain EffectNum;
MPRINT(EM_DIAGRAM):   retain EffectNum;
31957      EffectNum = _N_;
MPRINT(EM_DIAGRAM):   EffectNum = _N_;
31958      run;
MPRINT(EM_DIAGRAM):   run;

NOTE: There were 35 observations read from the data set EMWS1.REG_EFFECTS.
NOTE: The data set EMWS1.REG_EFFECTS has 35 observations and 13 variables.
NOTE: DATA statement used (Total process time):
      real time           0.07 seconds
      cpu time            0.03 seconds
      

MPRINT(EM_DIAGRAM):    proc printto;
MPRINT(EM_DIAGRAM):   run;
