 
                                                                                               
 
 
Fit Statistics

Target=Risk Target Label=' '

   Fit
Statistics    Statistics Label                     Train    Validation

 _DFT_        Total Degrees of Freedom           100.000         .    
 _DFE_        Degrees of Freedom for Error        84.000         .    
 _DFM_        Model Degrees of Freedom            16.000         .    
 _NW_         Number of Estimated Weights         16.000         .    
 _AIC_        Akaike's Information Criterion      99.415         .    
 _SBC_        Schwarz's Bayesian Criterion       141.097         .    
 _ASE_        Average Squared Error                0.108        0.071 
 _MAX_        Maximum Absolute Error               0.944        0.857 
 _DIV_        Divisor for ASE                    200.000      200.000 
 _NOBS_       Sum of Frequencies                 100.000      100.000 
 _RASE_       Root Average Squared Error           0.329        0.266 
 _SSE_        Sum of Squared Errors               21.682       14.153 
 _SUMW_       Sum of Case Weights Times Freq     200.000      200.000 
 _FPE_        Final Prediction Error               0.150         .    
 _MSE_        Mean Squared Error                   0.129        0.071 
 _RFPE_       Root Final Prediction Error          0.387         .    
 _RMSE_       Root Mean Squared Error              0.359        0.266 
 _AVERR_      Average Error Function               0.337        0.238 
 _ERR_        Error Function                      67.415       47.503 
 _MISC_       Misclassification Rate               0.140        0.080 
 _WRONG_      Number of Wrong Classifications     14.000        8.000 
 
                                                                                               
 
 
Classification Table

Data Role=TRAIN Target Variable=Risk Target Label=' '

                       Target        Outcome     Frequency       Total
Target    Outcome    Percentage    Percentage      Count      Percentage

  0          0           82          89.1304         41           41    
  1          0           18          16.6667          9            9    
  0          1           10          10.8696          5            5    
  1          1           90          83.3333         45           45    


Data Role=VALIDATE Target Variable=Risk Target Label=' '

                       Target        Outcome     Frequency       Total
Target    Outcome    Percentage    Percentage      Count      Percentage

  0          0         91.1111       91.1111         41           41    
  1          0          8.8889        7.2727          4            4    
  0          1          7.2727        8.8889          4            4    
  1          1         92.7273       92.7273         51           51    
 
                                                                                               
 
 
Event Classification Table

Data Role=TRAIN Target=Risk Target Label=' '

  False       True        False       True
Negative    Negative    Positive    Positive

    9          41           5          45   


Data Role=VALIDATE Target=Risk Target Label=' '

  False       True        False       True
Negative    Negative    Positive    Positive

    4          41           4          51   
 
                                                                                               
 
 
Assessment Score Rankings

Data Role=TRAIN Target Variable=Risk Target Label=' '

                                                                                    Mean
                            Cumulative       %      Cumulative     Number of     Posterior
Depth     Gain      Lift       Lift      Response   % Response   Observations   Probability

   5    85.1852   1.85185     1.85185       100       100.000          5          0.99904  
  10    85.1852   1.85185     1.85185       100       100.000          5          0.99613  
  15    85.1852   1.85185     1.85185       100       100.000          5          0.99071  
  20    85.1852   1.85185     1.85185       100       100.000          5          0.98274  
  25    85.1852   1.85185     1.85185       100       100.000          5          0.93961  
  30    85.1852   1.85185     1.85185       100       100.000          5          0.89984  
  35    74.6032   1.11111     1.74603        60        94.286          5          0.85846  
  40    75.9259   1.85185     1.75926       100        95.000          5          0.83095  
  45    72.8395   1.48148     1.72840        80        93.333          5          0.77126  
  50    66.6667   1.11111     1.66667        60        90.000          5          0.56787  
  55    58.2492   0.74074     1.58249        40        85.455          5          0.44985  
  60    48.1481   0.37037     1.48148        20        80.000          5          0.40386  
  65    42.4501   0.74074     1.42450        40        76.923          5          0.35379  
  70    34.9206   0.37037     1.34921        20        72.857          5          0.34023  
  75    29.0123   0.46296     1.29012        25        69.667          5          0.20751  
  80    22.6852   0.27778     1.22685        15        66.250          5          0.13175  
  85    17.6471   0.37037     1.17647        20        63.529          5          0.05954  
  90    11.1111   0.00000     1.11111         0        60.000          5          0.03385  
  95     5.2632   0.00000     1.05263         0        56.842          5          0.01943  
 100     0.0000   0.00000     1.00000         0        54.000          5          0.00936  


Data Role=VALIDATE Target Variable=Risk Target Label=' '

                                                                                    Mean
                            Cumulative       %      Cumulative     Number of     Posterior
Depth     Gain      Lift       Lift      Response   % Response   Observations   Probability

   5    81.8182   1.81818     1.81818       100       100.000          5          0.99867  
  10    81.8182   1.81818     1.81818       100       100.000          5          0.99598  
  15    81.8182   1.81818     1.81818       100       100.000          5          0.99208  
  20    81.8182   1.81818     1.81818       100       100.000          5          0.98304  
  25    81.8182   1.81818     1.81818       100       100.000          5          0.94058  
  30    81.8182   1.81818     1.81818       100       100.000          5          0.90177  
  35    81.8182   1.81818     1.81818       100       100.000          5          0.88560  
  40    72.7273   1.09091     1.72727        60        95.000          5          0.85687  
  45    73.7374   1.81818     1.73737       100        95.556          5          0.82649  
  50    74.5455   1.81818     1.74545       100        96.000          5          0.79235  
  55    68.5950   1.09091     1.68595        60        92.727          5          0.61358  
  60    57.5758   0.36364     1.57576        20        86.667          5          0.42655  
  65    51.0490   0.72727     1.51049        40        83.077          5          0.37551  
  70    42.8571   0.36364     1.42857        20        78.571          5          0.34596  
  75    33.3333   0.00000     1.33333         0        73.333          5          0.29303  
  80    25.0000   0.00000     1.25000         0        68.750          5          0.07853  
  85    17.6471   0.00000     1.17647         0        64.706          5          0.04697  
  90    11.1111   0.00000     1.11111         0        61.111          5          0.02969  
  95     5.2632   0.00000     1.05263         0        57.895          5          0.02266  
 100     0.0000   0.00000     1.00000         0        55.000          5          0.01198  
 
                                                                                               
 
 
Assessment Score Distribution

Data Role=TRAIN Target Variable=Risk Target Label=' '

 Posterior     Number                     Mean
Probability      of      Number of     Posterior
   Range       Events    Nonevents    Probability    Percentage

 0.95-1.00       22           0         0.98996          22    
 0.90-0.95        7           0         0.90994           7    
 0.85-0.90        2           2         0.87281           4    
 0.80-0.85        9           1         0.82947          10    
 0.75-0.80        1           0         0.77598           1    
 0.60-0.65        2           0         0.63309           2    
 0.55-0.60        0           2         0.58655           2    
 0.50-0.55        2           0         0.51659           2    
 0.45-0.50        1           3         0.45920           4    
 0.40-0.45        2           3         0.40972           5    
 0.35-0.40        2           1         0.37040           3    
 0.30-0.35        1           7         0.34276           8    
 0.20-0.25        1           3         0.22094           4    
 0.15-0.20        1           3         0.15378           4    
 0.10-0.15        0           1         0.10186           1    
 0.05-0.10        1           6         0.06349           7    
 0.00-0.05        0          14         0.01872          14    


Data Role=VALIDATE Target Variable=Risk Target Label=' '

 Posterior     Number                     Mean
Probability      of      Number of     Posterior
   Range       Events    Nonevents    Probability    Percentage

 0.95-1.00       22           0         0.99044          22    
 0.90-0.95        7           0         0.91132           7    
 0.85-0.90        8           1         0.88000           9    
 0.80-0.85        8           1         0.82811           9    
 0.75-0.80        3           1         0.77344           4    
 0.60-0.65        2           0         0.63309           2    
 0.50-0.55        1           1         0.51659           2    
 0.45-0.50        0           2         0.45948           2    
 0.40-0.45        1           1         0.40697           2    
 0.35-0.40        3           4         0.37735           7    
 0.30-0.35        0           6         0.34075           6    
 0.25-0.30        0           2         0.28285           2    
 0.20-0.25        0           1         0.22073           1    
 0.10-0.15        0           2         0.10487           2    
 0.05-0.10        0           7         0.05536           7    
 0.00-0.05        0          16         0.02199          16    
