MPRINT(EM_DIAGRAM):    data _null_;
MPRINT(EM_DIAGRAM):   call symput('NLDATE', strip(put(date(), NLDATE.)));
MPRINT(EM_DIAGRAM):   call symput('NLTIME', strip(put(datetime(), NLTIME.)));
MPRINT(EM_DIAGRAM):   run;
MPRINT(EM_DIAGRAM):   data _null_;
MPRINT(EM_DIAGRAM):   nldate= sasmsg("sashelp.dmine", "log_date_note", 'N', "April 16, 2021" );
MPRINT(EM_DIAGRAM):   nltime= sasmsg("sashelp.dmine", "log_time_note", 'N', "11:34:35 o'clock" 
);
MPRINT(EM_DIAGRAM):   put "*------------------------------------------------------------*";
MPRINT(EM_DIAGRAM):   put "* Score Log";
MPRINT(EM_DIAGRAM):   put nldate;
MPRINT(EM_DIAGRAM):   put nltime;
MPRINT(EM_DIAGRAM):   put "*------------------------------------------------------------*";
MPRINT(EM_DIAGRAM):   run;
*------------------------------------------------------------*
* Score Log
Date:                April 16, 2021
Time:                11:34:35 o'clock
*------------------------------------------------------------*
MPRINT(EM_DIAGRAM):    filename O3COGJF0 "H:\746\Decision Tree 
test\Workspaces\EMWS1\Neural11\EMSCORE.out" encoding="UTF-8" NOBOM;
MPRINT(EM_DIAGRAM):   proc printto print=O3COGJF0 new;
MPRINT(EM_DIAGRAM):   run;
175952     data work.outkey;
MPRINT(EM_DIAGRAM):    data work.outkey;
175953     set EMWS1.Neural11_OUTKEY;
MPRINT(EM_DIAGRAM):   set EMWS1.Neural11_OUTKEY;
175954     if upcase(ROLE) = 'HIDDEN';
MPRINT(EM_DIAGRAM):   if upcase(ROLE) = 'HIDDEN';
175955     run;
MPRINT(EM_DIAGRAM):   run;

NOTE: There were 19 observations read from the data set EMWS1.NEURAL11_OUTKEY.
NOTE: The data set WORK.OUTKEY has 4 observations and 8 variables.
NOTE: DATA statement used (Total process time):
      real time           0.02 seconds
      cpu time            0.01 seconds
      

175956     filename emflow "H:\746\Decision Tree
175956   ! test\Workspaces\EMWS1\Neural11\EMFLOWSCORE.sas";
MPRINT(EM_DIAGRAM):    filename emflow "H:\746\Decision Tree 
test\Workspaces\EMWS1\Neural11\EMFLOWSCORE.sas";
MPRINT(EM_DIAGRAM):   *------------------------------------------------------------*;
MPRINT(EM_DIAGRAM):   * Neural11: Scoring DATA data;
MPRINT(EM_DIAGRAM):   *------------------------------------------------------------*;
175957     *------------------------------------------------------------*;
175958     * Neural11: Scoring DATA data;
175959     *------------------------------------------------------------*;
175960     data EMWS1.Neural11_TRAIN
175961     / view=EMWS1.Neural11_TRAIN
175962     ;
MPRINT(EM_DIAGRAM):   data EMWS1.Neural11_TRAIN / view=EMWS1.Neural11_TRAIN ;
175963     set EMWS1.Reg2_TRAIN
175964     ;
MPRINT(EM_DIAGRAM):   set EMWS1.Reg2_TRAIN ;
175965     %inc emflow;
NOTE: %INCLUDE (level 1) file EMFLOW is file H:\746\Decision Tree 
      test\Workspaces\EMWS1\Neural11\EMFLOWSCORE.sas.
175966    +***********************************;
MPRINT(EM_DIAGRAM):   ***********************************;
175967    +*** Begin Scoring Code for Neural;
MPRINT(EM_DIAGRAM):   *** Begin Scoring Code for Neural;
175968    +***********************************;
MPRINT(EM_DIAGRAM):   ***********************************;
175969    +DROP _DM_BAD _EPS _NOCL_ _MAX_ _MAXP_ _SUM_ _NTRIALS;
MPRINT(EM_DIAGRAM):   DROP _DM_BAD _EPS _NOCL_ _MAX_ _MAXP_ _SUM_ _NTRIALS;
175970    + _DM_BAD = 0;
MPRINT(EM_DIAGRAM):   _DM_BAD = 0;
175971    + _NOCL_ = .;
MPRINT(EM_DIAGRAM):   _NOCL_ = .;
175972    + _MAX_ = .;
MPRINT(EM_DIAGRAM):   _MAX_ = .;
175973    + _MAXP_ = .;
MPRINT(EM_DIAGRAM):   _MAXP_ = .;
175974    + _SUM_ = .;
MPRINT(EM_DIAGRAM):   _SUM_ = .;
175975    + _NTRIALS = .;
MPRINT(EM_DIAGRAM):   _NTRIALS = .;
175976    + _EPS =                1E-10;
MPRINT(EM_DIAGRAM):   _EPS = 1E-10;
175977    +LENGTH _WARN_ $4
175978    +      F_Risk  $ 12
175979    +;
MPRINT(EM_DIAGRAM):   LENGTH _WARN_ $4 F_Risk $ 12 ;
175980    +      label S_REP_wheel_base = 'Standard: REP_wheel_base' ;
MPRINT(EM_DIAGRAM):   label S_REP_wheel_base = 'Standard: REP_wheel_base' ;
175981    +
175982    +      label S_REP_width = 'Standard: REP_width' ;
MPRINT(EM_DIAGRAM):   label S_REP_width = 'Standard: REP_width' ;
175983    +
175984    +      label IMP_num_of_doors2 = 'Dummy: IMP_num_of_doors=2' ;
MPRINT(EM_DIAGRAM):   label IMP_num_of_doors2 = 'Dummy: IMP_num_of_doors=2' ;
175985    +
175986    +      label H11 = 'Hidden: H1=1' ;
MPRINT(EM_DIAGRAM):   label H11 = 'Hidden: H1=1' ;
175987    +
175988    +      label H12 = 'Hidden: H1=2' ;
MPRINT(EM_DIAGRAM):   label H12 = 'Hidden: H1=2' ;
175989    +
175990    +      label H13 = 'Hidden: H1=3' ;
MPRINT(EM_DIAGRAM):   label H13 = 'Hidden: H1=3' ;
175991    +
175992    +      label H14 = 'Hidden: H1=4' ;
MPRINT(EM_DIAGRAM):   label H14 = 'Hidden: H1=4' ;
175993    +
175994    +      label I_Risk = 'Into: Risk' ;
MPRINT(EM_DIAGRAM):   label I_Risk = 'Into: Risk' ;
175995    +
175996    +      label F_Risk = 'From: Risk' ;
MPRINT(EM_DIAGRAM):   label F_Risk = 'From: Risk' ;
175997    +
175998    +      label U_Risk = 'Unnormalized Into: Risk' ;
MPRINT(EM_DIAGRAM):   label U_Risk = 'Unnormalized Into: Risk' ;
175999    +
176000    +      label P_Risk1 = 'Predicted: Risk=1' ;
MPRINT(EM_DIAGRAM):   label P_Risk1 = 'Predicted: Risk=1' ;
176001    +
176002    +      label R_Risk1 = 'Residual: Risk=1' ;
MPRINT(EM_DIAGRAM):   label R_Risk1 = 'Residual: Risk=1' ;
176003    +
176004    +      label P_Risk0 = 'Predicted: Risk=0' ;
MPRINT(EM_DIAGRAM):   label P_Risk0 = 'Predicted: Risk=0' ;
176005    +
176006    +      label R_Risk0 = 'Residual: Risk=0' ;
MPRINT(EM_DIAGRAM):   label R_Risk0 = 'Residual: Risk=0' ;
176007    +
176008    +      label  _WARN_ = "Warnings";
MPRINT(EM_DIAGRAM):   label _WARN_ = "Warnings";
176009    +
176010    +*** Generate dummy variables for IMP_num_of_doors ;
MPRINT(EM_DIAGRAM):   *** Generate dummy variables for IMP_num_of_doors ;
176011    +drop IMP_num_of_doors2 ;
MPRINT(EM_DIAGRAM):   drop IMP_num_of_doors2 ;
176012    +if missing( IMP_num_of_doors ) then do;
MPRINT(EM_DIAGRAM):   if missing( IMP_num_of_doors ) then do;
176013    +   IMP_num_of_doors2 = .;
MPRINT(EM_DIAGRAM):   IMP_num_of_doors2 = .;
176014    +   substr(_warn_,1,1) = 'M';
MPRINT(EM_DIAGRAM):   substr(_warn_,1,1) = 'M';
176015    +   _DM_BAD = 1;
MPRINT(EM_DIAGRAM):   _DM_BAD = 1;
176016    +end;
MPRINT(EM_DIAGRAM):   end;
176017    +else do;
MPRINT(EM_DIAGRAM):   else do;
176018    +   length _dm12 $ 12; drop _dm12 ;
MPRINT(EM_DIAGRAM):   length _dm12 $ 12;
MPRINT(EM_DIAGRAM):   drop _dm12 ;
176019    +   _dm12 = put( IMP_num_of_doors , BEST12. );
MPRINT(EM_DIAGRAM):   _dm12 = put( IMP_num_of_doors , BEST12. );
176020    +   %DMNORMIP( _dm12 )
MPRINT(DMNORMIP):   call dmnorm(_dm12,
MPRINT(DMNORLEN):  32
MPRINT(DMNORMIP):  );
176021    +   if _dm12 = '4'  then do;
MPRINT(EM_DIAGRAM):   if _dm12 = '4' then do;
176022    +      IMP_num_of_doors2 = -1;
MPRINT(EM_DIAGRAM):   IMP_num_of_doors2 = -1;
176023    +   end;
MPRINT(EM_DIAGRAM):   end;
176024    +   else if _dm12 = '2'  then do;
MPRINT(EM_DIAGRAM):   else if _dm12 = '2' then do;
176025    +      IMP_num_of_doors2 = 1;
MPRINT(EM_DIAGRAM):   IMP_num_of_doors2 = 1;
176026    +   end;
MPRINT(EM_DIAGRAM):   end;
176027    +   else do;
MPRINT(EM_DIAGRAM):   else do;
176028    +      IMP_num_of_doors2 = .;
MPRINT(EM_DIAGRAM):   IMP_num_of_doors2 = .;
176029    +      substr(_warn_,2,1) = 'U';
MPRINT(EM_DIAGRAM):   substr(_warn_,2,1) = 'U';
176030    +      _DM_BAD = 1;
MPRINT(EM_DIAGRAM):   _DM_BAD = 1;
176031    +   end;
MPRINT(EM_DIAGRAM):   end;
176032    +end;
MPRINT(EM_DIAGRAM):   end;
176033    +
176034    +*** *************************;
MPRINT(EM_DIAGRAM):   *** *************************;
176035    +*** Checking missing input Interval
176036    +*** *************************;
MPRINT(EM_DIAGRAM):   *** Checking missing input Interval *** *************************;
176037    +
176038    +IF NMISS(
176039    +   REP_wheel_base ,
176040    +   REP_width   ) THEN DO;
MPRINT(EM_DIAGRAM):   IF NMISS( REP_wheel_base , REP_width ) THEN DO;
176041    +   SUBSTR(_WARN_, 1, 1) = 'M';
MPRINT(EM_DIAGRAM):   SUBSTR(_WARN_, 1, 1) = 'M';
176042    +
176043    +   _DM_BAD = 1;
MPRINT(EM_DIAGRAM):   _DM_BAD = 1;
176044    +END;
MPRINT(EM_DIAGRAM):   END;
176045    +*** *************************;
MPRINT(EM_DIAGRAM):   *** *************************;
176046    +*** Writing the Node intvl ;
MPRINT(EM_DIAGRAM):   *** Writing the Node intvl ;
176047    +*** *************************;
MPRINT(EM_DIAGRAM):   *** *************************;
176048    +IF _DM_BAD EQ 0 THEN DO;
MPRINT(EM_DIAGRAM):   IF _DM_BAD EQ 0 THEN DO;
176049    +   S_REP_wheel_base  =    -17.8009087180129 +     0.18059887504832 *
176050    +        REP_wheel_base ;
MPRINT(EM_DIAGRAM):   S_REP_wheel_base = -17.8009087180129 + 0.18059887504832 * REP_wheel_base 
;
176051    +   S_REP_width  =    -35.9167499004784 +     0.54673628301566 * REP_width ;
MPRINT(EM_DIAGRAM):   S_REP_width = -35.9167499004784 + 0.54673628301566 * REP_width ;
176052    +END;
MPRINT(EM_DIAGRAM):   END;
176053    +ELSE DO;
MPRINT(EM_DIAGRAM):   ELSE DO;
176054    +   IF MISSING( REP_wheel_base ) THEN S_REP_wheel_base  = . ;
MPRINT(EM_DIAGRAM):   IF MISSING( REP_wheel_base ) THEN S_REP_wheel_base = . ;
176055    +   ELSE S_REP_wheel_base  =    -17.8009087180129 +     0.18059887504832 *
176056    +        REP_wheel_base ;
MPRINT(EM_DIAGRAM):   ELSE S_REP_wheel_base = -17.8009087180129 + 0.18059887504832 * 
REP_wheel_base ;
176057    +   IF MISSING( REP_width ) THEN S_REP_width  = . ;
MPRINT(EM_DIAGRAM):   IF MISSING( REP_width ) THEN S_REP_width = . ;
176058    +   ELSE S_REP_width  =    -35.9167499004784 +     0.54673628301566 * REP_width
176059    +         ;
MPRINT(EM_DIAGRAM):   ELSE S_REP_width = -35.9167499004784 + 0.54673628301566 * REP_width ;
176060    +END;
MPRINT(EM_DIAGRAM):   END;
176061    +*** *************************;
MPRINT(EM_DIAGRAM):   *** *************************;
176062    +*** Writing the Node nom ;
MPRINT(EM_DIAGRAM):   *** Writing the Node nom ;
176063    +*** *************************;
MPRINT(EM_DIAGRAM):   *** *************************;
176064    +*** *************************;
MPRINT(EM_DIAGRAM):   *** *************************;
176065    +*** Writing the Node H1 ;
MPRINT(EM_DIAGRAM):   *** Writing the Node H1 ;
176066    +*** *************************;
MPRINT(EM_DIAGRAM):   *** *************************;
176067    +IF _DM_BAD EQ 0 THEN DO;
MPRINT(EM_DIAGRAM):   IF _DM_BAD EQ 0 THEN DO;
176068    +   H11  =    -2.41977886689088 * S_REP_wheel_base  +    -1.09684887135623 *
176069    +        S_REP_width ;
MPRINT(EM_DIAGRAM):   H11 = -2.41977886689088 * S_REP_wheel_base + -1.09684887135623 * 
S_REP_width ;
176070    +   H12  =     1.37973613189109 * S_REP_wheel_base  +    -0.73968554591273 *
176071    +        S_REP_width ;
MPRINT(EM_DIAGRAM):   H12 = 1.37973613189109 * S_REP_wheel_base + -0.73968554591273 * 
S_REP_width ;
176072    +   H13  =     0.89984832557406 * S_REP_wheel_base  +    -0.58516957850016 *
176073    +        S_REP_width ;
MPRINT(EM_DIAGRAM):   H13 = 0.89984832557406 * S_REP_wheel_base + -0.58516957850016 * 
S_REP_width ;
176074    +   H14  =    -0.68214313010923 * S_REP_wheel_base  +     0.61427628584864 *
176075    +        S_REP_width ;
MPRINT(EM_DIAGRAM):   H14 = -0.68214313010923 * S_REP_wheel_base + 0.61427628584864 * 
S_REP_width ;
176076    +   H11  = H11  +     0.22450770283973 * IMP_num_of_doors2 ;
MPRINT(EM_DIAGRAM):   H11 = H11 + 0.22450770283973 * IMP_num_of_doors2 ;
176077    +   H12  = H12  +     0.33930246909293 * IMP_num_of_doors2 ;
MPRINT(EM_DIAGRAM):   H12 = H12 + 0.33930246909293 * IMP_num_of_doors2 ;
176078    +   H13  = H13  +    -0.61779062410348 * IMP_num_of_doors2 ;
MPRINT(EM_DIAGRAM):   H13 = H13 + -0.61779062410348 * IMP_num_of_doors2 ;
176079    +   H14  = H14  +     0.66968699908324 * IMP_num_of_doors2 ;
MPRINT(EM_DIAGRAM):   H14 = H14 + 0.66968699908324 * IMP_num_of_doors2 ;
176080    +   H11  =    -2.58375979504889 + H11 ;
MPRINT(EM_DIAGRAM):   H11 = -2.58375979504889 + H11 ;
176081    +   H12  =      0.7942165393337 + H12 ;
MPRINT(EM_DIAGRAM):   H12 = 0.7942165393337 + H12 ;
176082    +   H13  =     0.14814942709658 + H13 ;
MPRINT(EM_DIAGRAM):   H13 = 0.14814942709658 + H13 ;
176083    +   H14  =     0.85518933364214 + H14 ;
MPRINT(EM_DIAGRAM):   H14 = 0.85518933364214 + H14 ;
176084    +   H11  = TANH(H11 );
MPRINT(EM_DIAGRAM):   H11 = TANH(H11 );
176085    +   H12  = TANH(H12 );
MPRINT(EM_DIAGRAM):   H12 = TANH(H12 );
176086    +   H13  = TANH(H13 );
MPRINT(EM_DIAGRAM):   H13 = TANH(H13 );
176087    +   H14  = TANH(H14 );
MPRINT(EM_DIAGRAM):   H14 = TANH(H14 );
176088    +END;
MPRINT(EM_DIAGRAM):   END;
176089    +ELSE DO;
MPRINT(EM_DIAGRAM):   ELSE DO;
176090    +   H11  = .;
MPRINT(EM_DIAGRAM):   H11 = .;
176091    +   H12  = .;
MPRINT(EM_DIAGRAM):   H12 = .;
176092    +   H13  = .;
MPRINT(EM_DIAGRAM):   H13 = .;
176093    +   H14  = .;
MPRINT(EM_DIAGRAM):   H14 = .;
176094    +END;
MPRINT(EM_DIAGRAM):   END;
176095    +*** *************************;
MPRINT(EM_DIAGRAM):   *** *************************;
176096    +*** Writing the Node Risk ;
MPRINT(EM_DIAGRAM):   *** Writing the Node Risk ;
176097    +*** *************************;
MPRINT(EM_DIAGRAM):   *** *************************;
176098    +
176099    +*** Generate dummy variables for Risk ;
MPRINT(EM_DIAGRAM):   *** Generate dummy variables for Risk ;
176100    +drop Risk1 Risk0 ;
MPRINT(EM_DIAGRAM):   drop Risk1 Risk0 ;
176101    +label F_Risk = 'From: Risk' ;
MPRINT(EM_DIAGRAM):   label F_Risk = 'From: Risk' ;
176102    +length F_Risk $ 12;
MPRINT(EM_DIAGRAM):   length F_Risk $ 12;
176103    +F_Risk = put( Risk , BEST12. );
MPRINT(EM_DIAGRAM):   F_Risk = put( Risk , BEST12. );
176104    +%DMNORMIP( F_Risk )
MPRINT(DMNORMIP):   call dmnorm(F_Risk,
MPRINT(DMNORLEN):  32
MPRINT(DMNORMIP):  );
176105    +if missing( Risk ) then do;
MPRINT(EM_DIAGRAM):   if missing( Risk ) then do;
176106    +   Risk1 = .;
MPRINT(EM_DIAGRAM):   Risk1 = .;
176107    +   Risk0 = .;
MPRINT(EM_DIAGRAM):   Risk0 = .;
176108    +end;
MPRINT(EM_DIAGRAM):   end;
176109    +else do;
MPRINT(EM_DIAGRAM):   else do;
176110    +   if F_Risk = '1'  then do;
MPRINT(EM_DIAGRAM):   if F_Risk = '1' then do;
176111    +      Risk1 = 1;
MPRINT(EM_DIAGRAM):   Risk1 = 1;
176112    +      Risk0 = 0;
MPRINT(EM_DIAGRAM):   Risk0 = 0;
176113    +   end;
MPRINT(EM_DIAGRAM):   end;
176114    +   else if F_Risk = '0'  then do;
MPRINT(EM_DIAGRAM):   else if F_Risk = '0' then do;
176115    +      Risk1 = 0;
MPRINT(EM_DIAGRAM):   Risk1 = 0;
176116    +      Risk0 = 1;
MPRINT(EM_DIAGRAM):   Risk0 = 1;
176117    +   end;
MPRINT(EM_DIAGRAM):   end;
176118    +   else do;
MPRINT(EM_DIAGRAM):   else do;
176119    +      Risk1 = .;
MPRINT(EM_DIAGRAM):   Risk1 = .;
176120    +      Risk0 = .;
MPRINT(EM_DIAGRAM):   Risk0 = .;
176121    +   end;
MPRINT(EM_DIAGRAM):   end;
176122    +end;
MPRINT(EM_DIAGRAM):   end;
176123    +IF _DM_BAD EQ 0 THEN DO;
MPRINT(EM_DIAGRAM):   IF _DM_BAD EQ 0 THEN DO;
176124    +   P_Risk1  =     2.10698502186864 * H11  +    -1.61641930445614 * H12
176125    +          +    -0.65722650486238 * H13  +     3.33888762068555 * H14 ;
MPRINT(EM_DIAGRAM):   P_Risk1 = 2.10698502186864 * H11 + -1.61641930445614 * H12 + 
-0.65722650486238 * H13 + 3.33888762068555 * H14 ;
176126    +   P_Risk1  =     1.27320760040051 + P_Risk1 ;
MPRINT(EM_DIAGRAM):   P_Risk1 = 1.27320760040051 + P_Risk1 ;
176127    +   P_Risk0  = 0;
MPRINT(EM_DIAGRAM):   P_Risk0 = 0;
176128    +   _MAX_ = MAX (P_Risk1 , P_Risk0 );
MPRINT(EM_DIAGRAM):   _MAX_ = MAX (P_Risk1 , P_Risk0 );
176129    +   _SUM_ = 0.;
MPRINT(EM_DIAGRAM):   _SUM_ = 0.;
176130    +   P_Risk1  = EXP(P_Risk1  - _MAX_);
MPRINT(EM_DIAGRAM):   P_Risk1 = EXP(P_Risk1 - _MAX_);
176131    +   _SUM_ = _SUM_ + P_Risk1 ;
MPRINT(EM_DIAGRAM):   _SUM_ = _SUM_ + P_Risk1 ;
176132    +   P_Risk0  = EXP(P_Risk0  - _MAX_);
MPRINT(EM_DIAGRAM):   P_Risk0 = EXP(P_Risk0 - _MAX_);
176133    +   _SUM_ = _SUM_ + P_Risk0 ;
MPRINT(EM_DIAGRAM):   _SUM_ = _SUM_ + P_Risk0 ;
176134    +   P_Risk1  = P_Risk1  / _SUM_;
MPRINT(EM_DIAGRAM):   P_Risk1 = P_Risk1 / _SUM_;
176135    +   P_Risk0  = P_Risk0  / _SUM_;
MPRINT(EM_DIAGRAM):   P_Risk0 = P_Risk0 / _SUM_;
176136    +END;
MPRINT(EM_DIAGRAM):   END;
176137    +ELSE DO;
MPRINT(EM_DIAGRAM):   ELSE DO;
176138    +   P_Risk1  = .;
MPRINT(EM_DIAGRAM):   P_Risk1 = .;
176139    +   P_Risk0  = .;
MPRINT(EM_DIAGRAM):   P_Risk0 = .;
176140    +END;
MPRINT(EM_DIAGRAM):   END;
176141    +IF _DM_BAD EQ 1 THEN DO;
MPRINT(EM_DIAGRAM):   IF _DM_BAD EQ 1 THEN DO;
176142    +   P_Risk1  =                 0.54;
MPRINT(EM_DIAGRAM):   P_Risk1 = 0.54;
176143    +   P_Risk0  =                 0.46;
MPRINT(EM_DIAGRAM):   P_Risk0 = 0.46;
176144    +END;
MPRINT(EM_DIAGRAM):   END;
176145    +*** *****************************;
MPRINT(EM_DIAGRAM):   *** *****************************;
176146    +*** Writing the Residuals  of the Node Risk ;
MPRINT(EM_DIAGRAM):   *** Writing the Residuals of the Node Risk ;
176147    +*** ******************************;
MPRINT(EM_DIAGRAM):   *** ******************************;
176148    +IF MISSING( Risk1 ) THEN R_Risk1  = . ;
MPRINT(EM_DIAGRAM):   IF MISSING( Risk1 ) THEN R_Risk1 = . ;
176149    +ELSE R_Risk1  = Risk1  - P_Risk1 ;
MPRINT(EM_DIAGRAM):   ELSE R_Risk1 = Risk1 - P_Risk1 ;
176150    +IF MISSING( Risk0 ) THEN R_Risk0  = . ;
MPRINT(EM_DIAGRAM):   IF MISSING( Risk0 ) THEN R_Risk0 = . ;
176151    +ELSE R_Risk0  = Risk0  - P_Risk0 ;
MPRINT(EM_DIAGRAM):   ELSE R_Risk0 = Risk0 - P_Risk0 ;
176152    +*** *************************;
MPRINT(EM_DIAGRAM):   *** *************************;
176153    +*** Writing the I_Risk  AND U_Risk ;
MPRINT(EM_DIAGRAM):   *** Writing the I_Risk AND U_Risk ;
176154    +*** *************************;
MPRINT(EM_DIAGRAM):   *** *************************;
176155    +_MAXP_ = P_Risk1 ;
MPRINT(EM_DIAGRAM):   _MAXP_ = P_Risk1 ;
176156    +I_Risk  = "1           " ;
MPRINT(EM_DIAGRAM):   I_Risk = "1           " ;
176157    +U_Risk  =                    1;
MPRINT(EM_DIAGRAM):   U_Risk = 1;
176158    +IF( _MAXP_ LT P_Risk0  ) THEN DO;
MPRINT(EM_DIAGRAM):   IF( _MAXP_ LT P_Risk0 ) THEN DO;
176159    +   _MAXP_ = P_Risk0 ;
MPRINT(EM_DIAGRAM):   _MAXP_ = P_Risk0 ;
176160    +   I_Risk  = "0           " ;
MPRINT(EM_DIAGRAM):   I_Risk = "0           " ;
176161    +   U_Risk  =                    0;
MPRINT(EM_DIAGRAM):   U_Risk = 0;
176162    +END;
MPRINT(EM_DIAGRAM):   END;
176163    +********************************;
MPRINT(EM_DIAGRAM):   ********************************;
176164    +*** End Scoring Code for Neural;
MPRINT(EM_DIAGRAM):   *** End Scoring Code for Neural;
176165    +********************************;
MPRINT(EM_DIAGRAM):   ********************************;
176166    +drop
176167    +H11
176168    +H12
176169    +H13
176170    +H14
176171    +;
MPRINT(EM_DIAGRAM):   drop H11 H12 H13 H14 ;
176172    +drop S_:;
MPRINT(EM_DIAGRAM):   drop S_:;
NOTE: %INCLUDE (level 1) ending.
MPRINT(EM_DIAGRAM):   run;
176173     run;

NOTE: DATA STEP view saved on file EMWS1.NEURAL11_TRAIN.
NOTE: A stored DATA STEP view cannot run under a different operating system.
NOTE: View EMWS1.REG2_TRAIN.VIEW used (Total process time):
      real time           0.59 seconds
      cpu time            0.20 seconds
      
NOTE: DATA statement used (Total process time):
      real time           0.60 seconds
      cpu time            0.20 seconds
      

MPRINT(EM_DIAGRAM):   quit;
176174     quit;
176175     filename emflow;
MPRINT(EM_DIAGRAM):   filename emflow;
NOTE: Fileref EMFLOW has been deassigned.
176176     filename emflow "H:\746\Decision Tree
176176   ! test\Workspaces\EMWS1\Neural11\EMFLOWSCORE.sas";
MPRINT(EM_DIAGRAM):    filename emflow "H:\746\Decision Tree 
test\Workspaces\EMWS1\Neural11\EMFLOWSCORE.sas";
MPRINT(EM_DIAGRAM):   *------------------------------------------------------------*;
MPRINT(EM_DIAGRAM):   * Neural11: Scoring VALIDATE data;
MPRINT(EM_DIAGRAM):   *------------------------------------------------------------*;
176177     *------------------------------------------------------------*;
176178     * Neural11: Scoring VALIDATE data;
176179     *------------------------------------------------------------*;
176180     data EMWS1.Neural11_VALIDATE
176181     / view=EMWS1.Neural11_VALIDATE
176182     ;
MPRINT(EM_DIAGRAM):   data EMWS1.Neural11_VALIDATE / view=EMWS1.Neural11_VALIDATE ;
176183     set EMWS1.Reg2_VALIDATE
176184     ;
MPRINT(EM_DIAGRAM):   set EMWS1.Reg2_VALIDATE ;
176185     %inc emflow;
NOTE: %INCLUDE (level 1) file EMFLOW is file H:\746\Decision Tree 
      test\Workspaces\EMWS1\Neural11\EMFLOWSCORE.sas.
176186    +***********************************;
MPRINT(EM_DIAGRAM):   ***********************************;
176187    +*** Begin Scoring Code for Neural;
MPRINT(EM_DIAGRAM):   *** Begin Scoring Code for Neural;
176188    +***********************************;
MPRINT(EM_DIAGRAM):   ***********************************;
176189    +DROP _DM_BAD _EPS _NOCL_ _MAX_ _MAXP_ _SUM_ _NTRIALS;
MPRINT(EM_DIAGRAM):   DROP _DM_BAD _EPS _NOCL_ _MAX_ _MAXP_ _SUM_ _NTRIALS;
176190    + _DM_BAD = 0;
MPRINT(EM_DIAGRAM):   _DM_BAD = 0;
176191    + _NOCL_ = .;
MPRINT(EM_DIAGRAM):   _NOCL_ = .;
176192    + _MAX_ = .;
MPRINT(EM_DIAGRAM):   _MAX_ = .;
176193    + _MAXP_ = .;
MPRINT(EM_DIAGRAM):   _MAXP_ = .;
176194    + _SUM_ = .;
MPRINT(EM_DIAGRAM):   _SUM_ = .;
176195    + _NTRIALS = .;
MPRINT(EM_DIAGRAM):   _NTRIALS = .;
176196    + _EPS =                1E-10;
MPRINT(EM_DIAGRAM):   _EPS = 1E-10;
176197    +LENGTH _WARN_ $4
176198    +      F_Risk  $ 12
176199    +;
MPRINT(EM_DIAGRAM):   LENGTH _WARN_ $4 F_Risk $ 12 ;
176200    +      label S_REP_wheel_base = 'Standard: REP_wheel_base' ;
MPRINT(EM_DIAGRAM):   label S_REP_wheel_base = 'Standard: REP_wheel_base' ;
176201    +
176202    +      label S_REP_width = 'Standard: REP_width' ;
MPRINT(EM_DIAGRAM):   label S_REP_width = 'Standard: REP_width' ;
176203    +
176204    +      label IMP_num_of_doors2 = 'Dummy: IMP_num_of_doors=2' ;
MPRINT(EM_DIAGRAM):   label IMP_num_of_doors2 = 'Dummy: IMP_num_of_doors=2' ;
176205    +
176206    +      label H11 = 'Hidden: H1=1' ;
MPRINT(EM_DIAGRAM):   label H11 = 'Hidden: H1=1' ;
176207    +
176208    +      label H12 = 'Hidden: H1=2' ;
MPRINT(EM_DIAGRAM):   label H12 = 'Hidden: H1=2' ;
176209    +
176210    +      label H13 = 'Hidden: H1=3' ;
MPRINT(EM_DIAGRAM):   label H13 = 'Hidden: H1=3' ;
176211    +
176212    +      label H14 = 'Hidden: H1=4' ;
MPRINT(EM_DIAGRAM):   label H14 = 'Hidden: H1=4' ;
176213    +
176214    +      label I_Risk = 'Into: Risk' ;
MPRINT(EM_DIAGRAM):   label I_Risk = 'Into: Risk' ;
176215    +
176216    +      label F_Risk = 'From: Risk' ;
MPRINT(EM_DIAGRAM):   label F_Risk = 'From: Risk' ;
176217    +
176218    +      label U_Risk = 'Unnormalized Into: Risk' ;
MPRINT(EM_DIAGRAM):   label U_Risk = 'Unnormalized Into: Risk' ;
176219    +
176220    +      label P_Risk1 = 'Predicted: Risk=1' ;
MPRINT(EM_DIAGRAM):   label P_Risk1 = 'Predicted: Risk=1' ;
176221    +
176222    +      label R_Risk1 = 'Residual: Risk=1' ;
MPRINT(EM_DIAGRAM):   label R_Risk1 = 'Residual: Risk=1' ;
176223    +
176224    +      label P_Risk0 = 'Predicted: Risk=0' ;
MPRINT(EM_DIAGRAM):   label P_Risk0 = 'Predicted: Risk=0' ;
176225    +
176226    +      label R_Risk0 = 'Residual: Risk=0' ;
MPRINT(EM_DIAGRAM):   label R_Risk0 = 'Residual: Risk=0' ;
176227    +
176228    +      label  _WARN_ = "Warnings";
MPRINT(EM_DIAGRAM):   label _WARN_ = "Warnings";
176229    +
176230    +*** Generate dummy variables for IMP_num_of_doors ;
MPRINT(EM_DIAGRAM):   *** Generate dummy variables for IMP_num_of_doors ;
176231    +drop IMP_num_of_doors2 ;
MPRINT(EM_DIAGRAM):   drop IMP_num_of_doors2 ;
176232    +if missing( IMP_num_of_doors ) then do;
MPRINT(EM_DIAGRAM):   if missing( IMP_num_of_doors ) then do;
176233    +   IMP_num_of_doors2 = .;
MPRINT(EM_DIAGRAM):   IMP_num_of_doors2 = .;
176234    +   substr(_warn_,1,1) = 'M';
MPRINT(EM_DIAGRAM):   substr(_warn_,1,1) = 'M';
176235    +   _DM_BAD = 1;
MPRINT(EM_DIAGRAM):   _DM_BAD = 1;
176236    +end;
MPRINT(EM_DIAGRAM):   end;
176237    +else do;
MPRINT(EM_DIAGRAM):   else do;
176238    +   length _dm12 $ 12; drop _dm12 ;
MPRINT(EM_DIAGRAM):   length _dm12 $ 12;
MPRINT(EM_DIAGRAM):   drop _dm12 ;
176239    +   _dm12 = put( IMP_num_of_doors , BEST12. );
MPRINT(EM_DIAGRAM):   _dm12 = put( IMP_num_of_doors , BEST12. );
176240    +   %DMNORMIP( _dm12 )
MPRINT(DMNORMIP):   call dmnorm(_dm12,
MPRINT(DMNORLEN):  32
MPRINT(DMNORMIP):  );
176241    +   if _dm12 = '4'  then do;
MPRINT(EM_DIAGRAM):   if _dm12 = '4' then do;
176242    +      IMP_num_of_doors2 = -1;
MPRINT(EM_DIAGRAM):   IMP_num_of_doors2 = -1;
176243    +   end;
MPRINT(EM_DIAGRAM):   end;
176244    +   else if _dm12 = '2'  then do;
MPRINT(EM_DIAGRAM):   else if _dm12 = '2' then do;
176245    +      IMP_num_of_doors2 = 1;
MPRINT(EM_DIAGRAM):   IMP_num_of_doors2 = 1;
176246    +   end;
MPRINT(EM_DIAGRAM):   end;
176247    +   else do;
MPRINT(EM_DIAGRAM):   else do;
176248    +      IMP_num_of_doors2 = .;
MPRINT(EM_DIAGRAM):   IMP_num_of_doors2 = .;
176249    +      substr(_warn_,2,1) = 'U';
MPRINT(EM_DIAGRAM):   substr(_warn_,2,1) = 'U';
176250    +      _DM_BAD = 1;
MPRINT(EM_DIAGRAM):   _DM_BAD = 1;
176251    +   end;
MPRINT(EM_DIAGRAM):   end;
176252    +end;
MPRINT(EM_DIAGRAM):   end;
176253    +
176254    +*** *************************;
MPRINT(EM_DIAGRAM):   *** *************************;
176255    +*** Checking missing input Interval
176256    +*** *************************;
MPRINT(EM_DIAGRAM):   *** Checking missing input Interval *** *************************;
176257    +
176258    +IF NMISS(
176259    +   REP_wheel_base ,
176260    +   REP_width   ) THEN DO;
MPRINT(EM_DIAGRAM):   IF NMISS( REP_wheel_base , REP_width ) THEN DO;
176261    +   SUBSTR(_WARN_, 1, 1) = 'M';
MPRINT(EM_DIAGRAM):   SUBSTR(_WARN_, 1, 1) = 'M';
176262    +
176263    +   _DM_BAD = 1;
MPRINT(EM_DIAGRAM):   _DM_BAD = 1;
176264    +END;
MPRINT(EM_DIAGRAM):   END;
176265    +*** *************************;
MPRINT(EM_DIAGRAM):   *** *************************;
176266    +*** Writing the Node intvl ;
MPRINT(EM_DIAGRAM):   *** Writing the Node intvl ;
176267    +*** *************************;
MPRINT(EM_DIAGRAM):   *** *************************;
176268    +IF _DM_BAD EQ 0 THEN DO;
MPRINT(EM_DIAGRAM):   IF _DM_BAD EQ 0 THEN DO;
176269    +   S_REP_wheel_base  =    -17.8009087180129 +     0.18059887504832 *
176270    +        REP_wheel_base ;
MPRINT(EM_DIAGRAM):   S_REP_wheel_base = -17.8009087180129 + 0.18059887504832 * REP_wheel_base 
;
176271    +   S_REP_width  =    -35.9167499004784 +     0.54673628301566 * REP_width ;
MPRINT(EM_DIAGRAM):   S_REP_width = -35.9167499004784 + 0.54673628301566 * REP_width ;
176272    +END;
MPRINT(EM_DIAGRAM):   END;
176273    +ELSE DO;
MPRINT(EM_DIAGRAM):   ELSE DO;
176274    +   IF MISSING( REP_wheel_base ) THEN S_REP_wheel_base  = . ;
MPRINT(EM_DIAGRAM):   IF MISSING( REP_wheel_base ) THEN S_REP_wheel_base = . ;
176275    +   ELSE S_REP_wheel_base  =    -17.8009087180129 +     0.18059887504832 *
176276    +        REP_wheel_base ;
MPRINT(EM_DIAGRAM):   ELSE S_REP_wheel_base = -17.8009087180129 + 0.18059887504832 * 
REP_wheel_base ;
176277    +   IF MISSING( REP_width ) THEN S_REP_width  = . ;
MPRINT(EM_DIAGRAM):   IF MISSING( REP_width ) THEN S_REP_width = . ;
176278    +   ELSE S_REP_width  =    -35.9167499004784 +     0.54673628301566 * REP_width
176279    +         ;
MPRINT(EM_DIAGRAM):   ELSE S_REP_width = -35.9167499004784 + 0.54673628301566 * REP_width ;
176280    +END;
MPRINT(EM_DIAGRAM):   END;
176281    +*** *************************;
MPRINT(EM_DIAGRAM):   *** *************************;
176282    +*** Writing the Node nom ;
MPRINT(EM_DIAGRAM):   *** Writing the Node nom ;
176283    +*** *************************;
MPRINT(EM_DIAGRAM):   *** *************************;
176284    +*** *************************;
MPRINT(EM_DIAGRAM):   *** *************************;
176285    +*** Writing the Node H1 ;
MPRINT(EM_DIAGRAM):   *** Writing the Node H1 ;
176286    +*** *************************;
MPRINT(EM_DIAGRAM):   *** *************************;
176287    +IF _DM_BAD EQ 0 THEN DO;
MPRINT(EM_DIAGRAM):   IF _DM_BAD EQ 0 THEN DO;
176288    +   H11  =    -2.41977886689088 * S_REP_wheel_base  +    -1.09684887135623 *
176289    +        S_REP_width ;
MPRINT(EM_DIAGRAM):   H11 = -2.41977886689088 * S_REP_wheel_base + -1.09684887135623 * 
S_REP_width ;
176290    +   H12  =     1.37973613189109 * S_REP_wheel_base  +    -0.73968554591273 *
176291    +        S_REP_width ;
MPRINT(EM_DIAGRAM):   H12 = 1.37973613189109 * S_REP_wheel_base + -0.73968554591273 * 
S_REP_width ;
176292    +   H13  =     0.89984832557406 * S_REP_wheel_base  +    -0.58516957850016 *
176293    +        S_REP_width ;
MPRINT(EM_DIAGRAM):   H13 = 0.89984832557406 * S_REP_wheel_base + -0.58516957850016 * 
S_REP_width ;
176294    +   H14  =    -0.68214313010923 * S_REP_wheel_base  +     0.61427628584864 *
176295    +        S_REP_width ;
MPRINT(EM_DIAGRAM):   H14 = -0.68214313010923 * S_REP_wheel_base + 0.61427628584864 * 
S_REP_width ;
176296    +   H11  = H11  +     0.22450770283973 * IMP_num_of_doors2 ;
MPRINT(EM_DIAGRAM):   H11 = H11 + 0.22450770283973 * IMP_num_of_doors2 ;
176297    +   H12  = H12  +     0.33930246909293 * IMP_num_of_doors2 ;
MPRINT(EM_DIAGRAM):   H12 = H12 + 0.33930246909293 * IMP_num_of_doors2 ;
176298    +   H13  = H13  +    -0.61779062410348 * IMP_num_of_doors2 ;
MPRINT(EM_DIAGRAM):   H13 = H13 + -0.61779062410348 * IMP_num_of_doors2 ;
176299    +   H14  = H14  +     0.66968699908324 * IMP_num_of_doors2 ;
MPRINT(EM_DIAGRAM):   H14 = H14 + 0.66968699908324 * IMP_num_of_doors2 ;
176300    +   H11  =    -2.58375979504889 + H11 ;
MPRINT(EM_DIAGRAM):   H11 = -2.58375979504889 + H11 ;
176301    +   H12  =      0.7942165393337 + H12 ;
MPRINT(EM_DIAGRAM):   H12 = 0.7942165393337 + H12 ;
176302    +   H13  =     0.14814942709658 + H13 ;
MPRINT(EM_DIAGRAM):   H13 = 0.14814942709658 + H13 ;
176303    +   H14  =     0.85518933364214 + H14 ;
MPRINT(EM_DIAGRAM):   H14 = 0.85518933364214 + H14 ;
176304    +   H11  = TANH(H11 );
MPRINT(EM_DIAGRAM):   H11 = TANH(H11 );
176305    +   H12  = TANH(H12 );
MPRINT(EM_DIAGRAM):   H12 = TANH(H12 );
176306    +   H13  = TANH(H13 );
MPRINT(EM_DIAGRAM):   H13 = TANH(H13 );
176307    +   H14  = TANH(H14 );
MPRINT(EM_DIAGRAM):   H14 = TANH(H14 );
176308    +END;
MPRINT(EM_DIAGRAM):   END;
176309    +ELSE DO;
MPRINT(EM_DIAGRAM):   ELSE DO;
176310    +   H11  = .;
MPRINT(EM_DIAGRAM):   H11 = .;
176311    +   H12  = .;
MPRINT(EM_DIAGRAM):   H12 = .;
176312    +   H13  = .;
MPRINT(EM_DIAGRAM):   H13 = .;
176313    +   H14  = .;
MPRINT(EM_DIAGRAM):   H14 = .;
176314    +END;
MPRINT(EM_DIAGRAM):   END;
176315    +*** *************************;
MPRINT(EM_DIAGRAM):   *** *************************;
176316    +*** Writing the Node Risk ;
MPRINT(EM_DIAGRAM):   *** Writing the Node Risk ;
176317    +*** *************************;
MPRINT(EM_DIAGRAM):   *** *************************;
176318    +
176319    +*** Generate dummy variables for Risk ;
MPRINT(EM_DIAGRAM):   *** Generate dummy variables for Risk ;
176320    +drop Risk1 Risk0 ;
MPRINT(EM_DIAGRAM):   drop Risk1 Risk0 ;
176321    +label F_Risk = 'From: Risk' ;
MPRINT(EM_DIAGRAM):   label F_Risk = 'From: Risk' ;
176322    +length F_Risk $ 12;
MPRINT(EM_DIAGRAM):   length F_Risk $ 12;
176323    +F_Risk = put( Risk , BEST12. );
MPRINT(EM_DIAGRAM):   F_Risk = put( Risk , BEST12. );
176324    +%DMNORMIP( F_Risk )
MPRINT(DMNORMIP):   call dmnorm(F_Risk,
MPRINT(DMNORLEN):  32
MPRINT(DMNORMIP):  );
176325    +if missing( Risk ) then do;
MPRINT(EM_DIAGRAM):   if missing( Risk ) then do;
176326    +   Risk1 = .;
MPRINT(EM_DIAGRAM):   Risk1 = .;
176327    +   Risk0 = .;
MPRINT(EM_DIAGRAM):   Risk0 = .;
176328    +end;
MPRINT(EM_DIAGRAM):   end;
176329    +else do;
MPRINT(EM_DIAGRAM):   else do;
176330    +   if F_Risk = '1'  then do;
MPRINT(EM_DIAGRAM):   if F_Risk = '1' then do;
176331    +      Risk1 = 1;
MPRINT(EM_DIAGRAM):   Risk1 = 1;
176332    +      Risk0 = 0;
MPRINT(EM_DIAGRAM):   Risk0 = 0;
176333    +   end;
MPRINT(EM_DIAGRAM):   end;
176334    +   else if F_Risk = '0'  then do;
MPRINT(EM_DIAGRAM):   else if F_Risk = '0' then do;
176335    +      Risk1 = 0;
MPRINT(EM_DIAGRAM):   Risk1 = 0;
176336    +      Risk0 = 1;
MPRINT(EM_DIAGRAM):   Risk0 = 1;
176337    +   end;
MPRINT(EM_DIAGRAM):   end;
176338    +   else do;
MPRINT(EM_DIAGRAM):   else do;
176339    +      Risk1 = .;
MPRINT(EM_DIAGRAM):   Risk1 = .;
176340    +      Risk0 = .;
MPRINT(EM_DIAGRAM):   Risk0 = .;
176341    +   end;
MPRINT(EM_DIAGRAM):   end;
176342    +end;
MPRINT(EM_DIAGRAM):   end;
176343    +IF _DM_BAD EQ 0 THEN DO;
MPRINT(EM_DIAGRAM):   IF _DM_BAD EQ 0 THEN DO;
176344    +   P_Risk1  =     2.10698502186864 * H11  +    -1.61641930445614 * H12
176345    +          +    -0.65722650486238 * H13  +     3.33888762068555 * H14 ;
MPRINT(EM_DIAGRAM):   P_Risk1 = 2.10698502186864 * H11 + -1.61641930445614 * H12 + 
-0.65722650486238 * H13 + 3.33888762068555 * H14 ;
176346    +   P_Risk1  =     1.27320760040051 + P_Risk1 ;
MPRINT(EM_DIAGRAM):   P_Risk1 = 1.27320760040051 + P_Risk1 ;
176347    +   P_Risk0  = 0;
MPRINT(EM_DIAGRAM):   P_Risk0 = 0;
176348    +   _MAX_ = MAX (P_Risk1 , P_Risk0 );
MPRINT(EM_DIAGRAM):   _MAX_ = MAX (P_Risk1 , P_Risk0 );
176349    +   _SUM_ = 0.;
MPRINT(EM_DIAGRAM):   _SUM_ = 0.;
176350    +   P_Risk1  = EXP(P_Risk1  - _MAX_);
MPRINT(EM_DIAGRAM):   P_Risk1 = EXP(P_Risk1 - _MAX_);
176351    +   _SUM_ = _SUM_ + P_Risk1 ;
MPRINT(EM_DIAGRAM):   _SUM_ = _SUM_ + P_Risk1 ;
176352    +   P_Risk0  = EXP(P_Risk0  - _MAX_);
MPRINT(EM_DIAGRAM):   P_Risk0 = EXP(P_Risk0 - _MAX_);
176353    +   _SUM_ = _SUM_ + P_Risk0 ;
MPRINT(EM_DIAGRAM):   _SUM_ = _SUM_ + P_Risk0 ;
176354    +   P_Risk1  = P_Risk1  / _SUM_;
MPRINT(EM_DIAGRAM):   P_Risk1 = P_Risk1 / _SUM_;
176355    +   P_Risk0  = P_Risk0  / _SUM_;
MPRINT(EM_DIAGRAM):   P_Risk0 = P_Risk0 / _SUM_;
176356    +END;
MPRINT(EM_DIAGRAM):   END;
176357    +ELSE DO;
MPRINT(EM_DIAGRAM):   ELSE DO;
176358    +   P_Risk1  = .;
MPRINT(EM_DIAGRAM):   P_Risk1 = .;
176359    +   P_Risk0  = .;
MPRINT(EM_DIAGRAM):   P_Risk0 = .;
176360    +END;
MPRINT(EM_DIAGRAM):   END;
176361    +IF _DM_BAD EQ 1 THEN DO;
MPRINT(EM_DIAGRAM):   IF _DM_BAD EQ 1 THEN DO;
176362    +   P_Risk1  =                 0.54;
MPRINT(EM_DIAGRAM):   P_Risk1 = 0.54;
176363    +   P_Risk0  =                 0.46;
MPRINT(EM_DIAGRAM):   P_Risk0 = 0.46;
176364    +END;
MPRINT(EM_DIAGRAM):   END;
176365    +*** *****************************;
MPRINT(EM_DIAGRAM):   *** *****************************;
176366    +*** Writing the Residuals  of the Node Risk ;
MPRINT(EM_DIAGRAM):   *** Writing the Residuals of the Node Risk ;
176367    +*** ******************************;
MPRINT(EM_DIAGRAM):   *** ******************************;
176368    +IF MISSING( Risk1 ) THEN R_Risk1  = . ;
MPRINT(EM_DIAGRAM):   IF MISSING( Risk1 ) THEN R_Risk1 = . ;
176369    +ELSE R_Risk1  = Risk1  - P_Risk1 ;
MPRINT(EM_DIAGRAM):   ELSE R_Risk1 = Risk1 - P_Risk1 ;
176370    +IF MISSING( Risk0 ) THEN R_Risk0  = . ;
MPRINT(EM_DIAGRAM):   IF MISSING( Risk0 ) THEN R_Risk0 = . ;
176371    +ELSE R_Risk0  = Risk0  - P_Risk0 ;
MPRINT(EM_DIAGRAM):   ELSE R_Risk0 = Risk0 - P_Risk0 ;
176372    +*** *************************;
MPRINT(EM_DIAGRAM):   *** *************************;
176373    +*** Writing the I_Risk  AND U_Risk ;
MPRINT(EM_DIAGRAM):   *** Writing the I_Risk AND U_Risk ;
176374    +*** *************************;
MPRINT(EM_DIAGRAM):   *** *************************;
176375    +_MAXP_ = P_Risk1 ;
MPRINT(EM_DIAGRAM):   _MAXP_ = P_Risk1 ;
176376    +I_Risk  = "1           " ;
MPRINT(EM_DIAGRAM):   I_Risk = "1           " ;
176377    +U_Risk  =                    1;
MPRINT(EM_DIAGRAM):   U_Risk = 1;
176378    +IF( _MAXP_ LT P_Risk0  ) THEN DO;
MPRINT(EM_DIAGRAM):   IF( _MAXP_ LT P_Risk0 ) THEN DO;
176379    +   _MAXP_ = P_Risk0 ;
MPRINT(EM_DIAGRAM):   _MAXP_ = P_Risk0 ;
176380    +   I_Risk  = "0           " ;
MPRINT(EM_DIAGRAM):   I_Risk = "0           " ;
176381    +   U_Risk  =                    0;
MPRINT(EM_DIAGRAM):   U_Risk = 0;
176382    +END;
MPRINT(EM_DIAGRAM):   END;
176383    +********************************;
MPRINT(EM_DIAGRAM):   ********************************;
176384    +*** End Scoring Code for Neural;
MPRINT(EM_DIAGRAM):   *** End Scoring Code for Neural;
176385    +********************************;
MPRINT(EM_DIAGRAM):   ********************************;
176386    +drop
176387    +H11
176388    +H12
176389    +H13
176390    +H14
176391    +;
MPRINT(EM_DIAGRAM):   drop H11 H12 H13 H14 ;
176392    +drop S_:;
MPRINT(EM_DIAGRAM):   drop S_:;
NOTE: %INCLUDE (level 1) ending.
MPRINT(EM_DIAGRAM):   run;
176393     run;

NOTE: DATA STEP view saved on file EMWS1.NEURAL11_VALIDATE.
NOTE: A stored DATA STEP view cannot run under a different operating system.
NOTE: View EMWS1.REG2_VALIDATE.VIEW used (Total process time):
      real time           4.41 seconds
      cpu time            0.20 seconds
      
NOTE: DATA statement used (Total process time):
      real time           4.43 seconds
      cpu time            0.21 seconds
      

MPRINT(EM_DIAGRAM):   quit;
176394     quit;
176395     filename emflow;
MPRINT(EM_DIAGRAM):   filename emflow;
NOTE: Fileref EMFLOW has been deassigned.
176396     *------------------------------------------------------------*;
MPRINT(EM_DIAGRAM):    *------------------------------------------------------------*;
176397     * Neural11: Computing metadata for TRAIN data;
MPRINT(EM_DIAGRAM):   * Neural11: Computing metadata for TRAIN data;
176398     *------------------------------------------------------------*;
MPRINT(EM_DIAGRAM):   *------------------------------------------------------------*;

NOTE: View EMWS1.NEURAL11_TRAIN.VIEW used (Total process time):
      real time           0.36 seconds
      cpu time            0.29 seconds
      
MPRINT(EM_DIAGRAM):    *------------------------------------------------------------*;
MPRINT(EM_DIAGRAM):   * &nodeid: Computing Metadata for TRAIN data;
MPRINT(EM_DIAGRAM):   *------------------------------------------------------------*;
MPRINT(EM_DIAGRAM):   filename _delta "H:\746\Decision Tree 
test\Workspaces\EMWS1\Neural11\CDELTA_TRAIN.sas";
MPRINT(EMADVISECOLUMNS):   proc display c=sashelp.emmeta.advisecolumns.scl;
MPRINT(EMADVISECOLUMNS):   run;
MPRINT(EMADVISECOLUMNS):    options validvarname=any;
MPRINT(EMADVISECOLUMNS):   proc contents data=EMWS1.Neural11_TRAIN out=_tempAdvisor noprint;
MPRINT(EMADVISECOLUMNS):   run;
MPRINT(EMADVISECOLUMNS):   options validvarname=V7;
MPRINT(EMADVISECOLUMNS):    data _null_;
MPRINT(EMADVISECOLUMNS):   dsid = open('EMWS1.Neural11_TRAIN');
MPRINT(EMADVISECOLUMNS):   call symput('_dsidTable', strip(put(dsid, best.)));
MPRINT(EMADVISECOLUMNS):   if dsid then do;
MPRINT(EMADVISECOLUMNS):   call symput('_engineTable', attrc(dsid, 'ENGINE'));
MPRINT(EMADVISECOLUMNS):   dsid = close(dsid);
MPRINT(EMADVISECOLUMNS):   end;
MPRINT(EMADVISECOLUMNS):   run;
MPRINT(EMADVISECOLUMNS):    proc contents data=EMWS1.Neural11_TRAIN out=WORK.M0X7ZCCD noprint;
MPRINT(EMADVISECOLUMNS):   run;
MPRINT(EMADVISECOLUMNS):    data WORK.M0X7ZCCD;
MPRINT(EMADVISECOLUMNS):   length NAME $ 64 TYPE $ 1 LABEL $ 200 FORMAT $ 36 INFORMAT $36 
INDEX $ 1 INDEXTYPE $ 9;
MPRINT(EMADVISECOLUMNS):   label NAME =;
MPRINT(EMADVISECOLUMNS):   set WORK.M0X7ZCCD(keep=name type length label format formatl 
formatd informat informl informd idxusage rename=(type=itype));
MPRINT(EMADVISECOLUMNS):   if itype = 1 then type = 'N';
MPRINT(EMADVISECOLUMNS):   else type = 'C';
MPRINT(EMADVISECOLUMNS):   if formatl > 0 then do;
MPRINT(EMADVISECOLUMNS):   if format ne ' ' then format = strip(format)!!strip(put(formatl, 
best12.))!!'.'!!strip(put(formatd, best12.));
MPRINT(EMADVISECOLUMNS):   else format = strip(put(formatl, best12.))!!'.'!!strip(put(formatd, 
best12.));
MPRINT(EMADVISECOLUMNS):   end;
MPRINT(EMADVISECOLUMNS):   else if format ne '' then format = strip(format)!!'.';
MPRINT(EMADVISECOLUMNS):   if informl > 0 then do;
MPRINT(EMADVISECOLUMNS):   if informat ne ' ' then informat = 
strip(informat)!!strip(put(informl, best12.))!!'.'!!strip(put(informd, best12.));
MPRINT(EMADVISECOLUMNS):   else informat = strip(put(informl, 
best12.))!!'.'!!strip(put(informd, best12.));
MPRINT(EMADVISECOLUMNS):   end;
MPRINT(EMADVISECOLUMNS):   else if informat ne '' then informat = strip(informat)!!'.';
MPRINT(EMADVISECOLUMNS):   if idxusage = 'NONE' then index ="N";
MPRINT(EMADVISECOLUMNS):   else index = "Y";
MPRINT(EMADVISECOLUMNS):   indextype = idxusage;
MPRINT(EMADVISECOLUMNS):   drop idxusage itype formatl formatd informl informd;
MPRINT(EMADVISECOLUMNS):   run;
MPRINT(EMADVISECOLUMNS):    data WORK.M0X7ZCCD;
MPRINT(EMADVISECOLUMNS):   length UNAME $64;
MPRINT(EMADVISECOLUMNS):   set WORK.M0X7ZCCD;
MPRINT(EMADVISECOLUMNS):   UNAME = upcase(NAME);
MPRINT(EMADVISECOLUMNS):   run;
MPRINT(EMADVISECOLUMNS):    proc sort data=WORK.M2T9768W NOTHREADS;
MPRINT(EMADVISECOLUMNS):   by UNAME;
MPRINT(EMADVISECOLUMNS):   run;
MPRINT(EMADVISECOLUMNS):    data WORK.M2T9768W;
MPRINT(EMADVISECOLUMNS):   drop UNAME;
MPRINT(EMADVISECOLUMNS):   set WORK.M2T9768W;
MPRINT(EMADVISECOLUMNS):   run;
MPRINT(EMADVISECOLUMNS):    data WORK.M0YP4LXQ(keep=NAME ATTR);
MPRINT(EMADVISECOLUMNS):   length ATTR $ 20;
MPRINT(EMADVISECOLUMNS):   set WORK.M2T9768W;
MPRINT(EMADVISECOLUMNS):   if level ne "INTERVAL" then do;
MPRINT(EMADVISECOLUMNS):   if order = ' ' then do;
MPRINT(EMADVISECOLUMNS):   attr = 'ORDER';
MPRINT(EMADVISECOLUMNS):   output;
MPRINT(EMADVISECOLUMNS):   end;
MPRINT(EMADVISECOLUMNS):   end;
MPRINT(EMADVISECOLUMNS):   if format ne ' ' and formattype = ' ' then do;
MPRINT(EMADVISECOLUMNS):   attr = 'FORMATTYPE';
MPRINT(EMADVISECOLUMNS):   output;
MPRINT(EMADVISECOLUMNS):   end;
MPRINT(EMADVISECOLUMNS):   if role = ' ' then do;
MPRINT(EMADVISECOLUMNS):   attr = 'ROLE';
MPRINT(EMADVISECOLUMNS):   output;
MPRINT(EMADVISECOLUMNS):   end;
MPRINT(EMADVISECOLUMNS):   if level = ' ' then do;
MPRINT(EMADVISECOLUMNS):   attr = 'LEVEL';
MPRINT(EMADVISECOLUMNS):   output;
MPRINT(EMADVISECOLUMNS):   end;
MPRINT(EMADVISECOLUMNS):   if type = ' ' then do;
MPRINT(EMADVISECOLUMNS):   attr = 'TYPE';
MPRINT(EMADVISECOLUMNS):   output;
MPRINT(EMADVISECOLUMNS):   end;
MPRINT(EMADVISECOLUMNS):   if index = ' ' then do;
MPRINT(EMADVISECOLUMNS):   attr = 'INDEX';
MPRINT(EMADVISECOLUMNS):   output;
MPRINT(EMADVISECOLUMNS):   end;
MPRINT(EMADVISECOLUMNS):   if report = ' ' then do;
MPRINT(EMADVISECOLUMNS):   attr = 'REPORT';
MPRINT(EMADVISECOLUMNS):   output;
MPRINT(EMADVISECOLUMNS):   end;
MPRINT(EMADVISECOLUMNS):   run;
MPRINT(EMADVISECOLUMNS):   proc sort NOTHREADS;
MPRINT(EMADVISECOLUMNS):   by attr;
MPRINT(EMADVISECOLUMNS):   run;
MPRINT(EMADVISECOLUMNS):    data WORK.M2T9768W;
MPRINT(EMADVISECOLUMNS):   length NAME $64 ROLE $ 32 LEVEL $ 10 ORDER $ 8 CREATOR $32 
FORMATTYPE $ 10 FAMILY $ 10 LOWERLIMIT 8 UPPERLIMIT 8 REPORT $1 DISTRIBUTION $ 20 COMMENT $64;
MPRINT(EMADVISECOLUMNS):   length levelAssigned 8 roleAssigned 8 PRICE 8;
MPRINT(EMADVISECOLUMNS):   set WORK.M2T9768W;
MPRINT(EMADVISECOLUMNS):   if formattype = ' ' then do;
MPRINT(EMADVISECOLUMNS):   if format ne ' ' then do;
MPRINT(EMADVISECOLUMNS):   if type = 'N' then do;
MPRINT(EMADVISECOLUMNS):   pos = indexc(format,'.1234567890');
MPRINT(EMADVISECOLUMNS):   if pos > 1 then tempfmt = substr(format,1, pos-1);
MPRINT(EMADVISECOLUMNS):   else tempfmt = ' ';
MPRINT(EMADVISECOLUMNS):   flen = length(tempfmt);
MPRINT(EMADVISECOLUMNS):   select;
MPRINT(EMADVISECOLUMNS):   when(tempfmt in ("DATE" "DAY" "DDMMYY" "DOWNAME" "JULDAY" "JULIAN" 
"MMDDYY" "MMDDYYD" "MMDDYYC" "MMDDYYN" "MMDDYYP" "MMDDYYS" "MONNAME" "MONTH" "MONYY" "NENGO" 
"QTR" "QTRR" "WEEKDATE" "WEEKDATX" "WEEKDAY" "WORDDATE" "WORDDATX" "YEAR" "YYMMDD" "YYMON" 
"YYMMDDC" "YYMMDDD" "YYMMDDN" "YYMMDDP" "YYMMDDS" "EURDFDE" "NJDATE" "NLDATE" "EURDFDD" 
"EURDFDWN" "EURDFMN" "EURDFMY" "EURDFWK" "EURDFWKX" "EURDFWDX" "EURDFDN" "EURDFDE" )) 
formattype = 'DATE';
MPRINT(EMADVISECOLUMNS):   when(tempfmt in ("DATETIME" "EURDFDT" "TOD" )) formattype = 
"DATETIME";
MPRINT(EMADVISECOLUMNS):   when(tempfmt in ("HHMM" "HOUR" "MMSS" "TIME" "TIMEAMPM" )) 
formattype = "TIME";
MPRINT(EMADVISECOLUMNS):   when(tempfmt in ("COMMA" "COMMAX" "DOLLAR" "DOLLARX" "E" "FRACT" 
"NEGPAREN" "PERCENT")) formattype="QUANTITY";
MPRINT(EMADVISECOLUMNS):   when(tempfmt in ("BINARY" "HEX" "IB" "OCTAL" "PD" "PIB" "PK" "RB" 
"SSN" "Z" "ZD")) formattype = "CODING";
MPRINT(EMADVISECOLUMNS):   otherwise do;
MPRINT(EMADVISECOLUMNS):   formattype = "USER";
MPRINT(EMADVISECOLUMNS):   if substr(tempfmt, 1, 6)='NLDATE' then formattype = "DATE";
MPRINT(EMADVISECOLUMNS):   else if substr(tempfmt, 1, 6)='NLDATM' then formattype = "DATETIME";
MPRINT(EMADVISECOLUMNS):   else if substr(tempfmt, 1, 4)='NLTIM' then formattype = "TIME";
MPRINT(EMADVISECOLUMNS):   else if flen >= 4 then do;
MPRINT(EMADVISECOLUMNS):   str = substr(tempfmt,1,4);
MPRINT(EMADVISECOLUMNS):   if str in ("MMYY" "YYMM" "YYQR") then formattype ="DATE";
MPRINT(EMADVISECOLUMNS):   else if str = "S370" then formattype = "CODING";
MPRINT(EMADVISECOLUMNS):   else if str = "BEST" then formattype = "NUM";
MPRINT(EMADVISECOLUMNS):   drop str;
MPRINT(EMADVISECOLUMNS):   end;
MPRINT(EMADVISECOLUMNS):   else if flen >=3 and substr(tempfmt,1,3) = "YYQ" then formatType = 
"DATE";
MPRINT(EMADVISECOLUMNS):   end;
MPRINT(EMADVISECOLUMNS):   end;
MPRINT(EMADVISECOLUMNS):   drop flen tempfmt pos;
MPRINT(EMADVISECOLUMNS):   end;
MPRINT(EMADVISECOLUMNS):   else do;
MPRINT(EMADVISECOLUMNS):   formatType = "CATEGORY";
MPRINT(EMADVISECOLUMNS):   end;
MPRINT(EMADVISECOLUMNS):   end;
MPRINT(EMADVISECOLUMNS):   if formatType = "NUM" then do;
MPRINT(EMADVISECOLUMNS):   if index = "Y" then formatType = "DISCRETE";
MPRINT(EMADVISECOLUMNS):   else formatType = "QUANTITY";
MPRINT(EMADVISECOLUMNS):   end;
MPRINT(EMADVISECOLUMNS):   end;
MPRINT(EMADVISECOLUMNS):   if level = ' ' then do;
MPRINT(EMADVISECOLUMNS):   if formatType in ("CATEGORY", "CODING", "ID") or type = "C" then 
level = "NOMINAL";
MPRINT(EMADVISECOLUMNS):   else level = "INTERVAL";
MPRINT(EMADVISECOLUMNS):   levelAssigned = 1;
MPRINT(EMADVISECOLUMNS):   end;
MPRINT(EMADVISECOLUMNS):   else level = upcase(level);
MPRINT(EMADVISECOLUMNS):   if role = ' ' then do;
MPRINT(EMADVISECOLUMNS):   length name_prefix $8 _uname $64;
MPRINT(EMADVISECOLUMNS):   drop name_prefix _uname _freqflag;
MPRINT(EMADVISECOLUMNS):   retain _freqflag;
MPRINT(EMADVISECOLUMNS):   if LENGTH> 80 then ROLE = 'TEXT';
MPRINT(EMADVISECOLUMNS):   _uname = upcase(NAME);
MPRINT(EMADVISECOLUMNS):   select(_uname);
MPRINT(EMADVISECOLUMNS):   when('_PARTIND_') do;
MPRINT(EMADVISECOLUMNS):   ROLE = 'ID';
MPRINT(EMADVISECOLUMNS):   LEVEL = 'NOMINAL';
MPRINT(EMADVISECOLUMNS):   end;
MPRINT(EMADVISECOLUMNS):   when('_WARN_') ROLE = 'ASSESS';
MPRINT(EMADVISECOLUMNS):   when('EM_SEGMENT') do;
MPRINT(EMADVISECOLUMNS):   ROLE = 'SEGMENT';
MPRINT(EMADVISECOLUMNS):   LEVEL = 'NOMINAL';
MPRINT(EMADVISECOLUMNS):   end;
MPRINT(EMADVISECOLUMNS):   when('_NODE_') do;
MPRINT(EMADVISECOLUMNS):   ROLE = 'SEGMENT';
MPRINT(EMADVISECOLUMNS):   LEVEL = 'NOMINAL';
MPRINT(EMADVISECOLUMNS):   end;
MPRINT(EMADVISECOLUMNS):   when('EM_CLASSTARGET') ROLE = 'ASSESS';
MPRINT(EMADVISECOLUMNS):   when('EM_VALUETARGET') ROLE = 'ASSESS';
MPRINT(EMADVISECOLUMNS):   when('EM_PREDICTION') ROLE = 'PREDICT';
MPRINT(EMADVISECOLUMNS):   when('EM_PROBABILITY') ROLE = 'PREDICT';
MPRINT(EMADVISECOLUMNS):   when('EM_EVENTPROBABILITY') ROLE = 'PREDICT';
MPRINT(EMADVISECOLUMNS):   when('EM_CLASSIFICATION') ROLE = 'CLASSIFICATION';
MPRINT(EMADVISECOLUMNS):   when('EM_DECISION') ROLE = 'DECISION';
MPRINT(EMADVISECOLUMNS):   when('EM_PROFIT') ROLE = 'ASSESS';
MPRINT(EMADVISECOLUMNS):   when('EM_LOSS') ROLE = 'ASSESS';
MPRINT(EMADVISECOLUMNS):   when('EM_ROI') ROLE = 'ASSESS';
MPRINT(EMADVISECOLUMNS):   when('URI') ROLE = 'URL';
MPRINT(EMADVISECOLUMNS):   when('FILTERED') ROLE = 'TEXTLOC';
MPRINT(EMADVISECOLUMNS):   otherwise do;
MPRINT(EMADVISECOLUMNS):   if upcase(NAME) =: 'ZIP' then do;
MPRINT(EMADVISECOLUMNS):   ROLE = 'REJECTED';
MPRINT(EMADVISECOLUMNS):   LEVEL = 'NOMINAL';
MPRINT(EMADVISECOLUMNS):   COMMENT = 'Rejected by: Exceed the maximum class level of %s';
MPRINT(EMADVISECOLUMNS):   end;
MPRINT(EMADVISECOLUMNS):   else if upcase(NAME) in('FREQ', 'FREQUENCY') then do;
MPRINT(EMADVISECOLUMNS):   ROLE = 'FREQ';
MPRINT(EMADVISECOLUMNS):   if TYPE = 'C' then ROLE = 'INPUT';
MPRINT(EMADVISECOLUMNS):   else if _freqflag =1 then ROLE='REJECTED';
MPRINT(EMADVISECOLUMNS):   end;
MPRINT(EMADVISECOLUMNS):   else do;
MPRINT(EMADVISECOLUMNS):   name_prefix = scan(_uname, 1, '_');
MPRINT(EMADVISECOLUMNS):   if scan(_uname, 2, '_') = '' then name_prefix='';
MPRINT(EMADVISECOLUMNS):   if name_prefix in('F', 'I', 'U') then do;
MPRINT(EMADVISECOLUMNS):   ROLE = 'CLASSIFICATION';
MPRINT(EMADVISECOLUMNS):   LEVEL = 'NOMINAL';
MPRINT(EMADVISECOLUMNS):   end;
MPRINT(EMADVISECOLUMNS):   else if name_prefix in('P', 'V') then ROLE = 'PREDICT';
MPRINT(EMADVISECOLUMNS):   else if name_prefix in('R', 'RS', 'RT', 'RD', 'RDS', 'RDT', 'RA', 
'RAS', 'RAT') then ROLE = 'RESIDUAL';
MPRINT(EMADVISECOLUMNS):   else if name_prefix ='D' then do;
MPRINT(EMADVISECOLUMNS):   ROLE = 'DECISION';
MPRINT(EMADVISECOLUMNS):   LEVEL = 'NOMINAL';
MPRINT(EMADVISECOLUMNS):   end;
MPRINT(EMADVISECOLUMNS):   else if name_prefix ='B' then do;
MPRINT(EMADVISECOLUMNS):   ROLE = 'SEGMENT';
MPRINT(EMADVISECOLUMNS):   LEVEL = 'NOMINAL';
MPRINT(EMADVISECOLUMNS):   end;
MPRINT(EMADVISECOLUMNS):   else if name_prefix in('EP', 'BP', 'CP', 'EL', 'CL', 'BL', 'W', 
'ROI', 'IC') then ROLE = 'ASSESS';
MPRINT(EMADVISECOLUMNS):   else do;
MPRINT(EMADVISECOLUMNS):   array _ROLE_ (19) $32 _TEMPORARY_ 
('ASSESS','CLASSIFICATION','CENSOR', 'COST', 'CROSSID', 'DECISION', 'ID','INPUT', 'LABEL', 
'MISSING','PREDICT','REFERRER','REJECTED', 'RESIDUAL','SEGMENT', 'SEQUENCE','TARGET', 'TEXT', 
'TIMEID');
MPRINT(EMADVISECOLUMNS):   drop _found_ i;
MPRINT(EMADVISECOLUMNS):   _found_=0;
MPRINT(EMADVISECOLUMNS):   do i=1 to 19 until(_found_=1);
MPRINT(EMADVISECOLUMNS):   if index(_uname, trim(_ROLE_{i}))=1 then do;
MPRINT(EMADVISECOLUMNS):   ROLE=_ROLE_{i};
MPRINT(EMADVISECOLUMNS):   if ROLE = 'ID' then LEVEL = 'NOMINAL';
MPRINT(EMADVISECOLUMNS):   else if ROLE = 'SEGMENT' then LEVEL = 'NOMINAL';
MPRINT(EMADVISECOLUMNS):   else if ROLE = 'TIMEID' and TYPE='N' then LEVEL = 'INTERVAL';
MPRINT(EMADVISECOLUMNS):   _found_=1;
MPRINT(EMADVISECOLUMNS):   end;
MPRINT(EMADVISECOLUMNS):   end;
MPRINT(EMADVISECOLUMNS):   if length(_uname)>2 then do;
MPRINT(EMADVISECOLUMNS):   if substr(reverse(trim(_uname)), 1, 3) = 'DI_' then do;
MPRINT(EMADVISECOLUMNS):   ROLE = 'ID';
MPRINT(EMADVISECOLUMNS):   LEVEL = 'NOMINAL';
MPRINT(EMADVISECOLUMNS):   end;
MPRINT(EMADVISECOLUMNS):   end;
MPRINT(EMADVISECOLUMNS):   end;
MPRINT(EMADVISECOLUMNS):   end;
MPRINT(EMADVISECOLUMNS):   end;
MPRINT(EMADVISECOLUMNS):   end;
MPRINT(EMADVISECOLUMNS):   if ROLE='FREQ' then _freqflag=1;
MPRINT(EMADVISECOLUMNS):   else if ROLE = 'CLASSIFICATION' then LEVEL = 'NOMINAL';
MPRINT(EMADVISECOLUMNS):   if symexist('RATEMKG_ROLE') then do;
MPRINT(EMADVISECOLUMNS):   if upcase(symget('RATEMKG_ROLE')) in('Y', 'YES') then do;
MPRINT(EMADVISECOLUMNS):   if _uname =: 'POLICY' then ROLE = 'POLICYID';
MPRINT(EMADVISECOLUMNS):   else if _uname in ('PARTITION', '_PARTIND_') then ROLE = 
'PARTITION';
MPRINT(EMADVISECOLUMNS):   else if type = 'N' then do;
MPRINT(EMADVISECOLUMNS):   if _uname = 'EXPOSURE' then ROLE = 'EXPOSURE';
MPRINT(EMADVISECOLUMNS):   else if _uname = 'YEAR' then ROLE = 'YEAR';
MPRINT(EMADVISECOLUMNS):   else if _uname = 'WEIGHT' then ROLE = 'WEIGHT';
MPRINT(EMADVISECOLUMNS):   else if _uname = 'OFFSET' then ROLE = 'OFFSET';
MPRINT(EMADVISECOLUMNS):   end;
MPRINT(EMADVISECOLUMNS):   end;
MPRINT(EMADVISECOLUMNS):   end;
MPRINT(EMADVISECOLUMNS):   end;
MPRINT(EMADVISECOLUMNS):   if role = ' ' then do;
MPRINT(EMADVISECOLUMNS):   if formattype in('DATE', 'DATETIME', 'TIME') then role = 'TIMEID';
MPRINT(EMADVISECOLUMNS):   else role = 'INPUT';
MPRINT(EMADVISECOLUMNS):   roleAssigned = 1;
MPRINT(EMADVISECOLUMNS):   end;
MPRINT(EMADVISECOLUMNS):   else role = upcase(role);
MPRINT(EMADVISECOLUMNS):   if REPORT = '' then REPORT = 'N';
MPRINT(EMADVISECOLUMNS):   run;
MPRINT(EMADVISECOLUMNS):    data WORK.M2T9768W;
MPRINT(EMADVISECOLUMNS):   set WORK.M2T9768W;
MPRINT(EMADVISECOLUMNS):   label NAME = "Variable Name" TYPE = "Type" ROLE = "Role" LEVEL= 
"Measurement Level" ORDER= "Order" CREATOR= "Creator" FORMATTYPE= "Format Type" FAMILY= 
"Family" DISTRIBUTION= "Distribution" PRICE= "Price" LOWERLIMIT= "Lower limit" UPPERLIMIT= 
"Upper Limit" REPORT= "Report" COMMENT= "Comment" INDEX= "Index" INDEXTYPE= "IndexType" LABEL= 
"Label" LENGTH= "Length";
MPRINT(EMADVISECOLUMNS):   drop levelAssigned roleAssigned;
MPRINT(EMADVISECOLUMNS):   run;
MPRINT(EMADVISECOLUMNS):   
MPRINT(EM_DIAGRAM):  ;
MPRINT(EM_DIAGRAM):   proc sort data=WORK.COLUMNMETA;
MPRINT(EM_DIAGRAM):   by NAME;
MPRINT(EM_DIAGRAM):   run;
MPRINT(EM_DIAGRAM):   *------------------------------------------------------------*;
MPRINT(EM_DIAGRAM):   * &nodeid: Merge incoming metadata;
MPRINT(EM_DIAGRAM):   *------------------------------------------------------------*;
MPRINT(EM_DIAGRAM):   proc contents data=EMWS1.Reg2_TRAIN noprint out=_temp2(keep=NAME);
MPRINT(EM_DIAGRAM):   run;
MPRINT(EM_DIAGRAM):   proc sort data=_temp2;
MPRINT(EM_DIAGRAM):   by NAME;
MPRINT(EM_DIAGRAM):   run;
MPRINT(EM_DIAGRAM):   proc sort data=EMWS1.Reg2_CMeta_TRAIN out=_temp;
MPRINT(EM_DIAGRAM):   by NAME;
MPRINT(EM_DIAGRAM):   run;
MPRINT(EM_DIAGRAM):   data EMWS1.Neural11_CMeta_TRAIN;
MPRINT(EM_DIAGRAM):   merge WORK.COLUMNMETA(in=_a) _temp2(in=_b) _temp(drop=FORMAT INFORMAT 
LENGTH INDEX INDEXTYPE in=_c) end=_eof_;
MPRINT(EM_DIAGRAM):   by NAME;
MPRINT(EM_DIAGRAM):   if (^_a and _b) or (^_c and _a and _b) then delete;
MPRINT(EM_DIAGRAM):   if ^_b then CREATOR = "Neural11";
MPRINT(EM_DIAGRAM):   length model $200;
MPRINT(EM_DIAGRAM):   label MODEL = "Model Node";
MPRINT(EM_DIAGRAM):   select(upcase(name));
MPRINT(EM_DIAGRAM):   when("P_RISK1") creator = "Neural11";
MPRINT(EM_DIAGRAM):   when("R_RISK1") creator = "Neural11";
MPRINT(EM_DIAGRAM):   when("P_RISK0") creator = "Neural11";
MPRINT(EM_DIAGRAM):   when("R_RISK0") creator = "Neural11";
MPRINT(EM_DIAGRAM):   when("F_RISK") creator = "Neural11";
MPRINT(EM_DIAGRAM):   when("I_RISK") creator = "Neural11";
MPRINT(EM_DIAGRAM):   when("U_RISK") creator = "Neural11";
MPRINT(EM_DIAGRAM):   when("_WARN_") creator = "Neural11";
MPRINT(EM_DIAGRAM):   when("RISK") model = "Neural11";
MPRINT(EM_DIAGRAM):   when('');
MPRINT(EM_DIAGRAM):   otherwise;
MPRINT(EM_DIAGRAM):   end;
MPRINT(EM_DIAGRAM):   *------------------------------------------------------------*;
MPRINT(EM_DIAGRAM):   * Neural11: Apply Delta Code;
MPRINT(EM_DIAGRAM):   *------------------------------------------------------------*;
MPRINT(EM_DIAGRAM):   run;
MPRINT(EM_DIAGRAM):   filename _delta;
176737     data WORK.MODELTEMP_INFO;
MPRINT(EM_DIAGRAM):    data WORK.MODELTEMP_INFO;
176738     set EMWS1.Neural11_EMINFO;
MPRINT(EM_DIAGRAM):   set EMWS1.Neural11_EMINFO;
176739     where DATA='Neural11' and KEY ^in('DECDATA', 'DECMETA', 'IMPORTANCE', 'MODEL');
MPRINT(EM_DIAGRAM):   where DATA='Neural11' and KEY ^in('DECDATA', 'DECMETA', 'IMPORTANCE', 
'MODEL');
176740     run;
MPRINT(EM_DIAGRAM):   run;

NOTE: There were 0 observations read from the data set EMWS1.NEURAL11_EMINFO.
      WHERE (DATA='Neural11') and KEY not in ('DECDATA', 'DECMETA', 'IMPORTANCE', 'MODEL');
NOTE: The data set WORK.MODELTEMP_INFO has 0 observations and 3 variables.
NOTE: DATA statement used (Total process time):
      real time           0.01 seconds
      cpu time            0.01 seconds
      

176741     data EMWS1.Neural11_EMINFO;
MPRINT(EM_DIAGRAM):    data EMWS1.Neural11_EMINFO;
176742     length TARGET KEY $32 DATA $43;
MPRINT(EM_DIAGRAM):   length TARGET KEY $32 DATA $43;
176743     input TARGET KEY DATA $;
MPRINT(EM_DIAGRAM):   input TARGET KEY DATA $;
176744     cards;
MPRINT(EM_DIAGRAM):   cards;

NOTE: The data set EMWS1.NEURAL11_EMINFO has 3 observations and 3 variables.
NOTE: DATA statement used (Total process time):
      real time           0.04 seconds
      cpu time            0.01 seconds
      

MPRINT(EM_DIAGRAM):   run;
176748     run;
176749     data EMWS1.Neural11_EMINFO;
MPRINT(EM_DIAGRAM):   data EMWS1.Neural11_EMINFO;
176750     set EMWS1.Neural11_EMINFO WORK.MODELTEMP_INFO;
MPRINT(EM_DIAGRAM):   set EMWS1.Neural11_EMINFO WORK.MODELTEMP_INFO;
176751     run;
MPRINT(EM_DIAGRAM):   run;

NOTE: There were 3 observations read from the data set EMWS1.NEURAL11_EMINFO.
NOTE: There were 0 observations read from the data set WORK.MODELTEMP_INFO.
NOTE: The data set EMWS1.NEURAL11_EMINFO has 3 observations and 3 variables.
NOTE: DATA statement used (Total process time):
      real time           0.07 seconds
      cpu time            0.01 seconds
      

176752     proc sort data = EMWS1.Neural11_EMINFO NOTHREADS;
MPRINT(EM_DIAGRAM):    proc sort data = EMWS1.Neural11_EMINFO NOTHREADS;
176753     by TARGET KEY;
MPRINT(EM_DIAGRAM):   by TARGET KEY;
176754     run;
MPRINT(EM_DIAGRAM):   run;

NOTE: There were 3 observations read from the data set EMWS1.NEURAL11_EMINFO.
NOTE: The data set EMWS1.NEURAL11_EMINFO has 3 observations and 3 variables.
NOTE: PROCEDURE SORT used (Total process time):
      real time           0.11 seconds
      cpu time            0.03 seconds
      

176755     proc sort data = EMWS1.Reg2_EMINFO OUT=WORK.SORTEDEMINFO NOTHREADS;
MPRINT(EM_DIAGRAM):    proc sort data = EMWS1.Reg2_EMINFO OUT=WORK.SORTEDEMINFO NOTHREADS;
176756     by TARGET KEY;
MPRINT(EM_DIAGRAM):   by TARGET KEY;
176757     run;
MPRINT(EM_DIAGRAM):   run;

NOTE: There were 4 observations read from the data set EMWS1.REG2_EMINFO.
NOTE: The data set WORK.SORTEDEMINFO has 4 observations and 3 variables.
NOTE: PROCEDURE SORT used (Total process time):
      real time           0.02 seconds
      cpu time            0.01 seconds
      

176758     proc sort data = EMWS1.Neural11_EMINFO OUT=WORK.TEMP_INFO NOTHREADS;
MPRINT(EM_DIAGRAM):   proc sort data = EMWS1.Neural11_EMINFO OUT=WORK.TEMP_INFO NOTHREADS;
176759     by TARGET KEY;
MPRINT(EM_DIAGRAM):   by TARGET KEY;
176760     run;
MPRINT(EM_DIAGRAM):   run;

NOTE: Input data set is already sorted; it has been copied to the output data set.
NOTE: There were 3 observations read from the data set EMWS1.NEURAL11_EMINFO.
NOTE: The data set WORK.TEMP_INFO has 3 observations and 3 variables.
NOTE: PROCEDURE SORT used (Total process time):
      real time           0.01 seconds
      cpu time            0.01 seconds
      

176761     data EMWS1.Neural11_EMINFO;
MPRINT(EM_DIAGRAM):   data EMWS1.Neural11_EMINFO;
176762     merge WORK.SORTEDEMINFO WORK.TEMP_INFO;
MPRINT(EM_DIAGRAM):   merge WORK.SORTEDEMINFO WORK.TEMP_INFO;
176763     by TARGET KEY;
MPRINT(EM_DIAGRAM):   by TARGET KEY;
176764     run;
MPRINT(EM_DIAGRAM):   run;

NOTE: There were 4 observations read from the data set WORK.SORTEDEMINFO.
NOTE: There were 3 observations read from the data set WORK.TEMP_INFO.
NOTE: The data set EMWS1.NEURAL11_EMINFO has 4 observations and 3 variables.
NOTE: DATA statement used (Total process time):
      real time           0.05 seconds
      cpu time            0.03 seconds
      

176765     proc datasets lib=work nolist;
MPRINT(EM_DIAGRAM):   proc datasets lib=work nolist;
176766     delete TEMP_INFO SORTEDEMINFO;
MPRINT(EM_DIAGRAM):   delete TEMP_INFO SORTEDEMINFO;
176767     run;
MPRINT(EM_DIAGRAM):   run;

NOTE: Deleting WORK.TEMP_INFO (memtype=DATA).
NOTE: Deleting WORK.SORTEDEMINFO (memtype=DATA).
176768     quit;
MPRINT(EM_DIAGRAM):   quit;

NOTE: PROCEDURE DATASETS used (Total process time):
      real time           0.01 seconds
      cpu time            0.01 seconds
      

NOTE: View EMWS1.NEURAL11_TRAIN.VIEW used (Total process time):
      real time           0.23 seconds
      cpu time            0.21 seconds
      
NOTE: View EMWS1.NEURAL11_VALIDATE.VIEW used (Total process time):
      real time           0.24 seconds
      cpu time            0.25 seconds
      
MPRINT(EM_DIAGRAM):    proc printto;
MPRINT(EM_DIAGRAM):   run;
