NOTE: PROCEDURE PRINTTO used (Total process time):
      real time           0.00 seconds
      cpu time            0.00 seconds
      

NOTE: 1623064 kilobytes of physical memory.
NOTE: The subtree sequence contains 5 subtrees. The largest has 9 nodes and 5 leaves.
NOTE: Will use 100 out of 100 training cases.
NOTE: Using memory pool with 163067904 bytes.
NOTE: The subtree sequence contains 5 subtrees. The largest has 9 nodes and 5 leaves.
NOTE: Using subtree with 9 nodes and 5 leaves.
NOTE: Created macro variable NLEAVES equal to 5.
NOTE: The data set EMWS1.TREE2_OUTIMPORT has 23 observations and 6 variables.
NOTE: The data set EMWS1.TREE2_EMTREE has 445 observations and 4 variables.
NOTE: The data set EMWS1.TREE2_OUTNODES has 9 observations and 24 variables.
NOTE: The data set EMWS1.TREE2_OUTPATH has 23 observations and 7 variables.
NOTE: The data set EMWS1.TREE2_OUTRULES has 85 observations and 6 variables.
NOTE: The data set EMWS1.TREE2_OUTSEQ has 5 observations and 20 variables.
NOTE: The data set EMWS1.TREE2_OUTSTATS has 63 observations and 5 variables.
NOTE: The data set EMWS1.TREE2_OUTSUMMARY has 24 observations and 6 variables.
NOTE: The data set EMWS1.TREE2_OUTTOPOLOGY has 9 observations and 5 variables.
NOTE: External file H:\746\Decision Tree test\Workspaces\EMWS1\Tree2\TREEFLOW.sas opened.
NOTE: External file H:\746\Decision Tree test\Workspaces\EMWS1\Tree2\TREEPUBLISH.sas opened.
NOTE: The data set WORK.FIT_TRAIN has 1 observations and 10 variables.
NOTE: The data set WORK.FIT_VALID has 1 observations and 8 variables.


NOTE: There were 100 observations read from the data set EMWS1.PART_TRAIN.
NOTE: The data set WORK._NAMEDAT has 2 observations and 5 variables.
NOTE: PROCEDURE ARBOR used (Total process time):
      real time           0.76 seconds
      cpu time            0.15 seconds
      


NOTE: There were 1 observations read from the data set EMWS1.TREE2_VARIABLESET.
      WHERE ROLE='TARGET';
NOTE: The data set WORK.TEMPTARGET has 1 observations and 29 variables.
NOTE: DATA statement used (Total process time):
      real time           0.00 seconds
      cpu time            0.01 seconds
      


NOTE: There were 1 observations read from the data set WORK.FIT_TRAIN.
NOTE: There were 1 observations read from the data set WORK.FIT_VALID.
NOTE: The data set EMWS1.TREE2_EMOUTFIT has 1 observations and 16 variables.
NOTE: DATA statement used (Total process time):
      real time           0.05 seconds
      cpu time            0.01 seconds
      


NOTE: Deleting WORK.FIT_VALID (memtype=DATA).

NOTE: PROCEDURE DATASETS used (Total process time):
      real time           0.01 seconds
      cpu time            0.01 seconds
      


NOTE: Variable cvimportance is uninitialized.
NOTE: Variable nsurrogates is uninitialized.
NOTE: There were 2 observations read from the data set EMWS1.TREE2_OUTIMPORT.
NOTE: DATA statement used (Total process time):
      real time           0.01 seconds
      cpu time            0.00 seconds
      


NOTE: There were 4 observations read from the data set EMWS1.TREE2_OUTIMPORT.
      WHERE nrules>0;
NOTE: The PROCEDURE PRINT printed page 1.
NOTE: PROCEDURE PRINT used (Total process time):
      real time           0.00 seconds
      cpu time            0.01 seconds
      


NOTE: There were 23 observations read from the data set EMWS1.TREE2_OUTPATH.
NOTE: The data set WORK.TEMPOUTPATH has 23 observations and 8 variables.
NOTE: DATA statement used (Total process time):
      real time           0.00 seconds
      cpu time            0.01 seconds
      


NOTE: There were 2 observations read from the data set EMWS1.TREE2_RISK_DM.
      WHERE _TYPE_='PREDICTED';
NOTE: DATA statement used (Total process time):
      real time           0.00 seconds
      cpu time            0.00 seconds
      


NOTE: There were 2 observations read from the data set EMWS1.TREE2_OUTNODES.
NOTE: DATA statement used (Total process time):
      real time           0.00 seconds
      cpu time            0.01 seconds
      


NOTE: There were 23 observations read from the data set WORK.TEMPOUTPATH.
NOTE: The data set WORK.TEMPOUTPATH has 23 observations and 8 variables.
NOTE: PROCEDURE SORT used (Total process time):
      real time           0.00 seconds
      cpu time            0.01 seconds
      


NOTE: There were 9 observations read from the data set EMWS1.TREE2_OUTNODES.
NOTE: The data set WORK.OUTNODES has 9 observations and 24 variables.
NOTE: PROCEDURE SORT used (Total process time):
      real time           0.01 seconds
      cpu time            0.00 seconds
      


NOTE: There were 23 observations read from the data set WORK.TEMPOUTPATH.
NOTE: There were 9 observations read from the data set WORK.OUTNODES.
NOTE: The data set WORK.TEMPOUTPATH has 23 observations and 11 variables.
NOTE: DATA statement used (Total process time):
      real time           0.00 seconds
      cpu time            0.00 seconds
      


NOTE: There were 23 observations read from the data set WORK.TEMPOUTPATH.
NOTE: The data set WORK.TEMPOUTPATH has 23 observations and 11 variables.
NOTE: PROCEDURE SORT used (Total process time):
      real time           0.00 seconds
      cpu time            0.00 seconds
      


NOTE: Numeric values have been converted to character values at the places given by: (Line):(Column).
      218:176   228:190   374:191   381:195   
NOTE: The file X is:
      Filename=H:\746\Decision Tree test\Workspaces\EMWS1\Tree2\ENGLISHRULES.txt,
      RECFM=V,LRECL=131068,File Size (bytes)=0,
      Last Modified=April 16, 2021 11:55:32 o'cloc,
      Create Time=April 16, 2021 11:55:32 o'cloc

NOTE: 57 records were written to the file X.
      The minimum record length was 1.
      The maximum record length was 62.
NOTE: There were 23 observations read from the data set WORK.TEMPOUTPATH.
NOTE: DATA statement used (Total process time):
      real time           0.01 seconds
      cpu time            0.03 seconds
      


NOTE: Deleting WORK.TEMPOUTPATH (memtype=DATA).
NOTE: Deleting WORK.OUTNODES (memtype=DATA).

NOTE: PROCEDURE DATASETS used (Total process time):
      real time           0.01 seconds
      cpu time            0.00 seconds
      


NOTE: The data set WORK.EM_USER_REPORT has 132 observations and 4 variables.
NOTE: DATA statement used (Total process time):
      real time           0.03 seconds
      cpu time            0.01 seconds
      

NOTE: Fileref X has been deassigned.

