 
                                                                                               
 
 
Fit Statistics

Target=Risk Target Label=' '

   Fit
Statistics    Statistics Label                      Train    Validation

 _DFT_        Total Degrees of Freedom            100.000         .    
 _DFE_        Degrees of Freedom for Error        -45.000         .    
 _DFM_        Model Degrees of Freedom            145.000         .    
 _NW_         Number of Estimated Weights         145.000         .    
 _AIC_        Akaike's Information Criterion         .            .    
 _SBC_        Schwarz's Bayesian Criterion           .            .    
 _ASE_        Average Squared Error                 0.085        0.095 
 _MAX_        Maximum Absolute Error                0.992        0.987 
 _DIV_        Divisor for ASE                     200.000      200.000 
 _NOBS_       Sum of Frequencies                  100.000      100.000 
 _RASE_       Root Average Squared Error            0.292        0.308 
 _SSE_        Sum of Squared Errors                17.012       18.964 
 _SUMW_       Sum of Case Weights Times Freq      200.000      200.000 
 _FPE_        Final Prediction Error                 .            .    
 _MSE_        Mean Squared Error                     .           0.095 
 _RFPE_       Root Final Prediction Error            .            .    
 _RMSE_       Root Mean Squared Error                .           0.308 
 _AVERR_      Average Error Function                0.296        0.301 
 _ERR_        Error Function                       59.184       60.248 
 _MISC_       Misclassification Rate                0.140        0.150 
 _WRONG_      Number of Wrong Classifications      14.000       15.000 
 
                                                                                               
 
 
Classification Table

Data Role=TRAIN Target Variable=Risk Target Label=' '

                       Target        Outcome     Frequency       Total
Target    Outcome    Percentage    Percentage      Count      Percentage

  0          0         83.3333       86.9565         40           40    
  1          0         16.6667       14.8148          8            8    
  0          1         11.5385       13.0435          6            6    
  1          1         88.4615       85.1852         46           46    


Data Role=VALIDATE Target Variable=Risk Target Label=' '

                       Target        Outcome     Frequency       Total
Target    Outcome    Percentage    Percentage      Count      Percentage

  0          0         85.7143       80.0000         36           36    
  1          0         14.2857       10.9091          6            6    
  0          1         15.5172       20.0000          9            9    
  1          1         84.4828       89.0909         49           49    
 
                                                                                               
 
 
Event Classification Table

Data Role=TRAIN Target=Risk Target Label=' '

  False       True        False       True
Negative    Negative    Positive    Positive

    8          40           6          46   


Data Role=VALIDATE Target=Risk Target Label=' '

  False       True        False       True
Negative    Negative    Positive    Positive

    6          36           9          49   
 
                                                                                               
 
 
Assessment Score Rankings

Data Role=TRAIN Target Variable=Risk Target Label=' '

                                                                                    Mean
                            Cumulative       %      Cumulative     Number of     Posterior
Depth     Gain      Lift       Lift      Response   % Response   Observations   Probability

   5    85.1852   1.85185     1.85185       100       100.000          5          0.99372  
  10    66.6667   1.48148     1.66667        80        90.000          5          0.99310  
  15    60.4938   1.48148     1.60494        80        86.667          5          0.99209  
  20    66.6667   1.85185     1.66667       100        90.000          5          0.99133  
  25    70.3704   1.85185     1.70370       100        92.000          5          0.99092  
  30    72.8395   1.85185     1.72840       100        93.333          5          0.98898  
  35    74.6032   1.85185     1.74603       100        94.286          5          0.97938  
  40    75.9259   1.85185     1.75926       100        95.000          5          0.95619  
  45    72.8395   1.48148     1.72840        80        93.333          5          0.84118  
  50    62.9630   0.74074     1.62963        40        88.000          5          0.62346  
  55    58.2492   1.11111     1.58249        60        85.455          5          0.49642  
  60    60.4938   1.85185     1.60494       100        86.667          5          0.42670  
  65    50.9972   0.37037     1.50997        20        81.538          5          0.28163  
  70    42.8571   0.37037     1.42857        20        77.143          5          0.10131  
  75    33.3333   0.00000     1.33333         0        72.000          5          0.03961  
  80    25.0000   0.00000     1.25000         0        67.500          5          0.02581  
  85    17.6471   0.00000     1.17647         0        63.529          5          0.01259  
  90    11.1111   0.00000     1.11111         0        60.000          5          0.00964  
  95     5.2632   0.00000     1.05263         0        56.842          5          0.00805  
 100     0.0000   0.00000     1.00000         0        54.000          5          0.00408  


Data Role=VALIDATE Target Variable=Risk Target Label=' '

                                                                                    Mean
                            Cumulative       %      Cumulative     Number of     Posterior
Depth     Gain      Lift       Lift      Response   % Response   Observations   Probability

   5    81.8182   1.81818     1.81818       100       100.000          5          0.99378  
  10    81.8182   1.81818     1.81818       100       100.000          5          0.99331  
  15    81.8182   1.81818     1.81818       100       100.000          5          0.99281  
  20    81.8182   1.81818     1.81818       100       100.000          5          0.99211  
  25    81.8182   1.81818     1.81818       100       100.000          5          0.99129  
  30    81.8182   1.81818     1.81818       100       100.000          5          0.98962  
  35    76.6234   1.45455     1.76623        80        97.143          5          0.98414  
  40    72.7273   1.45455     1.72727        80        95.000          5          0.95976  
  45    73.7374   1.81818     1.73737       100        95.556          5          0.91266  
  50    60.0000   0.36364     1.60000        20        88.000          5          0.64725  
  55    57.0248   1.27273     1.57025        70        86.364          5          0.55014  
  60    51.5152   0.90909     1.51515        50        83.333          5          0.52126  
  65    45.4545   0.72727     1.45455        40        80.000          5          0.32504  
  70    40.2597   0.72727     1.40260        40        77.143          5          0.16033  
  75    33.3333   0.36364     1.33333        20        73.333          5          0.08743  
  80    25.0000   0.00000     1.25000         0        68.750          5          0.03362  
  85    17.6471   0.00000     1.17647         0        64.706          5          0.01332  
  90    11.1111   0.00000     1.11111         0        61.111          5          0.00918  
  95     5.2632   0.00000     1.05263         0        57.895          5          0.00773  
 100     0.0000   0.00000     1.00000         0        55.000          5          0.00386  
 
                                                                                               
 
 
Assessment Score Distribution

Data Role=TRAIN Target Variable=Risk Target Label=' '

 Posterior     Number                     Mean
Probability      of      Number of     Posterior
   Range       Events    Nonevents    Probability    Percentage

 0.95-1.00       37           2         0.98692          39    
 0.90-0.95        2           0         0.92928           2    
 0.85-0.90        2           0         0.86509           2    
 0.80-0.85        1           0         0.83107           1    
 0.70-0.75        0           1         0.72481           1    
 0.65-0.70        1           2         0.66605           3    
 0.55-0.60        1           0         0.59585           1    
 0.50-0.55        2           1         0.51838           3    
 0.45-0.50        4           2         0.47318           6    
 0.35-0.40        2           1         0.36885           3    
 0.30-0.35        1           0         0.34947           1    
 0.20-0.25        0           3         0.23228           3    
 0.15-0.20        0           1         0.19840           1    
 0.10-0.15        0           1         0.10532           1    
 0.05-0.10        1           3         0.06340           4    
 0.00-0.05        0          29         0.01545          29    


Data Role=VALIDATE Target Variable=Risk Target Label=' '

 Posterior     Number                     Mean
Probability      of      Number of     Posterior
   Range       Events    Nonevents    Probability    Percentage

 0.95-1.00       37           2         0.98852          39    
 0.90-0.95        4           0         0.92840           4    
 0.85-0.90        2           0         0.89072           2    
 0.70-0.75        0           1         0.74107           1    
 0.60-0.65        0           3         0.63666           3    
 0.55-0.60        3           0         0.57197           3    
 0.50-0.55        3           3         0.54000           6    
 0.45-0.50        1           1         0.49315           2    
 0.40-0.45        2           0         0.42667           2    
 0.30-0.35        0           1         0.32604           1    
 0.20-0.25        0           3         0.21785           3    
 0.15-0.20        1           0         0.18774           1    
 0.10-0.15        2           3         0.12321           5    
 0.05-0.10        0           5         0.06787           5    
 0.00-0.05        0          23         0.00985          23    
