 
                                                                                               
 
 
Fit Statistics

Target=Risk Target Label=' '

   Fit
Statistics    Statistics Label                      Train    Validation

 _DFT_        Total Degrees of Freedom            100.000         .    
 _DFE_        Degrees of Freedom for Error        -30.000         .    
 _DFM_        Model Degrees of Freedom            130.000         .    
 _NW_         Number of Estimated Weights         130.000         .    
 _AIC_        Akaike's Information Criterion         .            .    
 _SBC_        Schwarz's Bayesian Criterion           .            .    
 _ASE_        Average Squared Error                 0.045        0.078 
 _MAX_        Maximum Absolute Error                0.851        0.979 
 _DIV_        Divisor for ASE                     200.000      200.000 
 _NOBS_       Sum of Frequencies                  100.000      100.000 
 _RASE_       Root Average Squared Error            0.212        0.279 
 _SSE_        Sum of Squared Errors                 9.027       15.548 
 _SUMW_       Sum of Case Weights Times Freq      200.000      200.000 
 _FPE_        Final Prediction Error                 .            .    
 _MSE_        Mean Squared Error                     .           0.078 
 _RFPE_       Root Final Prediction Error            .            .    
 _RMSE_       Root Mean Squared Error                .           0.279 
 _AVERR_      Average Error Function                0.146        0.254 
 _ERR_        Error Function                       29.125       50.773 
 _MISC_       Misclassification Rate                0.050        0.100 
 _WRONG_      Number of Wrong Classifications       5.000       10.000 
 
                                                                                               
 
 
Classification Table

Data Role=TRAIN Target Variable=Risk Target Label=' '

                       Target        Outcome     Frequency       Total
Target    Outcome    Percentage    Percentage      Count      Percentage

  0          0         95.5556       93.4783         43           43    
  1          0          4.4444        3.7037          2            2    
  0          1          5.4545        6.5217          3            3    
  1          1         94.5455       96.2963         52           52    


Data Role=VALIDATE Target Variable=Risk Target Label=' '

                       Target        Outcome     Frequency       Total
Target    Outcome    Percentage    Percentage      Count      Percentage

  0          0         97.2973       80.0000         36           36    
  1          0          2.7027        1.8182          1            1    
  0          1         14.2857       20.0000          9            9    
  1          1         85.7143       98.1818         54           54    
 
                                                                                               
 
 
Event Classification Table

Data Role=TRAIN Target=Risk Target Label=' '

  False       True        False       True
Negative    Negative    Positive    Positive

    2          43           3          52   


Data Role=VALIDATE Target=Risk Target Label=' '

  False       True        False       True
Negative    Negative    Positive    Positive

    1          36           9          54   
 
                                                                                               
 
 
Assessment Score Rankings

Data Role=TRAIN Target Variable=Risk Target Label=' '

                                                                                    Mean
                            Cumulative       %      Cumulative     Number of     Posterior
Depth     Gain      Lift       Lift      Response   % Response   Observations   Probability

   5    85.1852   1.85185     1.85185       100       100.000          5          0.99988  
  10    85.1852   1.85185     1.85185       100       100.000          5          0.99971  
  15    85.1852   1.85185     1.85185       100       100.000          5          0.99939  
  20    85.1852   1.85185     1.85185       100       100.000          5          0.99867  
  25    85.1852   1.85185     1.85185       100       100.000          5          0.99668  
  30    85.1852   1.85185     1.85185       100       100.000          5          0.99354  
  35    85.1852   1.85185     1.85185       100       100.000          5          0.97798  
  40    85.1852   1.85185     1.85185       100       100.000          5          0.95991  
  45    85.1852   1.85185     1.85185       100       100.000          5          0.89862  
  50    77.7778   1.11111     1.77778        60        96.000          5          0.84015  
  55    75.0842   1.48148     1.75084        80        94.545          5          0.68433  
  60    60.4938   0.00000     1.60494         0        86.667          5          0.42961  
  65    53.8462   0.74074     1.53846        40        83.077          5          0.28764  
  70    42.8571   0.00000     1.42857         0        77.143          5          0.12062  
  75    33.3333   0.00000     1.33333         0        72.000          5          0.03046  
  80    25.0000   0.00000     1.25000         0        67.500          5          0.01411  
  85    17.6471   0.00000     1.17647         0        63.529          5          0.00653  
  90    11.1111   0.00000     1.11111         0        60.000          5          0.00168  
  95     5.2632   0.00000     1.05263         0        56.842          5          0.00076  
 100     0.0000   0.00000     1.00000         0        54.000          5          0.00036  


Data Role=VALIDATE Target Variable=Risk Target Label=' '

                                                                                    Mean
                            Cumulative       %      Cumulative     Number of     Posterior
Depth     Gain      Lift       Lift      Response   % Response   Observations   Probability

   5    81.8182   1.81818     1.81818       100       100.000          5          0.99984  
  10    81.8182   1.81818     1.81818       100       100.000          5          0.99968  
  15    81.8182   1.81818     1.81818       100       100.000          5          0.99942  
  20    81.8182   1.81818     1.81818       100       100.000          5          0.99855  
  25    81.8182   1.81818     1.81818       100       100.000          5          0.99634  
  30    81.8182   1.81818     1.81818       100       100.000          5          0.99290  
  35    76.6234   1.45455     1.76623        80        97.143          5          0.97867  
  40    72.7273   1.45455     1.72727        80        95.000          5          0.94406  
  45    69.6970   1.45455     1.69697        80        93.333          5          0.90913  
  50    67.2727   1.45455     1.67273        80        92.000          5          0.84364  
  55    61.9835   1.09091     1.61983        60        89.091          5          0.65480  
  60    57.5758   1.09091     1.57576        60        86.667          5          0.54393  
  65    53.8462   1.09091     1.53846        60        84.615          5          0.45955  
  70    42.8571   0.00000     1.42857         0        78.571          5          0.24252  
  75    33.3333   0.00000     1.33333         0        73.333          5          0.11762  
  80    25.0000   0.00000     1.25000         0        68.750          5          0.02215  
  85    17.6471   0.00000     1.17647         0        64.706          5          0.00690  
  90    11.1111   0.00000     1.11111         0        61.111          5          0.00211  
  95     5.2632   0.00000     1.05263         0        57.895          5          0.00075  
 100     0.0000   0.00000     1.00000         0        55.000          5          0.00040  
 
                                                                                               
 
 
Assessment Score Distribution

Data Role=TRAIN Target Variable=Risk Target Label=' '

 Posterior     Number                     Mean
Probability      of      Number of     Posterior
   Range       Events    Nonevents    Probability    Percentage

 0.95-1.00       40           0         0.99072          40    
 0.90-0.95        2           0         0.91962           2    
 0.85-0.90        3           1         0.87616           4    
 0.80-0.85        3           1         0.83750           4    
 0.75-0.80        1           0         0.78794           1    
 0.70-0.75        1           0         0.74948           1    
 0.60-0.65        2           1         0.62808           3    
 0.45-0.50        0           2         0.48279           2    
 0.40-0.45        0           1         0.42344           1    
 0.35-0.40        0           2         0.37951           2    
 0.30-0.35        1           1         0.33798           2    
 0.25-0.30        1           0         0.28767           1    
 0.20-0.25        0           2         0.23729           2    
 0.15-0.20        0           2         0.15863           2    
 0.10-0.15        0           1         0.12929           1    
 0.05-0.10        0           2         0.07827           2    
 0.00-0.05        0          30         0.00898          30    


Data Role=VALIDATE Target Variable=Risk Target Label=' '

 Posterior     Number                     Mean
Probability      of      Number of     Posterior
   Range       Events    Nonevents    Probability    Percentage

 0.95-1.00       36           1         0.99295          37    
 0.90-0.95        4           2         0.92573           6    
 0.85-0.90        3           1         0.88581           4    
 0.80-0.85        3           0         0.82475           3    
 0.75-0.80        1           0         0.76056           1    
 0.70-0.75        0           1         0.74369           1    
 0.55-0.60        3           1         0.58234           4    
 0.50-0.55        4           3         0.53560           7    
 0.35-0.40        1           1         0.35427           2    
 0.30-0.35        0           1         0.34518           1    
 0.20-0.25        0           4         0.21686           4    
 0.15-0.20        0           1         0.15745           1    
 0.10-0.15        0           2         0.14721           2    
 0.05-0.10        0           1         0.09605           1    
 0.00-0.05        0          26         0.00776          26    
