 
                                                                                               
 
 
Fit Statistics

Target=Risk Target Label=' '

   Fit
Statistics    Statistics Label                     Train    Validation

 _DFT_        Total Degrees of Freedom           100.000         .    
 _DFE_        Degrees of Freedom for Error        89.000         .    
 _DFM_        Model Degrees of Freedom            11.000         .    
 _NW_         Number of Estimated Weights         11.000         .    
 _AIC_        Akaike's Information Criterion      86.073         .    
 _SBC_        Schwarz's Bayesian Criterion       114.730         .    
 _ASE_        Average Squared Error                0.105        0.069 
 _MAX_        Maximum Absolute Error               0.932        0.855 
 _DIV_        Divisor for ASE                    200.000      200.000 
 _NOBS_       Sum of Frequencies                 100.000      100.000 
 _RASE_       Root Average Squared Error           0.324        0.262 
 _SSE_        Sum of Squared Errors               20.995       13.765 
 _SUMW_       Sum of Case Weights Times Freq     200.000      200.000 
 _FPE_        Final Prediction Error               0.131         .    
 _MSE_        Mean Squared Error                   0.118        0.069 
 _RFPE_       Root Final Prediction Error          0.362         .    
 _RMSE_       Root Mean Squared Error              0.343        0.262 
 _AVERR_      Average Error Function               0.320        0.223 
 _ERR_        Error Function                      64.073       44.592 
 _MISC_       Misclassification Rate               0.140        0.080 
 _WRONG_      Number of Wrong Classifications     14.000        8.000 
 
                                                                                               
 
 
Classification Table

Data Role=TRAIN Target Variable=Risk Target Label=' '

                       Target        Outcome     Frequency       Total
Target    Outcome    Percentage    Percentage      Count      Percentage

  0          0         79.6296       93.4783         43           43    
  1          0         20.3704       20.3704         11           11    
  0          1          6.5217        6.5217          3            3    
  1          1         93.4783       79.6296         43           43    


Data Role=VALIDATE Target Variable=Risk Target Label=' '

                       Target        Outcome     Frequency       Total
Target    Outcome    Percentage    Percentage      Count      Percentage

  0          0         89.3617       93.3333         42           42    
  1          0         10.6383        9.0909          5            5    
  0          1          5.6604        6.6667          3            3    
  1          1         94.3396       90.9091         50           50    
 
                                                                                               
 
 
Event Classification Table

Data Role=TRAIN Target=Risk Target Label=' '

  False       True        False       True
Negative    Negative    Positive    Positive

   11          43           3          43   


Data Role=VALIDATE Target=Risk Target Label=' '

  False       True        False       True
Negative    Negative    Positive    Positive

    5          42           3          50   
 
                                                                                               
 
 
Assessment Score Rankings

Data Role=TRAIN Target Variable=Risk Target Label=' '

                                                                                    Mean
                            Cumulative       %      Cumulative     Number of     Posterior
Depth     Gain      Lift       Lift      Response   % Response   Observations   Probability

   5    85.1852   1.85185     1.85185       100       100.000          5          0.99999  
  10    85.1852   1.85185     1.85185       100       100.000          5          0.99998  
  15    85.1852   1.85185     1.85185       100       100.000          5          0.99993  
  20    85.1852   1.85185     1.85185       100       100.000          5          0.99947  
  25    85.1852   1.85185     1.85185       100       100.000          5          0.99920  
  30    85.1852   1.85185     1.85185       100       100.000          5          0.94943  
  35    74.6032   1.11111     1.74603        60        94.286          5          0.82134  
  40    75.9259   1.85185     1.75926       100        95.000          5          0.79542  
  45    72.8395   1.48148     1.72840        80        93.333          5          0.72643  
  50    62.9630   0.74074     1.62963        40        88.000          5          0.52690  
  55    58.2492   1.11111     1.58249        60        85.455          5          0.44353  
  60    48.1481   0.37037     1.48148        20        80.000          5          0.39470  
  65    42.4501   0.74074     1.42450        40        76.923          5          0.36157  
  70    34.9206   0.37037     1.34921        20        72.857          5          0.32686  
  75    29.0123   0.46296     1.29012        25        69.667          5          0.21294  
  80    22.6852   0.27778     1.22685        15        66.250          5          0.12152  
  85    17.6471   0.37037     1.17647        20        63.529          5          0.07473  
  90    11.1111   0.00000     1.11111         0        60.000          5          0.03176  
  95     5.2632   0.00000     1.05263         0        56.842          5          0.01545  
 100     0.0000   0.00000     1.00000         0        54.000          5          0.00192  


Data Role=VALIDATE Target Variable=Risk Target Label=' '

                                                                                    Mean
                            Cumulative       %      Cumulative     Number of     Posterior
Depth     Gain      Lift       Lift      Response   % Response   Observations   Probability

   5    81.8182   1.81818     1.81818       100       100.000          5          0.99999  
  10    81.8182   1.81818     1.81818       100       100.000          5          0.99999  
  15    81.8182   1.81818     1.81818       100       100.000          5          0.99998  
  20    81.8182   1.81818     1.81818       100       100.000          5          0.99980  
  25    81.8182   1.81818     1.81818       100       100.000          5          0.99942  
  30    81.8182   1.81818     1.81818       100       100.000          5          0.99602  
  35    76.6234   1.45455     1.76623        80        97.143          5          0.93345  
  40    72.7273   1.45455     1.72727        80        95.000          5          0.83036  
  45    73.7374   1.81818     1.73737       100        95.556          5          0.79448  
  50    70.9091   1.45455     1.70909        80        94.000          5          0.73012  
  55    68.5950   1.45455     1.68595        80        92.727          5          0.58257  
  60    57.5758   0.36364     1.57576        20        86.667          5          0.41126  
  65    53.8462   1.09091     1.53846        60        84.615          5          0.37689  
  70    42.8571   0.00000     1.42857         0        78.571          5          0.31718  
  75    33.3333   0.00000     1.33333         0        73.333          5          0.25784  
  80    25.0000   0.00000     1.25000         0        68.750          5          0.07676  
  85    17.6471   0.00000     1.17647         0        64.706          5          0.04759  
  90    11.1111   0.00000     1.11111         0        61.111          5          0.02505  
  95     5.2632   0.00000     1.05263         0        57.895          5          0.01433  
 100     0.0000   0.00000     1.00000         0        55.000          5          0.00402  
 
                                                                                               
 
 
Assessment Score Distribution

Data Role=TRAIN Target Variable=Risk Target Label=' '

 Posterior     Number                     Mean
Probability      of      Number of     Posterior
   Range       Events    Nonevents    Probability    Percentage

 0.95-1.00       28           0         0.99910          28    
 0.90-0.95        1           0         0.90786           1    
 0.85-0.90        1           0         0.85748           1    
 0.80-0.85        5           2         0.81785           7    
 0.75-0.80        4           1         0.78330           5    
 0.70-0.75        1           0         0.74852           1    
 0.65-0.70        1           0         0.68035           1    
 0.60-0.65        2           0         0.64564           2    
 0.45-0.50        3           3         0.48835           6    
 0.40-0.45        2           2         0.41958           4    
 0.35-0.40        2           6         0.37943           8    
 0.30-0.35        1           5         0.32973           6    
 0.20-0.25        1           2         0.24822           3    
 0.15-0.20        0           1         0.18747           1    
 0.10-0.15        1           4         0.12962           5    
 0.05-0.10        1           6         0.07509           7    
 0.00-0.05        0          14         0.01327          14    


Data Role=VALIDATE Target Variable=Risk Target Label=' '

 Posterior     Number                     Mean
Probability      of      Number of     Posterior
   Range       Events    Nonevents    Probability    Percentage

 0.95-1.00       33           0         0.99767          33    
 0.85-0.90        1           1         0.86003           2    
 0.80-0.85        5           1         0.82827           6    
 0.75-0.80        5           0         0.78860           5    
 0.70-0.75        1           1         0.74389           2    
 0.65-0.70        3           0         0.68493           3    
 0.60-0.65        2           0         0.64564           2    
 0.45-0.50        1           1         0.47061           2    
 0.40-0.45        1           2         0.42549           3    
 0.35-0.40        3           5         0.37799           8    
 0.30-0.35        0           7         0.30482           7    
 0.20-0.25        0           1         0.24874           1    
 0.10-0.15        0           1         0.13297           1    
 0.05-0.10        0           8         0.07043           8    
 0.00-0.05        0          17         0.01619          17    
