MPRINT(EM_DIAGRAM):    data _null_;
MPRINT(EM_DIAGRAM):   call symput('NLDATE', strip(put(date(), NLDATE.)));
MPRINT(EM_DIAGRAM):   call symput('NLTIME', strip(put(datetime(), NLTIME.)));
MPRINT(EM_DIAGRAM):   run;
MPRINT(EM_DIAGRAM):   data _null_;
MPRINT(EM_DIAGRAM):   nldate= sasmsg("sashelp.dmine", "log_date_note", 'N', "April 16, 2021" );
MPRINT(EM_DIAGRAM):   nltime= sasmsg("sashelp.dmine", "log_time_note", 'N', "11:33:37 o'clock" 
);
MPRINT(EM_DIAGRAM):   put "*------------------------------------------------------------*";
MPRINT(EM_DIAGRAM):   put "* Score Log";
MPRINT(EM_DIAGRAM):   put nldate;
MPRINT(EM_DIAGRAM):   put nltime;
MPRINT(EM_DIAGRAM):   put "*------------------------------------------------------------*";
MPRINT(EM_DIAGRAM):   run;
*------------------------------------------------------------*
* Score Log
Date:                April 16, 2021
Time:                11:33:37 o'clock
*------------------------------------------------------------*
MPRINT(EM_DIAGRAM):    filename O277R63V "H:\746\Decision Tree 
test\Workspaces\EMWS1\Neural5\EMSCORE.out" encoding="UTF-8" NOBOM;
MPRINT(EM_DIAGRAM):   proc printto print=O277R63V new;
MPRINT(EM_DIAGRAM):   run;
160458     data work.outkey;
MPRINT(EM_DIAGRAM):    data work.outkey;
160459     set EMWS1.Neural5_OUTKEY;
MPRINT(EM_DIAGRAM):   set EMWS1.Neural5_OUTKEY;
160460     if upcase(ROLE) = 'HIDDEN';
MPRINT(EM_DIAGRAM):   if upcase(ROLE) = 'HIDDEN';
160461     run;
MPRINT(EM_DIAGRAM):   run;

NOTE: There were 17 observations read from the data set EMWS1.NEURAL5_OUTKEY.
NOTE: The data set WORK.OUTKEY has 2 observations and 8 variables.
NOTE: DATA statement used (Total process time):
      real time           0.02 seconds
      cpu time            0.00 seconds
      

160462     filename emflow "H:\746\Decision Tree test\Workspaces\EMWS1\Neural5\EMFLOWSCORE.sas"
160462   ! ;
MPRINT(EM_DIAGRAM):    filename emflow "H:\746\Decision Tree 
test\Workspaces\EMWS1\Neural5\EMFLOWSCORE.sas";
MPRINT(EM_DIAGRAM):   *------------------------------------------------------------*;
MPRINT(EM_DIAGRAM):   * Neural5: Scoring DATA data;
MPRINT(EM_DIAGRAM):   *------------------------------------------------------------*;
160463     *------------------------------------------------------------*;
160464     * Neural5: Scoring DATA data;
160465     *------------------------------------------------------------*;
160466     data EMWS1.Neural5_TRAIN
160467     / view=EMWS1.Neural5_TRAIN
160468     ;
MPRINT(EM_DIAGRAM):   data EMWS1.Neural5_TRAIN / view=EMWS1.Neural5_TRAIN ;
160469     set EMWS1.Reg2_TRAIN
160470     ;
MPRINT(EM_DIAGRAM):   set EMWS1.Reg2_TRAIN ;
160471     %inc emflow;
NOTE: %INCLUDE (level 1) file EMFLOW is file H:\746\Decision Tree 
      test\Workspaces\EMWS1\Neural5\EMFLOWSCORE.sas.
160472    +***********************************;
MPRINT(EM_DIAGRAM):   ***********************************;
160473    +*** Begin Scoring Code for Neural;
MPRINT(EM_DIAGRAM):   *** Begin Scoring Code for Neural;
160474    +***********************************;
MPRINT(EM_DIAGRAM):   ***********************************;
160475    +DROP _DM_BAD _EPS _NOCL_ _MAX_ _MAXP_ _SUM_ _NTRIALS;
MPRINT(EM_DIAGRAM):   DROP _DM_BAD _EPS _NOCL_ _MAX_ _MAXP_ _SUM_ _NTRIALS;
160476    + _DM_BAD = 0;
MPRINT(EM_DIAGRAM):   _DM_BAD = 0;
160477    + _NOCL_ = .;
MPRINT(EM_DIAGRAM):   _NOCL_ = .;
160478    + _MAX_ = .;
MPRINT(EM_DIAGRAM):   _MAX_ = .;
160479    + _MAXP_ = .;
MPRINT(EM_DIAGRAM):   _MAXP_ = .;
160480    + _SUM_ = .;
MPRINT(EM_DIAGRAM):   _SUM_ = .;
160481    + _NTRIALS = .;
MPRINT(EM_DIAGRAM):   _NTRIALS = .;
160482    + _EPS =                1E-10;
MPRINT(EM_DIAGRAM):   _EPS = 1E-10;
160483    +LENGTH _WARN_ $4
160484    +      F_Risk  $ 12
160485    +;
MPRINT(EM_DIAGRAM):   LENGTH _WARN_ $4 F_Risk $ 12 ;
160486    +      label S_REP_wheel_base = 'Standard: REP_wheel_base' ;
MPRINT(EM_DIAGRAM):   label S_REP_wheel_base = 'Standard: REP_wheel_base' ;
160487    +
160488    +      label S_REP_width = 'Standard: REP_width' ;
MPRINT(EM_DIAGRAM):   label S_REP_width = 'Standard: REP_width' ;
160489    +
160490    +      label IMP_num_of_doors2 = 'Dummy: IMP_num_of_doors=2' ;
MPRINT(EM_DIAGRAM):   label IMP_num_of_doors2 = 'Dummy: IMP_num_of_doors=2' ;
160491    +
160492    +      label H11 = 'Hidden: H1=1' ;
MPRINT(EM_DIAGRAM):   label H11 = 'Hidden: H1=1' ;
160493    +
160494    +      label H12 = 'Hidden: H1=2' ;
MPRINT(EM_DIAGRAM):   label H12 = 'Hidden: H1=2' ;
160495    +
160496    +      label I_Risk = 'Into: Risk' ;
MPRINT(EM_DIAGRAM):   label I_Risk = 'Into: Risk' ;
160497    +
160498    +      label F_Risk = 'From: Risk' ;
MPRINT(EM_DIAGRAM):   label F_Risk = 'From: Risk' ;
160499    +
160500    +      label U_Risk = 'Unnormalized Into: Risk' ;
MPRINT(EM_DIAGRAM):   label U_Risk = 'Unnormalized Into: Risk' ;
160501    +
160502    +      label P_Risk1 = 'Predicted: Risk=1' ;
MPRINT(EM_DIAGRAM):   label P_Risk1 = 'Predicted: Risk=1' ;
160503    +
160504    +      label R_Risk1 = 'Residual: Risk=1' ;
MPRINT(EM_DIAGRAM):   label R_Risk1 = 'Residual: Risk=1' ;
160505    +
160506    +      label P_Risk0 = 'Predicted: Risk=0' ;
MPRINT(EM_DIAGRAM):   label P_Risk0 = 'Predicted: Risk=0' ;
160507    +
160508    +      label R_Risk0 = 'Residual: Risk=0' ;
MPRINT(EM_DIAGRAM):   label R_Risk0 = 'Residual: Risk=0' ;
160509    +
160510    +      label  _WARN_ = "Warnings";
MPRINT(EM_DIAGRAM):   label _WARN_ = "Warnings";
160511    +
160512    +*** Generate dummy variables for IMP_num_of_doors ;
MPRINT(EM_DIAGRAM):   *** Generate dummy variables for IMP_num_of_doors ;
160513    +drop IMP_num_of_doors2 ;
MPRINT(EM_DIAGRAM):   drop IMP_num_of_doors2 ;
160514    +if missing( IMP_num_of_doors ) then do;
MPRINT(EM_DIAGRAM):   if missing( IMP_num_of_doors ) then do;
160515    +   IMP_num_of_doors2 = .;
MPRINT(EM_DIAGRAM):   IMP_num_of_doors2 = .;
160516    +   substr(_warn_,1,1) = 'M';
MPRINT(EM_DIAGRAM):   substr(_warn_,1,1) = 'M';
160517    +   _DM_BAD = 1;
MPRINT(EM_DIAGRAM):   _DM_BAD = 1;
160518    +end;
MPRINT(EM_DIAGRAM):   end;
160519    +else do;
MPRINT(EM_DIAGRAM):   else do;
160520    +   length _dm12 $ 12; drop _dm12 ;
MPRINT(EM_DIAGRAM):   length _dm12 $ 12;
MPRINT(EM_DIAGRAM):   drop _dm12 ;
160521    +   _dm12 = put( IMP_num_of_doors , BEST12. );
MPRINT(EM_DIAGRAM):   _dm12 = put( IMP_num_of_doors , BEST12. );
160522    +   %DMNORMIP( _dm12 )
MPRINT(DMNORMIP):   call dmnorm(_dm12,
MPRINT(DMNORLEN):  32
MPRINT(DMNORMIP):  );
160523    +   if _dm12 = '4'  then do;
MPRINT(EM_DIAGRAM):   if _dm12 = '4' then do;
160524    +      IMP_num_of_doors2 = -1;
MPRINT(EM_DIAGRAM):   IMP_num_of_doors2 = -1;
160525    +   end;
MPRINT(EM_DIAGRAM):   end;
160526    +   else if _dm12 = '2'  then do;
MPRINT(EM_DIAGRAM):   else if _dm12 = '2' then do;
160527    +      IMP_num_of_doors2 = 1;
MPRINT(EM_DIAGRAM):   IMP_num_of_doors2 = 1;
160528    +   end;
MPRINT(EM_DIAGRAM):   end;
160529    +   else do;
MPRINT(EM_DIAGRAM):   else do;
160530    +      IMP_num_of_doors2 = .;
MPRINT(EM_DIAGRAM):   IMP_num_of_doors2 = .;
160531    +      substr(_warn_,2,1) = 'U';
MPRINT(EM_DIAGRAM):   substr(_warn_,2,1) = 'U';
160532    +      _DM_BAD = 1;
MPRINT(EM_DIAGRAM):   _DM_BAD = 1;
160533    +   end;
MPRINT(EM_DIAGRAM):   end;
160534    +end;
MPRINT(EM_DIAGRAM):   end;
160535    +
160536    +*** *************************;
MPRINT(EM_DIAGRAM):   *** *************************;
160537    +*** Checking missing input Interval
160538    +*** *************************;
MPRINT(EM_DIAGRAM):   *** Checking missing input Interval *** *************************;
160539    +
160540    +IF NMISS(
160541    +   REP_wheel_base ,
160542    +   REP_width   ) THEN DO;
MPRINT(EM_DIAGRAM):   IF NMISS( REP_wheel_base , REP_width ) THEN DO;
160543    +   SUBSTR(_WARN_, 1, 1) = 'M';
MPRINT(EM_DIAGRAM):   SUBSTR(_WARN_, 1, 1) = 'M';
160544    +
160545    +   _DM_BAD = 1;
MPRINT(EM_DIAGRAM):   _DM_BAD = 1;
160546    +END;
MPRINT(EM_DIAGRAM):   END;
160547    +*** *************************;
MPRINT(EM_DIAGRAM):   *** *************************;
160548    +*** Writing the Node intvl ;
MPRINT(EM_DIAGRAM):   *** Writing the Node intvl ;
160549    +*** *************************;
MPRINT(EM_DIAGRAM):   *** *************************;
160550    +IF _DM_BAD EQ 0 THEN DO;
MPRINT(EM_DIAGRAM):   IF _DM_BAD EQ 0 THEN DO;
160551    +   S_REP_wheel_base  =    -17.8009087180129 +     0.18059887504832 *
160552    +        REP_wheel_base ;
MPRINT(EM_DIAGRAM):   S_REP_wheel_base = -17.8009087180129 + 0.18059887504832 * REP_wheel_base 
;
160553    +   S_REP_width  =    -35.9167499004784 +     0.54673628301566 * REP_width ;
MPRINT(EM_DIAGRAM):   S_REP_width = -35.9167499004784 + 0.54673628301566 * REP_width ;
160554    +END;
MPRINT(EM_DIAGRAM):   END;
160555    +ELSE DO;
MPRINT(EM_DIAGRAM):   ELSE DO;
160556    +   IF MISSING( REP_wheel_base ) THEN S_REP_wheel_base  = . ;
MPRINT(EM_DIAGRAM):   IF MISSING( REP_wheel_base ) THEN S_REP_wheel_base = . ;
160557    +   ELSE S_REP_wheel_base  =    -17.8009087180129 +     0.18059887504832 *
160558    +        REP_wheel_base ;
MPRINT(EM_DIAGRAM):   ELSE S_REP_wheel_base = -17.8009087180129 + 0.18059887504832 * 
REP_wheel_base ;
160559    +   IF MISSING( REP_width ) THEN S_REP_width  = . ;
MPRINT(EM_DIAGRAM):   IF MISSING( REP_width ) THEN S_REP_width = . ;
160560    +   ELSE S_REP_width  =    -35.9167499004784 +     0.54673628301566 * REP_width
160561    +         ;
MPRINT(EM_DIAGRAM):   ELSE S_REP_width = -35.9167499004784 + 0.54673628301566 * REP_width ;
160562    +END;
MPRINT(EM_DIAGRAM):   END;
160563    +*** *************************;
MPRINT(EM_DIAGRAM):   *** *************************;
160564    +*** Writing the Node nom ;
MPRINT(EM_DIAGRAM):   *** Writing the Node nom ;
160565    +*** *************************;
MPRINT(EM_DIAGRAM):   *** *************************;
160566    +*** *************************;
MPRINT(EM_DIAGRAM):   *** *************************;
160567    +*** Writing the Node H1 ;
MPRINT(EM_DIAGRAM):   *** Writing the Node H1 ;
160568    +*** *************************;
MPRINT(EM_DIAGRAM):   *** *************************;
160569    +IF _DM_BAD EQ 0 THEN DO;
MPRINT(EM_DIAGRAM):   IF _DM_BAD EQ 0 THEN DO;
160570    +   H11  =    -11.1158442769842 * S_REP_wheel_base  +      1.5424755264853 *
160571    +        S_REP_width ;
MPRINT(EM_DIAGRAM):   H11 = -11.1158442769842 * S_REP_wheel_base + 1.5424755264853 * 
S_REP_width ;
160572    +   H12  =    -0.69021997177432 * S_REP_wheel_base  +     0.46683541802581 *
160573    +        S_REP_width ;
MPRINT(EM_DIAGRAM):   H12 = -0.69021997177432 * S_REP_wheel_base + 0.46683541802581 * 
S_REP_width ;
160574    +   H11  = H11  +     0.50055678411184 * IMP_num_of_doors2 ;
MPRINT(EM_DIAGRAM):   H11 = H11 + 0.50055678411184 * IMP_num_of_doors2 ;
160575    +   H12  = H12  +     0.40000577541559 * IMP_num_of_doors2 ;
MPRINT(EM_DIAGRAM):   H12 = H12 + 0.40000577541559 * IMP_num_of_doors2 ;
160576    +   H11  =    -6.91384747981808 + H11 ;
MPRINT(EM_DIAGRAM):   H11 = -6.91384747981808 + H11 ;
160577    +   H12  =     0.94194689761205 + H12 ;
MPRINT(EM_DIAGRAM):   H12 = 0.94194689761205 + H12 ;
160578    +   H11  = TANH(H11 );
MPRINT(EM_DIAGRAM):   H11 = TANH(H11 );
160579    +   H12  = TANH(H12 );
MPRINT(EM_DIAGRAM):   H12 = TANH(H12 );
160580    +END;
MPRINT(EM_DIAGRAM):   END;
160581    +ELSE DO;
MPRINT(EM_DIAGRAM):   ELSE DO;
160582    +   H11  = .;
MPRINT(EM_DIAGRAM):   H11 = .;
160583    +   H12  = .;
MPRINT(EM_DIAGRAM):   H12 = .;
160584    +END;
MPRINT(EM_DIAGRAM):   END;
160585    +*** *************************;
MPRINT(EM_DIAGRAM):   *** *************************;
160586    +*** Writing the Node Risk ;
MPRINT(EM_DIAGRAM):   *** Writing the Node Risk ;
160587    +*** *************************;
MPRINT(EM_DIAGRAM):   *** *************************;
160588    +
160589    +*** Generate dummy variables for Risk ;
MPRINT(EM_DIAGRAM):   *** Generate dummy variables for Risk ;
160590    +drop Risk1 Risk0 ;
MPRINT(EM_DIAGRAM):   drop Risk1 Risk0 ;
160591    +label F_Risk = 'From: Risk' ;
MPRINT(EM_DIAGRAM):   label F_Risk = 'From: Risk' ;
160592    +length F_Risk $ 12;
MPRINT(EM_DIAGRAM):   length F_Risk $ 12;
160593    +F_Risk = put( Risk , BEST12. );
MPRINT(EM_DIAGRAM):   F_Risk = put( Risk , BEST12. );
160594    +%DMNORMIP( F_Risk )
MPRINT(DMNORMIP):   call dmnorm(F_Risk,
MPRINT(DMNORLEN):  32
MPRINT(DMNORMIP):  );
160595    +if missing( Risk ) then do;
MPRINT(EM_DIAGRAM):   if missing( Risk ) then do;
160596    +   Risk1 = .;
MPRINT(EM_DIAGRAM):   Risk1 = .;
160597    +   Risk0 = .;
MPRINT(EM_DIAGRAM):   Risk0 = .;
160598    +end;
MPRINT(EM_DIAGRAM):   end;
160599    +else do;
MPRINT(EM_DIAGRAM):   else do;
160600    +   if F_Risk = '1'  then do;
MPRINT(EM_DIAGRAM):   if F_Risk = '1' then do;
160601    +      Risk1 = 1;
MPRINT(EM_DIAGRAM):   Risk1 = 1;
160602    +      Risk0 = 0;
MPRINT(EM_DIAGRAM):   Risk0 = 0;
160603    +   end;
MPRINT(EM_DIAGRAM):   end;
160604    +   else if F_Risk = '0'  then do;
MPRINT(EM_DIAGRAM):   else if F_Risk = '0' then do;
160605    +      Risk1 = 0;
MPRINT(EM_DIAGRAM):   Risk1 = 0;
160606    +      Risk0 = 1;
MPRINT(EM_DIAGRAM):   Risk0 = 1;
160607    +   end;
MPRINT(EM_DIAGRAM):   end;
160608    +   else do;
MPRINT(EM_DIAGRAM):   else do;
160609    +      Risk1 = .;
MPRINT(EM_DIAGRAM):   Risk1 = .;
160610    +      Risk0 = .;
MPRINT(EM_DIAGRAM):   Risk0 = .;
160611    +   end;
MPRINT(EM_DIAGRAM):   end;
160612    +end;
MPRINT(EM_DIAGRAM):   end;
160613    +IF _DM_BAD EQ 0 THEN DO;
MPRINT(EM_DIAGRAM):   IF _DM_BAD EQ 0 THEN DO;
160614    +   P_Risk1  =     4.81098334076219 * H11  +     6.13975925925767 * H12 ;
MPRINT(EM_DIAGRAM):   P_Risk1 = 4.81098334076219 * H11 + 6.13975925925767 * H12 ;
160615    +   P_Risk1  =     0.77599742717436 + P_Risk1 ;
MPRINT(EM_DIAGRAM):   P_Risk1 = 0.77599742717436 + P_Risk1 ;
160616    +   P_Risk0  = 0;
MPRINT(EM_DIAGRAM):   P_Risk0 = 0;
160617    +   _MAX_ = MAX (P_Risk1 , P_Risk0 );
MPRINT(EM_DIAGRAM):   _MAX_ = MAX (P_Risk1 , P_Risk0 );
160618    +   _SUM_ = 0.;
MPRINT(EM_DIAGRAM):   _SUM_ = 0.;
160619    +   P_Risk1  = EXP(P_Risk1  - _MAX_);
MPRINT(EM_DIAGRAM):   P_Risk1 = EXP(P_Risk1 - _MAX_);
160620    +   _SUM_ = _SUM_ + P_Risk1 ;
MPRINT(EM_DIAGRAM):   _SUM_ = _SUM_ + P_Risk1 ;
160621    +   P_Risk0  = EXP(P_Risk0  - _MAX_);
MPRINT(EM_DIAGRAM):   P_Risk0 = EXP(P_Risk0 - _MAX_);
160622    +   _SUM_ = _SUM_ + P_Risk0 ;
MPRINT(EM_DIAGRAM):   _SUM_ = _SUM_ + P_Risk0 ;
160623    +   P_Risk1  = P_Risk1  / _SUM_;
MPRINT(EM_DIAGRAM):   P_Risk1 = P_Risk1 / _SUM_;
160624    +   P_Risk0  = P_Risk0  / _SUM_;
MPRINT(EM_DIAGRAM):   P_Risk0 = P_Risk0 / _SUM_;
160625    +END;
MPRINT(EM_DIAGRAM):   END;
160626    +ELSE DO;
MPRINT(EM_DIAGRAM):   ELSE DO;
160627    +   P_Risk1  = .;
MPRINT(EM_DIAGRAM):   P_Risk1 = .;
160628    +   P_Risk0  = .;
MPRINT(EM_DIAGRAM):   P_Risk0 = .;
160629    +END;
MPRINT(EM_DIAGRAM):   END;
160630    +IF _DM_BAD EQ 1 THEN DO;
MPRINT(EM_DIAGRAM):   IF _DM_BAD EQ 1 THEN DO;
160631    +   P_Risk1  =                 0.54;
MPRINT(EM_DIAGRAM):   P_Risk1 = 0.54;
160632    +   P_Risk0  =                 0.46;
MPRINT(EM_DIAGRAM):   P_Risk0 = 0.46;
160633    +END;
MPRINT(EM_DIAGRAM):   END;
160634    +*** *****************************;
MPRINT(EM_DIAGRAM):   *** *****************************;
160635    +*** Writing the Residuals  of the Node Risk ;
MPRINT(EM_DIAGRAM):   *** Writing the Residuals of the Node Risk ;
160636    +*** ******************************;
MPRINT(EM_DIAGRAM):   *** ******************************;
160637    +IF MISSING( Risk1 ) THEN R_Risk1  = . ;
MPRINT(EM_DIAGRAM):   IF MISSING( Risk1 ) THEN R_Risk1 = . ;
160638    +ELSE R_Risk1  = Risk1  - P_Risk1 ;
MPRINT(EM_DIAGRAM):   ELSE R_Risk1 = Risk1 - P_Risk1 ;
160639    +IF MISSING( Risk0 ) THEN R_Risk0  = . ;
MPRINT(EM_DIAGRAM):   IF MISSING( Risk0 ) THEN R_Risk0 = . ;
160640    +ELSE R_Risk0  = Risk0  - P_Risk0 ;
MPRINT(EM_DIAGRAM):   ELSE R_Risk0 = Risk0 - P_Risk0 ;
160641    +*** *************************;
MPRINT(EM_DIAGRAM):   *** *************************;
160642    +*** Writing the I_Risk  AND U_Risk ;
MPRINT(EM_DIAGRAM):   *** Writing the I_Risk AND U_Risk ;
160643    +*** *************************;
MPRINT(EM_DIAGRAM):   *** *************************;
160644    +_MAXP_ = P_Risk1 ;
MPRINT(EM_DIAGRAM):   _MAXP_ = P_Risk1 ;
160645    +I_Risk  = "1           " ;
MPRINT(EM_DIAGRAM):   I_Risk = "1           " ;
160646    +U_Risk  =                    1;
MPRINT(EM_DIAGRAM):   U_Risk = 1;
160647    +IF( _MAXP_ LT P_Risk0  ) THEN DO;
MPRINT(EM_DIAGRAM):   IF( _MAXP_ LT P_Risk0 ) THEN DO;
160648    +   _MAXP_ = P_Risk0 ;
MPRINT(EM_DIAGRAM):   _MAXP_ = P_Risk0 ;
160649    +   I_Risk  = "0           " ;
MPRINT(EM_DIAGRAM):   I_Risk = "0           " ;
160650    +   U_Risk  =                    0;
MPRINT(EM_DIAGRAM):   U_Risk = 0;
160651    +END;
MPRINT(EM_DIAGRAM):   END;
160652    +********************************;
MPRINT(EM_DIAGRAM):   ********************************;
160653    +*** End Scoring Code for Neural;
MPRINT(EM_DIAGRAM):   *** End Scoring Code for Neural;
160654    +********************************;
MPRINT(EM_DIAGRAM):   ********************************;
160655    +drop
160656    +H11
160657    +H12
160658    +;
MPRINT(EM_DIAGRAM):   drop H11 H12 ;
160659    +drop S_:;
MPRINT(EM_DIAGRAM):   drop S_:;
NOTE: %INCLUDE (level 1) ending.
MPRINT(EM_DIAGRAM):   run;
160660     run;

NOTE: DATA STEP view saved on file EMWS1.NEURAL5_TRAIN.
NOTE: A stored DATA STEP view cannot run under a different operating system.
NOTE: View EMWS1.REG2_TRAIN.VIEW used (Total process time):
      real time           4.23 seconds
      cpu time            0.23 seconds
      
NOTE: DATA statement used (Total process time):
      real time           4.24 seconds
      cpu time            0.25 seconds
      

MPRINT(EM_DIAGRAM):   quit;
160661     quit;
160662     filename emflow;
MPRINT(EM_DIAGRAM):   filename emflow;
NOTE: Fileref EMFLOW has been deassigned.
160663     filename emflow "H:\746\Decision Tree test\Workspaces\EMWS1\Neural5\EMFLOWSCORE.sas"
160663   ! ;
MPRINT(EM_DIAGRAM):    filename emflow "H:\746\Decision Tree 
test\Workspaces\EMWS1\Neural5\EMFLOWSCORE.sas";
MPRINT(EM_DIAGRAM):   *------------------------------------------------------------*;
MPRINT(EM_DIAGRAM):   * Neural5: Scoring VALIDATE data;
MPRINT(EM_DIAGRAM):   *------------------------------------------------------------*;
160664     *------------------------------------------------------------*;
160665     * Neural5: Scoring VALIDATE data;
160666     *------------------------------------------------------------*;
160667     data EMWS1.Neural5_VALIDATE
160668     / view=EMWS1.Neural5_VALIDATE
160669     ;
MPRINT(EM_DIAGRAM):   data EMWS1.Neural5_VALIDATE / view=EMWS1.Neural5_VALIDATE ;
160670     set EMWS1.Reg2_VALIDATE
160671     ;
MPRINT(EM_DIAGRAM):   set EMWS1.Reg2_VALIDATE ;
160672     %inc emflow;
NOTE: %INCLUDE (level 1) file EMFLOW is file H:\746\Decision Tree 
      test\Workspaces\EMWS1\Neural5\EMFLOWSCORE.sas.
160673    +***********************************;
MPRINT(EM_DIAGRAM):   ***********************************;
160674    +*** Begin Scoring Code for Neural;
MPRINT(EM_DIAGRAM):   *** Begin Scoring Code for Neural;
160675    +***********************************;
MPRINT(EM_DIAGRAM):   ***********************************;
160676    +DROP _DM_BAD _EPS _NOCL_ _MAX_ _MAXP_ _SUM_ _NTRIALS;
MPRINT(EM_DIAGRAM):   DROP _DM_BAD _EPS _NOCL_ _MAX_ _MAXP_ _SUM_ _NTRIALS;
160677    + _DM_BAD = 0;
MPRINT(EM_DIAGRAM):   _DM_BAD = 0;
160678    + _NOCL_ = .;
MPRINT(EM_DIAGRAM):   _NOCL_ = .;
160679    + _MAX_ = .;
MPRINT(EM_DIAGRAM):   _MAX_ = .;
160680    + _MAXP_ = .;
MPRINT(EM_DIAGRAM):   _MAXP_ = .;
160681    + _SUM_ = .;
MPRINT(EM_DIAGRAM):   _SUM_ = .;
160682    + _NTRIALS = .;
MPRINT(EM_DIAGRAM):   _NTRIALS = .;
160683    + _EPS =                1E-10;
MPRINT(EM_DIAGRAM):   _EPS = 1E-10;
160684    +LENGTH _WARN_ $4
160685    +      F_Risk  $ 12
160686    +;
MPRINT(EM_DIAGRAM):   LENGTH _WARN_ $4 F_Risk $ 12 ;
160687    +      label S_REP_wheel_base = 'Standard: REP_wheel_base' ;
MPRINT(EM_DIAGRAM):   label S_REP_wheel_base = 'Standard: REP_wheel_base' ;
160688    +
160689    +      label S_REP_width = 'Standard: REP_width' ;
MPRINT(EM_DIAGRAM):   label S_REP_width = 'Standard: REP_width' ;
160690    +
160691    +      label IMP_num_of_doors2 = 'Dummy: IMP_num_of_doors=2' ;
MPRINT(EM_DIAGRAM):   label IMP_num_of_doors2 = 'Dummy: IMP_num_of_doors=2' ;
160692    +
160693    +      label H11 = 'Hidden: H1=1' ;
MPRINT(EM_DIAGRAM):   label H11 = 'Hidden: H1=1' ;
160694    +
160695    +      label H12 = 'Hidden: H1=2' ;
MPRINT(EM_DIAGRAM):   label H12 = 'Hidden: H1=2' ;
160696    +
160697    +      label I_Risk = 'Into: Risk' ;
MPRINT(EM_DIAGRAM):   label I_Risk = 'Into: Risk' ;
160698    +
160699    +      label F_Risk = 'From: Risk' ;
MPRINT(EM_DIAGRAM):   label F_Risk = 'From: Risk' ;
160700    +
160701    +      label U_Risk = 'Unnormalized Into: Risk' ;
MPRINT(EM_DIAGRAM):   label U_Risk = 'Unnormalized Into: Risk' ;
160702    +
160703    +      label P_Risk1 = 'Predicted: Risk=1' ;
MPRINT(EM_DIAGRAM):   label P_Risk1 = 'Predicted: Risk=1' ;
160704    +
160705    +      label R_Risk1 = 'Residual: Risk=1' ;
MPRINT(EM_DIAGRAM):   label R_Risk1 = 'Residual: Risk=1' ;
160706    +
160707    +      label P_Risk0 = 'Predicted: Risk=0' ;
MPRINT(EM_DIAGRAM):   label P_Risk0 = 'Predicted: Risk=0' ;
160708    +
160709    +      label R_Risk0 = 'Residual: Risk=0' ;
MPRINT(EM_DIAGRAM):   label R_Risk0 = 'Residual: Risk=0' ;
160710    +
160711    +      label  _WARN_ = "Warnings";
MPRINT(EM_DIAGRAM):   label _WARN_ = "Warnings";
160712    +
160713    +*** Generate dummy variables for IMP_num_of_doors ;
MPRINT(EM_DIAGRAM):   *** Generate dummy variables for IMP_num_of_doors ;
160714    +drop IMP_num_of_doors2 ;
MPRINT(EM_DIAGRAM):   drop IMP_num_of_doors2 ;
160715    +if missing( IMP_num_of_doors ) then do;
MPRINT(EM_DIAGRAM):   if missing( IMP_num_of_doors ) then do;
160716    +   IMP_num_of_doors2 = .;
MPRINT(EM_DIAGRAM):   IMP_num_of_doors2 = .;
160717    +   substr(_warn_,1,1) = 'M';
MPRINT(EM_DIAGRAM):   substr(_warn_,1,1) = 'M';
160718    +   _DM_BAD = 1;
MPRINT(EM_DIAGRAM):   _DM_BAD = 1;
160719    +end;
MPRINT(EM_DIAGRAM):   end;
160720    +else do;
MPRINT(EM_DIAGRAM):   else do;
160721    +   length _dm12 $ 12; drop _dm12 ;
MPRINT(EM_DIAGRAM):   length _dm12 $ 12;
MPRINT(EM_DIAGRAM):   drop _dm12 ;
160722    +   _dm12 = put( IMP_num_of_doors , BEST12. );
MPRINT(EM_DIAGRAM):   _dm12 = put( IMP_num_of_doors , BEST12. );
160723    +   %DMNORMIP( _dm12 )
MPRINT(DMNORMIP):   call dmnorm(_dm12,
MPRINT(DMNORLEN):  32
MPRINT(DMNORMIP):  );
160724    +   if _dm12 = '4'  then do;
MPRINT(EM_DIAGRAM):   if _dm12 = '4' then do;
160725    +      IMP_num_of_doors2 = -1;
MPRINT(EM_DIAGRAM):   IMP_num_of_doors2 = -1;
160726    +   end;
MPRINT(EM_DIAGRAM):   end;
160727    +   else if _dm12 = '2'  then do;
MPRINT(EM_DIAGRAM):   else if _dm12 = '2' then do;
160728    +      IMP_num_of_doors2 = 1;
MPRINT(EM_DIAGRAM):   IMP_num_of_doors2 = 1;
160729    +   end;
MPRINT(EM_DIAGRAM):   end;
160730    +   else do;
MPRINT(EM_DIAGRAM):   else do;
160731    +      IMP_num_of_doors2 = .;
MPRINT(EM_DIAGRAM):   IMP_num_of_doors2 = .;
160732    +      substr(_warn_,2,1) = 'U';
MPRINT(EM_DIAGRAM):   substr(_warn_,2,1) = 'U';
160733    +      _DM_BAD = 1;
MPRINT(EM_DIAGRAM):   _DM_BAD = 1;
160734    +   end;
MPRINT(EM_DIAGRAM):   end;
160735    +end;
MPRINT(EM_DIAGRAM):   end;
160736    +
160737    +*** *************************;
MPRINT(EM_DIAGRAM):   *** *************************;
160738    +*** Checking missing input Interval
160739    +*** *************************;
MPRINT(EM_DIAGRAM):   *** Checking missing input Interval *** *************************;
160740    +
160741    +IF NMISS(
160742    +   REP_wheel_base ,
160743    +   REP_width   ) THEN DO;
MPRINT(EM_DIAGRAM):   IF NMISS( REP_wheel_base , REP_width ) THEN DO;
160744    +   SUBSTR(_WARN_, 1, 1) = 'M';
MPRINT(EM_DIAGRAM):   SUBSTR(_WARN_, 1, 1) = 'M';
160745    +
160746    +   _DM_BAD = 1;
MPRINT(EM_DIAGRAM):   _DM_BAD = 1;
160747    +END;
MPRINT(EM_DIAGRAM):   END;
160748    +*** *************************;
MPRINT(EM_DIAGRAM):   *** *************************;
160749    +*** Writing the Node intvl ;
MPRINT(EM_DIAGRAM):   *** Writing the Node intvl ;
160750    +*** *************************;
MPRINT(EM_DIAGRAM):   *** *************************;
160751    +IF _DM_BAD EQ 0 THEN DO;
MPRINT(EM_DIAGRAM):   IF _DM_BAD EQ 0 THEN DO;
160752    +   S_REP_wheel_base  =    -17.8009087180129 +     0.18059887504832 *
160753    +        REP_wheel_base ;
MPRINT(EM_DIAGRAM):   S_REP_wheel_base = -17.8009087180129 + 0.18059887504832 * REP_wheel_base 
;
160754    +   S_REP_width  =    -35.9167499004784 +     0.54673628301566 * REP_width ;
MPRINT(EM_DIAGRAM):   S_REP_width = -35.9167499004784 + 0.54673628301566 * REP_width ;
160755    +END;
MPRINT(EM_DIAGRAM):   END;
160756    +ELSE DO;
MPRINT(EM_DIAGRAM):   ELSE DO;
160757    +   IF MISSING( REP_wheel_base ) THEN S_REP_wheel_base  = . ;
MPRINT(EM_DIAGRAM):   IF MISSING( REP_wheel_base ) THEN S_REP_wheel_base = . ;
160758    +   ELSE S_REP_wheel_base  =    -17.8009087180129 +     0.18059887504832 *
160759    +        REP_wheel_base ;
MPRINT(EM_DIAGRAM):   ELSE S_REP_wheel_base = -17.8009087180129 + 0.18059887504832 * 
REP_wheel_base ;
160760    +   IF MISSING( REP_width ) THEN S_REP_width  = . ;
MPRINT(EM_DIAGRAM):   IF MISSING( REP_width ) THEN S_REP_width = . ;
160761    +   ELSE S_REP_width  =    -35.9167499004784 +     0.54673628301566 * REP_width
160762    +         ;
MPRINT(EM_DIAGRAM):   ELSE S_REP_width = -35.9167499004784 + 0.54673628301566 * REP_width ;
160763    +END;
MPRINT(EM_DIAGRAM):   END;
160764    +*** *************************;
MPRINT(EM_DIAGRAM):   *** *************************;
160765    +*** Writing the Node nom ;
MPRINT(EM_DIAGRAM):   *** Writing the Node nom ;
160766    +*** *************************;
MPRINT(EM_DIAGRAM):   *** *************************;
160767    +*** *************************;
MPRINT(EM_DIAGRAM):   *** *************************;
160768    +*** Writing the Node H1 ;
MPRINT(EM_DIAGRAM):   *** Writing the Node H1 ;
160769    +*** *************************;
MPRINT(EM_DIAGRAM):   *** *************************;
160770    +IF _DM_BAD EQ 0 THEN DO;
MPRINT(EM_DIAGRAM):   IF _DM_BAD EQ 0 THEN DO;
160771    +   H11  =    -11.1158442769842 * S_REP_wheel_base  +      1.5424755264853 *
160772    +        S_REP_width ;
MPRINT(EM_DIAGRAM):   H11 = -11.1158442769842 * S_REP_wheel_base + 1.5424755264853 * 
S_REP_width ;
160773    +   H12  =    -0.69021997177432 * S_REP_wheel_base  +     0.46683541802581 *
160774    +        S_REP_width ;
MPRINT(EM_DIAGRAM):   H12 = -0.69021997177432 * S_REP_wheel_base + 0.46683541802581 * 
S_REP_width ;
160775    +   H11  = H11  +     0.50055678411184 * IMP_num_of_doors2 ;
MPRINT(EM_DIAGRAM):   H11 = H11 + 0.50055678411184 * IMP_num_of_doors2 ;
160776    +   H12  = H12  +     0.40000577541559 * IMP_num_of_doors2 ;
MPRINT(EM_DIAGRAM):   H12 = H12 + 0.40000577541559 * IMP_num_of_doors2 ;
160777    +   H11  =    -6.91384747981808 + H11 ;
MPRINT(EM_DIAGRAM):   H11 = -6.91384747981808 + H11 ;
160778    +   H12  =     0.94194689761205 + H12 ;
MPRINT(EM_DIAGRAM):   H12 = 0.94194689761205 + H12 ;
160779    +   H11  = TANH(H11 );
MPRINT(EM_DIAGRAM):   H11 = TANH(H11 );
160780    +   H12  = TANH(H12 );
MPRINT(EM_DIAGRAM):   H12 = TANH(H12 );
160781    +END;
MPRINT(EM_DIAGRAM):   END;
160782    +ELSE DO;
MPRINT(EM_DIAGRAM):   ELSE DO;
160783    +   H11  = .;
MPRINT(EM_DIAGRAM):   H11 = .;
160784    +   H12  = .;
MPRINT(EM_DIAGRAM):   H12 = .;
160785    +END;
MPRINT(EM_DIAGRAM):   END;
160786    +*** *************************;
MPRINT(EM_DIAGRAM):   *** *************************;
160787    +*** Writing the Node Risk ;
MPRINT(EM_DIAGRAM):   *** Writing the Node Risk ;
160788    +*** *************************;
MPRINT(EM_DIAGRAM):   *** *************************;
160789    +
160790    +*** Generate dummy variables for Risk ;
MPRINT(EM_DIAGRAM):   *** Generate dummy variables for Risk ;
160791    +drop Risk1 Risk0 ;
MPRINT(EM_DIAGRAM):   drop Risk1 Risk0 ;
160792    +label F_Risk = 'From: Risk' ;
MPRINT(EM_DIAGRAM):   label F_Risk = 'From: Risk' ;
160793    +length F_Risk $ 12;
MPRINT(EM_DIAGRAM):   length F_Risk $ 12;
160794    +F_Risk = put( Risk , BEST12. );
MPRINT(EM_DIAGRAM):   F_Risk = put( Risk , BEST12. );
160795    +%DMNORMIP( F_Risk )
MPRINT(DMNORMIP):   call dmnorm(F_Risk,
MPRINT(DMNORLEN):  32
MPRINT(DMNORMIP):  );
160796    +if missing( Risk ) then do;
MPRINT(EM_DIAGRAM):   if missing( Risk ) then do;
160797    +   Risk1 = .;
MPRINT(EM_DIAGRAM):   Risk1 = .;
160798    +   Risk0 = .;
MPRINT(EM_DIAGRAM):   Risk0 = .;
160799    +end;
MPRINT(EM_DIAGRAM):   end;
160800    +else do;
MPRINT(EM_DIAGRAM):   else do;
160801    +   if F_Risk = '1'  then do;
MPRINT(EM_DIAGRAM):   if F_Risk = '1' then do;
160802    +      Risk1 = 1;
MPRINT(EM_DIAGRAM):   Risk1 = 1;
160803    +      Risk0 = 0;
MPRINT(EM_DIAGRAM):   Risk0 = 0;
160804    +   end;
MPRINT(EM_DIAGRAM):   end;
160805    +   else if F_Risk = '0'  then do;
MPRINT(EM_DIAGRAM):   else if F_Risk = '0' then do;
160806    +      Risk1 = 0;
MPRINT(EM_DIAGRAM):   Risk1 = 0;
160807    +      Risk0 = 1;
MPRINT(EM_DIAGRAM):   Risk0 = 1;
160808    +   end;
MPRINT(EM_DIAGRAM):   end;
160809    +   else do;
MPRINT(EM_DIAGRAM):   else do;
160810    +      Risk1 = .;
MPRINT(EM_DIAGRAM):   Risk1 = .;
160811    +      Risk0 = .;
MPRINT(EM_DIAGRAM):   Risk0 = .;
160812    +   end;
MPRINT(EM_DIAGRAM):   end;
160813    +end;
MPRINT(EM_DIAGRAM):   end;
160814    +IF _DM_BAD EQ 0 THEN DO;
MPRINT(EM_DIAGRAM):   IF _DM_BAD EQ 0 THEN DO;
160815    +   P_Risk1  =     4.81098334076219 * H11  +     6.13975925925767 * H12 ;
MPRINT(EM_DIAGRAM):   P_Risk1 = 4.81098334076219 * H11 + 6.13975925925767 * H12 ;
160816    +   P_Risk1  =     0.77599742717436 + P_Risk1 ;
MPRINT(EM_DIAGRAM):   P_Risk1 = 0.77599742717436 + P_Risk1 ;
160817    +   P_Risk0  = 0;
MPRINT(EM_DIAGRAM):   P_Risk0 = 0;
160818    +   _MAX_ = MAX (P_Risk1 , P_Risk0 );
MPRINT(EM_DIAGRAM):   _MAX_ = MAX (P_Risk1 , P_Risk0 );
160819    +   _SUM_ = 0.;
MPRINT(EM_DIAGRAM):   _SUM_ = 0.;
160820    +   P_Risk1  = EXP(P_Risk1  - _MAX_);
MPRINT(EM_DIAGRAM):   P_Risk1 = EXP(P_Risk1 - _MAX_);
160821    +   _SUM_ = _SUM_ + P_Risk1 ;
MPRINT(EM_DIAGRAM):   _SUM_ = _SUM_ + P_Risk1 ;
160822    +   P_Risk0  = EXP(P_Risk0  - _MAX_);
MPRINT(EM_DIAGRAM):   P_Risk0 = EXP(P_Risk0 - _MAX_);
160823    +   _SUM_ = _SUM_ + P_Risk0 ;
MPRINT(EM_DIAGRAM):   _SUM_ = _SUM_ + P_Risk0 ;
160824    +   P_Risk1  = P_Risk1  / _SUM_;
MPRINT(EM_DIAGRAM):   P_Risk1 = P_Risk1 / _SUM_;
160825    +   P_Risk0  = P_Risk0  / _SUM_;
MPRINT(EM_DIAGRAM):   P_Risk0 = P_Risk0 / _SUM_;
160826    +END;
MPRINT(EM_DIAGRAM):   END;
160827    +ELSE DO;
MPRINT(EM_DIAGRAM):   ELSE DO;
160828    +   P_Risk1  = .;
MPRINT(EM_DIAGRAM):   P_Risk1 = .;
160829    +   P_Risk0  = .;
MPRINT(EM_DIAGRAM):   P_Risk0 = .;
160830    +END;
MPRINT(EM_DIAGRAM):   END;
160831    +IF _DM_BAD EQ 1 THEN DO;
MPRINT(EM_DIAGRAM):   IF _DM_BAD EQ 1 THEN DO;
160832    +   P_Risk1  =                 0.54;
MPRINT(EM_DIAGRAM):   P_Risk1 = 0.54;
160833    +   P_Risk0  =                 0.46;
MPRINT(EM_DIAGRAM):   P_Risk0 = 0.46;
160834    +END;
MPRINT(EM_DIAGRAM):   END;
160835    +*** *****************************;
MPRINT(EM_DIAGRAM):   *** *****************************;
160836    +*** Writing the Residuals  of the Node Risk ;
MPRINT(EM_DIAGRAM):   *** Writing the Residuals of the Node Risk ;
160837    +*** ******************************;
MPRINT(EM_DIAGRAM):   *** ******************************;
160838    +IF MISSING( Risk1 ) THEN R_Risk1  = . ;
MPRINT(EM_DIAGRAM):   IF MISSING( Risk1 ) THEN R_Risk1 = . ;
160839    +ELSE R_Risk1  = Risk1  - P_Risk1 ;
MPRINT(EM_DIAGRAM):   ELSE R_Risk1 = Risk1 - P_Risk1 ;
160840    +IF MISSING( Risk0 ) THEN R_Risk0  = . ;
MPRINT(EM_DIAGRAM):   IF MISSING( Risk0 ) THEN R_Risk0 = . ;
160841    +ELSE R_Risk0  = Risk0  - P_Risk0 ;
MPRINT(EM_DIAGRAM):   ELSE R_Risk0 = Risk0 - P_Risk0 ;
160842    +*** *************************;
MPRINT(EM_DIAGRAM):   *** *************************;
160843    +*** Writing the I_Risk  AND U_Risk ;
MPRINT(EM_DIAGRAM):   *** Writing the I_Risk AND U_Risk ;
160844    +*** *************************;
MPRINT(EM_DIAGRAM):   *** *************************;
160845    +_MAXP_ = P_Risk1 ;
MPRINT(EM_DIAGRAM):   _MAXP_ = P_Risk1 ;
160846    +I_Risk  = "1           " ;
MPRINT(EM_DIAGRAM):   I_Risk = "1           " ;
160847    +U_Risk  =                    1;
MPRINT(EM_DIAGRAM):   U_Risk = 1;
160848    +IF( _MAXP_ LT P_Risk0  ) THEN DO;
MPRINT(EM_DIAGRAM):   IF( _MAXP_ LT P_Risk0 ) THEN DO;
160849    +   _MAXP_ = P_Risk0 ;
MPRINT(EM_DIAGRAM):   _MAXP_ = P_Risk0 ;
160850    +   I_Risk  = "0           " ;
MPRINT(EM_DIAGRAM):   I_Risk = "0           " ;
160851    +   U_Risk  =                    0;
MPRINT(EM_DIAGRAM):   U_Risk = 0;
160852    +END;
MPRINT(EM_DIAGRAM):   END;
160853    +********************************;
MPRINT(EM_DIAGRAM):   ********************************;
160854    +*** End Scoring Code for Neural;
MPRINT(EM_DIAGRAM):   *** End Scoring Code for Neural;
160855    +********************************;
MPRINT(EM_DIAGRAM):   ********************************;
160856    +drop
160857    +H11
160858    +H12
160859    +;
MPRINT(EM_DIAGRAM):   drop H11 H12 ;
160860    +drop S_:;
MPRINT(EM_DIAGRAM):   drop S_:;
NOTE: %INCLUDE (level 1) ending.
MPRINT(EM_DIAGRAM):   run;
160861     run;

NOTE: DATA STEP view saved on file EMWS1.NEURAL5_VALIDATE.
NOTE: A stored DATA STEP view cannot run under a different operating system.
NOTE: View EMWS1.REG2_VALIDATE.VIEW used (Total process time):
      real time           0.54 seconds
      cpu time            0.29 seconds
      
NOTE: DATA statement used (Total process time):
      real time           0.56 seconds
      cpu time            0.31 seconds
      

MPRINT(EM_DIAGRAM):   quit;
160862     quit;
160863     filename emflow;
MPRINT(EM_DIAGRAM):   filename emflow;
NOTE: Fileref EMFLOW has been deassigned.
160864     *------------------------------------------------------------*;
MPRINT(EM_DIAGRAM):    *------------------------------------------------------------*;
160865     * Neural5: Computing metadata for TRAIN data;
MPRINT(EM_DIAGRAM):   * Neural5: Computing metadata for TRAIN data;
160866     *------------------------------------------------------------*;
MPRINT(EM_DIAGRAM):   *------------------------------------------------------------*;

NOTE: View EMWS1.NEURAL5_TRAIN.VIEW used (Total process time):
      real time           0.25 seconds
      cpu time            0.25 seconds
      
MPRINT(EM_DIAGRAM):    *------------------------------------------------------------*;
MPRINT(EM_DIAGRAM):   * &nodeid: Computing Metadata for TRAIN data;
MPRINT(EM_DIAGRAM):   *------------------------------------------------------------*;
MPRINT(EM_DIAGRAM):   filename _delta "H:\746\Decision Tree 
test\Workspaces\EMWS1\Neural5\CDELTA_TRAIN.sas";
MPRINT(EMADVISECOLUMNS):   proc display c=sashelp.emmeta.advisecolumns.scl;
MPRINT(EMADVISECOLUMNS):   run;
MPRINT(EMADVISECOLUMNS):    options validvarname=any;
MPRINT(EMADVISECOLUMNS):   proc contents data=EMWS1.Neural5_TRAIN out=_tempAdvisor noprint;
MPRINT(EMADVISECOLUMNS):   run;
MPRINT(EMADVISECOLUMNS):   options validvarname=V7;
MPRINT(EMADVISECOLUMNS):    data _null_;
MPRINT(EMADVISECOLUMNS):   dsid = open('EMWS1.Neural5_TRAIN');
MPRINT(EMADVISECOLUMNS):   call symput('_dsidTable', strip(put(dsid, best.)));
MPRINT(EMADVISECOLUMNS):   if dsid then do;
MPRINT(EMADVISECOLUMNS):   call symput('_engineTable', attrc(dsid, 'ENGINE'));
MPRINT(EMADVISECOLUMNS):   dsid = close(dsid);
MPRINT(EMADVISECOLUMNS):   end;
MPRINT(EMADVISECOLUMNS):   run;
MPRINT(EMADVISECOLUMNS):    proc contents data=EMWS1.Neural5_TRAIN out=WORK.M3ESMIR0 noprint;
MPRINT(EMADVISECOLUMNS):   run;
MPRINT(EMADVISECOLUMNS):    data WORK.M3ESMIR0;
MPRINT(EMADVISECOLUMNS):   length NAME $ 64 TYPE $ 1 LABEL $ 200 FORMAT $ 36 INFORMAT $36 
INDEX $ 1 INDEXTYPE $ 9;
MPRINT(EMADVISECOLUMNS):   label NAME =;
MPRINT(EMADVISECOLUMNS):   set WORK.M3ESMIR0(keep=name type length label format formatl 
formatd informat informl informd idxusage rename=(type=itype));
MPRINT(EMADVISECOLUMNS):   if itype = 1 then type = 'N';
MPRINT(EMADVISECOLUMNS):   else type = 'C';
MPRINT(EMADVISECOLUMNS):   if formatl > 0 then do;
MPRINT(EMADVISECOLUMNS):   if format ne ' ' then format = strip(format)!!strip(put(formatl, 
best12.))!!'.'!!strip(put(formatd, best12.));
MPRINT(EMADVISECOLUMNS):   else format = strip(put(formatl, best12.))!!'.'!!strip(put(formatd, 
best12.));
MPRINT(EMADVISECOLUMNS):   end;
MPRINT(EMADVISECOLUMNS):   else if format ne '' then format = strip(format)!!'.';
MPRINT(EMADVISECOLUMNS):   if informl > 0 then do;
MPRINT(EMADVISECOLUMNS):   if informat ne ' ' then informat = 
strip(informat)!!strip(put(informl, best12.))!!'.'!!strip(put(informd, best12.));
MPRINT(EMADVISECOLUMNS):   else informat = strip(put(informl, 
best12.))!!'.'!!strip(put(informd, best12.));
MPRINT(EMADVISECOLUMNS):   end;
MPRINT(EMADVISECOLUMNS):   else if informat ne '' then informat = strip(informat)!!'.';
MPRINT(EMADVISECOLUMNS):   if idxusage = 'NONE' then index ="N";
MPRINT(EMADVISECOLUMNS):   else index = "Y";
MPRINT(EMADVISECOLUMNS):   indextype = idxusage;
MPRINT(EMADVISECOLUMNS):   drop idxusage itype formatl formatd informl informd;
MPRINT(EMADVISECOLUMNS):   run;
MPRINT(EMADVISECOLUMNS):    data WORK.M3ESMIR0;
MPRINT(EMADVISECOLUMNS):   length UNAME $64;
MPRINT(EMADVISECOLUMNS):   set WORK.M3ESMIR0;
MPRINT(EMADVISECOLUMNS):   UNAME = upcase(NAME);
MPRINT(EMADVISECOLUMNS):   run;
MPRINT(EMADVISECOLUMNS):    proc sort data=WORK.M1IQRFUM NOTHREADS;
MPRINT(EMADVISECOLUMNS):   by UNAME;
MPRINT(EMADVISECOLUMNS):   run;
MPRINT(EMADVISECOLUMNS):    data WORK.M1IQRFUM;
MPRINT(EMADVISECOLUMNS):   drop UNAME;
MPRINT(EMADVISECOLUMNS):   set WORK.M1IQRFUM;
MPRINT(EMADVISECOLUMNS):   run;
MPRINT(EMADVISECOLUMNS):    data WORK.M0J9BQN5(keep=NAME ATTR);
MPRINT(EMADVISECOLUMNS):   length ATTR $ 20;
MPRINT(EMADVISECOLUMNS):   set WORK.M1IQRFUM;
MPRINT(EMADVISECOLUMNS):   if level ne "INTERVAL" then do;
MPRINT(EMADVISECOLUMNS):   if order = ' ' then do;
MPRINT(EMADVISECOLUMNS):   attr = 'ORDER';
MPRINT(EMADVISECOLUMNS):   output;
MPRINT(EMADVISECOLUMNS):   end;
MPRINT(EMADVISECOLUMNS):   end;
MPRINT(EMADVISECOLUMNS):   if format ne ' ' and formattype = ' ' then do;
MPRINT(EMADVISECOLUMNS):   attr = 'FORMATTYPE';
MPRINT(EMADVISECOLUMNS):   output;
MPRINT(EMADVISECOLUMNS):   end;
MPRINT(EMADVISECOLUMNS):   if role = ' ' then do;
MPRINT(EMADVISECOLUMNS):   attr = 'ROLE';
MPRINT(EMADVISECOLUMNS):   output;
MPRINT(EMADVISECOLUMNS):   end;
MPRINT(EMADVISECOLUMNS):   if level = ' ' then do;
MPRINT(EMADVISECOLUMNS):   attr = 'LEVEL';
MPRINT(EMADVISECOLUMNS):   output;
MPRINT(EMADVISECOLUMNS):   end;
MPRINT(EMADVISECOLUMNS):   if type = ' ' then do;
MPRINT(EMADVISECOLUMNS):   attr = 'TYPE';
MPRINT(EMADVISECOLUMNS):   output;
MPRINT(EMADVISECOLUMNS):   end;
MPRINT(EMADVISECOLUMNS):   if index = ' ' then do;
MPRINT(EMADVISECOLUMNS):   attr = 'INDEX';
MPRINT(EMADVISECOLUMNS):   output;
MPRINT(EMADVISECOLUMNS):   end;
MPRINT(EMADVISECOLUMNS):   if report = ' ' then do;
MPRINT(EMADVISECOLUMNS):   attr = 'REPORT';
MPRINT(EMADVISECOLUMNS):   output;
MPRINT(EMADVISECOLUMNS):   end;
MPRINT(EMADVISECOLUMNS):   run;
MPRINT(EMADVISECOLUMNS):   proc sort NOTHREADS;
MPRINT(EMADVISECOLUMNS):   by attr;
MPRINT(EMADVISECOLUMNS):   run;
MPRINT(EMADVISECOLUMNS):    data WORK.M1IQRFUM;
MPRINT(EMADVISECOLUMNS):   length NAME $64 ROLE $ 32 LEVEL $ 10 ORDER $ 8 CREATOR $32 
FORMATTYPE $ 10 FAMILY $ 10 LOWERLIMIT 8 UPPERLIMIT 8 REPORT $1 DISTRIBUTION $ 20 COMMENT $64;
MPRINT(EMADVISECOLUMNS):   length levelAssigned 8 roleAssigned 8 PRICE 8;
MPRINT(EMADVISECOLUMNS):   set WORK.M1IQRFUM;
MPRINT(EMADVISECOLUMNS):   if formattype = ' ' then do;
MPRINT(EMADVISECOLUMNS):   if format ne ' ' then do;
MPRINT(EMADVISECOLUMNS):   if type = 'N' then do;
MPRINT(EMADVISECOLUMNS):   pos = indexc(format,'.1234567890');
MPRINT(EMADVISECOLUMNS):   if pos > 1 then tempfmt = substr(format,1, pos-1);
MPRINT(EMADVISECOLUMNS):   else tempfmt = ' ';
MPRINT(EMADVISECOLUMNS):   flen = length(tempfmt);
MPRINT(EMADVISECOLUMNS):   select;
MPRINT(EMADVISECOLUMNS):   when(tempfmt in ("DATE" "DAY" "DDMMYY" "DOWNAME" "JULDAY" "JULIAN" 
"MMDDYY" "MMDDYYD" "MMDDYYC" "MMDDYYN" "MMDDYYP" "MMDDYYS" "MONNAME" "MONTH" "MONYY" "NENGO" 
"QTR" "QTRR" "WEEKDATE" "WEEKDATX" "WEEKDAY" "WORDDATE" "WORDDATX" "YEAR" "YYMMDD" "YYMON" 
"YYMMDDC" "YYMMDDD" "YYMMDDN" "YYMMDDP" "YYMMDDS" "EURDFDE" "NJDATE" "NLDATE" "EURDFDD" 
"EURDFDWN" "EURDFMN" "EURDFMY" "EURDFWK" "EURDFWKX" "EURDFWDX" "EURDFDN" "EURDFDE" )) 
formattype = 'DATE';
MPRINT(EMADVISECOLUMNS):   when(tempfmt in ("DATETIME" "EURDFDT" "TOD" )) formattype = 
"DATETIME";
MPRINT(EMADVISECOLUMNS):   when(tempfmt in ("HHMM" "HOUR" "MMSS" "TIME" "TIMEAMPM" )) 
formattype = "TIME";
MPRINT(EMADVISECOLUMNS):   when(tempfmt in ("COMMA" "COMMAX" "DOLLAR" "DOLLARX" "E" "FRACT" 
"NEGPAREN" "PERCENT")) formattype="QUANTITY";
MPRINT(EMADVISECOLUMNS):   when(tempfmt in ("BINARY" "HEX" "IB" "OCTAL" "PD" "PIB" "PK" "RB" 
"SSN" "Z" "ZD")) formattype = "CODING";
MPRINT(EMADVISECOLUMNS):   otherwise do;
MPRINT(EMADVISECOLUMNS):   formattype = "USER";
MPRINT(EMADVISECOLUMNS):   if substr(tempfmt, 1, 6)='NLDATE' then formattype = "DATE";
MPRINT(EMADVISECOLUMNS):   else if substr(tempfmt, 1, 6)='NLDATM' then formattype = "DATETIME";
MPRINT(EMADVISECOLUMNS):   else if substr(tempfmt, 1, 4)='NLTIM' then formattype = "TIME";
MPRINT(EMADVISECOLUMNS):   else if flen >= 4 then do;
MPRINT(EMADVISECOLUMNS):   str = substr(tempfmt,1,4);
MPRINT(EMADVISECOLUMNS):   if str in ("MMYY" "YYMM" "YYQR") then formattype ="DATE";
MPRINT(EMADVISECOLUMNS):   else if str = "S370" then formattype = "CODING";
MPRINT(EMADVISECOLUMNS):   else if str = "BEST" then formattype = "NUM";
MPRINT(EMADVISECOLUMNS):   drop str;
MPRINT(EMADVISECOLUMNS):   end;
MPRINT(EMADVISECOLUMNS):   else if flen >=3 and substr(tempfmt,1,3) = "YYQ" then formatType = 
"DATE";
MPRINT(EMADVISECOLUMNS):   end;
MPRINT(EMADVISECOLUMNS):   end;
MPRINT(EMADVISECOLUMNS):   drop flen tempfmt pos;
MPRINT(EMADVISECOLUMNS):   end;
MPRINT(EMADVISECOLUMNS):   else do;
MPRINT(EMADVISECOLUMNS):   formatType = "CATEGORY";
MPRINT(EMADVISECOLUMNS):   end;
MPRINT(EMADVISECOLUMNS):   end;
MPRINT(EMADVISECOLUMNS):   if formatType = "NUM" then do;
MPRINT(EMADVISECOLUMNS):   if index = "Y" then formatType = "DISCRETE";
MPRINT(EMADVISECOLUMNS):   else formatType = "QUANTITY";
MPRINT(EMADVISECOLUMNS):   end;
MPRINT(EMADVISECOLUMNS):   end;
MPRINT(EMADVISECOLUMNS):   if level = ' ' then do;
MPRINT(EMADVISECOLUMNS):   if formatType in ("CATEGORY", "CODING", "ID") or type = "C" then 
level = "NOMINAL";
MPRINT(EMADVISECOLUMNS):   else level = "INTERVAL";
MPRINT(EMADVISECOLUMNS):   levelAssigned = 1;
MPRINT(EMADVISECOLUMNS):   end;
MPRINT(EMADVISECOLUMNS):   else level = upcase(level);
MPRINT(EMADVISECOLUMNS):   if role = ' ' then do;
MPRINT(EMADVISECOLUMNS):   length name_prefix $8 _uname $64;
MPRINT(EMADVISECOLUMNS):   drop name_prefix _uname _freqflag;
MPRINT(EMADVISECOLUMNS):   retain _freqflag;
MPRINT(EMADVISECOLUMNS):   if LENGTH> 80 then ROLE = 'TEXT';
MPRINT(EMADVISECOLUMNS):   _uname = upcase(NAME);
MPRINT(EMADVISECOLUMNS):   select(_uname);
MPRINT(EMADVISECOLUMNS):   when('_PARTIND_') do;
MPRINT(EMADVISECOLUMNS):   ROLE = 'ID';
MPRINT(EMADVISECOLUMNS):   LEVEL = 'NOMINAL';
MPRINT(EMADVISECOLUMNS):   end;
MPRINT(EMADVISECOLUMNS):   when('_WARN_') ROLE = 'ASSESS';
MPRINT(EMADVISECOLUMNS):   when('EM_SEGMENT') do;
MPRINT(EMADVISECOLUMNS):   ROLE = 'SEGMENT';
MPRINT(EMADVISECOLUMNS):   LEVEL = 'NOMINAL';
MPRINT(EMADVISECOLUMNS):   end;
MPRINT(EMADVISECOLUMNS):   when('_NODE_') do;
MPRINT(EMADVISECOLUMNS):   ROLE = 'SEGMENT';
MPRINT(EMADVISECOLUMNS):   LEVEL = 'NOMINAL';
MPRINT(EMADVISECOLUMNS):   end;
MPRINT(EMADVISECOLUMNS):   when('EM_CLASSTARGET') ROLE = 'ASSESS';
MPRINT(EMADVISECOLUMNS):   when('EM_VALUETARGET') ROLE = 'ASSESS';
MPRINT(EMADVISECOLUMNS):   when('EM_PREDICTION') ROLE = 'PREDICT';
MPRINT(EMADVISECOLUMNS):   when('EM_PROBABILITY') ROLE = 'PREDICT';
MPRINT(EMADVISECOLUMNS):   when('EM_EVENTPROBABILITY') ROLE = 'PREDICT';
MPRINT(EMADVISECOLUMNS):   when('EM_CLASSIFICATION') ROLE = 'CLASSIFICATION';
MPRINT(EMADVISECOLUMNS):   when('EM_DECISION') ROLE = 'DECISION';
MPRINT(EMADVISECOLUMNS):   when('EM_PROFIT') ROLE = 'ASSESS';
MPRINT(EMADVISECOLUMNS):   when('EM_LOSS') ROLE = 'ASSESS';
MPRINT(EMADVISECOLUMNS):   when('EM_ROI') ROLE = 'ASSESS';
MPRINT(EMADVISECOLUMNS):   when('URI') ROLE = 'URL';
MPRINT(EMADVISECOLUMNS):   when('FILTERED') ROLE = 'TEXTLOC';
MPRINT(EMADVISECOLUMNS):   otherwise do;
MPRINT(EMADVISECOLUMNS):   if upcase(NAME) =: 'ZIP' then do;
MPRINT(EMADVISECOLUMNS):   ROLE = 'REJECTED';
MPRINT(EMADVISECOLUMNS):   LEVEL = 'NOMINAL';
MPRINT(EMADVISECOLUMNS):   COMMENT = 'Rejected by: Exceed the maximum class level of %s';
MPRINT(EMADVISECOLUMNS):   end;
MPRINT(EMADVISECOLUMNS):   else if upcase(NAME) in('FREQ', 'FREQUENCY') then do;
MPRINT(EMADVISECOLUMNS):   ROLE = 'FREQ';
MPRINT(EMADVISECOLUMNS):   if TYPE = 'C' then ROLE = 'INPUT';
MPRINT(EMADVISECOLUMNS):   else if _freqflag =1 then ROLE='REJECTED';
MPRINT(EMADVISECOLUMNS):   end;
MPRINT(EMADVISECOLUMNS):   else do;
MPRINT(EMADVISECOLUMNS):   name_prefix = scan(_uname, 1, '_');
MPRINT(EMADVISECOLUMNS):   if scan(_uname, 2, '_') = '' then name_prefix='';
MPRINT(EMADVISECOLUMNS):   if name_prefix in('F', 'I', 'U') then do;
MPRINT(EMADVISECOLUMNS):   ROLE = 'CLASSIFICATION';
MPRINT(EMADVISECOLUMNS):   LEVEL = 'NOMINAL';
MPRINT(EMADVISECOLUMNS):   end;
MPRINT(EMADVISECOLUMNS):   else if name_prefix in('P', 'V') then ROLE = 'PREDICT';
MPRINT(EMADVISECOLUMNS):   else if name_prefix in('R', 'RS', 'RT', 'RD', 'RDS', 'RDT', 'RA', 
'RAS', 'RAT') then ROLE = 'RESIDUAL';
MPRINT(EMADVISECOLUMNS):   else if name_prefix ='D' then do;
MPRINT(EMADVISECOLUMNS):   ROLE = 'DECISION';
MPRINT(EMADVISECOLUMNS):   LEVEL = 'NOMINAL';
MPRINT(EMADVISECOLUMNS):   end;
MPRINT(EMADVISECOLUMNS):   else if name_prefix ='B' then do;
MPRINT(EMADVISECOLUMNS):   ROLE = 'SEGMENT';
MPRINT(EMADVISECOLUMNS):   LEVEL = 'NOMINAL';
MPRINT(EMADVISECOLUMNS):   end;
MPRINT(EMADVISECOLUMNS):   else if name_prefix in('EP', 'BP', 'CP', 'EL', 'CL', 'BL', 'W', 
'ROI', 'IC') then ROLE = 'ASSESS';
MPRINT(EMADVISECOLUMNS):   else do;
MPRINT(EMADVISECOLUMNS):   array _ROLE_ (19) $32 _TEMPORARY_ 
('ASSESS','CLASSIFICATION','CENSOR', 'COST', 'CROSSID', 'DECISION', 'ID','INPUT', 'LABEL', 
'MISSING','PREDICT','REFERRER','REJECTED', 'RESIDUAL','SEGMENT', 'SEQUENCE','TARGET', 'TEXT', 
'TIMEID');
MPRINT(EMADVISECOLUMNS):   drop _found_ i;
MPRINT(EMADVISECOLUMNS):   _found_=0;
MPRINT(EMADVISECOLUMNS):   do i=1 to 19 until(_found_=1);
MPRINT(EMADVISECOLUMNS):   if index(_uname, trim(_ROLE_{i}))=1 then do;
MPRINT(EMADVISECOLUMNS):   ROLE=_ROLE_{i};
MPRINT(EMADVISECOLUMNS):   if ROLE = 'ID' then LEVEL = 'NOMINAL';
MPRINT(EMADVISECOLUMNS):   else if ROLE = 'SEGMENT' then LEVEL = 'NOMINAL';
MPRINT(EMADVISECOLUMNS):   else if ROLE = 'TIMEID' and TYPE='N' then LEVEL = 'INTERVAL';
MPRINT(EMADVISECOLUMNS):   _found_=1;
MPRINT(EMADVISECOLUMNS):   end;
MPRINT(EMADVISECOLUMNS):   end;
MPRINT(EMADVISECOLUMNS):   if length(_uname)>2 then do;
MPRINT(EMADVISECOLUMNS):   if substr(reverse(trim(_uname)), 1, 3) = 'DI_' then do;
MPRINT(EMADVISECOLUMNS):   ROLE = 'ID';
MPRINT(EMADVISECOLUMNS):   LEVEL = 'NOMINAL';
MPRINT(EMADVISECOLUMNS):   end;
MPRINT(EMADVISECOLUMNS):   end;
MPRINT(EMADVISECOLUMNS):   end;
MPRINT(EMADVISECOLUMNS):   end;
MPRINT(EMADVISECOLUMNS):   end;
MPRINT(EMADVISECOLUMNS):   end;
MPRINT(EMADVISECOLUMNS):   if ROLE='FREQ' then _freqflag=1;
MPRINT(EMADVISECOLUMNS):   else if ROLE = 'CLASSIFICATION' then LEVEL = 'NOMINAL';
MPRINT(EMADVISECOLUMNS):   if symexist('RATEMKG_ROLE') then do;
MPRINT(EMADVISECOLUMNS):   if upcase(symget('RATEMKG_ROLE')) in('Y', 'YES') then do;
MPRINT(EMADVISECOLUMNS):   if _uname =: 'POLICY' then ROLE = 'POLICYID';
MPRINT(EMADVISECOLUMNS):   else if _uname in ('PARTITION', '_PARTIND_') then ROLE = 
'PARTITION';
MPRINT(EMADVISECOLUMNS):   else if type = 'N' then do;
MPRINT(EMADVISECOLUMNS):   if _uname = 'EXPOSURE' then ROLE = 'EXPOSURE';
MPRINT(EMADVISECOLUMNS):   else if _uname = 'YEAR' then ROLE = 'YEAR';
MPRINT(EMADVISECOLUMNS):   else if _uname = 'WEIGHT' then ROLE = 'WEIGHT';
MPRINT(EMADVISECOLUMNS):   else if _uname = 'OFFSET' then ROLE = 'OFFSET';
MPRINT(EMADVISECOLUMNS):   end;
MPRINT(EMADVISECOLUMNS):   end;
MPRINT(EMADVISECOLUMNS):   end;
MPRINT(EMADVISECOLUMNS):   end;
MPRINT(EMADVISECOLUMNS):   if role = ' ' then do;
MPRINT(EMADVISECOLUMNS):   if formattype in('DATE', 'DATETIME', 'TIME') then role = 'TIMEID';
MPRINT(EMADVISECOLUMNS):   else role = 'INPUT';
MPRINT(EMADVISECOLUMNS):   roleAssigned = 1;
MPRINT(EMADVISECOLUMNS):   end;
MPRINT(EMADVISECOLUMNS):   else role = upcase(role);
MPRINT(EMADVISECOLUMNS):   if REPORT = '' then REPORT = 'N';
MPRINT(EMADVISECOLUMNS):   run;
MPRINT(EMADVISECOLUMNS):    data WORK.M1IQRFUM;
MPRINT(EMADVISECOLUMNS):   set WORK.M1IQRFUM;
MPRINT(EMADVISECOLUMNS):   label NAME = "Variable Name" TYPE = "Type" ROLE = "Role" LEVEL= 
"Measurement Level" ORDER= "Order" CREATOR= "Creator" FORMATTYPE= "Format Type" FAMILY= 
"Family" DISTRIBUTION= "Distribution" PRICE= "Price" LOWERLIMIT= "Lower limit" UPPERLIMIT= 
"Upper Limit" REPORT= "Report" COMMENT= "Comment" INDEX= "Index" INDEXTYPE= "IndexType" LABEL= 
"Label" LENGTH= "Length";
MPRINT(EMADVISECOLUMNS):   drop levelAssigned roleAssigned;
MPRINT(EMADVISECOLUMNS):   run;
MPRINT(EMADVISECOLUMNS):   
MPRINT(EM_DIAGRAM):  ;
MPRINT(EM_DIAGRAM):   proc sort data=WORK.COLUMNMETA;
MPRINT(EM_DIAGRAM):   by NAME;
MPRINT(EM_DIAGRAM):   run;
MPRINT(EM_DIAGRAM):   *------------------------------------------------------------*;
MPRINT(EM_DIAGRAM):   * &nodeid: Merge incoming metadata;
MPRINT(EM_DIAGRAM):   *------------------------------------------------------------*;
MPRINT(EM_DIAGRAM):   proc contents data=EMWS1.Reg2_TRAIN noprint out=_temp2(keep=NAME);
MPRINT(EM_DIAGRAM):   run;
MPRINT(EM_DIAGRAM):   proc sort data=_temp2;
MPRINT(EM_DIAGRAM):   by NAME;
MPRINT(EM_DIAGRAM):   run;
MPRINT(EM_DIAGRAM):   proc sort data=EMWS1.Reg2_CMeta_TRAIN out=_temp;
MPRINT(EM_DIAGRAM):   by NAME;
MPRINT(EM_DIAGRAM):   run;
MPRINT(EM_DIAGRAM):   data EMWS1.Neural5_CMeta_TRAIN;
MPRINT(EM_DIAGRAM):   merge WORK.COLUMNMETA(in=_a) _temp2(in=_b) _temp(drop=FORMAT INFORMAT 
LENGTH INDEX INDEXTYPE in=_c) end=_eof_;
MPRINT(EM_DIAGRAM):   by NAME;
MPRINT(EM_DIAGRAM):   if (^_a and _b) or (^_c and _a and _b) then delete;
MPRINT(EM_DIAGRAM):   if ^_b then CREATOR = "Neural5";
MPRINT(EM_DIAGRAM):   length model $200;
MPRINT(EM_DIAGRAM):   label MODEL = "Model Node";
MPRINT(EM_DIAGRAM):   select(upcase(name));
MPRINT(EM_DIAGRAM):   when("P_RISK1") creator = "Neural5";
MPRINT(EM_DIAGRAM):   when("R_RISK1") creator = "Neural5";
MPRINT(EM_DIAGRAM):   when("P_RISK0") creator = "Neural5";
MPRINT(EM_DIAGRAM):   when("R_RISK0") creator = "Neural5";
MPRINT(EM_DIAGRAM):   when("F_RISK") creator = "Neural5";
MPRINT(EM_DIAGRAM):   when("I_RISK") creator = "Neural5";
MPRINT(EM_DIAGRAM):   when("U_RISK") creator = "Neural5";
MPRINT(EM_DIAGRAM):   when("_WARN_") creator = "Neural5";
MPRINT(EM_DIAGRAM):   when("RISK") model = "Neural5";
MPRINT(EM_DIAGRAM):   when('');
MPRINT(EM_DIAGRAM):   otherwise;
MPRINT(EM_DIAGRAM):   end;
MPRINT(EM_DIAGRAM):   *------------------------------------------------------------*;
MPRINT(EM_DIAGRAM):   * Neural5: Apply Delta Code;
MPRINT(EM_DIAGRAM):   *------------------------------------------------------------*;
MPRINT(EM_DIAGRAM):   run;
MPRINT(EM_DIAGRAM):   filename _delta;
161205     data WORK.MODELTEMP_INFO;
MPRINT(EM_DIAGRAM):    data WORK.MODELTEMP_INFO;
161206     set EMWS1.Neural5_EMINFO;
MPRINT(EM_DIAGRAM):   set EMWS1.Neural5_EMINFO;
161207     where DATA='Neural5' and KEY ^in('DECDATA', 'DECMETA', 'IMPORTANCE', 'MODEL');
MPRINT(EM_DIAGRAM):   where DATA='Neural5' and KEY ^in('DECDATA', 'DECMETA', 'IMPORTANCE', 
'MODEL');
161208     run;
MPRINT(EM_DIAGRAM):   run;

NOTE: There were 0 observations read from the data set EMWS1.NEURAL5_EMINFO.
      WHERE (DATA='Neural5') and KEY not in ('DECDATA', 'DECMETA', 'IMPORTANCE', 'MODEL');
NOTE: The data set WORK.MODELTEMP_INFO has 0 observations and 3 variables.
NOTE: DATA statement used (Total process time):
      real time           0.01 seconds
      cpu time            0.00 seconds
      

161209     data EMWS1.Neural5_EMINFO;
MPRINT(EM_DIAGRAM):    data EMWS1.Neural5_EMINFO;
161210     length TARGET KEY $32 DATA $43;
MPRINT(EM_DIAGRAM):   length TARGET KEY $32 DATA $43;
161211     input TARGET KEY DATA $;
MPRINT(EM_DIAGRAM):   input TARGET KEY DATA $;
161212     cards;
MPRINT(EM_DIAGRAM):   cards;

NOTE: The data set EMWS1.NEURAL5_EMINFO has 3 observations and 3 variables.
NOTE: DATA statement used (Total process time):
      real time           0.04 seconds
      cpu time            0.01 seconds
      

The SAS System

MPRINT(EM_DIAGRAM):   run;
161216     run;
161217     data EMWS1.Neural5_EMINFO;
MPRINT(EM_DIAGRAM):   data EMWS1.Neural5_EMINFO;
161218     set EMWS1.Neural5_EMINFO WORK.MODELTEMP_INFO;
MPRINT(EM_DIAGRAM):   set EMWS1.Neural5_EMINFO WORK.MODELTEMP_INFO;
161219     run;
MPRINT(EM_DIAGRAM):   run;

NOTE: There were 3 observations read from the data set EMWS1.NEURAL5_EMINFO.
NOTE: There were 0 observations read from the data set WORK.MODELTEMP_INFO.
NOTE: The data set EMWS1.NEURAL5_EMINFO has 3 observations and 3 variables.
NOTE: DATA statement used (Total process time):
      real time           0.08 seconds
      cpu time            0.00 seconds
      

161220     proc sort data = EMWS1.Neural5_EMINFO NOTHREADS;
MPRINT(EM_DIAGRAM):    proc sort data = EMWS1.Neural5_EMINFO NOTHREADS;
161221     by TARGET KEY;
MPRINT(EM_DIAGRAM):   by TARGET KEY;
161222     run;
MPRINT(EM_DIAGRAM):   run;

NOTE: There were 3 observations read from the data set EMWS1.NEURAL5_EMINFO.
NOTE: The data set EMWS1.NEURAL5_EMINFO has 3 observations and 3 variables.
NOTE: PROCEDURE SORT used (Total process time):
      real time           0.17 seconds
      cpu time            0.03 seconds
      

161223     proc sort data = EMWS1.Reg2_EMINFO OUT=WORK.SORTEDEMINFO NOTHREADS;
MPRINT(EM_DIAGRAM):    proc sort data = EMWS1.Reg2_EMINFO OUT=WORK.SORTEDEMINFO NOTHREADS;
161224     by TARGET KEY;
MPRINT(EM_DIAGRAM):   by TARGET KEY;
161225     run;
MPRINT(EM_DIAGRAM):   run;

NOTE: There were 4 observations read from the data set EMWS1.REG2_EMINFO.
NOTE: The data set WORK.SORTEDEMINFO has 4 observations and 3 variables.
NOTE: PROCEDURE SORT used (Total process time):
      real time           0.03 seconds
      cpu time            0.04 seconds
      

161226     proc sort data = EMWS1.Neural5_EMINFO OUT=WORK.TEMP_INFO NOTHREADS;
MPRINT(EM_DIAGRAM):   proc sort data = EMWS1.Neural5_EMINFO OUT=WORK.TEMP_INFO NOTHREADS;
161227     by TARGET KEY;
MPRINT(EM_DIAGRAM):   by TARGET KEY;
161228     run;
MPRINT(EM_DIAGRAM):   run;

NOTE: Input data set is already sorted; it has been copied to the output data set.
NOTE: There were 3 observations read from the data set EMWS1.NEURAL5_EMINFO.
NOTE: The data set WORK.TEMP_INFO has 3 observations and 3 variables.
NOTE: PROCEDURE SORT used (Total process time):
      real time           0.01 seconds
      cpu time            0.00 seconds
      

161229     data EMWS1.Neural5_EMINFO;
MPRINT(EM_DIAGRAM):   data EMWS1.Neural5_EMINFO;
161230     merge WORK.SORTEDEMINFO WORK.TEMP_INFO;
MPRINT(EM_DIAGRAM):   merge WORK.SORTEDEMINFO WORK.TEMP_INFO;
161231     by TARGET KEY;
MPRINT(EM_DIAGRAM):   by TARGET KEY;
161232     run;
MPRINT(EM_DIAGRAM):   run;

NOTE: There were 4 observations read from the data set WORK.SORTEDEMINFO.
NOTE: There were 3 observations read from the data set WORK.TEMP_INFO.
NOTE: The data set EMWS1.NEURAL5_EMINFO has 4 observations and 3 variables.
NOTE: DATA statement used (Total process time):
      real time           0.06 seconds
      cpu time            0.00 seconds
      

161233     proc datasets lib=work nolist;
MPRINT(EM_DIAGRAM):   proc datasets lib=work nolist;
161234     delete TEMP_INFO SORTEDEMINFO;
MPRINT(EM_DIAGRAM):   delete TEMP_INFO SORTEDEMINFO;
161235     run;
MPRINT(EM_DIAGRAM):   run;

NOTE: Deleting WORK.TEMP_INFO (memtype=DATA).
NOTE: Deleting WORK.SORTEDEMINFO (memtype=DATA).
161236     quit;
MPRINT(EM_DIAGRAM):   quit;

NOTE: PROCEDURE DATASETS used (Total process time):
      real time           0.02 seconds
      cpu time            0.01 seconds
      

NOTE: View EMWS1.NEURAL5_TRAIN.VIEW used (Total process time):
      real time           0.24 seconds
      cpu time            0.25 seconds
      
NOTE: View EMWS1.NEURAL5_VALIDATE.VIEW used (Total process time):
      real time           0.26 seconds
      cpu time            0.25 seconds
      
MPRINT(EM_DIAGRAM):    proc printto;
MPRINT(EM_DIAGRAM):   run;
